2024-07-22 19:37:17,354 - INFO - Authentication successful
2024-07-22 19:37:17,355 - INFO - Loading existing data...
2024-07-22 19:37:17,368 - INFO - SUNUCUYLA ÝLETÝÞÝM SÜRESÝ 0.41 saniye
2024-07-22 19:37:17,368 - INFO - Processing frame /2024_TUYZ_Online_Yarisma_Ana_Oturum_Test_omzseiku_Video/frame_000000.jpg with translation /2024_TUYZ_Online_Yarisma_Ana_Oturum_Test_omzseiku_Video/frame_000000.jpg
2024-07-22 19:37:17,368 - INFO - Image frame_000000.jpg already exists. Skipping...
2024-07-22 19:37:17,369 - INFO - Processing frame /2024_TUYZ_Online_Yarisma_Ana_Oturum_Test_omzseiku_Video/frame_000004.jpg with translation /2024_TUYZ_Online_Yarisma_Ana_Oturum_Test_omzseiku_Video/frame_000004.jpg
2024-07-22 19:37:17,370 - INFO - Image frame_000004.jpg already exists. Skipping...
2024-07-22 19:37:17,370 - INFO - Processing frame /2024_TUYZ_Online_Yarisma_Ana_Oturum_Test_omzseiku_Video/frame_000008.jpg with translation /2024_TUYZ_Online_Yarisma_Ana_Oturum_Test_omzseiku_Video/frame_000008.jpg
2024-07-22 19:37:17,370 - INFO - Image frame_000008.jpg already exists. Skipping...
2024-07-22 19:37:17,371 - INFO - Processing frame /2024_TUYZ_Online_Yarisma_Ana_Oturum_Test_omzseiku_Video/frame_000012.jpg with translation /2024_TUYZ_Online_Yarisma_Ana_Oturum_Test_omzseiku_Video/frame_000012.jpg
2024-07-22 19:37:17,371 - INFO - Image frame_000012.jpg already exists. Skipping...
2024-07-22 19:37:17,371 - INFO - Processing frame /2024_TUYZ_Online_Yarisma_Ana_Oturum_Test_omzseiku_Video/frame_000016.jpg with translation /2024_TUYZ_Online_Yarisma_Ana_Oturum_Test_omzseiku_Video/frame_000016.jpg
2024-07-22 19:37:17,371 - INFO - Image frame_000016.jpg already exists. Skipping...
2024-07-22 19:37:17,371 - INFO - Processing frame /2024_TUYZ_Online_Yarisma_Ana_Oturum_Test_omzseiku_Video/frame_000020.jpg with translation /2024_TUYZ_Online_Yarisma_Ana_Oturum_Test_omzseiku_Video/frame_000020.jpg
2024-07-22 19:37:17,371 - INFO - Image frame_000020.jpg already exists. Skipping...
2024-07-22 19:37:17,371 - INFO - Processing frame /2024_TUYZ_Online_Yarisma_Ana_Oturum_Test_omzseiku_Video/frame_000024.jpg with translation /2024_TUYZ_Online_Yarisma_Ana_Oturum_Test_omzseiku_Video/frame_000024.jpg
2024-07-22 19:37:17,372 - INFO - Image frame_000024.jpg already exists. Skipping...
2024-07-22 19:37:17,372 - INFO - Processing frame /2024_TUYZ_Online_Yarisma_Ana_Oturum_Test_omzseiku_Video/frame_000028.jpg with translation /2024_TUYZ_Online_Yarisma_Ana_Oturum_Test_omzseiku_Video/frame_000028.jpg
2024-07-22 19:37:17,372 - INFO - Image frame_000028.jpg already exists. Skipping...
2024-07-22 19:37:17,372 - INFO - Processing frame /2024_TUYZ_Online_Yarisma_Ana_Oturum_Test_omzseiku_Video/frame_000032.jpg with translation /2024_TUYZ_Online_Yarisma_Ana_Oturum_Test_omzseiku_Video/frame_000032.jpg
2024-07-22 19:37:17,372 - INFO - Downloading image from http://teknofest.cezerirobot.com:1025/media/2024_TUYZ_Online_Yarisma_Ana_Oturum_Test_omzseiku_Video/frame_000032.jpg...
2024-07-22 19:37:18,001 - INFO - Image saved to ./downloaded_frames/frames/2024_TUYZ_Online_Yarisma_Ana_Oturum_Test_omzseiku_Video/frame_000032.jpg
2024-07-22 19:37:24,622 - INFO - Sending prediction for frame http://teknofest.cezerirobot.com/frames/11110/...
2024-07-22 19:37:24,837 - ERROR - Failed to send prediction: {'detail': 'You have already sent a prediction for this frame.'}
