2024-07-22 19:52:04,926 - INFO - Authentication successful
2024-07-22 19:52:04,927 - INFO - Loading existing data...
2024-07-22 19:52:04,941 - INFO - SUNUCUYLA ÝLETÝÞÝM SÜRESÝ 0.40 saniye
2024-07-22 19:52:04,941 - INFO - Processing frame /2024_TUYZ_Online_Yarisma_Ana_Oturum_Test_omzseiku_Video/frame_000000.jpg with translation /2024_TUYZ_Online_Yarisma_Ana_Oturum_Test_omzseiku_Video/frame_000000.jpg
2024-07-22 19:52:04,942 - INFO - Image frame_000000.jpg already exists. Skipping...
2024-07-22 19:52:04,942 - INFO - Processing frame /2024_TUYZ_Online_Yarisma_Ana_Oturum_Test_omzseiku_Video/frame_000004.jpg with translation /2024_TUYZ_Online_Yarisma_Ana_Oturum_Test_omzseiku_Video/frame_000004.jpg
2024-07-22 19:52:04,945 - INFO - Image frame_000004.jpg already exists. Skipping...
2024-07-22 19:52:04,945 - INFO - Processing frame /2024_TUYZ_Online_Yarisma_Ana_Oturum_Test_omzseiku_Video/frame_000008.jpg with translation /2024_TUYZ_Online_Yarisma_Ana_Oturum_Test_omzseiku_Video/frame_000008.jpg
2024-07-22 19:52:04,946 - INFO - Image frame_000008.jpg already exists. Skipping...
2024-07-22 19:52:04,946 - INFO - Processing frame /2024_TUYZ_Online_Yarisma_Ana_Oturum_Test_omzseiku_Video/frame_000012.jpg with translation /2024_TUYZ_Online_Yarisma_Ana_Oturum_Test_omzseiku_Video/frame_000012.jpg
2024-07-22 19:52:04,946 - INFO - Image frame_000012.jpg already exists. Skipping...
2024-07-22 19:52:04,946 - INFO - Processing frame /2024_TUYZ_Online_Yarisma_Ana_Oturum_Test_omzseiku_Video/frame_000016.jpg with translation /2024_TUYZ_Online_Yarisma_Ana_Oturum_Test_omzseiku_Video/frame_000016.jpg
2024-07-22 19:52:04,946 - INFO - Image frame_000016.jpg already exists. Skipping...
2024-07-22 19:52:04,946 - INFO - Processing frame /2024_TUYZ_Online_Yarisma_Ana_Oturum_Test_omzseiku_Video/frame_000020.jpg with translation /2024_TUYZ_Online_Yarisma_Ana_Oturum_Test_omzseiku_Video/frame_000020.jpg
2024-07-22 19:52:04,946 - INFO - Image frame_000020.jpg already exists. Skipping...
2024-07-22 19:52:04,946 - INFO - Processing frame /2024_TUYZ_Online_Yarisma_Ana_Oturum_Test_omzseiku_Video/frame_000024.jpg with translation /2024_TUYZ_Online_Yarisma_Ana_Oturum_Test_omzseiku_Video/frame_000024.jpg
2024-07-22 19:52:04,947 - INFO - Image frame_000024.jpg already exists. Skipping...
2024-07-22 19:52:04,947 - INFO - Processing frame /2024_TUYZ_Online_Yarisma_Ana_Oturum_Test_omzseiku_Video/frame_000028.jpg with translation /2024_TUYZ_Online_Yarisma_Ana_Oturum_Test_omzseiku_Video/frame_000028.jpg
2024-07-22 19:52:04,947 - INFO - Image frame_000028.jpg already exists. Skipping...
2024-07-22 19:52:04,948 - INFO - Processing frame /2024_TUYZ_Online_Yarisma_Ana_Oturum_Test_omzseiku_Video/frame_000032.jpg with translation /2024_TUYZ_Online_Yarisma_Ana_Oturum_Test_omzseiku_Video/frame_000032.jpg
2024-07-22 19:52:04,948 - INFO - Image frame_000032.jpg already exists. Skipping...
2024-07-22 19:52:04,948 - INFO - Processing frame /2024_TUYZ_Online_Yarisma_Ana_Oturum_Test_omzseiku_Video/frame_000036.jpg with translation /2024_TUYZ_Online_Yarisma_Ana_Oturum_Test_omzseiku_Video/frame_000036.jpg
2024-07-22 19:52:04,948 - INFO - Image frame_000036.jpg already exists. Skipping...
2024-07-22 19:52:04,948 - INFO - Processing frame /2024_TUYZ_Online_Yarisma_Ana_Oturum_Test_omzseiku_Video/frame_000040.jpg with translation /2024_TUYZ_Online_Yarisma_Ana_Oturum_Test_omzseiku_Video/frame_000040.jpg
2024-07-22 19:52:04,948 - INFO - Image frame_000040.jpg already exists. Skipping...
2024-07-22 19:52:04,948 - INFO - Processing frame /2024_TUYZ_Online_Yarisma_Ana_Oturum_Test_omzseiku_Video/frame_000044.jpg with translation /2024_TUYZ_Online_Yarisma_Ana_Oturum_Test_omzseiku_Video/frame_000044.jpg
2024-07-22 19:52:04,949 - INFO - Image frame_000044.jpg already exists. Skipping...
2024-07-22 19:52:04,949 - INFO - Processing frame /2024_TUYZ_Online_Yarisma_Ana_Oturum_Test_omzseiku_Video/frame_000048.jpg with translation /2024_TUYZ_Online_Yarisma_Ana_Oturum_Test_omzseiku_Video/frame_000048.jpg
2024-07-22 19:52:04,949 - INFO - Image frame_000048.jpg already exists. Skipping...
2024-07-22 19:52:04,949 - INFO - Processing frame /2024_TUYZ_Online_Yarisma_Ana_Oturum_Test_omzseiku_Video/frame_000052.jpg with translation /2024_TUYZ_Online_Yarisma_Ana_Oturum_Test_omzseiku_Video/frame_000052.jpg
2024-07-22 19:52:04,949 - INFO - Image frame_000052.jpg already exists. Skipping...
2024-07-22 19:52:04,949 - INFO - Processing frame /2024_TUYZ_Online_Yarisma_Ana_Oturum_Test_omzseiku_Video/frame_000056.jpg with translation /2024_TUYZ_Online_Yarisma_Ana_Oturum_Test_omzseiku_Video/frame_000056.jpg
2024-07-22 19:52:04,951 - INFO - Image frame_000056.jpg already exists. Skipping...
2024-07-22 19:52:04,951 - INFO - Processing frame /2024_TUYZ_Online_Yarisma_Ana_Oturum_Test_omzseiku_Video/frame_000060.jpg with translation /2024_TUYZ_Online_Yarisma_Ana_Oturum_Test_omzseiku_Video/frame_000060.jpg
2024-07-22 19:52:04,952 - INFO - Image frame_000060.jpg already exists. Skipping...
2024-07-22 19:52:04,952 - INFO - Processing frame /2024_TUYZ_Online_Yarisma_Ana_Oturum_Test_omzseiku_Video/frame_000064.jpg with translation /2024_TUYZ_Online_Yarisma_Ana_Oturum_Test_omzseiku_Video/frame_000064.jpg
2024-07-22 19:52:04,952 - INFO - Image frame_000064.jpg already exists. Skipping...
2024-07-22 19:52:04,952 - INFO - Processing frame /2024_TUYZ_Online_Yarisma_Ana_Oturum_Test_omzseiku_Video/frame_000068.jpg with translation /2024_TUYZ_Online_Yarisma_Ana_Oturum_Test_omzseiku_Video/frame_000068.jpg
2024-07-22 19:52:04,952 - INFO - Image frame_000068.jpg already exists. Skipping...
2024-07-22 19:52:04,953 - INFO - Processing frame /2024_TUYZ_Online_Yarisma_Ana_Oturum_Test_omzseiku_Video/frame_000072.jpg with translation /2024_TUYZ_Online_Yarisma_Ana_Oturum_Test_omzseiku_Video/frame_000072.jpg
2024-07-22 19:52:04,953 - INFO - Image frame_000072.jpg already exists. Skipping...
2024-07-22 19:52:04,953 - INFO - Processing frame /2024_TUYZ_Online_Yarisma_Ana_Oturum_Test_omzseiku_Video/frame_000076.jpg with translation /2024_TUYZ_Online_Yarisma_Ana_Oturum_Test_omzseiku_Video/frame_000076.jpg
2024-07-22 19:52:04,953 - INFO - Image frame_000076.jpg already exists. Skipping...
2024-07-22 19:52:04,953 - INFO - Processing frame /2024_TUYZ_Online_Yarisma_Ana_Oturum_Test_omzseiku_Video/frame_000080.jpg with translation /2024_TUYZ_Online_Yarisma_Ana_Oturum_Test_omzseiku_Video/frame_000080.jpg
2024-07-22 19:52:04,953 - INFO - Image frame_000080.jpg already exists. Skipping...
2024-07-22 19:52:04,953 - INFO - Processing frame /2024_TUYZ_Online_Yarisma_Ana_Oturum_Test_omzseiku_Video/frame_000084.jpg with translation /2024_TUYZ_Online_Yarisma_Ana_Oturum_Test_omzseiku_Video/frame_000084.jpg
2024-07-22 19:52:04,954 - INFO - Image frame_000084.jpg already exists. Skipping...
2024-07-22 19:52:04,954 - INFO - Processing frame /2024_TUYZ_Online_Yarisma_Ana_Oturum_Test_omzseiku_Video/frame_000088.jpg with translation /2024_TUYZ_Online_Yarisma_Ana_Oturum_Test_omzseiku_Video/frame_000088.jpg
2024-07-22 19:52:04,954 - INFO - Image frame_000088.jpg already exists. Skipping...
2024-07-22 19:52:04,954 - INFO - Processing frame /2024_TUYZ_Online_Yarisma_Ana_Oturum_Test_omzseiku_Video/frame_000092.jpg with translation /2024_TUYZ_Online_Yarisma_Ana_Oturum_Test_omzseiku_Video/frame_000092.jpg
2024-07-22 19:52:04,954 - INFO - Image frame_000092.jpg already exists. Skipping...
2024-07-22 19:52:04,954 - INFO - Processing frame /2024_TUYZ_Online_Yarisma_Ana_Oturum_Test_omzseiku_Video/frame_000096.jpg with translation /2024_TUYZ_Online_Yarisma_Ana_Oturum_Test_omzseiku_Video/frame_000096.jpg
2024-07-22 19:52:04,955 - INFO - Image frame_000096.jpg already exists. Skipping...
2024-07-22 19:52:04,955 - INFO - Processing frame /2024_TUYZ_Online_Yarisma_Ana_Oturum_Test_omzseiku_Video/frame_000100.jpg with translation /2024_TUYZ_Online_Yarisma_Ana_Oturum_Test_omzseiku_Video/frame_000100.jpg
2024-07-22 19:52:04,955 - INFO - Image frame_000100.jpg already exists. Skipping...
2024-07-22 19:52:04,955 - INFO - Processing frame /2024_TUYZ_Online_Yarisma_Ana_Oturum_Test_omzseiku_Video/frame_000104.jpg with translation /2024_TUYZ_Online_Yarisma_Ana_Oturum_Test_omzseiku_Video/frame_000104.jpg
2024-07-22 19:52:04,955 - INFO - Image frame_000104.jpg already exists. Skipping...
2024-07-22 19:52:04,955 - INFO - Processing frame /2024_TUYZ_Online_Yarisma_Ana_Oturum_Test_omzseiku_Video/frame_000108.jpg with translation /2024_TUYZ_Online_Yarisma_Ana_Oturum_Test_omzseiku_Video/frame_000108.jpg
2024-07-22 19:52:04,955 - INFO - Image frame_000108.jpg already exists. Skipping...
2024-07-22 19:52:04,956 - INFO - Processing frame /2024_TUYZ_Online_Yarisma_Ana_Oturum_Test_omzseiku_Video/frame_000112.jpg with translation /2024_TUYZ_Online_Yarisma_Ana_Oturum_Test_omzseiku_Video/frame_000112.jpg
2024-07-22 19:52:04,956 - INFO - Image frame_000112.jpg already exists. Skipping...
2024-07-22 19:52:04,956 - INFO - Processing frame /2024_TUYZ_Online_Yarisma_Ana_Oturum_Test_omzseiku_Video/frame_000116.jpg with translation /2024_TUYZ_Online_Yarisma_Ana_Oturum_Test_omzseiku_Video/frame_000116.jpg
2024-07-22 19:52:04,956 - INFO - Image frame_000116.jpg already exists. Skipping...
2024-07-22 19:52:04,956 - INFO - Processing frame /2024_TUYZ_Online_Yarisma_Ana_Oturum_Test_omzseiku_Video/frame_000120.jpg with translation /2024_TUYZ_Online_Yarisma_Ana_Oturum_Test_omzseiku_Video/frame_000120.jpg
2024-07-22 19:52:04,956 - INFO - Image frame_000120.jpg already exists. Skipping...
2024-07-22 19:52:04,956 - INFO - Processing frame /2024_TUYZ_Online_Yarisma_Ana_Oturum_Test_omzseiku_Video/frame_000124.jpg with translation /2024_TUYZ_Online_Yarisma_Ana_Oturum_Test_omzseiku_Video/frame_000124.jpg
2024-07-22 19:52:04,957 - INFO - Image frame_000124.jpg already exists. Skipping...
2024-07-22 19:52:04,957 - INFO - Processing frame /2024_TUYZ_Online_Yarisma_Ana_Oturum_Test_omzseiku_Video/frame_000128.jpg with translation /2024_TUYZ_Online_Yarisma_Ana_Oturum_Test_omzseiku_Video/frame_000128.jpg
2024-07-22 19:52:04,957 - INFO - Image frame_000128.jpg already exists. Skipping...
2024-07-22 19:52:04,957 - INFO - Processing frame /2024_TUYZ_Online_Yarisma_Ana_Oturum_Test_omzseiku_Video/frame_000132.jpg with translation /2024_TUYZ_Online_Yarisma_Ana_Oturum_Test_omzseiku_Video/frame_000132.jpg
2024-07-22 19:52:04,957 - INFO - Image frame_000132.jpg already exists. Skipping...
2024-07-22 19:52:04,957 - INFO - Processing frame /2024_TUYZ_Online_Yarisma_Ana_Oturum_Test_omzseiku_Video/frame_000136.jpg with translation /2024_TUYZ_Online_Yarisma_Ana_Oturum_Test_omzseiku_Video/frame_000136.jpg
2024-07-22 19:52:04,958 - INFO - Image frame_000136.jpg already exists. Skipping...
2024-07-22 19:52:04,958 - INFO - Processing frame /2024_TUYZ_Online_Yarisma_Ana_Oturum_Test_omzseiku_Video/frame_000140.jpg with translation /2024_TUYZ_Online_Yarisma_Ana_Oturum_Test_omzseiku_Video/frame_000140.jpg
2024-07-22 19:52:04,958 - INFO - Image frame_000140.jpg already exists. Skipping...
2024-07-22 19:52:04,958 - INFO - Processing frame /2024_TUYZ_Online_Yarisma_Ana_Oturum_Test_omzseiku_Video/frame_000144.jpg with translation /2024_TUYZ_Online_Yarisma_Ana_Oturum_Test_omzseiku_Video/frame_000144.jpg
2024-07-22 19:52:04,958 - INFO - Image frame_000144.jpg already exists. Skipping...
2024-07-22 19:52:04,958 - INFO - Processing frame /2024_TUYZ_Online_Yarisma_Ana_Oturum_Test_omzseiku_Video/frame_000148.jpg with translation /2024_TUYZ_Online_Yarisma_Ana_Oturum_Test_omzseiku_Video/frame_000148.jpg
2024-07-22 19:52:04,958 - INFO - Image frame_000148.jpg already exists. Skipping...
2024-07-22 19:52:04,959 - INFO - Processing frame /2024_TUYZ_Online_Yarisma_Ana_Oturum_Test_omzseiku_Video/frame_000152.jpg with translation /2024_TUYZ_Online_Yarisma_Ana_Oturum_Test_omzseiku_Video/frame_000152.jpg
2024-07-22 19:52:04,959 - INFO - Image frame_000152.jpg already exists. Skipping...
2024-07-22 19:52:04,959 - INFO - Processing frame /2024_TUYZ_Online_Yarisma_Ana_Oturum_Test_omzseiku_Video/frame_000156.jpg with translation /2024_TUYZ_Online_Yarisma_Ana_Oturum_Test_omzseiku_Video/frame_000156.jpg
2024-07-22 19:52:04,959 - INFO - Image frame_000156.jpg already exists. Skipping...
2024-07-22 19:52:04,959 - INFO - Processing frame /2024_TUYZ_Online_Yarisma_Ana_Oturum_Test_omzseiku_Video/frame_000160.jpg with translation /2024_TUYZ_Online_Yarisma_Ana_Oturum_Test_omzseiku_Video/frame_000160.jpg
2024-07-22 19:52:04,959 - INFO - Image frame_000160.jpg already exists. Skipping...
2024-07-22 19:52:04,959 - INFO - Processing frame /2024_TUYZ_Online_Yarisma_Ana_Oturum_Test_omzseiku_Video/frame_000164.jpg with translation /2024_TUYZ_Online_Yarisma_Ana_Oturum_Test_omzseiku_Video/frame_000164.jpg
2024-07-22 19:52:04,960 - INFO - Image frame_000164.jpg already exists. Skipping...
2024-07-22 19:52:04,960 - INFO - Processing frame /2024_TUYZ_Online_Yarisma_Ana_Oturum_Test_omzseiku_Video/frame_000168.jpg with translation /2024_TUYZ_Online_Yarisma_Ana_Oturum_Test_omzseiku_Video/frame_000168.jpg
2024-07-22 19:52:04,960 - INFO - Image frame_000168.jpg already exists. Skipping...
2024-07-22 19:52:04,960 - INFO - Processing frame /2024_TUYZ_Online_Yarisma_Ana_Oturum_Test_omzseiku_Video/frame_000172.jpg with translation /2024_TUYZ_Online_Yarisma_Ana_Oturum_Test_omzseiku_Video/frame_000172.jpg
2024-07-22 19:52:04,960 - INFO - Image frame_000172.jpg already exists. Skipping...
2024-07-22 19:52:04,960 - INFO - Processing frame /2024_TUYZ_Online_Yarisma_Ana_Oturum_Test_omzseiku_Video/frame_000176.jpg with translation /2024_TUYZ_Online_Yarisma_Ana_Oturum_Test_omzseiku_Video/frame_000176.jpg
2024-07-22 19:52:04,961 - INFO - Image frame_000176.jpg already exists. Skipping...
2024-07-22 19:52:04,961 - INFO - Processing frame /2024_TUYZ_Online_Yarisma_Ana_Oturum_Test_omzseiku_Video/frame_000180.jpg with translation /2024_TUYZ_Online_Yarisma_Ana_Oturum_Test_omzseiku_Video/frame_000180.jpg
2024-07-22 19:52:04,961 - INFO - Image frame_000180.jpg already exists. Skipping...
2024-07-22 19:52:04,961 - INFO - Processing frame /2024_TUYZ_Online_Yarisma_Ana_Oturum_Test_omzseiku_Video/frame_000184.jpg with translation /2024_TUYZ_Online_Yarisma_Ana_Oturum_Test_omzseiku_Video/frame_000184.jpg
2024-07-22 19:52:04,961 - INFO - Image frame_000184.jpg already exists. Skipping...
2024-07-22 19:52:04,961 - INFO - Processing frame /2024_TUYZ_Online_Yarisma_Ana_Oturum_Test_omzseiku_Video/frame_000188.jpg with translation /2024_TUYZ_Online_Yarisma_Ana_Oturum_Test_omzseiku_Video/frame_000188.jpg
2024-07-22 19:52:04,961 - INFO - Image frame_000188.jpg already exists. Skipping...
2024-07-22 19:52:04,962 - INFO - Processing frame /2024_TUYZ_Online_Yarisma_Ana_Oturum_Test_omzseiku_Video/frame_000192.jpg with translation /2024_TUYZ_Online_Yarisma_Ana_Oturum_Test_omzseiku_Video/frame_000192.jpg
2024-07-22 19:52:04,962 - INFO - Image frame_000192.jpg already exists. Skipping...
2024-07-22 19:52:04,962 - INFO - Processing frame /2024_TUYZ_Online_Yarisma_Ana_Oturum_Test_omzseiku_Video/frame_000196.jpg with translation /2024_TUYZ_Online_Yarisma_Ana_Oturum_Test_omzseiku_Video/frame_000196.jpg
2024-07-22 19:52:04,962 - INFO - Image frame_000196.jpg already exists. Skipping...
2024-07-22 19:52:04,962 - INFO - Processing frame /2024_TUYZ_Online_Yarisma_Ana_Oturum_Test_omzseiku_Video/frame_000200.jpg with translation /2024_TUYZ_Online_Yarisma_Ana_Oturum_Test_omzseiku_Video/frame_000200.jpg
2024-07-22 19:52:04,962 - INFO - Image frame_000200.jpg already exists. Skipping...
2024-07-22 19:52:04,962 - INFO - Processing frame /2024_TUYZ_Online_Yarisma_Ana_Oturum_Test_omzseiku_Video/frame_000204.jpg with translation /2024_TUYZ_Online_Yarisma_Ana_Oturum_Test_omzseiku_Video/frame_000204.jpg
2024-07-22 19:52:04,963 - INFO - Image frame_000204.jpg already exists. Skipping...
2024-07-22 19:52:04,963 - INFO - Processing frame /2024_TUYZ_Online_Yarisma_Ana_Oturum_Test_omzseiku_Video/frame_000208.jpg with translation /2024_TUYZ_Online_Yarisma_Ana_Oturum_Test_omzseiku_Video/frame_000208.jpg
2024-07-22 19:52:04,963 - INFO - Image frame_000208.jpg already exists. Skipping...
2024-07-22 19:52:04,963 - INFO - Processing frame /2024_TUYZ_Online_Yarisma_Ana_Oturum_Test_omzseiku_Video/frame_000212.jpg with translation /2024_TUYZ_Online_Yarisma_Ana_Oturum_Test_omzseiku_Video/frame_000212.jpg
2024-07-22 19:52:04,963 - INFO - Image frame_000212.jpg already exists. Skipping...
2024-07-22 19:52:04,963 - INFO - Processing frame /2024_TUYZ_Online_Yarisma_Ana_Oturum_Test_omzseiku_Video/frame_000216.jpg with translation /2024_TUYZ_Online_Yarisma_Ana_Oturum_Test_omzseiku_Video/frame_000216.jpg
2024-07-22 19:52:04,964 - INFO - Image frame_000216.jpg already exists. Skipping...
2024-07-22 19:52:04,964 - INFO - Processing frame /2024_TUYZ_Online_Yarisma_Ana_Oturum_Test_omzseiku_Video/frame_000220.jpg with translation /2024_TUYZ_Online_Yarisma_Ana_Oturum_Test_omzseiku_Video/frame_000220.jpg
2024-07-22 19:52:04,964 - INFO - Image frame_000220.jpg already exists. Skipping...
2024-07-22 19:52:04,964 - INFO - Processing frame /2024_TUYZ_Online_Yarisma_Ana_Oturum_Test_omzseiku_Video/frame_000224.jpg with translation /2024_TUYZ_Online_Yarisma_Ana_Oturum_Test_omzseiku_Video/frame_000224.jpg
2024-07-22 19:52:04,964 - INFO - Image frame_000224.jpg already exists. Skipping...
2024-07-22 19:52:04,964 - INFO - Processing frame /2024_TUYZ_Online_Yarisma_Ana_Oturum_Test_omzseiku_Video/frame_000228.jpg with translation /2024_TUYZ_Online_Yarisma_Ana_Oturum_Test_omzseiku_Video/frame_000228.jpg
2024-07-22 19:52:04,964 - INFO - Image frame_000228.jpg already exists. Skipping...
2024-07-22 19:52:04,964 - INFO - Processing frame /2024_TUYZ_Online_Yarisma_Ana_Oturum_Test_omzseiku_Video/frame_000232.jpg with translation /2024_TUYZ_Online_Yarisma_Ana_Oturum_Test_omzseiku_Video/frame_000232.jpg
2024-07-22 19:52:04,964 - INFO - Image frame_000232.jpg already exists. Skipping...
2024-07-22 19:52:04,964 - INFO - Processing frame /2024_TUYZ_Online_Yarisma_Ana_Oturum_Test_omzseiku_Video/frame_000236.jpg with translation /2024_TUYZ_Online_Yarisma_Ana_Oturum_Test_omzseiku_Video/frame_000236.jpg
2024-07-22 19:52:04,965 - INFO - Image frame_000236.jpg already exists. Skipping...
2024-07-22 19:52:04,965 - INFO - Processing frame /2024_TUYZ_Online_Yarisma_Ana_Oturum_Test_omzseiku_Video/frame_000240.jpg with translation /2024_TUYZ_Online_Yarisma_Ana_Oturum_Test_omzseiku_Video/frame_000240.jpg
2024-07-22 19:52:04,965 - INFO - Image frame_000240.jpg already exists. Skipping...
2024-07-22 19:52:04,965 - INFO - Processing frame /2024_TUYZ_Online_Yarisma_Ana_Oturum_Test_omzseiku_Video/frame_000244.jpg with translation /2024_TUYZ_Online_Yarisma_Ana_Oturum_Test_omzseiku_Video/frame_000244.jpg
2024-07-22 19:52:04,965 - INFO - Image frame_000244.jpg already exists. Skipping...
2024-07-22 19:52:04,965 - INFO - Processing frame /2024_TUYZ_Online_Yarisma_Ana_Oturum_Test_omzseiku_Video/frame_000248.jpg with translation /2024_TUYZ_Online_Yarisma_Ana_Oturum_Test_omzseiku_Video/frame_000248.jpg
2024-07-22 19:52:04,965 - INFO - Downloading image from http://teknofest.cezerirobot.com:1025/media/2024_TUYZ_Online_Yarisma_Ana_Oturum_Test_omzseiku_Video/frame_000248.jpg...
2024-07-22 19:52:05,583 - INFO - Image saved to ./downloaded_frames/frames/2024_TUYZ_Online_Yarisma_Ana_Oturum_Test_omzseiku_Video/frame_000248.jpg
2024-07-22 19:52:12,661 - INFO - Sending prediction for frame http://teknofest.cezerirobot.com/frames/11164/...
2024-07-22 19:52:12,881 - INFO - Prediction sent successfully
2024-07-22 19:52:12,881 - INFO - Total execution time: 7915.46 milliseconds
2024-07-22 19:52:12,881 - INFO - Processing frame /2024_TUYZ_Online_Yarisma_Ana_Oturum_Test_omzseiku_Video/frame_000252.jpg with translation /2024_TUYZ_Online_Yarisma_Ana_Oturum_Test_omzseiku_Video/frame_000252.jpg
2024-07-22 19:52:12,882 - INFO - Downloading image from http://teknofest.cezerirobot.com:1025/media/2024_TUYZ_Online_Yarisma_Ana_Oturum_Test_omzseiku_Video/frame_000252.jpg...
2024-07-22 19:52:13,379 - INFO - Image saved to ./downloaded_frames/frames/2024_TUYZ_Online_Yarisma_Ana_Oturum_Test_omzseiku_Video/frame_000252.jpg
