2024-07-23 17:45:43,788 - INFO - Authentication successful
2024-07-23 17:45:43,788 - INFO - Loading existing data...
2024-07-23 17:45:43,790 - INFO - SUNUCUYLA ÝLETÝÞÝM SÜRESÝ 0.40 saniye
2024-07-23 17:45:43,790 - INFO - Processing frame /Test_Oturumu_naerdopl_Video/frame_000000.jpg with translation /Test_Oturumu_naerdopl_Video/frame_000000.jpg
2024-07-23 17:45:43,790 - INFO - Image frame_000000.jpg already exists. Skipping...
2024-07-23 17:45:43,790 - INFO - Processing frame /Test_Oturumu_naerdopl_Video/frame_000004.jpg with translation /Test_Oturumu_naerdopl_Video/frame_000004.jpg
2024-07-23 17:45:43,791 - INFO - Image frame_000004.jpg already exists. Skipping...
2024-07-23 17:45:43,791 - INFO - Processing frame /Test_Oturumu_naerdopl_Video/frame_000008.jpg with translation /Test_Oturumu_naerdopl_Video/frame_000008.jpg
2024-07-23 17:45:43,791 - INFO - Image frame_000008.jpg already exists. Skipping...
2024-07-23 17:45:43,791 - INFO - Processing frame /Test_Oturumu_naerdopl_Video/frame_000012.jpg with translation /Test_Oturumu_naerdopl_Video/frame_000012.jpg
2024-07-23 17:45:43,792 - INFO - Image frame_000012.jpg already exists. Skipping...
2024-07-23 17:45:43,792 - INFO - Processing frame /Test_Oturumu_naerdopl_Video/frame_000016.jpg with translation /Test_Oturumu_naerdopl_Video/frame_000016.jpg
2024-07-23 17:45:43,792 - INFO - Downloading image from http://teknofest.cezerirobot.com:1025/media/Test_Oturumu_naerdopl_Video/frame_000016.jpg...
2024-07-23 17:45:44,394 - INFO - Image saved to ./downloaded_frames/frames/Test_Oturumu_naerdopl_Video/frame_000016.jpg
2024-07-23 17:45:46,531 - INFO - Sending prediction for frame http://teknofest.cezerirobot.com/frames/15606/...
2024-07-23 17:45:46,795 - INFO - Prediction sent successfully
2024-07-23 17:45:46,796 - INFO - Total execution time: 3004.34 milliseconds
2024-07-23 17:45:46,796 - INFO - Processing frame /Test_Oturumu_naerdopl_Video/frame_000020.jpg with translation /Test_Oturumu_naerdopl_Video/frame_000020.jpg
2024-07-23 17:45:46,796 - INFO - Downloading image from http://teknofest.cezerirobot.com:1025/media/Test_Oturumu_naerdopl_Video/frame_000020.jpg...
2024-07-23 17:45:47,491 - INFO - Image saved to ./downloaded_frames/frames/Test_Oturumu_naerdopl_Video/frame_000020.jpg
2024-07-23 17:45:47,892 - INFO - Sending prediction for frame http://teknofest.cezerirobot.com/frames/15607/...
2024-07-23 17:45:48,185 - INFO - Prediction sent successfully
2024-07-23 17:45:48,186 - INFO - Total execution time: 1389.64 milliseconds
2024-07-23 17:45:48,186 - INFO - Processing frame /Test_Oturumu_naerdopl_Video/frame_000024.jpg with translation /Test_Oturumu_naerdopl_Video/frame_000024.jpg
2024-07-23 17:45:48,186 - INFO - Downloading image from http://teknofest.cezerirobot.com:1025/media/Test_Oturumu_naerdopl_Video/frame_000024.jpg...
2024-07-23 17:45:48,748 - INFO - Image saved to ./downloaded_frames/frames/Test_Oturumu_naerdopl_Video/frame_000024.jpg
2024-07-23 17:45:49,159 - INFO - Sending prediction for frame http://teknofest.cezerirobot.com/frames/15608/...
2024-07-23 17:45:49,420 - INFO - Prediction sent successfully
2024-07-23 17:45:49,420 - INFO - Total execution time: 1233.96 milliseconds
2024-07-23 17:45:49,420 - INFO - Processing frame /Test_Oturumu_naerdopl_Video/frame_000028.jpg with translation /Test_Oturumu_naerdopl_Video/frame_000028.jpg
2024-07-23 17:45:49,421 - INFO - Downloading image from http://teknofest.cezerirobot.com:1025/media/Test_Oturumu_naerdopl_Video/frame_000028.jpg...
2024-07-23 17:45:50,044 - INFO - Image saved to ./downloaded_frames/frames/Test_Oturumu_naerdopl_Video/frame_000028.jpg
2024-07-23 17:45:50,452 - INFO - Sending prediction for frame http://teknofest.cezerirobot.com/frames/15609/...
2024-07-23 17:45:50,716 - INFO - Prediction sent successfully
2024-07-23 17:45:50,716 - INFO - Total execution time: 1295.55 milliseconds
2024-07-23 17:45:50,717 - INFO - Processing frame /Test_Oturumu_naerdopl_Video/frame_000032.jpg with translation /Test_Oturumu_naerdopl_Video/frame_000032.jpg
2024-07-23 17:45:50,717 - INFO - Downloading image from http://teknofest.cezerirobot.com:1025/media/Test_Oturumu_naerdopl_Video/frame_000032.jpg...
2024-07-23 17:45:51,548 - INFO - Image saved to ./downloaded_frames/frames/Test_Oturumu_naerdopl_Video/frame_000032.jpg
2024-07-23 17:45:51,999 - INFO - Sending prediction for frame http://teknofest.cezerirobot.com/frames/15610/...
2024-07-23 17:45:52,282 - INFO - Prediction sent successfully
2024-07-23 17:45:52,282 - INFO - Total execution time: 1565.37 milliseconds
2024-07-23 17:45:52,283 - INFO - Processing frame /Test_Oturumu_naerdopl_Video/frame_000036.jpg with translation /Test_Oturumu_naerdopl_Video/frame_000036.jpg
2024-07-23 17:45:52,283 - INFO - Downloading image from http://teknofest.cezerirobot.com:1025/media/Test_Oturumu_naerdopl_Video/frame_000036.jpg...
2024-07-23 17:45:53,003 - INFO - Image saved to ./downloaded_frames/frames/Test_Oturumu_naerdopl_Video/frame_000036.jpg
2024-07-23 17:45:53,413 - INFO - Sending prediction for frame http://teknofest.cezerirobot.com/frames/15611/...
2024-07-23 17:45:53,660 - INFO - Prediction sent successfully
2024-07-23 17:45:53,660 - INFO - Total execution time: 1376.92 milliseconds
2024-07-23 17:45:53,661 - INFO - Processing frame /Test_Oturumu_naerdopl_Video/frame_000040.jpg with translation /Test_Oturumu_naerdopl_Video/frame_000040.jpg
2024-07-23 17:45:53,661 - INFO - Downloading image from http://teknofest.cezerirobot.com:1025/media/Test_Oturumu_naerdopl_Video/frame_000040.jpg...
2024-07-23 17:45:54,344 - INFO - Image saved to ./downloaded_frames/frames/Test_Oturumu_naerdopl_Video/frame_000040.jpg
2024-07-23 17:45:54,761 - INFO - Sending prediction for frame http://teknofest.cezerirobot.com/frames/15612/...
2024-07-23 17:45:55,062 - INFO - Prediction sent successfully
2024-07-23 17:45:55,062 - INFO - Total execution time: 1401.04 milliseconds
2024-07-23 17:45:55,062 - INFO - Processing frame /Test_Oturumu_naerdopl_Video/frame_000044.jpg with translation /Test_Oturumu_naerdopl_Video/frame_000044.jpg
2024-07-23 17:45:55,062 - INFO - Downloading image from http://teknofest.cezerirobot.com:1025/media/Test_Oturumu_naerdopl_Video/frame_000044.jpg...
2024-07-23 17:45:55,609 - INFO - Image saved to ./downloaded_frames/frames/Test_Oturumu_naerdopl_Video/frame_000044.jpg
2024-07-23 17:45:56,025 - INFO - Sending prediction for frame http://teknofest.cezerirobot.com/frames/15613/...
2024-07-23 17:45:56,305 - INFO - Prediction sent successfully
2024-07-23 17:45:56,306 - INFO - Total execution time: 1243.90 milliseconds
2024-07-23 17:45:56,306 - INFO - Processing frame /Test_Oturumu_naerdopl_Video/frame_000048.jpg with translation /Test_Oturumu_naerdopl_Video/frame_000048.jpg
2024-07-23 17:45:56,306 - INFO - Downloading image from http://teknofest.cezerirobot.com:1025/media/Test_Oturumu_naerdopl_Video/frame_000048.jpg...
2024-07-23 17:45:57,227 - INFO - Image saved to ./downloaded_frames/frames/Test_Oturumu_naerdopl_Video/frame_000048.jpg
2024-07-23 17:45:57,633 - INFO - Sending prediction for frame http://teknofest.cezerirobot.com/frames/15614/...
2024-07-23 17:45:57,938 - INFO - Prediction sent successfully
2024-07-23 17:45:57,938 - INFO - Total execution time: 1631.85 milliseconds
2024-07-23 17:45:57,939 - INFO - Processing frame /Test_Oturumu_naerdopl_Video/frame_000052.jpg with translation /Test_Oturumu_naerdopl_Video/frame_000052.jpg
2024-07-23 17:45:57,939 - INFO - Downloading image from http://teknofest.cezerirobot.com:1025/media/Test_Oturumu_naerdopl_Video/frame_000052.jpg...
2024-07-23 17:45:58,540 - INFO - Image saved to ./downloaded_frames/frames/Test_Oturumu_naerdopl_Video/frame_000052.jpg
2024-07-23 17:45:58,958 - INFO - Sending prediction for frame http://teknofest.cezerirobot.com/frames/15615/...
2024-07-23 17:45:59,194 - INFO - Prediction sent successfully
2024-07-23 17:45:59,194 - INFO - Total execution time: 1254.88 milliseconds
2024-07-23 17:45:59,194 - INFO - Processing frame /Test_Oturumu_naerdopl_Video/frame_000056.jpg with translation /Test_Oturumu_naerdopl_Video/frame_000056.jpg
2024-07-23 17:45:59,194 - INFO - Downloading image from http://teknofest.cezerirobot.com:1025/media/Test_Oturumu_naerdopl_Video/frame_000056.jpg...
2024-07-23 17:45:59,777 - INFO - Image saved to ./downloaded_frames/frames/Test_Oturumu_naerdopl_Video/frame_000056.jpg
2024-07-23 17:46:00,179 - INFO - Sending prediction for frame http://teknofest.cezerirobot.com/frames/15616/...
2024-07-23 17:46:00,425 - INFO - Prediction sent successfully
2024-07-23 17:46:00,426 - INFO - Total execution time: 1232.74 milliseconds
2024-07-23 17:46:00,426 - INFO - Processing frame /Test_Oturumu_naerdopl_Video/frame_000060.jpg with translation /Test_Oturumu_naerdopl_Video/frame_000060.jpg
2024-07-23 17:46:00,426 - INFO - Downloading image from http://teknofest.cezerirobot.com:1025/media/Test_Oturumu_naerdopl_Video/frame_000060.jpg...
2024-07-23 17:46:01,536 - INFO - Image saved to ./downloaded_frames/frames/Test_Oturumu_naerdopl_Video/frame_000060.jpg
2024-07-23 17:46:01,949 - INFO - Sending prediction for frame http://teknofest.cezerirobot.com/frames/15617/...
2024-07-23 17:46:02,215 - INFO - Prediction sent successfully
2024-07-23 17:46:02,215 - INFO - Total execution time: 1788.17 milliseconds
2024-07-23 17:46:02,216 - INFO - Processing frame /Test_Oturumu_naerdopl_Video/frame_000064.jpg with translation /Test_Oturumu_naerdopl_Video/frame_000064.jpg
2024-07-23 17:46:02,216 - INFO - Downloading image from http://teknofest.cezerirobot.com:1025/media/Test_Oturumu_naerdopl_Video/frame_000064.jpg...
2024-07-23 17:46:03,277 - INFO - Image saved to ./downloaded_frames/frames/Test_Oturumu_naerdopl_Video/frame_000064.jpg
2024-07-23 17:46:03,691 - INFO - Sending prediction for frame http://teknofest.cezerirobot.com/frames/15618/...
2024-07-23 17:46:03,960 - INFO - Prediction sent successfully
2024-07-23 17:46:03,960 - INFO - Total execution time: 1744.64 milliseconds
2024-07-23 17:46:03,960 - INFO - Processing frame /Test_Oturumu_naerdopl_Video/frame_000068.jpg with translation /Test_Oturumu_naerdopl_Video/frame_000068.jpg
2024-07-23 17:46:03,961 - INFO - Downloading image from http://teknofest.cezerirobot.com:1025/media/Test_Oturumu_naerdopl_Video/frame_000068.jpg...
2024-07-23 17:46:04,672 - INFO - Image saved to ./downloaded_frames/frames/Test_Oturumu_naerdopl_Video/frame_000068.jpg
2024-07-23 17:46:05,089 - INFO - Sending prediction for frame http://teknofest.cezerirobot.com/frames/15619/...
2024-07-23 17:46:05,365 - INFO - Prediction sent successfully
2024-07-23 17:46:05,366 - INFO - Total execution time: 1405.75 milliseconds
2024-07-23 17:46:05,366 - INFO - Processing frame /Test_Oturumu_naerdopl_Video/frame_000072.jpg with translation /Test_Oturumu_naerdopl_Video/frame_000072.jpg
2024-07-23 17:46:05,367 - INFO - Downloading image from http://teknofest.cezerirobot.com:1025/media/Test_Oturumu_naerdopl_Video/frame_000072.jpg...
2024-07-23 17:46:06,191 - INFO - Image saved to ./downloaded_frames/frames/Test_Oturumu_naerdopl_Video/frame_000072.jpg
2024-07-23 17:46:06,602 - INFO - Sending prediction for frame http://teknofest.cezerirobot.com/frames/15620/...
2024-07-23 17:46:06,861 - INFO - Prediction sent successfully
2024-07-23 17:46:06,861 - INFO - Total execution time: 1494.44 milliseconds
2024-07-23 17:46:06,861 - INFO - Processing frame /Test_Oturumu_naerdopl_Video/frame_000076.jpg with translation /Test_Oturumu_naerdopl_Video/frame_000076.jpg
2024-07-23 17:46:06,861 - INFO - Downloading image from http://teknofest.cezerirobot.com:1025/media/Test_Oturumu_naerdopl_Video/frame_000076.jpg...
2024-07-23 17:46:08,041 - INFO - Image saved to ./downloaded_frames/frames/Test_Oturumu_naerdopl_Video/frame_000076.jpg
2024-07-23 17:46:08,447 - INFO - Sending prediction for frame http://teknofest.cezerirobot.com/frames/15621/...
2024-07-23 17:46:08,734 - INFO - Prediction sent successfully
2024-07-23 17:46:08,735 - INFO - Total execution time: 1874.53 milliseconds
2024-07-23 17:46:08,735 - INFO - Processing frame /Test_Oturumu_naerdopl_Video/frame_000080.jpg with translation /Test_Oturumu_naerdopl_Video/frame_000080.jpg
2024-07-23 17:46:08,735 - INFO - Downloading image from http://teknofest.cezerirobot.com:1025/media/Test_Oturumu_naerdopl_Video/frame_000080.jpg...
2024-07-23 17:46:09,319 - INFO - Image saved to ./downloaded_frames/frames/Test_Oturumu_naerdopl_Video/frame_000080.jpg
2024-07-23 17:46:09,739 - INFO - Sending prediction for frame http://teknofest.cezerirobot.com/frames/15622/...
2024-07-23 17:46:10,071 - INFO - Prediction sent successfully
2024-07-23 17:46:10,072 - INFO - Total execution time: 1336.98 milliseconds
2024-07-23 17:46:10,072 - INFO - Processing frame /Test_Oturumu_naerdopl_Video/frame_000084.jpg with translation /Test_Oturumu_naerdopl_Video/frame_000084.jpg
2024-07-23 17:46:10,072 - INFO - Downloading image from http://teknofest.cezerirobot.com:1025/media/Test_Oturumu_naerdopl_Video/frame_000084.jpg...
2024-07-23 17:46:10,691 - INFO - Image saved to ./downloaded_frames/frames/Test_Oturumu_naerdopl_Video/frame_000084.jpg
2024-07-23 17:46:11,108 - INFO - Sending prediction for frame http://teknofest.cezerirobot.com/frames/15623/...
2024-07-23 17:46:11,369 - INFO - Prediction sent successfully
2024-07-23 17:46:11,370 - INFO - Total execution time: 1297.98 milliseconds
2024-07-23 17:46:11,370 - INFO - Processing frame /Test_Oturumu_naerdopl_Video/frame_000088.jpg with translation /Test_Oturumu_naerdopl_Video/frame_000088.jpg
2024-07-23 17:46:11,370 - INFO - Downloading image from http://teknofest.cezerirobot.com:1025/media/Test_Oturumu_naerdopl_Video/frame_000088.jpg...
2024-07-23 17:46:11,949 - INFO - Image saved to ./downloaded_frames/frames/Test_Oturumu_naerdopl_Video/frame_000088.jpg
2024-07-23 17:46:12,366 - INFO - Sending prediction for frame http://teknofest.cezerirobot.com/frames/15624/...
2024-07-23 17:46:12,679 - INFO - Prediction sent successfully
2024-07-23 17:46:12,679 - INFO - Total execution time: 1308.97 milliseconds
2024-07-23 17:46:12,679 - INFO - Processing frame /Test_Oturumu_naerdopl_Video/frame_000092.jpg with translation /Test_Oturumu_naerdopl_Video/frame_000092.jpg
2024-07-23 17:46:12,680 - INFO - Downloading image from http://teknofest.cezerirobot.com:1025/media/Test_Oturumu_naerdopl_Video/frame_000092.jpg...
2024-07-23 17:46:13,794 - INFO - Image saved to ./downloaded_frames/frames/Test_Oturumu_naerdopl_Video/frame_000092.jpg
2024-07-23 17:46:14,210 - INFO - Sending prediction for frame http://teknofest.cezerirobot.com/frames/15625/...
2024-07-23 17:46:14,449 - INFO - Prediction sent successfully
2024-07-23 17:46:14,450 - INFO - Total execution time: 1771.24 milliseconds
2024-07-23 17:46:14,450 - INFO - Processing frame /Test_Oturumu_naerdopl_Video/frame_000096.jpg with translation /Test_Oturumu_naerdopl_Video/frame_000096.jpg
2024-07-23 17:46:14,450 - INFO - Downloading image from http://teknofest.cezerirobot.com:1025/media/Test_Oturumu_naerdopl_Video/frame_000096.jpg...
2024-07-23 17:46:15,656 - INFO - Image saved to ./downloaded_frames/frames/Test_Oturumu_naerdopl_Video/frame_000096.jpg
2024-07-23 17:46:16,070 - INFO - Sending prediction for frame http://teknofest.cezerirobot.com/frames/15626/...
2024-07-23 17:46:16,346 - INFO - Prediction sent successfully
2024-07-23 17:46:16,346 - INFO - Total execution time: 1896.05 milliseconds
2024-07-23 17:46:16,346 - INFO - Processing frame /Test_Oturumu_naerdopl_Video/frame_000100.jpg with translation /Test_Oturumu_naerdopl_Video/frame_000100.jpg
2024-07-23 17:46:16,348 - INFO - Downloading image from http://teknofest.cezerirobot.com:1025/media/Test_Oturumu_naerdopl_Video/frame_000100.jpg...
2024-07-23 17:46:16,966 - INFO - Image saved to ./downloaded_frames/frames/Test_Oturumu_naerdopl_Video/frame_000100.jpg
2024-07-23 17:46:17,383 - INFO - Sending prediction for frame http://teknofest.cezerirobot.com/frames/15627/...
2024-07-23 17:46:17,654 - INFO - Prediction sent successfully
2024-07-23 17:46:17,654 - INFO - Total execution time: 1306.33 milliseconds
2024-07-23 17:46:17,655 - INFO - Processing frame /Test_Oturumu_naerdopl_Video/frame_000104.jpg with translation /Test_Oturumu_naerdopl_Video/frame_000104.jpg
2024-07-23 17:46:17,655 - INFO - Downloading image from http://teknofest.cezerirobot.com:1025/media/Test_Oturumu_naerdopl_Video/frame_000104.jpg...
2024-07-23 17:46:18,732 - INFO - Image saved to ./downloaded_frames/frames/Test_Oturumu_naerdopl_Video/frame_000104.jpg
2024-07-23 17:46:19,155 - INFO - Sending prediction for frame http://teknofest.cezerirobot.com/frames/15628/...
2024-07-23 17:46:19,404 - INFO - Prediction sent successfully
2024-07-23 17:46:19,405 - INFO - Total execution time: 1749.73 milliseconds
2024-07-23 17:46:19,405 - INFO - Processing frame /Test_Oturumu_naerdopl_Video/frame_000108.jpg with translation /Test_Oturumu_naerdopl_Video/frame_000108.jpg
2024-07-23 17:46:19,405 - INFO - Downloading image from http://teknofest.cezerirobot.com:1025/media/Test_Oturumu_naerdopl_Video/frame_000108.jpg...
2024-07-23 17:46:20,283 - INFO - Image saved to ./downloaded_frames/frames/Test_Oturumu_naerdopl_Video/frame_000108.jpg
2024-07-23 17:46:20,693 - INFO - Sending prediction for frame http://teknofest.cezerirobot.com/frames/15629/...
2024-07-23 17:46:20,972 - INFO - Prediction sent successfully
2024-07-23 17:46:20,973 - INFO - Total execution time: 1568.46 milliseconds
2024-07-23 17:46:20,973 - INFO - Processing frame /Test_Oturumu_naerdopl_Video/frame_000112.jpg with translation /Test_Oturumu_naerdopl_Video/frame_000112.jpg
2024-07-23 17:46:20,973 - INFO - Downloading image from http://teknofest.cezerirobot.com:1025/media/Test_Oturumu_naerdopl_Video/frame_000112.jpg...
2024-07-23 17:46:21,701 - INFO - Image saved to ./downloaded_frames/frames/Test_Oturumu_naerdopl_Video/frame_000112.jpg
2024-07-23 17:46:22,120 - INFO - Sending prediction for frame http://teknofest.cezerirobot.com/frames/15630/...
2024-07-23 17:46:22,404 - INFO - Prediction sent successfully
2024-07-23 17:46:22,404 - INFO - Total execution time: 1430.65 milliseconds
2024-07-23 17:46:22,405 - INFO - Processing frame /Test_Oturumu_naerdopl_Video/frame_000116.jpg with translation /Test_Oturumu_naerdopl_Video/frame_000116.jpg
2024-07-23 17:46:22,405 - INFO - Downloading image from http://teknofest.cezerirobot.com:1025/media/Test_Oturumu_naerdopl_Video/frame_000116.jpg...
2024-07-23 17:46:23,388 - INFO - Image saved to ./downloaded_frames/frames/Test_Oturumu_naerdopl_Video/frame_000116.jpg
2024-07-23 17:46:23,820 - INFO - Sending prediction for frame http://teknofest.cezerirobot.com/frames/15631/...
2024-07-23 17:46:24,160 - INFO - Prediction sent successfully
2024-07-23 17:46:24,161 - INFO - Total execution time: 1755.51 milliseconds
2024-07-23 17:46:24,161 - INFO - Processing frame /Test_Oturumu_naerdopl_Video/frame_000120.jpg with translation /Test_Oturumu_naerdopl_Video/frame_000120.jpg
2024-07-23 17:46:24,161 - INFO - Downloading image from http://teknofest.cezerirobot.com:1025/media/Test_Oturumu_naerdopl_Video/frame_000120.jpg...
2024-07-23 17:46:24,801 - INFO - Image saved to ./downloaded_frames/frames/Test_Oturumu_naerdopl_Video/frame_000120.jpg
2024-07-23 17:46:25,212 - INFO - Sending prediction for frame http://teknofest.cezerirobot.com/frames/15632/...
2024-07-23 17:46:25,462 - INFO - Prediction sent successfully
2024-07-23 17:46:25,463 - INFO - Total execution time: 1301.28 milliseconds
2024-07-23 17:46:25,463 - INFO - Processing frame /Test_Oturumu_naerdopl_Video/frame_000124.jpg with translation /Test_Oturumu_naerdopl_Video/frame_000124.jpg
2024-07-23 17:46:25,463 - INFO - Downloading image from http://teknofest.cezerirobot.com:1025/media/Test_Oturumu_naerdopl_Video/frame_000124.jpg...
2024-07-23 17:46:26,201 - INFO - Image saved to ./downloaded_frames/frames/Test_Oturumu_naerdopl_Video/frame_000124.jpg
2024-07-23 17:46:26,606 - INFO - Sending prediction for frame http://teknofest.cezerirobot.com/frames/15633/...
2024-07-23 17:46:26,871 - INFO - Prediction sent successfully
2024-07-23 17:46:26,871 - INFO - Total execution time: 1408.20 milliseconds
2024-07-23 17:46:26,871 - INFO - Processing frame /Test_Oturumu_naerdopl_Video/frame_000128.jpg with translation /Test_Oturumu_naerdopl_Video/frame_000128.jpg
2024-07-23 17:46:26,872 - INFO - Downloading image from http://teknofest.cezerirobot.com:1025/media/Test_Oturumu_naerdopl_Video/frame_000128.jpg...
2024-07-23 17:46:27,514 - INFO - Image saved to ./downloaded_frames/frames/Test_Oturumu_naerdopl_Video/frame_000128.jpg
2024-07-23 17:46:27,927 - INFO - Sending prediction for frame http://teknofest.cezerirobot.com/frames/15634/...
2024-07-23 17:46:28,227 - INFO - Prediction sent successfully
2024-07-23 17:46:28,228 - INFO - Total execution time: 1357.09 milliseconds
2024-07-23 17:46:28,228 - INFO - Processing frame /Test_Oturumu_naerdopl_Video/frame_000132.jpg with translation /Test_Oturumu_naerdopl_Video/frame_000132.jpg
2024-07-23 17:46:28,228 - INFO - Downloading image from http://teknofest.cezerirobot.com:1025/media/Test_Oturumu_naerdopl_Video/frame_000132.jpg...
2024-07-23 17:46:28,807 - INFO - Image saved to ./downloaded_frames/frames/Test_Oturumu_naerdopl_Video/frame_000132.jpg
2024-07-23 17:46:29,209 - INFO - Sending prediction for frame http://teknofest.cezerirobot.com/frames/15635/...
2024-07-23 17:46:29,453 - INFO - Prediction sent successfully
2024-07-23 17:46:29,454 - INFO - Total execution time: 1226.22 milliseconds
2024-07-23 17:46:29,454 - INFO - Processing frame /Test_Oturumu_naerdopl_Video/frame_000136.jpg with translation /Test_Oturumu_naerdopl_Video/frame_000136.jpg
2024-07-23 17:46:29,454 - INFO - Downloading image from http://teknofest.cezerirobot.com:1025/media/Test_Oturumu_naerdopl_Video/frame_000136.jpg...
2024-07-23 17:46:30,159 - INFO - Image saved to ./downloaded_frames/frames/Test_Oturumu_naerdopl_Video/frame_000136.jpg
2024-07-23 17:46:30,575 - INFO - Sending prediction for frame http://teknofest.cezerirobot.com/frames/15636/...
2024-07-23 17:46:30,825 - INFO - Prediction sent successfully
2024-07-23 17:46:30,826 - INFO - Total execution time: 1371.99 milliseconds
2024-07-23 17:46:30,826 - INFO - Processing frame /Test_Oturumu_naerdopl_Video/frame_000140.jpg with translation /Test_Oturumu_naerdopl_Video/frame_000140.jpg
2024-07-23 17:46:30,827 - INFO - Downloading image from http://teknofest.cezerirobot.com:1025/media/Test_Oturumu_naerdopl_Video/frame_000140.jpg...
2024-07-23 17:46:31,529 - INFO - Image saved to ./downloaded_frames/frames/Test_Oturumu_naerdopl_Video/frame_000140.jpg
2024-07-23 17:46:31,944 - INFO - Sending prediction for frame http://teknofest.cezerirobot.com/frames/15637/...
2024-07-23 17:46:32,174 - INFO - Prediction sent successfully
2024-07-23 17:46:32,174 - INFO - Total execution time: 1347.57 milliseconds
2024-07-23 17:46:32,174 - INFO - Processing frame /Test_Oturumu_naerdopl_Video/frame_000144.jpg with translation /Test_Oturumu_naerdopl_Video/frame_000144.jpg
2024-07-23 17:46:32,175 - INFO - Downloading image from http://teknofest.cezerirobot.com:1025/media/Test_Oturumu_naerdopl_Video/frame_000144.jpg...
2024-07-23 17:46:32,826 - INFO - Image saved to ./downloaded_frames/frames/Test_Oturumu_naerdopl_Video/frame_000144.jpg
2024-07-23 17:46:33,232 - INFO - Sending prediction for frame http://teknofest.cezerirobot.com/frames/15638/...
2024-07-23 17:46:33,461 - INFO - Prediction sent successfully
2024-07-23 17:46:33,462 - INFO - Total execution time: 1288.08 milliseconds
2024-07-23 17:46:33,462 - INFO - Processing frame /Test_Oturumu_naerdopl_Video/frame_000148.jpg with translation /Test_Oturumu_naerdopl_Video/frame_000148.jpg
2024-07-23 17:46:33,462 - INFO - Downloading image from http://teknofest.cezerirobot.com:1025/media/Test_Oturumu_naerdopl_Video/frame_000148.jpg...
2024-07-23 17:46:34,089 - INFO - Image saved to ./downloaded_frames/frames/Test_Oturumu_naerdopl_Video/frame_000148.jpg
2024-07-23 17:46:34,503 - INFO - Sending prediction for frame http://teknofest.cezerirobot.com/frames/15639/...
2024-07-23 17:46:34,751 - INFO - Prediction sent successfully
2024-07-23 17:46:34,752 - INFO - Total execution time: 1289.94 milliseconds
2024-07-23 17:46:34,752 - INFO - Processing frame /Test_Oturumu_naerdopl_Video/frame_000152.jpg with translation /Test_Oturumu_naerdopl_Video/frame_000152.jpg
2024-07-23 17:46:34,752 - INFO - Downloading image from http://teknofest.cezerirobot.com:1025/media/Test_Oturumu_naerdopl_Video/frame_000152.jpg...
2024-07-23 17:46:35,378 - INFO - Image saved to ./downloaded_frames/frames/Test_Oturumu_naerdopl_Video/frame_000152.jpg
2024-07-23 17:46:35,784 - INFO - Sending prediction for frame http://teknofest.cezerirobot.com/frames/15640/...
2024-07-23 17:46:36,029 - INFO - Prediction sent successfully
2024-07-23 17:46:36,030 - INFO - Total execution time: 1277.82 milliseconds
2024-07-23 17:46:36,030 - INFO - Processing frame /Test_Oturumu_naerdopl_Video/frame_000156.jpg with translation /Test_Oturumu_naerdopl_Video/frame_000156.jpg
2024-07-23 17:46:36,030 - INFO - Downloading image from http://teknofest.cezerirobot.com:1025/media/Test_Oturumu_naerdopl_Video/frame_000156.jpg...
2024-07-23 17:46:36,805 - INFO - Image saved to ./downloaded_frames/frames/Test_Oturumu_naerdopl_Video/frame_000156.jpg
2024-07-23 17:46:37,207 - INFO - Sending prediction for frame http://teknofest.cezerirobot.com/frames/15641/...
2024-07-23 17:46:37,438 - INFO - Prediction sent successfully
2024-07-23 17:46:37,438 - INFO - Total execution time: 1408.61 milliseconds
2024-07-23 17:46:37,438 - INFO - Processing frame /Test_Oturumu_naerdopl_Video/frame_000160.jpg with translation /Test_Oturumu_naerdopl_Video/frame_000160.jpg
2024-07-23 17:46:37,440 - INFO - Downloading image from http://teknofest.cezerirobot.com:1025/media/Test_Oturumu_naerdopl_Video/frame_000160.jpg...
2024-07-23 17:46:38,297 - INFO - Image saved to ./downloaded_frames/frames/Test_Oturumu_naerdopl_Video/frame_000160.jpg
2024-07-23 17:46:38,705 - INFO - Sending prediction for frame http://teknofest.cezerirobot.com/frames/15642/...
2024-07-23 17:46:38,959 - INFO - Prediction sent successfully
2024-07-23 17:46:38,960 - INFO - Total execution time: 1522.04 milliseconds
2024-07-23 17:46:38,960 - INFO - Processing frame /Test_Oturumu_naerdopl_Video/frame_000164.jpg with translation /Test_Oturumu_naerdopl_Video/frame_000164.jpg
2024-07-23 17:46:38,960 - INFO - Downloading image from http://teknofest.cezerirobot.com:1025/media/Test_Oturumu_naerdopl_Video/frame_000164.jpg...
2024-07-23 17:46:39,532 - INFO - Image saved to ./downloaded_frames/frames/Test_Oturumu_naerdopl_Video/frame_000164.jpg
2024-07-23 17:46:39,938 - INFO - Sending prediction for frame http://teknofest.cezerirobot.com/frames/15643/...
2024-07-23 17:46:40,191 - INFO - Prediction sent successfully
2024-07-23 17:46:40,191 - INFO - Total execution time: 1230.33 milliseconds
2024-07-23 17:46:40,192 - INFO - Processing frame /Test_Oturumu_naerdopl_Video/frame_000168.jpg with translation /Test_Oturumu_naerdopl_Video/frame_000168.jpg
2024-07-23 17:46:40,192 - INFO - Downloading image from http://teknofest.cezerirobot.com:1025/media/Test_Oturumu_naerdopl_Video/frame_000168.jpg...
2024-07-23 17:46:40,832 - INFO - Image saved to ./downloaded_frames/frames/Test_Oturumu_naerdopl_Video/frame_000168.jpg
2024-07-23 17:46:41,256 - INFO - Sending prediction for frame http://teknofest.cezerirobot.com/frames/15644/...
2024-07-23 17:46:41,509 - INFO - Prediction sent successfully
2024-07-23 17:46:41,509 - INFO - Total execution time: 1317.61 milliseconds
2024-07-23 17:46:41,510 - INFO - Processing frame /Test_Oturumu_naerdopl_Video/frame_000172.jpg with translation /Test_Oturumu_naerdopl_Video/frame_000172.jpg
2024-07-23 17:46:41,510 - INFO - Downloading image from http://teknofest.cezerirobot.com:1025/media/Test_Oturumu_naerdopl_Video/frame_000172.jpg...
2024-07-23 17:46:42,292 - INFO - Image saved to ./downloaded_frames/frames/Test_Oturumu_naerdopl_Video/frame_000172.jpg
2024-07-23 17:46:42,707 - INFO - Sending prediction for frame http://teknofest.cezerirobot.com/frames/15645/...
2024-07-23 17:46:42,956 - INFO - Prediction sent successfully
2024-07-23 17:46:42,957 - INFO - Total execution time: 1446.96 milliseconds
2024-07-23 17:46:42,957 - INFO - Processing frame /Test_Oturumu_naerdopl_Video/frame_000176.jpg with translation /Test_Oturumu_naerdopl_Video/frame_000176.jpg
2024-07-23 17:46:42,957 - INFO - Downloading image from http://teknofest.cezerirobot.com:1025/media/Test_Oturumu_naerdopl_Video/frame_000176.jpg...
2024-07-23 17:46:43,623 - INFO - Image saved to ./downloaded_frames/frames/Test_Oturumu_naerdopl_Video/frame_000176.jpg
2024-07-23 17:46:44,057 - INFO - Sending prediction for frame http://teknofest.cezerirobot.com/frames/15646/...
2024-07-23 17:46:44,272 - INFO - Prediction sent successfully
2024-07-23 17:46:44,272 - INFO - Total execution time: 1314.22 milliseconds
2024-07-23 17:46:44,273 - INFO - Processing frame /Test_Oturumu_naerdopl_Video/frame_000180.jpg with translation /Test_Oturumu_naerdopl_Video/frame_000180.jpg
2024-07-23 17:46:44,273 - INFO - Downloading image from http://teknofest.cezerirobot.com:1025/media/Test_Oturumu_naerdopl_Video/frame_000180.jpg...
2024-07-23 17:46:44,975 - INFO - Image saved to ./downloaded_frames/frames/Test_Oturumu_naerdopl_Video/frame_000180.jpg
2024-07-23 17:46:45,376 - INFO - Sending prediction for frame http://teknofest.cezerirobot.com/frames/15647/...
2024-07-23 17:46:45,621 - INFO - Prediction sent successfully
2024-07-23 17:46:45,622 - INFO - Total execution time: 1349.60 milliseconds
2024-07-23 17:46:45,622 - INFO - Processing frame /Test_Oturumu_naerdopl_Video/frame_000184.jpg with translation /Test_Oturumu_naerdopl_Video/frame_000184.jpg
2024-07-23 17:46:45,622 - INFO - Downloading image from http://teknofest.cezerirobot.com:1025/media/Test_Oturumu_naerdopl_Video/frame_000184.jpg...
2024-07-23 17:46:46,306 - INFO - Image saved to ./downloaded_frames/frames/Test_Oturumu_naerdopl_Video/frame_000184.jpg
2024-07-23 17:46:46,717 - INFO - Sending prediction for frame http://teknofest.cezerirobot.com/frames/15648/...
2024-07-23 17:46:46,973 - INFO - Prediction sent successfully
2024-07-23 17:46:46,973 - INFO - Total execution time: 1350.27 milliseconds
2024-07-23 17:46:46,973 - INFO - Processing frame /Test_Oturumu_naerdopl_Video/frame_000188.jpg with translation /Test_Oturumu_naerdopl_Video/frame_000188.jpg
2024-07-23 17:46:46,974 - INFO - Downloading image from http://teknofest.cezerirobot.com:1025/media/Test_Oturumu_naerdopl_Video/frame_000188.jpg...
2024-07-23 17:46:47,555 - INFO - Image saved to ./downloaded_frames/frames/Test_Oturumu_naerdopl_Video/frame_000188.jpg
2024-07-23 17:46:47,968 - INFO - Sending prediction for frame http://teknofest.cezerirobot.com/frames/15649/...
2024-07-23 17:46:48,233 - INFO - Prediction sent successfully
2024-07-23 17:46:48,233 - INFO - Total execution time: 1259.93 milliseconds
2024-07-23 17:46:48,234 - INFO - Processing frame /Test_Oturumu_naerdopl_Video/frame_000192.jpg with translation /Test_Oturumu_naerdopl_Video/frame_000192.jpg
2024-07-23 17:46:48,234 - INFO - Downloading image from http://teknofest.cezerirobot.com:1025/media/Test_Oturumu_naerdopl_Video/frame_000192.jpg...
2024-07-23 17:46:48,894 - INFO - Image saved to ./downloaded_frames/frames/Test_Oturumu_naerdopl_Video/frame_000192.jpg
2024-07-23 17:46:49,294 - INFO - Sending prediction for frame http://teknofest.cezerirobot.com/frames/15650/...
2024-07-23 17:46:49,499 - INFO - Prediction sent successfully
2024-07-23 17:46:49,500 - INFO - Total execution time: 1266.70 milliseconds
2024-07-23 17:46:49,500 - INFO - Processing frame /Test_Oturumu_naerdopl_Video/frame_000196.jpg with translation /Test_Oturumu_naerdopl_Video/frame_000196.jpg
2024-07-23 17:46:49,500 - INFO - Downloading image from http://teknofest.cezerirobot.com:1025/media/Test_Oturumu_naerdopl_Video/frame_000196.jpg...
2024-07-23 17:46:50,074 - INFO - Image saved to ./downloaded_frames/frames/Test_Oturumu_naerdopl_Video/frame_000196.jpg
2024-07-23 17:46:50,477 - INFO - Sending prediction for frame http://teknofest.cezerirobot.com/frames/15651/...
2024-07-23 17:46:50,694 - INFO - Prediction sent successfully
2024-07-23 17:46:50,695 - INFO - Total execution time: 1194.72 milliseconds
2024-07-23 17:46:50,695 - INFO - Processing frame /Test_Oturumu_naerdopl_Video/frame_000200.jpg with translation /Test_Oturumu_naerdopl_Video/frame_000200.jpg
2024-07-23 17:46:50,695 - INFO - Downloading image from http://teknofest.cezerirobot.com:1025/media/Test_Oturumu_naerdopl_Video/frame_000200.jpg...
2024-07-23 17:46:51,517 - INFO - Image saved to ./downloaded_frames/frames/Test_Oturumu_naerdopl_Video/frame_000200.jpg
2024-07-23 17:46:51,930 - INFO - Sending prediction for frame http://teknofest.cezerirobot.com/frames/15652/...
2024-07-23 17:46:52,156 - INFO - Prediction sent successfully
2024-07-23 17:46:52,157 - INFO - Total execution time: 1461.76 milliseconds
2024-07-23 17:46:52,157 - INFO - Processing frame /Test_Oturumu_naerdopl_Video/frame_000204.jpg with translation /Test_Oturumu_naerdopl_Video/frame_000204.jpg
2024-07-23 17:46:52,157 - INFO - Downloading image from http://teknofest.cezerirobot.com:1025/media/Test_Oturumu_naerdopl_Video/frame_000204.jpg...
2024-07-23 17:46:52,915 - INFO - Image saved to ./downloaded_frames/frames/Test_Oturumu_naerdopl_Video/frame_000204.jpg
2024-07-23 17:46:53,327 - INFO - Sending prediction for frame http://teknofest.cezerirobot.com/frames/15653/...
2024-07-23 17:46:53,602 - INFO - Prediction sent successfully
2024-07-23 17:46:53,603 - INFO - Total execution time: 1445.85 milliseconds
2024-07-23 17:46:53,603 - INFO - Processing frame /Test_Oturumu_naerdopl_Video/frame_000208.jpg with translation /Test_Oturumu_naerdopl_Video/frame_000208.jpg
2024-07-23 17:46:53,603 - INFO - Downloading image from http://teknofest.cezerirobot.com:1025/media/Test_Oturumu_naerdopl_Video/frame_000208.jpg...
2024-07-23 17:46:54,374 - INFO - Image saved to ./downloaded_frames/frames/Test_Oturumu_naerdopl_Video/frame_000208.jpg
2024-07-23 17:46:54,789 - INFO - Sending prediction for frame http://teknofest.cezerirobot.com/frames/15654/...
2024-07-23 17:46:55,008 - INFO - Prediction sent successfully
2024-07-23 17:46:55,009 - INFO - Total execution time: 1406.69 milliseconds
2024-07-23 17:46:55,009 - INFO - Processing frame /Test_Oturumu_naerdopl_Video/frame_000212.jpg with translation /Test_Oturumu_naerdopl_Video/frame_000212.jpg
2024-07-23 17:46:55,009 - INFO - Downloading image from http://teknofest.cezerirobot.com:1025/media/Test_Oturumu_naerdopl_Video/frame_000212.jpg...
2024-07-23 17:46:56,157 - INFO - Image saved to ./downloaded_frames/frames/Test_Oturumu_naerdopl_Video/frame_000212.jpg
2024-07-23 17:46:56,561 - INFO - Sending prediction for frame http://teknofest.cezerirobot.com/frames/15655/...
2024-07-23 17:46:56,783 - INFO - Prediction sent successfully
2024-07-23 17:46:56,784 - INFO - Total execution time: 1774.75 milliseconds
2024-07-23 17:46:56,784 - INFO - Processing frame /Test_Oturumu_naerdopl_Video/frame_000216.jpg with translation /Test_Oturumu_naerdopl_Video/frame_000216.jpg
2024-07-23 17:46:56,784 - INFO - Downloading image from http://teknofest.cezerirobot.com:1025/media/Test_Oturumu_naerdopl_Video/frame_000216.jpg...
2024-07-23 17:46:57,645 - INFO - Image saved to ./downloaded_frames/frames/Test_Oturumu_naerdopl_Video/frame_000216.jpg
2024-07-23 17:46:58,043 - INFO - Sending prediction for frame http://teknofest.cezerirobot.com/frames/15656/...
2024-07-23 17:46:58,283 - INFO - Prediction sent successfully
2024-07-23 17:46:58,283 - INFO - Total execution time: 1499.16 milliseconds
2024-07-23 17:46:58,285 - INFO - Processing frame /Test_Oturumu_naerdopl_Video/frame_000220.jpg with translation /Test_Oturumu_naerdopl_Video/frame_000220.jpg
2024-07-23 17:46:58,285 - INFO - Downloading image from http://teknofest.cezerirobot.com:1025/media/Test_Oturumu_naerdopl_Video/frame_000220.jpg...
2024-07-23 17:46:59,123 - INFO - Image saved to ./downloaded_frames/frames/Test_Oturumu_naerdopl_Video/frame_000220.jpg
2024-07-23 17:46:59,526 - INFO - Sending prediction for frame http://teknofest.cezerirobot.com/frames/15657/...
2024-07-23 17:46:59,779 - INFO - Prediction sent successfully
2024-07-23 17:46:59,781 - INFO - Total execution time: 1495.93 milliseconds
2024-07-23 17:46:59,781 - INFO - Processing frame /Test_Oturumu_naerdopl_Video/frame_000224.jpg with translation /Test_Oturumu_naerdopl_Video/frame_000224.jpg
2024-07-23 17:46:59,781 - INFO - Downloading image from http://teknofest.cezerirobot.com:1025/media/Test_Oturumu_naerdopl_Video/frame_000224.jpg...
2024-07-23 17:47:00,464 - INFO - Image saved to ./downloaded_frames/frames/Test_Oturumu_naerdopl_Video/frame_000224.jpg
2024-07-23 17:47:00,878 - INFO - Sending prediction for frame http://teknofest.cezerirobot.com/frames/15658/...
2024-07-23 17:47:01,117 - INFO - Prediction sent successfully
2024-07-23 17:47:01,118 - INFO - Total execution time: 1337.64 milliseconds
2024-07-23 17:47:01,118 - INFO - Processing frame /Test_Oturumu_naerdopl_Video/frame_000228.jpg with translation /Test_Oturumu_naerdopl_Video/frame_000228.jpg
2024-07-23 17:47:01,118 - INFO - Downloading image from http://teknofest.cezerirobot.com:1025/media/Test_Oturumu_naerdopl_Video/frame_000228.jpg...
2024-07-23 17:47:01,916 - INFO - Image saved to ./downloaded_frames/frames/Test_Oturumu_naerdopl_Video/frame_000228.jpg
2024-07-23 17:47:02,319 - INFO - Sending prediction for frame http://teknofest.cezerirobot.com/frames/15659/...
2024-07-23 17:47:02,563 - INFO - Prediction sent successfully
2024-07-23 17:47:02,563 - INFO - Total execution time: 1445.27 milliseconds
2024-07-23 17:47:02,563 - INFO - Processing frame /Test_Oturumu_naerdopl_Video/frame_000232.jpg with translation /Test_Oturumu_naerdopl_Video/frame_000232.jpg
2024-07-23 17:47:02,564 - INFO - Downloading image from http://teknofest.cezerirobot.com:1025/media/Test_Oturumu_naerdopl_Video/frame_000232.jpg...
2024-07-23 17:47:03,138 - INFO - Image saved to ./downloaded_frames/frames/Test_Oturumu_naerdopl_Video/frame_000232.jpg
2024-07-23 17:47:03,617 - INFO - Sending prediction for frame http://teknofest.cezerirobot.com/frames/15660/...
2024-07-23 17:47:03,857 - INFO - Prediction sent successfully
2024-07-23 17:47:03,858 - INFO - Total execution time: 1294.30 milliseconds
2024-07-23 17:47:03,858 - INFO - Processing frame /Test_Oturumu_naerdopl_Video/frame_000236.jpg with translation /Test_Oturumu_naerdopl_Video/frame_000236.jpg
2024-07-23 17:47:03,858 - INFO - Downloading image from http://teknofest.cezerirobot.com:1025/media/Test_Oturumu_naerdopl_Video/frame_000236.jpg...
2024-07-23 17:47:04,478 - INFO - Image saved to ./downloaded_frames/frames/Test_Oturumu_naerdopl_Video/frame_000236.jpg
2024-07-23 17:47:04,892 - INFO - Sending prediction for frame http://teknofest.cezerirobot.com/frames/15661/...
2024-07-23 17:47:05,145 - INFO - Prediction sent successfully
2024-07-23 17:47:05,146 - INFO - Total execution time: 1288.72 milliseconds
2024-07-23 17:47:05,146 - INFO - Processing frame /Test_Oturumu_naerdopl_Video/frame_000240.jpg with translation /Test_Oturumu_naerdopl_Video/frame_000240.jpg
2024-07-23 17:47:05,146 - INFO - Downloading image from http://teknofest.cezerirobot.com:1025/media/Test_Oturumu_naerdopl_Video/frame_000240.jpg...
2024-07-23 17:47:05,826 - INFO - Image saved to ./downloaded_frames/frames/Test_Oturumu_naerdopl_Video/frame_000240.jpg
2024-07-23 17:47:06,227 - INFO - Sending prediction for frame http://teknofest.cezerirobot.com/frames/15662/...
2024-07-23 17:47:06,431 - INFO - Prediction sent successfully
2024-07-23 17:47:06,431 - INFO - Total execution time: 1285.03 milliseconds
2024-07-23 17:47:06,431 - INFO - Processing frame /Test_Oturumu_naerdopl_Video/frame_000244.jpg with translation /Test_Oturumu_naerdopl_Video/frame_000244.jpg
2024-07-23 17:47:06,433 - INFO - Downloading image from http://teknofest.cezerirobot.com:1025/media/Test_Oturumu_naerdopl_Video/frame_000244.jpg...
2024-07-23 17:47:07,155 - INFO - Image saved to ./downloaded_frames/frames/Test_Oturumu_naerdopl_Video/frame_000244.jpg
2024-07-23 17:47:07,572 - INFO - Sending prediction for frame http://teknofest.cezerirobot.com/frames/15663/...
2024-07-23 17:47:07,817 - INFO - Prediction sent successfully
2024-07-23 17:47:07,817 - INFO - Total execution time: 1385.65 milliseconds
2024-07-23 17:47:07,818 - INFO - Processing frame /Test_Oturumu_naerdopl_Video/frame_000248.jpg with translation /Test_Oturumu_naerdopl_Video/frame_000248.jpg
2024-07-23 17:47:07,818 - INFO - Downloading image from http://teknofest.cezerirobot.com:1025/media/Test_Oturumu_naerdopl_Video/frame_000248.jpg...
2024-07-23 17:47:08,342 - INFO - Image saved to ./downloaded_frames/frames/Test_Oturumu_naerdopl_Video/frame_000248.jpg
2024-07-23 17:47:08,761 - INFO - Sending prediction for frame http://teknofest.cezerirobot.com/frames/15664/...
2024-07-23 17:47:08,997 - INFO - Prediction sent successfully
2024-07-23 17:47:08,998 - INFO - Total execution time: 1179.47 milliseconds
2024-07-23 17:47:08,998 - INFO - Processing frame /Test_Oturumu_naerdopl_Video/frame_000252.jpg with translation /Test_Oturumu_naerdopl_Video/frame_000252.jpg
2024-07-23 17:47:08,998 - INFO - Downloading image from http://teknofest.cezerirobot.com:1025/media/Test_Oturumu_naerdopl_Video/frame_000252.jpg...
2024-07-23 17:47:09,858 - INFO - Image saved to ./downloaded_frames/frames/Test_Oturumu_naerdopl_Video/frame_000252.jpg
2024-07-23 17:47:10,258 - INFO - Sending prediction for frame http://teknofest.cezerirobot.com/frames/15665/...
2024-07-23 17:47:10,466 - INFO - Prediction sent successfully
2024-07-23 17:47:10,467 - INFO - Total execution time: 1469.70 milliseconds
2024-07-23 17:47:10,467 - INFO - Processing frame /Test_Oturumu_naerdopl_Video/frame_000256.jpg with translation /Test_Oturumu_naerdopl_Video/frame_000256.jpg
2024-07-23 17:47:10,467 - INFO - Downloading image from http://teknofest.cezerirobot.com:1025/media/Test_Oturumu_naerdopl_Video/frame_000256.jpg...
2024-07-23 17:47:11,239 - INFO - Image saved to ./downloaded_frames/frames/Test_Oturumu_naerdopl_Video/frame_000256.jpg
2024-07-23 17:47:11,646 - INFO - Sending prediction for frame http://teknofest.cezerirobot.com/frames/15666/...
2024-07-23 17:47:11,909 - INFO - Prediction sent successfully
2024-07-23 17:47:11,910 - INFO - Total execution time: 1442.66 milliseconds
2024-07-23 17:47:11,910 - INFO - Processing frame /Test_Oturumu_naerdopl_Video/frame_000260.jpg with translation /Test_Oturumu_naerdopl_Video/frame_000260.jpg
2024-07-23 17:47:11,910 - INFO - Downloading image from http://teknofest.cezerirobot.com:1025/media/Test_Oturumu_naerdopl_Video/frame_000260.jpg...
2024-07-23 17:47:12,563 - INFO - Image saved to ./downloaded_frames/frames/Test_Oturumu_naerdopl_Video/frame_000260.jpg
2024-07-23 17:47:12,974 - INFO - Sending prediction for frame http://teknofest.cezerirobot.com/frames/15667/...
2024-07-23 17:47:13,203 - INFO - Prediction sent successfully
2024-07-23 17:47:13,203 - INFO - Total execution time: 1292.89 milliseconds
2024-07-23 17:47:13,204 - INFO - Processing frame /Test_Oturumu_naerdopl_Video/frame_000264.jpg with translation /Test_Oturumu_naerdopl_Video/frame_000264.jpg
2024-07-23 17:47:13,204 - INFO - Downloading image from http://teknofest.cezerirobot.com:1025/media/Test_Oturumu_naerdopl_Video/frame_000264.jpg...
2024-07-23 17:47:14,002 - INFO - Image saved to ./downloaded_frames/frames/Test_Oturumu_naerdopl_Video/frame_000264.jpg
2024-07-23 17:47:14,395 - INFO - Sending prediction for frame http://teknofest.cezerirobot.com/frames/15668/...
2024-07-23 17:47:14,639 - INFO - Prediction sent successfully
2024-07-23 17:47:14,640 - INFO - Total execution time: 1435.89 milliseconds
2024-07-23 17:47:14,640 - INFO - Processing frame /Test_Oturumu_naerdopl_Video/frame_000268.jpg with translation /Test_Oturumu_naerdopl_Video/frame_000268.jpg
2024-07-23 17:47:14,640 - INFO - Downloading image from http://teknofest.cezerirobot.com:1025/media/Test_Oturumu_naerdopl_Video/frame_000268.jpg...
2024-07-23 17:47:15,387 - INFO - Image saved to ./downloaded_frames/frames/Test_Oturumu_naerdopl_Video/frame_000268.jpg
2024-07-23 17:47:15,792 - INFO - Sending prediction for frame http://teknofest.cezerirobot.com/frames/15669/...
2024-07-23 17:47:16,023 - INFO - Prediction sent successfully
2024-07-23 17:47:16,024 - INFO - Total execution time: 1384.55 milliseconds
2024-07-23 17:47:16,024 - INFO - Processing frame /Test_Oturumu_naerdopl_Video/frame_000272.jpg with translation /Test_Oturumu_naerdopl_Video/frame_000272.jpg
2024-07-23 17:47:16,024 - INFO - Downloading image from http://teknofest.cezerirobot.com:1025/media/Test_Oturumu_naerdopl_Video/frame_000272.jpg...
2024-07-23 17:47:16,634 - INFO - Image saved to ./downloaded_frames/frames/Test_Oturumu_naerdopl_Video/frame_000272.jpg
2024-07-23 17:47:17,031 - INFO - Sending prediction for frame http://teknofest.cezerirobot.com/frames/15670/...
2024-07-23 17:47:17,241 - INFO - Prediction sent successfully
2024-07-23 17:47:17,241 - INFO - Total execution time: 1216.46 milliseconds
2024-07-23 17:47:17,242 - INFO - Processing frame /Test_Oturumu_naerdopl_Video/frame_000276.jpg with translation /Test_Oturumu_naerdopl_Video/frame_000276.jpg
2024-07-23 17:47:17,242 - INFO - Downloading image from http://teknofest.cezerirobot.com:1025/media/Test_Oturumu_naerdopl_Video/frame_000276.jpg...
2024-07-23 17:47:18,569 - INFO - Image saved to ./downloaded_frames/frames/Test_Oturumu_naerdopl_Video/frame_000276.jpg
2024-07-23 17:47:19,096 - INFO - Sending prediction for frame http://teknofest.cezerirobot.com/frames/15671/...
2024-07-23 17:47:19,365 - INFO - Prediction sent successfully
2024-07-23 17:47:19,366 - INFO - Total execution time: 2124.29 milliseconds
2024-07-23 17:47:19,366 - INFO - Processing frame /Test_Oturumu_naerdopl_Video/frame_000280.jpg with translation /Test_Oturumu_naerdopl_Video/frame_000280.jpg
2024-07-23 17:47:19,366 - INFO - Downloading image from http://teknofest.cezerirobot.com:1025/media/Test_Oturumu_naerdopl_Video/frame_000280.jpg...
2024-07-23 17:47:19,998 - INFO - Image saved to ./downloaded_frames/frames/Test_Oturumu_naerdopl_Video/frame_000280.jpg
2024-07-23 17:47:20,390 - INFO - Sending prediction for frame http://teknofest.cezerirobot.com/frames/15672/...
2024-07-23 17:47:20,609 - INFO - Prediction sent successfully
2024-07-23 17:47:20,609 - INFO - Total execution time: 1243.03 milliseconds
2024-07-23 17:47:20,611 - INFO - Processing frame /Test_Oturumu_naerdopl_Video/frame_000284.jpg with translation /Test_Oturumu_naerdopl_Video/frame_000284.jpg
2024-07-23 17:47:20,611 - INFO - Downloading image from http://teknofest.cezerirobot.com:1025/media/Test_Oturumu_naerdopl_Video/frame_000284.jpg...
2024-07-23 17:47:21,194 - INFO - Image saved to ./downloaded_frames/frames/Test_Oturumu_naerdopl_Video/frame_000284.jpg
2024-07-23 17:47:21,583 - INFO - Sending prediction for frame http://teknofest.cezerirobot.com/frames/15673/...
2024-07-23 17:47:21,812 - INFO - Prediction sent successfully
2024-07-23 17:47:21,812 - INFO - Total execution time: 1201.82 milliseconds
2024-07-23 17:47:21,812 - INFO - Processing frame /Test_Oturumu_naerdopl_Video/frame_000288.jpg with translation /Test_Oturumu_naerdopl_Video/frame_000288.jpg
2024-07-23 17:47:21,814 - INFO - Downloading image from http://teknofest.cezerirobot.com:1025/media/Test_Oturumu_naerdopl_Video/frame_000288.jpg...
2024-07-23 17:47:22,410 - INFO - Image saved to ./downloaded_frames/frames/Test_Oturumu_naerdopl_Video/frame_000288.jpg
2024-07-23 17:47:22,805 - INFO - Sending prediction for frame http://teknofest.cezerirobot.com/frames/15674/...
2024-07-23 17:47:23,007 - INFO - Prediction sent successfully
2024-07-23 17:47:23,008 - INFO - Total execution time: 1195.09 milliseconds
2024-07-23 17:47:23,008 - INFO - Processing frame /Test_Oturumu_naerdopl_Video/frame_000292.jpg with translation /Test_Oturumu_naerdopl_Video/frame_000292.jpg
2024-07-23 17:47:23,008 - INFO - Downloading image from http://teknofest.cezerirobot.com:1025/media/Test_Oturumu_naerdopl_Video/frame_000292.jpg...
2024-07-23 17:47:23,565 - INFO - Image saved to ./downloaded_frames/frames/Test_Oturumu_naerdopl_Video/frame_000292.jpg
2024-07-23 17:47:23,963 - INFO - Sending prediction for frame http://teknofest.cezerirobot.com/frames/15675/...
2024-07-23 17:47:24,164 - INFO - Prediction sent successfully
2024-07-23 17:47:24,165 - INFO - Total execution time: 1157.30 milliseconds
2024-07-23 17:47:24,165 - INFO - Processing frame /Test_Oturumu_naerdopl_Video/frame_000296.jpg with translation /Test_Oturumu_naerdopl_Video/frame_000296.jpg
2024-07-23 17:47:24,165 - INFO - Downloading image from http://teknofest.cezerirobot.com:1025/media/Test_Oturumu_naerdopl_Video/frame_000296.jpg...
2024-07-23 17:47:24,897 - INFO - Image saved to ./downloaded_frames/frames/Test_Oturumu_naerdopl_Video/frame_000296.jpg
2024-07-23 17:47:25,299 - INFO - Sending prediction for frame http://teknofest.cezerirobot.com/frames/15676/...
2024-07-23 17:47:25,546 - INFO - Prediction sent successfully
2024-07-23 17:47:25,546 - INFO - Total execution time: 1381.24 milliseconds
2024-07-23 17:47:25,546 - INFO - Processing frame /Test_Oturumu_naerdopl_Video/frame_000300.jpg with translation /Test_Oturumu_naerdopl_Video/frame_000300.jpg
2024-07-23 17:47:25,546 - INFO - Downloading image from http://teknofest.cezerirobot.com:1025/media/Test_Oturumu_naerdopl_Video/frame_000300.jpg...
2024-07-23 17:47:26,192 - INFO - Image saved to ./downloaded_frames/frames/Test_Oturumu_naerdopl_Video/frame_000300.jpg
2024-07-23 17:47:26,602 - INFO - Sending prediction for frame http://teknofest.cezerirobot.com/frames/15677/...
2024-07-23 17:47:26,848 - INFO - Prediction sent successfully
2024-07-23 17:47:26,848 - INFO - Total execution time: 1301.92 milliseconds
2024-07-23 17:47:26,849 - INFO - Processing frame /Test_Oturumu_naerdopl_Video/frame_000304.jpg with translation /Test_Oturumu_naerdopl_Video/frame_000304.jpg
2024-07-23 17:47:26,849 - INFO - Downloading image from http://teknofest.cezerirobot.com:1025/media/Test_Oturumu_naerdopl_Video/frame_000304.jpg...
2024-07-23 17:47:27,620 - INFO - Image saved to ./downloaded_frames/frames/Test_Oturumu_naerdopl_Video/frame_000304.jpg
2024-07-23 17:47:28,040 - INFO - Sending prediction for frame http://teknofest.cezerirobot.com/frames/15678/...
2024-07-23 17:47:28,253 - INFO - Prediction sent successfully
2024-07-23 17:47:28,254 - INFO - Total execution time: 1404.58 milliseconds
2024-07-23 17:47:28,254 - INFO - Processing frame /Test_Oturumu_naerdopl_Video/frame_000308.jpg with translation /Test_Oturumu_naerdopl_Video/frame_000308.jpg
2024-07-23 17:47:28,254 - INFO - Downloading image from http://teknofest.cezerirobot.com:1025/media/Test_Oturumu_naerdopl_Video/frame_000308.jpg...
2024-07-23 17:47:28,885 - INFO - Image saved to ./downloaded_frames/frames/Test_Oturumu_naerdopl_Video/frame_000308.jpg
2024-07-23 17:47:29,274 - INFO - Sending prediction for frame http://teknofest.cezerirobot.com/frames/15679/...
2024-07-23 17:47:29,493 - INFO - Prediction sent successfully
2024-07-23 17:47:29,493 - INFO - Total execution time: 1238.80 milliseconds
2024-07-23 17:47:29,494 - INFO - Processing frame /Test_Oturumu_naerdopl_Video/frame_000312.jpg with translation /Test_Oturumu_naerdopl_Video/frame_000312.jpg
2024-07-23 17:47:29,494 - INFO - Downloading image from http://teknofest.cezerirobot.com:1025/media/Test_Oturumu_naerdopl_Video/frame_000312.jpg...
2024-07-23 17:47:30,200 - INFO - Image saved to ./downloaded_frames/frames/Test_Oturumu_naerdopl_Video/frame_000312.jpg
2024-07-23 17:47:30,615 - INFO - Sending prediction for frame http://teknofest.cezerirobot.com/frames/15680/...
2024-07-23 17:47:30,811 - INFO - Prediction sent successfully
2024-07-23 17:47:30,812 - INFO - Total execution time: 1318.09 milliseconds
2024-07-23 17:47:30,812 - INFO - Processing frame /Test_Oturumu_naerdopl_Video/frame_000316.jpg with translation /Test_Oturumu_naerdopl_Video/frame_000316.jpg
2024-07-23 17:47:30,812 - INFO - Downloading image from http://teknofest.cezerirobot.com:1025/media/Test_Oturumu_naerdopl_Video/frame_000316.jpg...
2024-07-23 17:47:31,375 - INFO - Image saved to ./downloaded_frames/frames/Test_Oturumu_naerdopl_Video/frame_000316.jpg
2024-07-23 17:47:31,767 - INFO - Sending prediction for frame http://teknofest.cezerirobot.com/frames/15681/...
2024-07-23 17:47:31,982 - INFO - Prediction sent successfully
2024-07-23 17:47:31,983 - INFO - Total execution time: 1171.10 milliseconds
2024-07-23 17:47:31,983 - INFO - Processing frame /Test_Oturumu_naerdopl_Video/frame_000320.jpg with translation /Test_Oturumu_naerdopl_Video/frame_000320.jpg
2024-07-23 17:47:31,983 - INFO - Downloading image from http://teknofest.cezerirobot.com:1025/media/Test_Oturumu_naerdopl_Video/frame_000320.jpg...
2024-07-23 17:47:32,597 - INFO - Image saved to ./downloaded_frames/frames/Test_Oturumu_naerdopl_Video/frame_000320.jpg
2024-07-23 17:47:32,997 - INFO - Sending prediction for frame http://teknofest.cezerirobot.com/frames/15682/...
2024-07-23 17:47:33,216 - INFO - Prediction sent successfully
2024-07-23 17:47:33,217 - INFO - Total execution time: 1234.58 milliseconds
2024-07-23 17:47:33,217 - INFO - Processing frame /Test_Oturumu_naerdopl_Video/frame_000324.jpg with translation /Test_Oturumu_naerdopl_Video/frame_000324.jpg
2024-07-23 17:47:33,217 - INFO - Downloading image from http://teknofest.cezerirobot.com:1025/media/Test_Oturumu_naerdopl_Video/frame_000324.jpg...
2024-07-23 17:47:34,455 - INFO - Image saved to ./downloaded_frames/frames/Test_Oturumu_naerdopl_Video/frame_000324.jpg
2024-07-23 17:47:34,841 - INFO - Sending prediction for frame http://teknofest.cezerirobot.com/frames/15683/...
2024-07-23 17:47:35,093 - INFO - Prediction sent successfully
2024-07-23 17:47:35,093 - INFO - Total execution time: 1875.85 milliseconds
2024-07-23 17:47:35,093 - INFO - Processing frame /Test_Oturumu_naerdopl_Video/frame_000328.jpg with translation /Test_Oturumu_naerdopl_Video/frame_000328.jpg
2024-07-23 17:47:35,095 - INFO - Downloading image from http://teknofest.cezerirobot.com:1025/media/Test_Oturumu_naerdopl_Video/frame_000328.jpg...
2024-07-23 17:47:35,711 - INFO - Image saved to ./downloaded_frames/frames/Test_Oturumu_naerdopl_Video/frame_000328.jpg
2024-07-23 17:47:36,099 - INFO - Sending prediction for frame http://teknofest.cezerirobot.com/frames/15684/...
2024-07-23 17:47:36,307 - INFO - Prediction sent successfully
2024-07-23 17:47:36,307 - INFO - Total execution time: 1214.10 milliseconds
2024-07-23 17:47:36,307 - INFO - Processing frame /Test_Oturumu_naerdopl_Video/frame_000332.jpg with translation /Test_Oturumu_naerdopl_Video/frame_000332.jpg
2024-07-23 17:47:36,307 - INFO - Downloading image from http://teknofest.cezerirobot.com:1025/media/Test_Oturumu_naerdopl_Video/frame_000332.jpg...
2024-07-23 17:47:36,855 - INFO - Image saved to ./downloaded_frames/frames/Test_Oturumu_naerdopl_Video/frame_000332.jpg
2024-07-23 17:47:37,253 - INFO - Sending prediction for frame http://teknofest.cezerirobot.com/frames/15685/...
2024-07-23 17:47:37,451 - INFO - Prediction sent successfully
2024-07-23 17:47:37,452 - INFO - Total execution time: 1145.03 milliseconds
2024-07-23 17:47:37,452 - INFO - Processing frame /Test_Oturumu_naerdopl_Video/frame_000336.jpg with translation /Test_Oturumu_naerdopl_Video/frame_000336.jpg
2024-07-23 17:47:37,453 - INFO - Downloading image from http://teknofest.cezerirobot.com:1025/media/Test_Oturumu_naerdopl_Video/frame_000336.jpg...
2024-07-23 17:47:38,040 - INFO - Image saved to ./downloaded_frames/frames/Test_Oturumu_naerdopl_Video/frame_000336.jpg
2024-07-23 17:47:38,426 - INFO - Sending prediction for frame http://teknofest.cezerirobot.com/frames/15686/...
2024-07-23 17:47:38,622 - INFO - Prediction sent successfully
2024-07-23 17:47:38,622 - INFO - Total execution time: 1169.81 milliseconds
2024-07-23 17:47:38,623 - INFO - Processing frame /Test_Oturumu_naerdopl_Video/frame_000340.jpg with translation /Test_Oturumu_naerdopl_Video/frame_000340.jpg
2024-07-23 17:47:38,623 - INFO - Downloading image from http://teknofest.cezerirobot.com:1025/media/Test_Oturumu_naerdopl_Video/frame_000340.jpg...
2024-07-23 17:47:39,149 - INFO - Image saved to ./downloaded_frames/frames/Test_Oturumu_naerdopl_Video/frame_000340.jpg
2024-07-23 17:47:39,536 - INFO - Sending prediction for frame http://teknofest.cezerirobot.com/frames/15687/...
2024-07-23 17:47:39,780 - INFO - Prediction sent successfully
2024-07-23 17:47:39,780 - INFO - Total execution time: 1156.75 milliseconds
2024-07-23 17:47:39,781 - INFO - Processing frame /Test_Oturumu_naerdopl_Video/frame_000344.jpg with translation /Test_Oturumu_naerdopl_Video/frame_000344.jpg
2024-07-23 17:47:39,781 - INFO - Downloading image from http://teknofest.cezerirobot.com:1025/media/Test_Oturumu_naerdopl_Video/frame_000344.jpg...
2024-07-23 17:47:40,813 - INFO - Image saved to ./downloaded_frames/frames/Test_Oturumu_naerdopl_Video/frame_000344.jpg
2024-07-23 17:47:41,190 - INFO - Sending prediction for frame http://teknofest.cezerirobot.com/frames/15688/...
2024-07-23 17:47:41,398 - INFO - Prediction sent successfully
2024-07-23 17:47:41,399 - INFO - Total execution time: 1617.91 milliseconds
2024-07-23 17:47:41,399 - INFO - Processing frame /Test_Oturumu_naerdopl_Video/frame_000348.jpg with translation /Test_Oturumu_naerdopl_Video/frame_000348.jpg
2024-07-23 17:47:41,399 - INFO - Downloading image from http://teknofest.cezerirobot.com:1025/media/Test_Oturumu_naerdopl_Video/frame_000348.jpg...
2024-07-23 17:47:42,121 - INFO - Image saved to ./downloaded_frames/frames/Test_Oturumu_naerdopl_Video/frame_000348.jpg
2024-07-23 17:47:42,510 - INFO - Sending prediction for frame http://teknofest.cezerirobot.com/frames/15689/...
2024-07-23 17:47:42,715 - INFO - Prediction sent successfully
2024-07-23 17:47:42,715 - INFO - Total execution time: 1315.91 milliseconds
2024-07-23 17:47:42,715 - INFO - Processing frame /Test_Oturumu_naerdopl_Video/frame_000352.jpg with translation /Test_Oturumu_naerdopl_Video/frame_000352.jpg
2024-07-23 17:47:42,715 - INFO - Downloading image from http://teknofest.cezerirobot.com:1025/media/Test_Oturumu_naerdopl_Video/frame_000352.jpg...
2024-07-23 17:47:43,577 - INFO - Image saved to ./downloaded_frames/frames/Test_Oturumu_naerdopl_Video/frame_000352.jpg
2024-07-23 17:47:43,953 - INFO - Sending prediction for frame http://teknofest.cezerirobot.com/frames/15690/...
2024-07-23 17:47:44,163 - INFO - Prediction sent successfully
2024-07-23 17:47:44,163 - INFO - Total execution time: 1447.42 milliseconds
2024-07-23 17:47:44,163 - INFO - Processing frame /Test_Oturumu_naerdopl_Video/frame_000356.jpg with translation /Test_Oturumu_naerdopl_Video/frame_000356.jpg
2024-07-23 17:47:44,164 - INFO - Downloading image from http://teknofest.cezerirobot.com:1025/media/Test_Oturumu_naerdopl_Video/frame_000356.jpg...
2024-07-23 17:47:44,795 - INFO - Image saved to ./downloaded_frames/frames/Test_Oturumu_naerdopl_Video/frame_000356.jpg
2024-07-23 17:47:45,186 - INFO - Sending prediction for frame http://teknofest.cezerirobot.com/frames/15691/...
2024-07-23 17:47:45,443 - INFO - Prediction sent successfully
2024-07-23 17:47:45,444 - INFO - Total execution time: 1280.88 milliseconds
2024-07-23 17:47:45,444 - INFO - Processing frame /Test_Oturumu_naerdopl_Video/frame_000360.jpg with translation /Test_Oturumu_naerdopl_Video/frame_000360.jpg
2024-07-23 17:47:45,444 - INFO - Downloading image from http://teknofest.cezerirobot.com:1025/media/Test_Oturumu_naerdopl_Video/frame_000360.jpg...
2024-07-23 17:47:46,348 - INFO - Image saved to ./downloaded_frames/frames/Test_Oturumu_naerdopl_Video/frame_000360.jpg
2024-07-23 17:47:46,741 - INFO - Sending prediction for frame http://teknofest.cezerirobot.com/frames/15692/...
2024-07-23 17:47:46,962 - INFO - Prediction sent successfully
2024-07-23 17:47:46,963 - INFO - Total execution time: 1518.28 milliseconds
2024-07-23 17:47:46,963 - INFO - Processing frame /Test_Oturumu_naerdopl_Video/frame_000364.jpg with translation /Test_Oturumu_naerdopl_Video/frame_000364.jpg
2024-07-23 17:47:46,963 - INFO - Downloading image from http://teknofest.cezerirobot.com:1025/media/Test_Oturumu_naerdopl_Video/frame_000364.jpg...
2024-07-23 17:47:47,630 - INFO - Image saved to ./downloaded_frames/frames/Test_Oturumu_naerdopl_Video/frame_000364.jpg
2024-07-23 17:47:48,019 - INFO - Sending prediction for frame http://teknofest.cezerirobot.com/frames/15693/...
2024-07-23 17:47:48,217 - INFO - Prediction sent successfully
2024-07-23 17:47:48,218 - INFO - Total execution time: 1255.51 milliseconds
2024-07-23 17:47:48,218 - INFO - Processing frame /Test_Oturumu_naerdopl_Video/frame_000368.jpg with translation /Test_Oturumu_naerdopl_Video/frame_000368.jpg
2024-07-23 17:47:48,218 - INFO - Downloading image from http://teknofest.cezerirobot.com:1025/media/Test_Oturumu_naerdopl_Video/frame_000368.jpg...
2024-07-23 17:47:48,909 - INFO - Image saved to ./downloaded_frames/frames/Test_Oturumu_naerdopl_Video/frame_000368.jpg
2024-07-23 17:47:49,298 - INFO - Sending prediction for frame http://teknofest.cezerirobot.com/frames/15694/...
2024-07-23 17:47:49,508 - INFO - Prediction sent successfully
2024-07-23 17:47:49,509 - INFO - Total execution time: 1290.56 milliseconds
2024-07-23 17:47:49,509 - INFO - Processing frame /Test_Oturumu_naerdopl_Video/frame_000372.jpg with translation /Test_Oturumu_naerdopl_Video/frame_000372.jpg
2024-07-23 17:47:49,509 - INFO - Downloading image from http://teknofest.cezerirobot.com:1025/media/Test_Oturumu_naerdopl_Video/frame_000372.jpg...
2024-07-23 17:47:50,115 - INFO - Image saved to ./downloaded_frames/frames/Test_Oturumu_naerdopl_Video/frame_000372.jpg
2024-07-23 17:47:50,512 - INFO - Sending prediction for frame http://teknofest.cezerirobot.com/frames/15695/...
2024-07-23 17:47:50,728 - INFO - Prediction sent successfully
2024-07-23 17:47:50,729 - INFO - Total execution time: 1219.98 milliseconds
2024-07-23 17:47:50,729 - INFO - Processing frame /Test_Oturumu_naerdopl_Video/frame_000376.jpg with translation /Test_Oturumu_naerdopl_Video/frame_000376.jpg
2024-07-23 17:47:50,729 - INFO - Downloading image from http://teknofest.cezerirobot.com:1025/media/Test_Oturumu_naerdopl_Video/frame_000376.jpg...
2024-07-23 17:47:51,384 - INFO - Image saved to ./downloaded_frames/frames/Test_Oturumu_naerdopl_Video/frame_000376.jpg
2024-07-23 17:47:51,765 - INFO - Sending prediction for frame http://teknofest.cezerirobot.com/frames/15696/...
2024-07-23 17:47:51,955 - INFO - Prediction sent successfully
2024-07-23 17:47:51,956 - INFO - Total execution time: 1227.38 milliseconds
2024-07-23 17:47:51,956 - INFO - Processing frame /Test_Oturumu_naerdopl_Video/frame_000380.jpg with translation /Test_Oturumu_naerdopl_Video/frame_000380.jpg
2024-07-23 17:47:51,956 - INFO - Downloading image from http://teknofest.cezerirobot.com:1025/media/Test_Oturumu_naerdopl_Video/frame_000380.jpg...
2024-07-23 17:47:52,581 - INFO - Image saved to ./downloaded_frames/frames/Test_Oturumu_naerdopl_Video/frame_000380.jpg
2024-07-23 17:47:52,968 - INFO - Sending prediction for frame http://teknofest.cezerirobot.com/frames/15697/...
2024-07-23 17:47:53,237 - INFO - Prediction sent successfully
2024-07-23 17:47:53,238 - INFO - Total execution time: 1281.73 milliseconds
2024-07-23 17:47:53,238 - INFO - Processing frame /Test_Oturumu_naerdopl_Video/frame_000384.jpg with translation /Test_Oturumu_naerdopl_Video/frame_000384.jpg
2024-07-23 17:47:53,238 - INFO - Downloading image from http://teknofest.cezerirobot.com:1025/media/Test_Oturumu_naerdopl_Video/frame_000384.jpg...
2024-07-23 17:47:53,844 - INFO - Image saved to ./downloaded_frames/frames/Test_Oturumu_naerdopl_Video/frame_000384.jpg
2024-07-23 17:47:54,238 - INFO - Sending prediction for frame http://teknofest.cezerirobot.com/frames/15698/...
2024-07-23 17:47:54,432 - INFO - Prediction sent successfully
2024-07-23 17:47:54,433 - INFO - Total execution time: 1194.61 milliseconds
2024-07-23 17:47:54,433 - INFO - Processing frame /Test_Oturumu_naerdopl_Video/frame_000388.jpg with translation /Test_Oturumu_naerdopl_Video/frame_000388.jpg
2024-07-23 17:47:54,433 - INFO - Downloading image from http://teknofest.cezerirobot.com:1025/media/Test_Oturumu_naerdopl_Video/frame_000388.jpg...
2024-07-23 17:47:55,044 - INFO - Image saved to ./downloaded_frames/frames/Test_Oturumu_naerdopl_Video/frame_000388.jpg
2024-07-23 17:47:55,430 - INFO - Sending prediction for frame http://teknofest.cezerirobot.com/frames/15699/...
2024-07-23 17:47:55,614 - INFO - Prediction sent successfully
2024-07-23 17:47:55,615 - INFO - Total execution time: 1181.93 milliseconds
2024-07-23 17:47:55,615 - INFO - Processing frame /Test_Oturumu_naerdopl_Video/frame_000392.jpg with translation /Test_Oturumu_naerdopl_Video/frame_000392.jpg
2024-07-23 17:47:55,615 - INFO - Downloading image from http://teknofest.cezerirobot.com:1025/media/Test_Oturumu_naerdopl_Video/frame_000392.jpg...
2024-07-23 17:47:56,161 - INFO - Image saved to ./downloaded_frames/frames/Test_Oturumu_naerdopl_Video/frame_000392.jpg
2024-07-23 17:47:56,534 - INFO - Sending prediction for frame http://teknofest.cezerirobot.com/frames/15700/...
2024-07-23 17:47:56,701 - INFO - Prediction sent successfully
2024-07-23 17:47:56,701 - INFO - Total execution time: 1085.90 milliseconds
2024-07-23 17:47:56,701 - INFO - All frames processed and predictions sent.
2024-07-23 17:47:56,701 - INFO - TOPLAM SÜRE 133.31 saniye
