2024-07-23 09:55:54,147 - INFO - Authentication successful
2024-07-23 09:55:54,147 - INFO - Loading existing data...
2024-07-23 09:55:54,185 - INFO - SUNUCUYLA ÝLETÝÞÝM SÜRESÝ 0.49 saniye
2024-07-23 09:55:54,185 - INFO - Processing frame /2024_TUYZ_Online_Yarisma_Ana_Oturum_Test_omzseiku_Video/frame_000000.jpg with translation /2024_TUYZ_Online_Yarisma_Ana_Oturum_Test_omzseiku_Video/frame_000000.jpg
2024-07-23 09:55:54,186 - INFO - Image frame_000000.jpg already exists. Skipping...
2024-07-23 09:55:54,186 - INFO - Processing frame /2024_TUYZ_Online_Yarisma_Ana_Oturum_Test_omzseiku_Video/frame_000004.jpg with translation /2024_TUYZ_Online_Yarisma_Ana_Oturum_Test_omzseiku_Video/frame_000004.jpg
2024-07-23 09:55:54,186 - INFO - Image frame_000004.jpg already exists. Skipping...
2024-07-23 09:55:54,186 - INFO - Processing frame /2024_TUYZ_Online_Yarisma_Ana_Oturum_Test_omzseiku_Video/frame_000008.jpg with translation /2024_TUYZ_Online_Yarisma_Ana_Oturum_Test_omzseiku_Video/frame_000008.jpg
2024-07-23 09:55:54,186 - INFO - Image frame_000008.jpg already exists. Skipping...
2024-07-23 09:55:54,186 - INFO - Processing frame /2024_TUYZ_Online_Yarisma_Ana_Oturum_Test_omzseiku_Video/frame_000012.jpg with translation /2024_TUYZ_Online_Yarisma_Ana_Oturum_Test_omzseiku_Video/frame_000012.jpg
2024-07-23 09:55:54,187 - INFO - Image frame_000012.jpg already exists. Skipping...
2024-07-23 09:55:54,187 - INFO - Processing frame /2024_TUYZ_Online_Yarisma_Ana_Oturum_Test_omzseiku_Video/frame_000016.jpg with translation /2024_TUYZ_Online_Yarisma_Ana_Oturum_Test_omzseiku_Video/frame_000016.jpg
2024-07-23 09:55:54,187 - INFO - Image frame_000016.jpg already exists. Skipping...
2024-07-23 09:55:54,187 - INFO - Processing frame /2024_TUYZ_Online_Yarisma_Ana_Oturum_Test_omzseiku_Video/frame_000020.jpg with translation /2024_TUYZ_Online_Yarisma_Ana_Oturum_Test_omzseiku_Video/frame_000020.jpg
2024-07-23 09:55:54,187 - INFO - Image frame_000020.jpg already exists. Skipping...
2024-07-23 09:55:54,188 - INFO - Processing frame /2024_TUYZ_Online_Yarisma_Ana_Oturum_Test_omzseiku_Video/frame_000024.jpg with translation /2024_TUYZ_Online_Yarisma_Ana_Oturum_Test_omzseiku_Video/frame_000024.jpg
2024-07-23 09:55:54,188 - INFO - Image frame_000024.jpg already exists. Skipping...
2024-07-23 09:55:54,188 - INFO - Processing frame /2024_TUYZ_Online_Yarisma_Ana_Oturum_Test_omzseiku_Video/frame_000028.jpg with translation /2024_TUYZ_Online_Yarisma_Ana_Oturum_Test_omzseiku_Video/frame_000028.jpg
2024-07-23 09:55:54,188 - INFO - Image frame_000028.jpg already exists. Skipping...
2024-07-23 09:55:54,188 - INFO - Processing frame /2024_TUYZ_Online_Yarisma_Ana_Oturum_Test_omzseiku_Video/frame_000032.jpg with translation /2024_TUYZ_Online_Yarisma_Ana_Oturum_Test_omzseiku_Video/frame_000032.jpg
2024-07-23 09:55:54,188 - INFO - Image frame_000032.jpg already exists. Skipping...
2024-07-23 09:55:54,188 - INFO - Processing frame /2024_TUYZ_Online_Yarisma_Ana_Oturum_Test_omzseiku_Video/frame_000036.jpg with translation /2024_TUYZ_Online_Yarisma_Ana_Oturum_Test_omzseiku_Video/frame_000036.jpg
2024-07-23 09:55:54,190 - INFO - Image frame_000036.jpg already exists. Skipping...
2024-07-23 09:55:54,190 - INFO - Processing frame /2024_TUYZ_Online_Yarisma_Ana_Oturum_Test_omzseiku_Video/frame_000040.jpg with translation /2024_TUYZ_Online_Yarisma_Ana_Oturum_Test_omzseiku_Video/frame_000040.jpg
2024-07-23 09:55:54,190 - INFO - Image frame_000040.jpg already exists. Skipping...
2024-07-23 09:55:54,190 - INFO - Processing frame /2024_TUYZ_Online_Yarisma_Ana_Oturum_Test_omzseiku_Video/frame_000044.jpg with translation /2024_TUYZ_Online_Yarisma_Ana_Oturum_Test_omzseiku_Video/frame_000044.jpg
2024-07-23 09:55:54,190 - INFO - Image frame_000044.jpg already exists. Skipping...
2024-07-23 09:55:54,190 - INFO - Processing frame /2024_TUYZ_Online_Yarisma_Ana_Oturum_Test_omzseiku_Video/frame_000048.jpg with translation /2024_TUYZ_Online_Yarisma_Ana_Oturum_Test_omzseiku_Video/frame_000048.jpg
2024-07-23 09:55:54,194 - INFO - Image frame_000048.jpg already exists. Skipping...
2024-07-23 09:55:54,194 - INFO - Processing frame /2024_TUYZ_Online_Yarisma_Ana_Oturum_Test_omzseiku_Video/frame_000052.jpg with translation /2024_TUYZ_Online_Yarisma_Ana_Oturum_Test_omzseiku_Video/frame_000052.jpg
2024-07-23 09:55:54,198 - INFO - Image frame_000052.jpg already exists. Skipping...
2024-07-23 09:55:54,198 - INFO - Processing frame /2024_TUYZ_Online_Yarisma_Ana_Oturum_Test_omzseiku_Video/frame_000056.jpg with translation /2024_TUYZ_Online_Yarisma_Ana_Oturum_Test_omzseiku_Video/frame_000056.jpg
2024-07-23 09:55:54,198 - INFO - Image frame_000056.jpg already exists. Skipping...
2024-07-23 09:55:54,198 - INFO - Processing frame /2024_TUYZ_Online_Yarisma_Ana_Oturum_Test_omzseiku_Video/frame_000060.jpg with translation /2024_TUYZ_Online_Yarisma_Ana_Oturum_Test_omzseiku_Video/frame_000060.jpg
2024-07-23 09:55:54,199 - INFO - Image frame_000060.jpg already exists. Skipping...
2024-07-23 09:55:54,199 - INFO - Processing frame /2024_TUYZ_Online_Yarisma_Ana_Oturum_Test_omzseiku_Video/frame_000064.jpg with translation /2024_TUYZ_Online_Yarisma_Ana_Oturum_Test_omzseiku_Video/frame_000064.jpg
2024-07-23 09:55:54,199 - INFO - Image frame_000064.jpg already exists. Skipping...
2024-07-23 09:55:54,199 - INFO - Processing frame /2024_TUYZ_Online_Yarisma_Ana_Oturum_Test_omzseiku_Video/frame_000068.jpg with translation /2024_TUYZ_Online_Yarisma_Ana_Oturum_Test_omzseiku_Video/frame_000068.jpg
2024-07-23 09:55:54,200 - INFO - Image frame_000068.jpg already exists. Skipping...
2024-07-23 09:55:54,200 - INFO - Processing frame /2024_TUYZ_Online_Yarisma_Ana_Oturum_Test_omzseiku_Video/frame_000072.jpg with translation /2024_TUYZ_Online_Yarisma_Ana_Oturum_Test_omzseiku_Video/frame_000072.jpg
2024-07-23 09:55:54,200 - INFO - Image frame_000072.jpg already exists. Skipping...
2024-07-23 09:55:54,200 - INFO - Processing frame /2024_TUYZ_Online_Yarisma_Ana_Oturum_Test_omzseiku_Video/frame_000076.jpg with translation /2024_TUYZ_Online_Yarisma_Ana_Oturum_Test_omzseiku_Video/frame_000076.jpg
2024-07-23 09:55:54,200 - INFO - Image frame_000076.jpg already exists. Skipping...
2024-07-23 09:55:54,200 - INFO - Processing frame /2024_TUYZ_Online_Yarisma_Ana_Oturum_Test_omzseiku_Video/frame_000080.jpg with translation /2024_TUYZ_Online_Yarisma_Ana_Oturum_Test_omzseiku_Video/frame_000080.jpg
2024-07-23 09:55:54,201 - INFO - Image frame_000080.jpg already exists. Skipping...
2024-07-23 09:55:54,201 - INFO - Processing frame /2024_TUYZ_Online_Yarisma_Ana_Oturum_Test_omzseiku_Video/frame_000084.jpg with translation /2024_TUYZ_Online_Yarisma_Ana_Oturum_Test_omzseiku_Video/frame_000084.jpg
2024-07-23 09:55:54,201 - INFO - Image frame_000084.jpg already exists. Skipping...
2024-07-23 09:55:54,201 - INFO - Processing frame /2024_TUYZ_Online_Yarisma_Ana_Oturum_Test_omzseiku_Video/frame_000088.jpg with translation /2024_TUYZ_Online_Yarisma_Ana_Oturum_Test_omzseiku_Video/frame_000088.jpg
2024-07-23 09:55:54,202 - INFO - Image frame_000088.jpg already exists. Skipping...
2024-07-23 09:55:54,202 - INFO - Processing frame /2024_TUYZ_Online_Yarisma_Ana_Oturum_Test_omzseiku_Video/frame_000092.jpg with translation /2024_TUYZ_Online_Yarisma_Ana_Oturum_Test_omzseiku_Video/frame_000092.jpg
2024-07-23 09:55:54,202 - INFO - Image frame_000092.jpg already exists. Skipping...
2024-07-23 09:55:54,202 - INFO - Processing frame /2024_TUYZ_Online_Yarisma_Ana_Oturum_Test_omzseiku_Video/frame_000096.jpg with translation /2024_TUYZ_Online_Yarisma_Ana_Oturum_Test_omzseiku_Video/frame_000096.jpg
2024-07-23 09:55:54,202 - INFO - Image frame_000096.jpg already exists. Skipping...
2024-07-23 09:55:54,202 - INFO - Processing frame /2024_TUYZ_Online_Yarisma_Ana_Oturum_Test_omzseiku_Video/frame_000100.jpg with translation /2024_TUYZ_Online_Yarisma_Ana_Oturum_Test_omzseiku_Video/frame_000100.jpg
2024-07-23 09:55:54,203 - INFO - Image frame_000100.jpg already exists. Skipping...
2024-07-23 09:55:54,203 - INFO - Processing frame /2024_TUYZ_Online_Yarisma_Ana_Oturum_Test_omzseiku_Video/frame_000104.jpg with translation /2024_TUYZ_Online_Yarisma_Ana_Oturum_Test_omzseiku_Video/frame_000104.jpg
2024-07-23 09:55:54,203 - INFO - Image frame_000104.jpg already exists. Skipping...
2024-07-23 09:55:54,204 - INFO - Processing frame /2024_TUYZ_Online_Yarisma_Ana_Oturum_Test_omzseiku_Video/frame_000108.jpg with translation /2024_TUYZ_Online_Yarisma_Ana_Oturum_Test_omzseiku_Video/frame_000108.jpg
2024-07-23 09:55:54,204 - INFO - Image frame_000108.jpg already exists. Skipping...
2024-07-23 09:55:54,204 - INFO - Processing frame /2024_TUYZ_Online_Yarisma_Ana_Oturum_Test_omzseiku_Video/frame_000112.jpg with translation /2024_TUYZ_Online_Yarisma_Ana_Oturum_Test_omzseiku_Video/frame_000112.jpg
2024-07-23 09:55:54,204 - INFO - Image frame_000112.jpg already exists. Skipping...
2024-07-23 09:55:54,204 - INFO - Processing frame /2024_TUYZ_Online_Yarisma_Ana_Oturum_Test_omzseiku_Video/frame_000116.jpg with translation /2024_TUYZ_Online_Yarisma_Ana_Oturum_Test_omzseiku_Video/frame_000116.jpg
2024-07-23 09:55:54,204 - INFO - Image frame_000116.jpg already exists. Skipping...
2024-07-23 09:55:54,204 - INFO - Processing frame /2024_TUYZ_Online_Yarisma_Ana_Oturum_Test_omzseiku_Video/frame_000120.jpg with translation /2024_TUYZ_Online_Yarisma_Ana_Oturum_Test_omzseiku_Video/frame_000120.jpg
2024-07-23 09:55:54,206 - INFO - Image frame_000120.jpg already exists. Skipping...
2024-07-23 09:55:54,206 - INFO - Processing frame /2024_TUYZ_Online_Yarisma_Ana_Oturum_Test_omzseiku_Video/frame_000124.jpg with translation /2024_TUYZ_Online_Yarisma_Ana_Oturum_Test_omzseiku_Video/frame_000124.jpg
2024-07-23 09:55:54,206 - INFO - Image frame_000124.jpg already exists. Skipping...
2024-07-23 09:55:54,206 - INFO - Processing frame /2024_TUYZ_Online_Yarisma_Ana_Oturum_Test_omzseiku_Video/frame_000128.jpg with translation /2024_TUYZ_Online_Yarisma_Ana_Oturum_Test_omzseiku_Video/frame_000128.jpg
2024-07-23 09:55:54,206 - INFO - Image frame_000128.jpg already exists. Skipping...
2024-07-23 09:55:54,206 - INFO - Processing frame /2024_TUYZ_Online_Yarisma_Ana_Oturum_Test_omzseiku_Video/frame_000132.jpg with translation /2024_TUYZ_Online_Yarisma_Ana_Oturum_Test_omzseiku_Video/frame_000132.jpg
2024-07-23 09:55:54,207 - INFO - Image frame_000132.jpg already exists. Skipping...
2024-07-23 09:55:54,207 - INFO - Processing frame /2024_TUYZ_Online_Yarisma_Ana_Oturum_Test_omzseiku_Video/frame_000136.jpg with translation /2024_TUYZ_Online_Yarisma_Ana_Oturum_Test_omzseiku_Video/frame_000136.jpg
2024-07-23 09:55:54,207 - INFO - Image frame_000136.jpg already exists. Skipping...
2024-07-23 09:55:54,207 - INFO - Processing frame /2024_TUYZ_Online_Yarisma_Ana_Oturum_Test_omzseiku_Video/frame_000140.jpg with translation /2024_TUYZ_Online_Yarisma_Ana_Oturum_Test_omzseiku_Video/frame_000140.jpg
2024-07-23 09:55:54,208 - INFO - Image frame_000140.jpg already exists. Skipping...
2024-07-23 09:55:54,208 - INFO - Processing frame /2024_TUYZ_Online_Yarisma_Ana_Oturum_Test_omzseiku_Video/frame_000144.jpg with translation /2024_TUYZ_Online_Yarisma_Ana_Oturum_Test_omzseiku_Video/frame_000144.jpg
2024-07-23 09:55:54,208 - INFO - Image frame_000144.jpg already exists. Skipping...
2024-07-23 09:55:54,208 - INFO - Processing frame /2024_TUYZ_Online_Yarisma_Ana_Oturum_Test_omzseiku_Video/frame_000148.jpg with translation /2024_TUYZ_Online_Yarisma_Ana_Oturum_Test_omzseiku_Video/frame_000148.jpg
2024-07-23 09:55:54,208 - INFO - Image frame_000148.jpg already exists. Skipping...
2024-07-23 09:55:54,209 - INFO - Processing frame /2024_TUYZ_Online_Yarisma_Ana_Oturum_Test_omzseiku_Video/frame_000152.jpg with translation /2024_TUYZ_Online_Yarisma_Ana_Oturum_Test_omzseiku_Video/frame_000152.jpg
2024-07-23 09:55:54,209 - INFO - Image frame_000152.jpg already exists. Skipping...
2024-07-23 09:55:54,209 - INFO - Processing frame /2024_TUYZ_Online_Yarisma_Ana_Oturum_Test_omzseiku_Video/frame_000156.jpg with translation /2024_TUYZ_Online_Yarisma_Ana_Oturum_Test_omzseiku_Video/frame_000156.jpg
2024-07-23 09:55:54,209 - INFO - Image frame_000156.jpg already exists. Skipping...
2024-07-23 09:55:54,209 - INFO - Processing frame /2024_TUYZ_Online_Yarisma_Ana_Oturum_Test_omzseiku_Video/frame_000160.jpg with translation /2024_TUYZ_Online_Yarisma_Ana_Oturum_Test_omzseiku_Video/frame_000160.jpg
2024-07-23 09:55:54,209 - INFO - Image frame_000160.jpg already exists. Skipping...
2024-07-23 09:55:54,209 - INFO - Processing frame /2024_TUYZ_Online_Yarisma_Ana_Oturum_Test_omzseiku_Video/frame_000164.jpg with translation /2024_TUYZ_Online_Yarisma_Ana_Oturum_Test_omzseiku_Video/frame_000164.jpg
2024-07-23 09:55:54,210 - INFO - Image frame_000164.jpg already exists. Skipping...
2024-07-23 09:55:54,210 - INFO - Processing frame /2024_TUYZ_Online_Yarisma_Ana_Oturum_Test_omzseiku_Video/frame_000168.jpg with translation /2024_TUYZ_Online_Yarisma_Ana_Oturum_Test_omzseiku_Video/frame_000168.jpg
2024-07-23 09:55:54,210 - INFO - Image frame_000168.jpg already exists. Skipping...
2024-07-23 09:55:54,210 - INFO - Processing frame /2024_TUYZ_Online_Yarisma_Ana_Oturum_Test_omzseiku_Video/frame_000172.jpg with translation /2024_TUYZ_Online_Yarisma_Ana_Oturum_Test_omzseiku_Video/frame_000172.jpg
2024-07-23 09:55:54,212 - INFO - Image frame_000172.jpg already exists. Skipping...
2024-07-23 09:55:54,212 - INFO - Processing frame /2024_TUYZ_Online_Yarisma_Ana_Oturum_Test_omzseiku_Video/frame_000176.jpg with translation /2024_TUYZ_Online_Yarisma_Ana_Oturum_Test_omzseiku_Video/frame_000176.jpg
2024-07-23 09:55:54,212 - INFO - Image frame_000176.jpg already exists. Skipping...
2024-07-23 09:55:54,212 - INFO - Processing frame /2024_TUYZ_Online_Yarisma_Ana_Oturum_Test_omzseiku_Video/frame_000180.jpg with translation /2024_TUYZ_Online_Yarisma_Ana_Oturum_Test_omzseiku_Video/frame_000180.jpg
2024-07-23 09:55:54,213 - INFO - Image frame_000180.jpg already exists. Skipping...
2024-07-23 09:55:54,213 - INFO - Processing frame /2024_TUYZ_Online_Yarisma_Ana_Oturum_Test_omzseiku_Video/frame_000184.jpg with translation /2024_TUYZ_Online_Yarisma_Ana_Oturum_Test_omzseiku_Video/frame_000184.jpg
2024-07-23 09:55:54,213 - INFO - Image frame_000184.jpg already exists. Skipping...
2024-07-23 09:55:54,213 - INFO - Processing frame /2024_TUYZ_Online_Yarisma_Ana_Oturum_Test_omzseiku_Video/frame_000188.jpg with translation /2024_TUYZ_Online_Yarisma_Ana_Oturum_Test_omzseiku_Video/frame_000188.jpg
2024-07-23 09:55:54,213 - INFO - Image frame_000188.jpg already exists. Skipping...
2024-07-23 09:55:54,213 - INFO - Processing frame /2024_TUYZ_Online_Yarisma_Ana_Oturum_Test_omzseiku_Video/frame_000192.jpg with translation /2024_TUYZ_Online_Yarisma_Ana_Oturum_Test_omzseiku_Video/frame_000192.jpg
2024-07-23 09:55:54,214 - INFO - Image frame_000192.jpg already exists. Skipping...
2024-07-23 09:55:54,214 - INFO - Processing frame /2024_TUYZ_Online_Yarisma_Ana_Oturum_Test_omzseiku_Video/frame_000196.jpg with translation /2024_TUYZ_Online_Yarisma_Ana_Oturum_Test_omzseiku_Video/frame_000196.jpg
2024-07-23 09:55:54,214 - INFO - Image frame_000196.jpg already exists. Skipping...
2024-07-23 09:55:54,214 - INFO - Processing frame /2024_TUYZ_Online_Yarisma_Ana_Oturum_Test_omzseiku_Video/frame_000200.jpg with translation /2024_TUYZ_Online_Yarisma_Ana_Oturum_Test_omzseiku_Video/frame_000200.jpg
2024-07-23 09:55:54,214 - INFO - Image frame_000200.jpg already exists. Skipping...
2024-07-23 09:55:54,215 - INFO - Processing frame /2024_TUYZ_Online_Yarisma_Ana_Oturum_Test_omzseiku_Video/frame_000204.jpg with translation /2024_TUYZ_Online_Yarisma_Ana_Oturum_Test_omzseiku_Video/frame_000204.jpg
2024-07-23 09:55:54,215 - INFO - Image frame_000204.jpg already exists. Skipping...
2024-07-23 09:55:54,215 - INFO - Processing frame /2024_TUYZ_Online_Yarisma_Ana_Oturum_Test_omzseiku_Video/frame_000208.jpg with translation /2024_TUYZ_Online_Yarisma_Ana_Oturum_Test_omzseiku_Video/frame_000208.jpg
2024-07-23 09:55:54,216 - INFO - Image frame_000208.jpg already exists. Skipping...
2024-07-23 09:55:54,216 - INFO - Processing frame /2024_TUYZ_Online_Yarisma_Ana_Oturum_Test_omzseiku_Video/frame_000212.jpg with translation /2024_TUYZ_Online_Yarisma_Ana_Oturum_Test_omzseiku_Video/frame_000212.jpg
2024-07-23 09:55:54,216 - INFO - Image frame_000212.jpg already exists. Skipping...
2024-07-23 09:55:54,216 - INFO - Processing frame /2024_TUYZ_Online_Yarisma_Ana_Oturum_Test_omzseiku_Video/frame_000216.jpg with translation /2024_TUYZ_Online_Yarisma_Ana_Oturum_Test_omzseiku_Video/frame_000216.jpg
2024-07-23 09:55:54,217 - INFO - Image frame_000216.jpg already exists. Skipping...
2024-07-23 09:55:54,217 - INFO - Processing frame /2024_TUYZ_Online_Yarisma_Ana_Oturum_Test_omzseiku_Video/frame_000220.jpg with translation /2024_TUYZ_Online_Yarisma_Ana_Oturum_Test_omzseiku_Video/frame_000220.jpg
2024-07-23 09:55:54,217 - INFO - Image frame_000220.jpg already exists. Skipping...
2024-07-23 09:55:54,217 - INFO - Processing frame /2024_TUYZ_Online_Yarisma_Ana_Oturum_Test_omzseiku_Video/frame_000224.jpg with translation /2024_TUYZ_Online_Yarisma_Ana_Oturum_Test_omzseiku_Video/frame_000224.jpg
2024-07-23 09:55:54,218 - INFO - Image frame_000224.jpg already exists. Skipping...
2024-07-23 09:55:54,218 - INFO - Processing frame /2024_TUYZ_Online_Yarisma_Ana_Oturum_Test_omzseiku_Video/frame_000228.jpg with translation /2024_TUYZ_Online_Yarisma_Ana_Oturum_Test_omzseiku_Video/frame_000228.jpg
2024-07-23 09:55:54,218 - INFO - Image frame_000228.jpg already exists. Skipping...
2024-07-23 09:55:54,218 - INFO - Processing frame /2024_TUYZ_Online_Yarisma_Ana_Oturum_Test_omzseiku_Video/frame_000232.jpg with translation /2024_TUYZ_Online_Yarisma_Ana_Oturum_Test_omzseiku_Video/frame_000232.jpg
2024-07-23 09:55:54,218 - INFO - Image frame_000232.jpg already exists. Skipping...
2024-07-23 09:55:54,218 - INFO - Processing frame /2024_TUYZ_Online_Yarisma_Ana_Oturum_Test_omzseiku_Video/frame_000236.jpg with translation /2024_TUYZ_Online_Yarisma_Ana_Oturum_Test_omzseiku_Video/frame_000236.jpg
2024-07-23 09:55:54,219 - INFO - Image frame_000236.jpg already exists. Skipping...
2024-07-23 09:55:54,219 - INFO - Processing frame /2024_TUYZ_Online_Yarisma_Ana_Oturum_Test_omzseiku_Video/frame_000240.jpg with translation /2024_TUYZ_Online_Yarisma_Ana_Oturum_Test_omzseiku_Video/frame_000240.jpg
2024-07-23 09:55:54,219 - INFO - Image frame_000240.jpg already exists. Skipping...
2024-07-23 09:55:54,219 - INFO - Processing frame /2024_TUYZ_Online_Yarisma_Ana_Oturum_Test_omzseiku_Video/frame_000244.jpg with translation /2024_TUYZ_Online_Yarisma_Ana_Oturum_Test_omzseiku_Video/frame_000244.jpg
2024-07-23 09:55:54,219 - INFO - Image frame_000244.jpg already exists. Skipping...
2024-07-23 09:55:54,219 - INFO - Processing frame /2024_TUYZ_Online_Yarisma_Ana_Oturum_Test_omzseiku_Video/frame_000248.jpg with translation /2024_TUYZ_Online_Yarisma_Ana_Oturum_Test_omzseiku_Video/frame_000248.jpg
2024-07-23 09:55:54,220 - INFO - Image frame_000248.jpg already exists. Skipping...
2024-07-23 09:55:54,220 - INFO - Processing frame /2024_TUYZ_Online_Yarisma_Ana_Oturum_Test_omzseiku_Video/frame_000252.jpg with translation /2024_TUYZ_Online_Yarisma_Ana_Oturum_Test_omzseiku_Video/frame_000252.jpg
2024-07-23 09:55:54,220 - INFO - Image frame_000252.jpg already exists. Skipping...
2024-07-23 09:55:54,220 - INFO - Processing frame /2024_TUYZ_Online_Yarisma_Ana_Oturum_Test_omzseiku_Video/frame_000256.jpg with translation /2024_TUYZ_Online_Yarisma_Ana_Oturum_Test_omzseiku_Video/frame_000256.jpg
2024-07-23 09:55:54,221 - INFO - Image frame_000256.jpg already exists. Skipping...
2024-07-23 09:55:54,221 - INFO - Processing frame /2024_TUYZ_Online_Yarisma_Ana_Oturum_Test_omzseiku_Video/frame_000260.jpg with translation /2024_TUYZ_Online_Yarisma_Ana_Oturum_Test_omzseiku_Video/frame_000260.jpg
2024-07-23 09:55:54,221 - INFO - Image frame_000260.jpg already exists. Skipping...
2024-07-23 09:55:54,221 - INFO - Processing frame /2024_TUYZ_Online_Yarisma_Ana_Oturum_Test_omzseiku_Video/frame_000264.jpg with translation /2024_TUYZ_Online_Yarisma_Ana_Oturum_Test_omzseiku_Video/frame_000264.jpg
2024-07-23 09:55:54,221 - INFO - Image frame_000264.jpg already exists. Skipping...
2024-07-23 09:55:54,221 - INFO - Processing frame /2024_TUYZ_Online_Yarisma_Ana_Oturum_Test_omzseiku_Video/frame_000268.jpg with translation /2024_TUYZ_Online_Yarisma_Ana_Oturum_Test_omzseiku_Video/frame_000268.jpg
2024-07-23 09:55:54,222 - INFO - Image frame_000268.jpg already exists. Skipping...
2024-07-23 09:55:54,222 - INFO - Processing frame /2024_TUYZ_Online_Yarisma_Ana_Oturum_Test_omzseiku_Video/frame_000272.jpg with translation /2024_TUYZ_Online_Yarisma_Ana_Oturum_Test_omzseiku_Video/frame_000272.jpg
2024-07-23 09:55:54,222 - INFO - Image frame_000272.jpg already exists. Skipping...
2024-07-23 09:55:54,222 - INFO - Processing frame /2024_TUYZ_Online_Yarisma_Ana_Oturum_Test_omzseiku_Video/frame_000276.jpg with translation /2024_TUYZ_Online_Yarisma_Ana_Oturum_Test_omzseiku_Video/frame_000276.jpg
2024-07-23 09:55:54,222 - INFO - Image frame_000276.jpg already exists. Skipping...
2024-07-23 09:55:54,222 - INFO - Processing frame /2024_TUYZ_Online_Yarisma_Ana_Oturum_Test_omzseiku_Video/frame_000280.jpg with translation /2024_TUYZ_Online_Yarisma_Ana_Oturum_Test_omzseiku_Video/frame_000280.jpg
2024-07-23 09:55:54,223 - INFO - Image frame_000280.jpg already exists. Skipping...
2024-07-23 09:55:54,223 - INFO - Processing frame /2024_TUYZ_Online_Yarisma_Ana_Oturum_Test_omzseiku_Video/frame_000284.jpg with translation /2024_TUYZ_Online_Yarisma_Ana_Oturum_Test_omzseiku_Video/frame_000284.jpg
2024-07-23 09:55:54,223 - INFO - Image frame_000284.jpg already exists. Skipping...
2024-07-23 09:55:54,223 - INFO - Processing frame /2024_TUYZ_Online_Yarisma_Ana_Oturum_Test_omzseiku_Video/frame_000288.jpg with translation /2024_TUYZ_Online_Yarisma_Ana_Oturum_Test_omzseiku_Video/frame_000288.jpg
2024-07-23 09:55:54,224 - INFO - Image frame_000288.jpg already exists. Skipping...
2024-07-23 09:55:54,224 - INFO - Processing frame /2024_TUYZ_Online_Yarisma_Ana_Oturum_Test_omzseiku_Video/frame_000292.jpg with translation /2024_TUYZ_Online_Yarisma_Ana_Oturum_Test_omzseiku_Video/frame_000292.jpg
2024-07-23 09:55:54,224 - INFO - Image frame_000292.jpg already exists. Skipping...
2024-07-23 09:55:54,224 - INFO - Processing frame /2024_TUYZ_Online_Yarisma_Ana_Oturum_Test_omzseiku_Video/frame_000296.jpg with translation /2024_TUYZ_Online_Yarisma_Ana_Oturum_Test_omzseiku_Video/frame_000296.jpg
2024-07-23 09:55:54,225 - INFO - Image frame_000296.jpg already exists. Skipping...
2024-07-23 09:55:54,225 - INFO - Processing frame /2024_TUYZ_Online_Yarisma_Ana_Oturum_Test_omzseiku_Video/frame_000300.jpg with translation /2024_TUYZ_Online_Yarisma_Ana_Oturum_Test_omzseiku_Video/frame_000300.jpg
2024-07-23 09:55:54,225 - INFO - Image frame_000300.jpg already exists. Skipping...
2024-07-23 09:55:54,225 - INFO - Processing frame /2024_TUYZ_Online_Yarisma_Ana_Oturum_Test_omzseiku_Video/frame_000304.jpg with translation /2024_TUYZ_Online_Yarisma_Ana_Oturum_Test_omzseiku_Video/frame_000304.jpg
2024-07-23 09:55:54,226 - INFO - Image frame_000304.jpg already exists. Skipping...
2024-07-23 09:55:54,226 - INFO - Processing frame /2024_TUYZ_Online_Yarisma_Ana_Oturum_Test_omzseiku_Video/frame_000308.jpg with translation /2024_TUYZ_Online_Yarisma_Ana_Oturum_Test_omzseiku_Video/frame_000308.jpg
2024-07-23 09:55:54,226 - INFO - Image frame_000308.jpg already exists. Skipping...
2024-07-23 09:55:54,226 - INFO - Processing frame /2024_TUYZ_Online_Yarisma_Ana_Oturum_Test_omzseiku_Video/frame_000312.jpg with translation /2024_TUYZ_Online_Yarisma_Ana_Oturum_Test_omzseiku_Video/frame_000312.jpg
2024-07-23 09:55:54,227 - INFO - Image frame_000312.jpg already exists. Skipping...
2024-07-23 09:55:54,227 - INFO - Processing frame /2024_TUYZ_Online_Yarisma_Ana_Oturum_Test_omzseiku_Video/frame_000316.jpg with translation /2024_TUYZ_Online_Yarisma_Ana_Oturum_Test_omzseiku_Video/frame_000316.jpg
2024-07-23 09:55:54,227 - INFO - Image frame_000316.jpg already exists. Skipping...
2024-07-23 09:55:54,227 - INFO - Processing frame /2024_TUYZ_Online_Yarisma_Ana_Oturum_Test_omzseiku_Video/frame_000320.jpg with translation /2024_TUYZ_Online_Yarisma_Ana_Oturum_Test_omzseiku_Video/frame_000320.jpg
2024-07-23 09:55:54,227 - INFO - Image frame_000320.jpg already exists. Skipping...
2024-07-23 09:55:54,228 - INFO - Processing frame /2024_TUYZ_Online_Yarisma_Ana_Oturum_Test_omzseiku_Video/frame_000324.jpg with translation /2024_TUYZ_Online_Yarisma_Ana_Oturum_Test_omzseiku_Video/frame_000324.jpg
2024-07-23 09:55:54,228 - INFO - Image frame_000324.jpg already exists. Skipping...
2024-07-23 09:55:54,228 - INFO - Processing frame /2024_TUYZ_Online_Yarisma_Ana_Oturum_Test_omzseiku_Video/frame_000328.jpg with translation /2024_TUYZ_Online_Yarisma_Ana_Oturum_Test_omzseiku_Video/frame_000328.jpg
2024-07-23 09:55:54,228 - INFO - Image frame_000328.jpg already exists. Skipping...
2024-07-23 09:55:54,228 - INFO - Processing frame /2024_TUYZ_Online_Yarisma_Ana_Oturum_Test_omzseiku_Video/frame_000332.jpg with translation /2024_TUYZ_Online_Yarisma_Ana_Oturum_Test_omzseiku_Video/frame_000332.jpg
2024-07-23 09:55:54,229 - INFO - Image frame_000332.jpg already exists. Skipping...
2024-07-23 09:55:54,229 - INFO - Processing frame /2024_TUYZ_Online_Yarisma_Ana_Oturum_Test_omzseiku_Video/frame_000336.jpg with translation /2024_TUYZ_Online_Yarisma_Ana_Oturum_Test_omzseiku_Video/frame_000336.jpg
2024-07-23 09:55:54,229 - INFO - Image frame_000336.jpg already exists. Skipping...
2024-07-23 09:55:54,229 - INFO - Processing frame /2024_TUYZ_Online_Yarisma_Ana_Oturum_Test_omzseiku_Video/frame_000340.jpg with translation /2024_TUYZ_Online_Yarisma_Ana_Oturum_Test_omzseiku_Video/frame_000340.jpg
2024-07-23 09:55:54,230 - INFO - Image frame_000340.jpg already exists. Skipping...
2024-07-23 09:55:54,230 - INFO - Processing frame /2024_TUYZ_Online_Yarisma_Ana_Oturum_Test_omzseiku_Video/frame_000344.jpg with translation /2024_TUYZ_Online_Yarisma_Ana_Oturum_Test_omzseiku_Video/frame_000344.jpg
2024-07-23 09:55:54,230 - INFO - Image frame_000344.jpg already exists. Skipping...
2024-07-23 09:55:54,230 - INFO - Processing frame /2024_TUYZ_Online_Yarisma_Ana_Oturum_Test_omzseiku_Video/frame_000348.jpg with translation /2024_TUYZ_Online_Yarisma_Ana_Oturum_Test_omzseiku_Video/frame_000348.jpg
2024-07-23 09:55:54,231 - INFO - Image frame_000348.jpg already exists. Skipping...
2024-07-23 09:55:54,231 - INFO - Processing frame /2024_TUYZ_Online_Yarisma_Ana_Oturum_Test_omzseiku_Video/frame_000352.jpg with translation /2024_TUYZ_Online_Yarisma_Ana_Oturum_Test_omzseiku_Video/frame_000352.jpg
2024-07-23 09:55:54,231 - INFO - Image frame_000352.jpg already exists. Skipping...
2024-07-23 09:55:54,231 - INFO - Processing frame /2024_TUYZ_Online_Yarisma_Ana_Oturum_Test_omzseiku_Video/frame_000356.jpg with translation /2024_TUYZ_Online_Yarisma_Ana_Oturum_Test_omzseiku_Video/frame_000356.jpg
2024-07-23 09:55:54,231 - INFO - Image frame_000356.jpg already exists. Skipping...
2024-07-23 09:55:54,231 - INFO - Processing frame /2024_TUYZ_Online_Yarisma_Ana_Oturum_Test_omzseiku_Video/frame_000360.jpg with translation /2024_TUYZ_Online_Yarisma_Ana_Oturum_Test_omzseiku_Video/frame_000360.jpg
2024-07-23 09:55:54,233 - INFO - Image frame_000360.jpg already exists. Skipping...
2024-07-23 09:55:54,233 - INFO - Processing frame /2024_TUYZ_Online_Yarisma_Ana_Oturum_Test_omzseiku_Video/frame_000364.jpg with translation /2024_TUYZ_Online_Yarisma_Ana_Oturum_Test_omzseiku_Video/frame_000364.jpg
2024-07-23 09:55:54,233 - INFO - Image frame_000364.jpg already exists. Skipping...
2024-07-23 09:55:54,233 - INFO - Processing frame /2024_TUYZ_Online_Yarisma_Ana_Oturum_Test_omzseiku_Video/frame_000368.jpg with translation /2024_TUYZ_Online_Yarisma_Ana_Oturum_Test_omzseiku_Video/frame_000368.jpg
2024-07-23 09:55:54,234 - INFO - Image frame_000368.jpg already exists. Skipping...
2024-07-23 09:55:54,234 - INFO - Processing frame /2024_TUYZ_Online_Yarisma_Ana_Oturum_Test_omzseiku_Video/frame_000372.jpg with translation /2024_TUYZ_Online_Yarisma_Ana_Oturum_Test_omzseiku_Video/frame_000372.jpg
2024-07-23 09:55:54,234 - INFO - Downloading image from http://teknofest.cezerirobot.com:1025/media/2024_TUYZ_Online_Yarisma_Ana_Oturum_Test_omzseiku_Video/frame_000372.jpg...
2024-07-23 09:55:54,970 - INFO - Image saved to ./downloaded_frames/frames/2024_TUYZ_Online_Yarisma_Ana_Oturum_Test_omzseiku_Video/frame_000372.jpg
2024-07-23 09:56:04,924 - INFO - Sending prediction for frame http://teknofest.cezerirobot.com/frames/11195/...
2024-07-23 09:56:05,142 - INFO - Prediction sent successfully
2024-07-23 09:56:05,142 - INFO - Total execution time: 10908.23 milliseconds
2024-07-23 09:56:05,143 - INFO - Processing frame /2024_TUYZ_Online_Yarisma_Ana_Oturum_Test_omzseiku_Video/frame_000376.jpg with translation /2024_TUYZ_Online_Yarisma_Ana_Oturum_Test_omzseiku_Video/frame_000376.jpg
2024-07-23 09:56:05,143 - INFO - Downloading image from http://teknofest.cezerirobot.com:1025/media/2024_TUYZ_Online_Yarisma_Ana_Oturum_Test_omzseiku_Video/frame_000376.jpg...
2024-07-23 09:56:05,614 - INFO - Image saved to ./downloaded_frames/frames/2024_TUYZ_Online_Yarisma_Ana_Oturum_Test_omzseiku_Video/frame_000376.jpg
2024-07-23 09:56:11,753 - INFO - Sending prediction for frame http://teknofest.cezerirobot.com/frames/11196/...
2024-07-23 09:56:11,980 - INFO - Prediction sent successfully
2024-07-23 09:56:11,980 - INFO - Total execution time: 6836.86 milliseconds
2024-07-23 09:56:11,980 - INFO - Processing frame /2024_TUYZ_Online_Yarisma_Ana_Oturum_Test_omzseiku_Video/frame_000380.jpg with translation /2024_TUYZ_Online_Yarisma_Ana_Oturum_Test_omzseiku_Video/frame_000380.jpg
2024-07-23 09:56:11,981 - INFO - Downloading image from http://teknofest.cezerirobot.com:1025/media/2024_TUYZ_Online_Yarisma_Ana_Oturum_Test_omzseiku_Video/frame_000380.jpg...
2024-07-23 09:56:12,408 - INFO - Image saved to ./downloaded_frames/frames/2024_TUYZ_Online_Yarisma_Ana_Oturum_Test_omzseiku_Video/frame_000380.jpg
