2024-07-22 19:41:29,974 - INFO - Authentication successful
2024-07-22 19:41:29,974 - INFO - Loading existing data...
2024-07-22 19:41:29,987 - INFO - SUNUCUYLA ÝLETÝÞÝM SÜRESÝ 0.46 saniye
2024-07-22 19:41:29,987 - INFO - Processing frame /2024_TUYZ_Online_Yarisma_Ana_Oturum_Test_omzseiku_Video/frame_000000.jpg with translation /2024_TUYZ_Online_Yarisma_Ana_Oturum_Test_omzseiku_Video/frame_000000.jpg
2024-07-22 19:41:29,987 - INFO - Image frame_000000.jpg already exists. Skipping...
2024-07-22 19:41:29,987 - INFO - Processing frame /2024_TUYZ_Online_Yarisma_Ana_Oturum_Test_omzseiku_Video/frame_000004.jpg with translation /2024_TUYZ_Online_Yarisma_Ana_Oturum_Test_omzseiku_Video/frame_000004.jpg
2024-07-22 19:41:29,988 - INFO - Image frame_000004.jpg already exists. Skipping...
2024-07-22 19:41:29,988 - INFO - Processing frame /2024_TUYZ_Online_Yarisma_Ana_Oturum_Test_omzseiku_Video/frame_000008.jpg with translation /2024_TUYZ_Online_Yarisma_Ana_Oturum_Test_omzseiku_Video/frame_000008.jpg
2024-07-22 19:41:29,988 - INFO - Image frame_000008.jpg already exists. Skipping...
2024-07-22 19:41:29,988 - INFO - Processing frame /2024_TUYZ_Online_Yarisma_Ana_Oturum_Test_omzseiku_Video/frame_000012.jpg with translation /2024_TUYZ_Online_Yarisma_Ana_Oturum_Test_omzseiku_Video/frame_000012.jpg
2024-07-22 19:41:29,989 - INFO - Image frame_000012.jpg already exists. Skipping...
2024-07-22 19:41:29,989 - INFO - Processing frame /2024_TUYZ_Online_Yarisma_Ana_Oturum_Test_omzseiku_Video/frame_000016.jpg with translation /2024_TUYZ_Online_Yarisma_Ana_Oturum_Test_omzseiku_Video/frame_000016.jpg
2024-07-22 19:41:29,989 - INFO - Image frame_000016.jpg already exists. Skipping...
2024-07-22 19:41:29,989 - INFO - Processing frame /2024_TUYZ_Online_Yarisma_Ana_Oturum_Test_omzseiku_Video/frame_000020.jpg with translation /2024_TUYZ_Online_Yarisma_Ana_Oturum_Test_omzseiku_Video/frame_000020.jpg
2024-07-22 19:41:29,989 - INFO - Image frame_000020.jpg already exists. Skipping...
2024-07-22 19:41:29,989 - INFO - Processing frame /2024_TUYZ_Online_Yarisma_Ana_Oturum_Test_omzseiku_Video/frame_000024.jpg with translation /2024_TUYZ_Online_Yarisma_Ana_Oturum_Test_omzseiku_Video/frame_000024.jpg
2024-07-22 19:41:29,990 - INFO - Image frame_000024.jpg already exists. Skipping...
2024-07-22 19:41:29,990 - INFO - Processing frame /2024_TUYZ_Online_Yarisma_Ana_Oturum_Test_omzseiku_Video/frame_000028.jpg with translation /2024_TUYZ_Online_Yarisma_Ana_Oturum_Test_omzseiku_Video/frame_000028.jpg
2024-07-22 19:41:29,990 - INFO - Image frame_000028.jpg already exists. Skipping...
2024-07-22 19:41:29,990 - INFO - Processing frame /2024_TUYZ_Online_Yarisma_Ana_Oturum_Test_omzseiku_Video/frame_000032.jpg with translation /2024_TUYZ_Online_Yarisma_Ana_Oturum_Test_omzseiku_Video/frame_000032.jpg
2024-07-22 19:41:29,990 - INFO - Image frame_000032.jpg already exists. Skipping...
2024-07-22 19:41:29,990 - INFO - Processing frame /2024_TUYZ_Online_Yarisma_Ana_Oturum_Test_omzseiku_Video/frame_000036.jpg with translation /2024_TUYZ_Online_Yarisma_Ana_Oturum_Test_omzseiku_Video/frame_000036.jpg
2024-07-22 19:41:29,990 - INFO - Image frame_000036.jpg already exists. Skipping...
2024-07-22 19:41:29,991 - INFO - Processing frame /2024_TUYZ_Online_Yarisma_Ana_Oturum_Test_omzseiku_Video/frame_000040.jpg with translation /2024_TUYZ_Online_Yarisma_Ana_Oturum_Test_omzseiku_Video/frame_000040.jpg
2024-07-22 19:41:29,991 - INFO - Image frame_000040.jpg already exists. Skipping...
2024-07-22 19:41:29,991 - INFO - Processing frame /2024_TUYZ_Online_Yarisma_Ana_Oturum_Test_omzseiku_Video/frame_000044.jpg with translation /2024_TUYZ_Online_Yarisma_Ana_Oturum_Test_omzseiku_Video/frame_000044.jpg
2024-07-22 19:41:29,991 - INFO - Image frame_000044.jpg already exists. Skipping...
2024-07-22 19:41:29,991 - INFO - Processing frame /2024_TUYZ_Online_Yarisma_Ana_Oturum_Test_omzseiku_Video/frame_000048.jpg with translation /2024_TUYZ_Online_Yarisma_Ana_Oturum_Test_omzseiku_Video/frame_000048.jpg
2024-07-22 19:41:29,991 - INFO - Image frame_000048.jpg already exists. Skipping...
2024-07-22 19:41:29,991 - INFO - Processing frame /2024_TUYZ_Online_Yarisma_Ana_Oturum_Test_omzseiku_Video/frame_000052.jpg with translation /2024_TUYZ_Online_Yarisma_Ana_Oturum_Test_omzseiku_Video/frame_000052.jpg
2024-07-22 19:41:29,992 - INFO - Image frame_000052.jpg already exists. Skipping...
2024-07-22 19:41:29,992 - INFO - Processing frame /2024_TUYZ_Online_Yarisma_Ana_Oturum_Test_omzseiku_Video/frame_000056.jpg with translation /2024_TUYZ_Online_Yarisma_Ana_Oturum_Test_omzseiku_Video/frame_000056.jpg
2024-07-22 19:41:29,992 - INFO - Downloading image from http://teknofest.cezerirobot.com:1025/media/2024_TUYZ_Online_Yarisma_Ana_Oturum_Test_omzseiku_Video/frame_000056.jpg...
2024-07-22 19:41:30,766 - INFO - Image saved to ./downloaded_frames/frames/2024_TUYZ_Online_Yarisma_Ana_Oturum_Test_omzseiku_Video/frame_000056.jpg
2024-07-22 19:41:37,267 - INFO - Sending prediction for frame http://teknofest.cezerirobot.com/frames/11116/...
2024-07-22 19:41:37,495 - ERROR - Failed to send prediction: {'detail': 'You have already sent a prediction for this frame.'}
