2024-07-22 19:49:44,480 - INFO - Authentication successful
2024-07-22 19:49:44,481 - INFO - Loading existing data...
2024-07-22 19:49:44,494 - INFO - SUNUCUYLA ÝLETÝÞÝM SÜRESÝ 0.40 saniye
2024-07-22 19:49:44,494 - INFO - Processing frame /2024_TUYZ_Online_Yarisma_Ana_Oturum_Test_omzseiku_Video/frame_000000.jpg with translation /2024_TUYZ_Online_Yarisma_Ana_Oturum_Test_omzseiku_Video/frame_000000.jpg
2024-07-22 19:49:44,494 - INFO - Image frame_000000.jpg already exists. Skipping...
2024-07-22 19:49:44,495 - INFO - Processing frame /2024_TUYZ_Online_Yarisma_Ana_Oturum_Test_omzseiku_Video/frame_000004.jpg with translation /2024_TUYZ_Online_Yarisma_Ana_Oturum_Test_omzseiku_Video/frame_000004.jpg
2024-07-22 19:49:44,499 - INFO - Image frame_000004.jpg already exists. Skipping...
2024-07-22 19:49:44,499 - INFO - Processing frame /2024_TUYZ_Online_Yarisma_Ana_Oturum_Test_omzseiku_Video/frame_000008.jpg with translation /2024_TUYZ_Online_Yarisma_Ana_Oturum_Test_omzseiku_Video/frame_000008.jpg
2024-07-22 19:49:44,499 - INFO - Image frame_000008.jpg already exists. Skipping...
2024-07-22 19:49:44,499 - INFO - Processing frame /2024_TUYZ_Online_Yarisma_Ana_Oturum_Test_omzseiku_Video/frame_000012.jpg with translation /2024_TUYZ_Online_Yarisma_Ana_Oturum_Test_omzseiku_Video/frame_000012.jpg
2024-07-22 19:49:44,500 - INFO - Image frame_000012.jpg already exists. Skipping...
2024-07-22 19:49:44,500 - INFO - Processing frame /2024_TUYZ_Online_Yarisma_Ana_Oturum_Test_omzseiku_Video/frame_000016.jpg with translation /2024_TUYZ_Online_Yarisma_Ana_Oturum_Test_omzseiku_Video/frame_000016.jpg
2024-07-22 19:49:44,500 - INFO - Image frame_000016.jpg already exists. Skipping...
2024-07-22 19:49:44,500 - INFO - Processing frame /2024_TUYZ_Online_Yarisma_Ana_Oturum_Test_omzseiku_Video/frame_000020.jpg with translation /2024_TUYZ_Online_Yarisma_Ana_Oturum_Test_omzseiku_Video/frame_000020.jpg
2024-07-22 19:49:44,500 - INFO - Image frame_000020.jpg already exists. Skipping...
2024-07-22 19:49:44,501 - INFO - Processing frame /2024_TUYZ_Online_Yarisma_Ana_Oturum_Test_omzseiku_Video/frame_000024.jpg with translation /2024_TUYZ_Online_Yarisma_Ana_Oturum_Test_omzseiku_Video/frame_000024.jpg
2024-07-22 19:49:44,501 - INFO - Image frame_000024.jpg already exists. Skipping...
2024-07-22 19:49:44,501 - INFO - Processing frame /2024_TUYZ_Online_Yarisma_Ana_Oturum_Test_omzseiku_Video/frame_000028.jpg with translation /2024_TUYZ_Online_Yarisma_Ana_Oturum_Test_omzseiku_Video/frame_000028.jpg
2024-07-22 19:49:44,501 - INFO - Image frame_000028.jpg already exists. Skipping...
2024-07-22 19:49:44,501 - INFO - Processing frame /2024_TUYZ_Online_Yarisma_Ana_Oturum_Test_omzseiku_Video/frame_000032.jpg with translation /2024_TUYZ_Online_Yarisma_Ana_Oturum_Test_omzseiku_Video/frame_000032.jpg
2024-07-22 19:49:44,501 - INFO - Image frame_000032.jpg already exists. Skipping...
2024-07-22 19:49:44,501 - INFO - Processing frame /2024_TUYZ_Online_Yarisma_Ana_Oturum_Test_omzseiku_Video/frame_000036.jpg with translation /2024_TUYZ_Online_Yarisma_Ana_Oturum_Test_omzseiku_Video/frame_000036.jpg
2024-07-22 19:49:44,502 - INFO - Image frame_000036.jpg already exists. Skipping...
2024-07-22 19:49:44,502 - INFO - Processing frame /2024_TUYZ_Online_Yarisma_Ana_Oturum_Test_omzseiku_Video/frame_000040.jpg with translation /2024_TUYZ_Online_Yarisma_Ana_Oturum_Test_omzseiku_Video/frame_000040.jpg
2024-07-22 19:49:44,502 - INFO - Image frame_000040.jpg already exists. Skipping...
2024-07-22 19:49:44,502 - INFO - Processing frame /2024_TUYZ_Online_Yarisma_Ana_Oturum_Test_omzseiku_Video/frame_000044.jpg with translation /2024_TUYZ_Online_Yarisma_Ana_Oturum_Test_omzseiku_Video/frame_000044.jpg
2024-07-22 19:49:44,502 - INFO - Image frame_000044.jpg already exists. Skipping...
2024-07-22 19:49:44,502 - INFO - Processing frame /2024_TUYZ_Online_Yarisma_Ana_Oturum_Test_omzseiku_Video/frame_000048.jpg with translation /2024_TUYZ_Online_Yarisma_Ana_Oturum_Test_omzseiku_Video/frame_000048.jpg
2024-07-22 19:49:44,503 - INFO - Image frame_000048.jpg already exists. Skipping...
2024-07-22 19:49:44,503 - INFO - Processing frame /2024_TUYZ_Online_Yarisma_Ana_Oturum_Test_omzseiku_Video/frame_000052.jpg with translation /2024_TUYZ_Online_Yarisma_Ana_Oturum_Test_omzseiku_Video/frame_000052.jpg
2024-07-22 19:49:44,503 - INFO - Image frame_000052.jpg already exists. Skipping...
2024-07-22 19:49:44,503 - INFO - Processing frame /2024_TUYZ_Online_Yarisma_Ana_Oturum_Test_omzseiku_Video/frame_000056.jpg with translation /2024_TUYZ_Online_Yarisma_Ana_Oturum_Test_omzseiku_Video/frame_000056.jpg
2024-07-22 19:49:44,503 - INFO - Image frame_000056.jpg already exists. Skipping...
2024-07-22 19:49:44,503 - INFO - Processing frame /2024_TUYZ_Online_Yarisma_Ana_Oturum_Test_omzseiku_Video/frame_000060.jpg with translation /2024_TUYZ_Online_Yarisma_Ana_Oturum_Test_omzseiku_Video/frame_000060.jpg
2024-07-22 19:49:44,504 - INFO - Image frame_000060.jpg already exists. Skipping...
2024-07-22 19:49:44,504 - INFO - Processing frame /2024_TUYZ_Online_Yarisma_Ana_Oturum_Test_omzseiku_Video/frame_000064.jpg with translation /2024_TUYZ_Online_Yarisma_Ana_Oturum_Test_omzseiku_Video/frame_000064.jpg
2024-07-22 19:49:44,504 - INFO - Image frame_000064.jpg already exists. Skipping...
2024-07-22 19:49:44,504 - INFO - Processing frame /2024_TUYZ_Online_Yarisma_Ana_Oturum_Test_omzseiku_Video/frame_000068.jpg with translation /2024_TUYZ_Online_Yarisma_Ana_Oturum_Test_omzseiku_Video/frame_000068.jpg
2024-07-22 19:49:44,504 - INFO - Image frame_000068.jpg already exists. Skipping...
2024-07-22 19:49:44,504 - INFO - Processing frame /2024_TUYZ_Online_Yarisma_Ana_Oturum_Test_omzseiku_Video/frame_000072.jpg with translation /2024_TUYZ_Online_Yarisma_Ana_Oturum_Test_omzseiku_Video/frame_000072.jpg
2024-07-22 19:49:44,504 - INFO - Image frame_000072.jpg already exists. Skipping...
2024-07-22 19:49:44,504 - INFO - Processing frame /2024_TUYZ_Online_Yarisma_Ana_Oturum_Test_omzseiku_Video/frame_000076.jpg with translation /2024_TUYZ_Online_Yarisma_Ana_Oturum_Test_omzseiku_Video/frame_000076.jpg
2024-07-22 19:49:44,505 - INFO - Image frame_000076.jpg already exists. Skipping...
2024-07-22 19:49:44,505 - INFO - Processing frame /2024_TUYZ_Online_Yarisma_Ana_Oturum_Test_omzseiku_Video/frame_000080.jpg with translation /2024_TUYZ_Online_Yarisma_Ana_Oturum_Test_omzseiku_Video/frame_000080.jpg
2024-07-22 19:49:44,505 - INFO - Image frame_000080.jpg already exists. Skipping...
2024-07-22 19:49:44,505 - INFO - Processing frame /2024_TUYZ_Online_Yarisma_Ana_Oturum_Test_omzseiku_Video/frame_000084.jpg with translation /2024_TUYZ_Online_Yarisma_Ana_Oturum_Test_omzseiku_Video/frame_000084.jpg
2024-07-22 19:49:44,505 - INFO - Image frame_000084.jpg already exists. Skipping...
2024-07-22 19:49:44,505 - INFO - Processing frame /2024_TUYZ_Online_Yarisma_Ana_Oturum_Test_omzseiku_Video/frame_000088.jpg with translation /2024_TUYZ_Online_Yarisma_Ana_Oturum_Test_omzseiku_Video/frame_000088.jpg
2024-07-22 19:49:44,506 - INFO - Image frame_000088.jpg already exists. Skipping...
2024-07-22 19:49:44,506 - INFO - Processing frame /2024_TUYZ_Online_Yarisma_Ana_Oturum_Test_omzseiku_Video/frame_000092.jpg with translation /2024_TUYZ_Online_Yarisma_Ana_Oturum_Test_omzseiku_Video/frame_000092.jpg
2024-07-22 19:49:44,506 - INFO - Image frame_000092.jpg already exists. Skipping...
2024-07-22 19:49:44,506 - INFO - Processing frame /2024_TUYZ_Online_Yarisma_Ana_Oturum_Test_omzseiku_Video/frame_000096.jpg with translation /2024_TUYZ_Online_Yarisma_Ana_Oturum_Test_omzseiku_Video/frame_000096.jpg
2024-07-22 19:49:44,506 - INFO - Image frame_000096.jpg already exists. Skipping...
2024-07-22 19:49:44,506 - INFO - Processing frame /2024_TUYZ_Online_Yarisma_Ana_Oturum_Test_omzseiku_Video/frame_000100.jpg with translation /2024_TUYZ_Online_Yarisma_Ana_Oturum_Test_omzseiku_Video/frame_000100.jpg
2024-07-22 19:49:44,506 - INFO - Image frame_000100.jpg already exists. Skipping...
2024-07-22 19:49:44,506 - INFO - Processing frame /2024_TUYZ_Online_Yarisma_Ana_Oturum_Test_omzseiku_Video/frame_000104.jpg with translation /2024_TUYZ_Online_Yarisma_Ana_Oturum_Test_omzseiku_Video/frame_000104.jpg
2024-07-22 19:49:44,507 - INFO - Image frame_000104.jpg already exists. Skipping...
2024-07-22 19:49:44,507 - INFO - Processing frame /2024_TUYZ_Online_Yarisma_Ana_Oturum_Test_omzseiku_Video/frame_000108.jpg with translation /2024_TUYZ_Online_Yarisma_Ana_Oturum_Test_omzseiku_Video/frame_000108.jpg
2024-07-22 19:49:44,507 - INFO - Image frame_000108.jpg already exists. Skipping...
2024-07-22 19:49:44,507 - INFO - Processing frame /2024_TUYZ_Online_Yarisma_Ana_Oturum_Test_omzseiku_Video/frame_000112.jpg with translation /2024_TUYZ_Online_Yarisma_Ana_Oturum_Test_omzseiku_Video/frame_000112.jpg
2024-07-22 19:49:44,507 - INFO - Image frame_000112.jpg already exists. Skipping...
2024-07-22 19:49:44,507 - INFO - Processing frame /2024_TUYZ_Online_Yarisma_Ana_Oturum_Test_omzseiku_Video/frame_000116.jpg with translation /2024_TUYZ_Online_Yarisma_Ana_Oturum_Test_omzseiku_Video/frame_000116.jpg
2024-07-22 19:49:44,508 - INFO - Image frame_000116.jpg already exists. Skipping...
2024-07-22 19:49:44,508 - INFO - Processing frame /2024_TUYZ_Online_Yarisma_Ana_Oturum_Test_omzseiku_Video/frame_000120.jpg with translation /2024_TUYZ_Online_Yarisma_Ana_Oturum_Test_omzseiku_Video/frame_000120.jpg
2024-07-22 19:49:44,508 - INFO - Image frame_000120.jpg already exists. Skipping...
2024-07-22 19:49:44,508 - INFO - Processing frame /2024_TUYZ_Online_Yarisma_Ana_Oturum_Test_omzseiku_Video/frame_000124.jpg with translation /2024_TUYZ_Online_Yarisma_Ana_Oturum_Test_omzseiku_Video/frame_000124.jpg
2024-07-22 19:49:44,508 - INFO - Image frame_000124.jpg already exists. Skipping...
2024-07-22 19:49:44,508 - INFO - Processing frame /2024_TUYZ_Online_Yarisma_Ana_Oturum_Test_omzseiku_Video/frame_000128.jpg with translation /2024_TUYZ_Online_Yarisma_Ana_Oturum_Test_omzseiku_Video/frame_000128.jpg
2024-07-22 19:49:44,509 - INFO - Image frame_000128.jpg already exists. Skipping...
2024-07-22 19:49:44,509 - INFO - Processing frame /2024_TUYZ_Online_Yarisma_Ana_Oturum_Test_omzseiku_Video/frame_000132.jpg with translation /2024_TUYZ_Online_Yarisma_Ana_Oturum_Test_omzseiku_Video/frame_000132.jpg
2024-07-22 19:49:44,509 - INFO - Image frame_000132.jpg already exists. Skipping...
2024-07-22 19:49:44,509 - INFO - Processing frame /2024_TUYZ_Online_Yarisma_Ana_Oturum_Test_omzseiku_Video/frame_000136.jpg with translation /2024_TUYZ_Online_Yarisma_Ana_Oturum_Test_omzseiku_Video/frame_000136.jpg
2024-07-22 19:49:44,509 - INFO - Image frame_000136.jpg already exists. Skipping...
2024-07-22 19:49:44,509 - INFO - Processing frame /2024_TUYZ_Online_Yarisma_Ana_Oturum_Test_omzseiku_Video/frame_000140.jpg with translation /2024_TUYZ_Online_Yarisma_Ana_Oturum_Test_omzseiku_Video/frame_000140.jpg
2024-07-22 19:49:44,509 - INFO - Image frame_000140.jpg already exists. Skipping...
2024-07-22 19:49:44,510 - INFO - Processing frame /2024_TUYZ_Online_Yarisma_Ana_Oturum_Test_omzseiku_Video/frame_000144.jpg with translation /2024_TUYZ_Online_Yarisma_Ana_Oturum_Test_omzseiku_Video/frame_000144.jpg
2024-07-22 19:49:44,510 - INFO - Image frame_000144.jpg already exists. Skipping...
2024-07-22 19:49:44,510 - INFO - Processing frame /2024_TUYZ_Online_Yarisma_Ana_Oturum_Test_omzseiku_Video/frame_000148.jpg with translation /2024_TUYZ_Online_Yarisma_Ana_Oturum_Test_omzseiku_Video/frame_000148.jpg
2024-07-22 19:49:44,510 - INFO - Image frame_000148.jpg already exists. Skipping...
2024-07-22 19:49:44,510 - INFO - Processing frame /2024_TUYZ_Online_Yarisma_Ana_Oturum_Test_omzseiku_Video/frame_000152.jpg with translation /2024_TUYZ_Online_Yarisma_Ana_Oturum_Test_omzseiku_Video/frame_000152.jpg
2024-07-22 19:49:44,510 - INFO - Image frame_000152.jpg already exists. Skipping...
2024-07-22 19:49:44,510 - INFO - Processing frame /2024_TUYZ_Online_Yarisma_Ana_Oturum_Test_omzseiku_Video/frame_000156.jpg with translation /2024_TUYZ_Online_Yarisma_Ana_Oturum_Test_omzseiku_Video/frame_000156.jpg
2024-07-22 19:49:44,511 - INFO - Image frame_000156.jpg already exists. Skipping...
2024-07-22 19:49:44,511 - INFO - Processing frame /2024_TUYZ_Online_Yarisma_Ana_Oturum_Test_omzseiku_Video/frame_000160.jpg with translation /2024_TUYZ_Online_Yarisma_Ana_Oturum_Test_omzseiku_Video/frame_000160.jpg
2024-07-22 19:49:44,511 - INFO - Image frame_000160.jpg already exists. Skipping...
2024-07-22 19:49:44,511 - INFO - Processing frame /2024_TUYZ_Online_Yarisma_Ana_Oturum_Test_omzseiku_Video/frame_000164.jpg with translation /2024_TUYZ_Online_Yarisma_Ana_Oturum_Test_omzseiku_Video/frame_000164.jpg
2024-07-22 19:49:44,511 - INFO - Image frame_000164.jpg already exists. Skipping...
2024-07-22 19:49:44,511 - INFO - Processing frame /2024_TUYZ_Online_Yarisma_Ana_Oturum_Test_omzseiku_Video/frame_000168.jpg with translation /2024_TUYZ_Online_Yarisma_Ana_Oturum_Test_omzseiku_Video/frame_000168.jpg
2024-07-22 19:49:44,511 - INFO - Image frame_000168.jpg already exists. Skipping...
2024-07-22 19:49:44,512 - INFO - Processing frame /2024_TUYZ_Online_Yarisma_Ana_Oturum_Test_omzseiku_Video/frame_000172.jpg with translation /2024_TUYZ_Online_Yarisma_Ana_Oturum_Test_omzseiku_Video/frame_000172.jpg
2024-07-22 19:49:44,512 - INFO - Image frame_000172.jpg already exists. Skipping...
2024-07-22 19:49:44,512 - INFO - Processing frame /2024_TUYZ_Online_Yarisma_Ana_Oturum_Test_omzseiku_Video/frame_000176.jpg with translation /2024_TUYZ_Online_Yarisma_Ana_Oturum_Test_omzseiku_Video/frame_000176.jpg
2024-07-22 19:49:44,512 - INFO - Image frame_000176.jpg already exists. Skipping...
2024-07-22 19:49:44,512 - INFO - Processing frame /2024_TUYZ_Online_Yarisma_Ana_Oturum_Test_omzseiku_Video/frame_000180.jpg with translation /2024_TUYZ_Online_Yarisma_Ana_Oturum_Test_omzseiku_Video/frame_000180.jpg
2024-07-22 19:49:44,512 - INFO - Image frame_000180.jpg already exists. Skipping...
2024-07-22 19:49:44,512 - INFO - Processing frame /2024_TUYZ_Online_Yarisma_Ana_Oturum_Test_omzseiku_Video/frame_000184.jpg with translation /2024_TUYZ_Online_Yarisma_Ana_Oturum_Test_omzseiku_Video/frame_000184.jpg
2024-07-22 19:49:44,513 - INFO - Image frame_000184.jpg already exists. Skipping...
2024-07-22 19:49:44,513 - INFO - Processing frame /2024_TUYZ_Online_Yarisma_Ana_Oturum_Test_omzseiku_Video/frame_000188.jpg with translation /2024_TUYZ_Online_Yarisma_Ana_Oturum_Test_omzseiku_Video/frame_000188.jpg
2024-07-22 19:49:44,513 - INFO - Image frame_000188.jpg already exists. Skipping...
2024-07-22 19:49:44,513 - INFO - Processing frame /2024_TUYZ_Online_Yarisma_Ana_Oturum_Test_omzseiku_Video/frame_000192.jpg with translation /2024_TUYZ_Online_Yarisma_Ana_Oturum_Test_omzseiku_Video/frame_000192.jpg
2024-07-22 19:49:44,513 - INFO - Image frame_000192.jpg already exists. Skipping...
2024-07-22 19:49:44,513 - INFO - Processing frame /2024_TUYZ_Online_Yarisma_Ana_Oturum_Test_omzseiku_Video/frame_000196.jpg with translation /2024_TUYZ_Online_Yarisma_Ana_Oturum_Test_omzseiku_Video/frame_000196.jpg
2024-07-22 19:49:44,514 - INFO - Image frame_000196.jpg already exists. Skipping...
2024-07-22 19:49:44,514 - INFO - Processing frame /2024_TUYZ_Online_Yarisma_Ana_Oturum_Test_omzseiku_Video/frame_000200.jpg with translation /2024_TUYZ_Online_Yarisma_Ana_Oturum_Test_omzseiku_Video/frame_000200.jpg
2024-07-22 19:49:44,514 - INFO - Image frame_000200.jpg already exists. Skipping...
2024-07-22 19:49:44,514 - INFO - Processing frame /2024_TUYZ_Online_Yarisma_Ana_Oturum_Test_omzseiku_Video/frame_000204.jpg with translation /2024_TUYZ_Online_Yarisma_Ana_Oturum_Test_omzseiku_Video/frame_000204.jpg
2024-07-22 19:49:44,514 - INFO - Image frame_000204.jpg already exists. Skipping...
2024-07-22 19:49:44,514 - INFO - Processing frame /2024_TUYZ_Online_Yarisma_Ana_Oturum_Test_omzseiku_Video/frame_000208.jpg with translation /2024_TUYZ_Online_Yarisma_Ana_Oturum_Test_omzseiku_Video/frame_000208.jpg
2024-07-22 19:49:44,514 - INFO - Image frame_000208.jpg already exists. Skipping...
2024-07-22 19:49:44,514 - INFO - Processing frame /2024_TUYZ_Online_Yarisma_Ana_Oturum_Test_omzseiku_Video/frame_000212.jpg with translation /2024_TUYZ_Online_Yarisma_Ana_Oturum_Test_omzseiku_Video/frame_000212.jpg
2024-07-22 19:49:44,515 - INFO - Image frame_000212.jpg already exists. Skipping...
2024-07-22 19:49:44,515 - INFO - Processing frame /2024_TUYZ_Online_Yarisma_Ana_Oturum_Test_omzseiku_Video/frame_000216.jpg with translation /2024_TUYZ_Online_Yarisma_Ana_Oturum_Test_omzseiku_Video/frame_000216.jpg
2024-07-22 19:49:44,515 - INFO - Image frame_000216.jpg already exists. Skipping...
2024-07-22 19:49:44,515 - INFO - Processing frame /2024_TUYZ_Online_Yarisma_Ana_Oturum_Test_omzseiku_Video/frame_000220.jpg with translation /2024_TUYZ_Online_Yarisma_Ana_Oturum_Test_omzseiku_Video/frame_000220.jpg
2024-07-22 19:49:44,515 - INFO - Image frame_000220.jpg already exists. Skipping...
2024-07-22 19:49:44,515 - INFO - Processing frame /2024_TUYZ_Online_Yarisma_Ana_Oturum_Test_omzseiku_Video/frame_000224.jpg with translation /2024_TUYZ_Online_Yarisma_Ana_Oturum_Test_omzseiku_Video/frame_000224.jpg
2024-07-22 19:49:44,516 - INFO - Image frame_000224.jpg already exists. Skipping...
2024-07-22 19:49:44,516 - INFO - Processing frame /2024_TUYZ_Online_Yarisma_Ana_Oturum_Test_omzseiku_Video/frame_000228.jpg with translation /2024_TUYZ_Online_Yarisma_Ana_Oturum_Test_omzseiku_Video/frame_000228.jpg
2024-07-22 19:49:44,516 - INFO - Image frame_000228.jpg already exists. Skipping...
2024-07-22 19:49:44,516 - INFO - Processing frame /2024_TUYZ_Online_Yarisma_Ana_Oturum_Test_omzseiku_Video/frame_000232.jpg with translation /2024_TUYZ_Online_Yarisma_Ana_Oturum_Test_omzseiku_Video/frame_000232.jpg
2024-07-22 19:49:44,516 - INFO - Image frame_000232.jpg already exists. Skipping...
2024-07-22 19:49:44,516 - INFO - Processing frame /2024_TUYZ_Online_Yarisma_Ana_Oturum_Test_omzseiku_Video/frame_000236.jpg with translation /2024_TUYZ_Online_Yarisma_Ana_Oturum_Test_omzseiku_Video/frame_000236.jpg
2024-07-22 19:49:44,516 - INFO - Image frame_000236.jpg already exists. Skipping...
2024-07-22 19:49:44,517 - INFO - Processing frame /2024_TUYZ_Online_Yarisma_Ana_Oturum_Test_omzseiku_Video/frame_000240.jpg with translation /2024_TUYZ_Online_Yarisma_Ana_Oturum_Test_omzseiku_Video/frame_000240.jpg
2024-07-22 19:49:44,517 - INFO - Downloading image from http://teknofest.cezerirobot.com:1025/media/2024_TUYZ_Online_Yarisma_Ana_Oturum_Test_omzseiku_Video/frame_000240.jpg...
2024-07-22 19:49:45,083 - INFO - Image saved to ./downloaded_frames/frames/2024_TUYZ_Online_Yarisma_Ana_Oturum_Test_omzseiku_Video/frame_000240.jpg
2024-07-22 19:49:51,504 - INFO - Sending prediction for frame http://teknofest.cezerirobot.com/frames/11162/...
2024-07-22 19:49:51,722 - INFO - Prediction sent successfully
2024-07-22 19:49:51,723 - INFO - Total execution time: 7206.54 milliseconds
2024-07-22 19:49:51,723 - INFO - Processing frame /2024_TUYZ_Online_Yarisma_Ana_Oturum_Test_omzseiku_Video/frame_000244.jpg with translation /2024_TUYZ_Online_Yarisma_Ana_Oturum_Test_omzseiku_Video/frame_000244.jpg
2024-07-22 19:49:51,724 - INFO - Downloading image from http://teknofest.cezerirobot.com:1025/media/2024_TUYZ_Online_Yarisma_Ana_Oturum_Test_omzseiku_Video/frame_000244.jpg...
2024-07-22 19:49:52,192 - INFO - Image saved to ./downloaded_frames/frames/2024_TUYZ_Online_Yarisma_Ana_Oturum_Test_omzseiku_Video/frame_000244.jpg
