2024-09-05 11:42:21,296 - INFO - Authentication successful
2024-09-05 11:42:21,296 - INFO - Loading existing data...
2024-09-05 11:42:21,301 - INFO - SUNUCUYLA İLETİŞİM SÜRESİ 0.13 saniye
2024-09-05 11:42:21,301 - INFO - Processing frame /test_oturum/frame_000000.jpg with translation /test_oturum/frame_000000.jpg
2024-09-05 11:42:21,301 - INFO - Image frame_000000.jpg already exists. Skipping...
2024-09-05 11:42:21,301 - INFO - Processing frame /test_oturum/frame_000004.jpg with translation /test_oturum/frame_000004.jpg
2024-09-05 11:42:21,301 - INFO - Image frame_000004.jpg already exists. Skipping...
2024-09-05 11:42:21,301 - INFO - Processing frame /test_oturum/frame_000008.jpg with translation /test_oturum/frame_000008.jpg
2024-09-05 11:42:21,301 - INFO - Image frame_000008.jpg already exists. Skipping...
2024-09-05 11:42:21,301 - INFO - Processing frame /test_oturum/frame_000012.jpg with translation /test_oturum/frame_000012.jpg
2024-09-05 11:42:21,301 - INFO - Image frame_000012.jpg already exists. Skipping...
2024-09-05 11:42:21,301 - INFO - Processing frame /test_oturum/frame_000016.jpg with translation /test_oturum/frame_000016.jpg
2024-09-05 11:42:21,301 - INFO - Image frame_000016.jpg already exists. Skipping...
2024-09-05 11:42:21,301 - INFO - Processing frame /test_oturum/frame_000020.jpg with translation /test_oturum/frame_000020.jpg
2024-09-05 11:42:21,301 - INFO - Image frame_000020.jpg already exists. Skipping...
2024-09-05 11:42:21,301 - INFO - Processing frame /test_oturum/frame_000024.jpg with translation /test_oturum/frame_000024.jpg
2024-09-05 11:42:21,301 - INFO - Image frame_000024.jpg already exists. Skipping...
2024-09-05 11:42:21,301 - INFO - Processing frame /test_oturum/frame_000028.jpg with translation /test_oturum/frame_000028.jpg
2024-09-05 11:42:21,301 - INFO - Image frame_000028.jpg already exists. Skipping...
2024-09-05 11:42:21,301 - INFO - Processing frame /test_oturum/frame_000032.jpg with translation /test_oturum/frame_000032.jpg
2024-09-05 11:42:21,301 - INFO - Image frame_000032.jpg already exists. Skipping...
2024-09-05 11:42:21,301 - INFO - Processing frame /test_oturum/frame_000036.jpg with translation /test_oturum/frame_000036.jpg
2024-09-05 11:42:21,301 - INFO - Image frame_000036.jpg already exists. Skipping...
2024-09-05 11:42:21,301 - INFO - Processing frame /test_oturum/frame_000040.jpg with translation /test_oturum/frame_000040.jpg
2024-09-05 11:42:21,301 - INFO - Image frame_000040.jpg already exists. Skipping...
2024-09-05 11:42:21,301 - INFO - Processing frame /test_oturum/frame_000044.jpg with translation /test_oturum/frame_000044.jpg
2024-09-05 11:42:21,302 - INFO - Image frame_000044.jpg already exists. Skipping...
2024-09-05 11:42:21,302 - INFO - Processing frame /test_oturum/frame_000048.jpg with translation /test_oturum/frame_000048.jpg
2024-09-05 11:42:21,302 - INFO - Image frame_000048.jpg already exists. Skipping...
2024-09-05 11:42:21,302 - INFO - Processing frame /test_oturum/frame_000052.jpg with translation /test_oturum/frame_000052.jpg
2024-09-05 11:42:21,302 - INFO - Image frame_000052.jpg already exists. Skipping...
2024-09-05 11:42:21,302 - INFO - Processing frame /test_oturum/frame_000056.jpg with translation /test_oturum/frame_000056.jpg
2024-09-05 11:42:21,302 - INFO - Image frame_000056.jpg already exists. Skipping...
2024-09-05 11:42:21,302 - INFO - Processing frame /test_oturum/frame_000060.jpg with translation /test_oturum/frame_000060.jpg
2024-09-05 11:42:21,302 - INFO - Image frame_000060.jpg already exists. Skipping...
2024-09-05 11:42:21,302 - INFO - Processing frame /test_oturum/frame_000064.jpg with translation /test_oturum/frame_000064.jpg
2024-09-05 11:42:21,302 - INFO - Image frame_000064.jpg already exists. Skipping...
2024-09-05 11:42:21,302 - INFO - Processing frame /test_oturum/frame_000068.jpg with translation /test_oturum/frame_000068.jpg
2024-09-05 11:42:21,302 - INFO - Image frame_000068.jpg already exists. Skipping...
2024-09-05 11:42:21,302 - INFO - Processing frame /test_oturum/frame_000072.jpg with translation /test_oturum/frame_000072.jpg
2024-09-05 11:42:21,302 - INFO - Image frame_000072.jpg already exists. Skipping...
2024-09-05 11:42:21,302 - INFO - Processing frame /test_oturum/frame_000076.jpg with translation /test_oturum/frame_000076.jpg
2024-09-05 11:42:21,302 - INFO - Image frame_000076.jpg already exists. Skipping...
2024-09-05 11:42:21,302 - INFO - Processing frame /test_oturum/frame_000080.jpg with translation /test_oturum/frame_000080.jpg
2024-09-05 11:42:21,302 - INFO - Image frame_000080.jpg already exists. Skipping...
2024-09-05 11:42:21,302 - INFO - Processing frame /test_oturum/frame_000084.jpg with translation /test_oturum/frame_000084.jpg
2024-09-05 11:42:21,302 - INFO - Image frame_000084.jpg already exists. Skipping...
2024-09-05 11:42:21,302 - INFO - Processing frame /test_oturum/frame_000088.jpg with translation /test_oturum/frame_000088.jpg
2024-09-05 11:42:21,302 - INFO - Image frame_000088.jpg already exists. Skipping...
2024-09-05 11:42:21,302 - INFO - Processing frame /test_oturum/frame_000092.jpg with translation /test_oturum/frame_000092.jpg
2024-09-05 11:42:21,302 - INFO - Image frame_000092.jpg already exists. Skipping...
2024-09-05 11:42:21,302 - INFO - Processing frame /test_oturum/frame_000096.jpg with translation /test_oturum/frame_000096.jpg
2024-09-05 11:42:21,302 - INFO - Image frame_000096.jpg already exists. Skipping...
2024-09-05 11:42:21,302 - INFO - Processing frame /test_oturum/frame_000100.jpg with translation /test_oturum/frame_000100.jpg
2024-09-05 11:42:21,302 - INFO - Image frame_000100.jpg already exists. Skipping...
2024-09-05 11:42:21,302 - INFO - Processing frame /test_oturum/frame_000104.jpg with translation /test_oturum/frame_000104.jpg
2024-09-05 11:42:21,302 - INFO - Image frame_000104.jpg already exists. Skipping...
2024-09-05 11:42:21,302 - INFO - Processing frame /test_oturum/frame_000108.jpg with translation /test_oturum/frame_000108.jpg
2024-09-05 11:42:21,303 - INFO - Image frame_000108.jpg already exists. Skipping...
2024-09-05 11:42:21,303 - INFO - Processing frame /test_oturum/frame_000112.jpg with translation /test_oturum/frame_000112.jpg
2024-09-05 11:42:21,303 - INFO - Image frame_000112.jpg already exists. Skipping...
2024-09-05 11:42:21,303 - INFO - Processing frame /test_oturum/frame_000116.jpg with translation /test_oturum/frame_000116.jpg
2024-09-05 11:42:21,303 - INFO - Image frame_000116.jpg already exists. Skipping...
2024-09-05 11:42:21,303 - INFO - Processing frame /test_oturum/frame_000120.jpg with translation /test_oturum/frame_000120.jpg
2024-09-05 11:42:21,303 - INFO - Image frame_000120.jpg already exists. Skipping...
2024-09-05 11:42:21,303 - INFO - Processing frame /test_oturum/frame_000124.jpg with translation /test_oturum/frame_000124.jpg
2024-09-05 11:42:21,303 - INFO - Image frame_000124.jpg already exists. Skipping...
2024-09-05 11:42:21,303 - INFO - Processing frame /test_oturum/frame_000128.jpg with translation /test_oturum/frame_000128.jpg
2024-09-05 11:42:21,303 - INFO - Image frame_000128.jpg already exists. Skipping...
2024-09-05 11:42:21,303 - INFO - Processing frame /test_oturum/frame_000132.jpg with translation /test_oturum/frame_000132.jpg
2024-09-05 11:42:21,303 - INFO - Image frame_000132.jpg already exists. Skipping...
2024-09-05 11:42:21,303 - INFO - Processing frame /test_oturum/frame_000136.jpg with translation /test_oturum/frame_000136.jpg
2024-09-05 11:42:21,303 - INFO - Image frame_000136.jpg already exists. Skipping...
2024-09-05 11:42:21,303 - INFO - Processing frame /test_oturum/frame_000140.jpg with translation /test_oturum/frame_000140.jpg
2024-09-05 11:42:21,303 - INFO - Image frame_000140.jpg already exists. Skipping...
2024-09-05 11:42:21,303 - INFO - Processing frame /test_oturum/frame_000144.jpg with translation /test_oturum/frame_000144.jpg
2024-09-05 11:42:21,303 - INFO - Image frame_000144.jpg already exists. Skipping...
2024-09-05 11:42:21,303 - INFO - Processing frame /test_oturum/frame_000148.jpg with translation /test_oturum/frame_000148.jpg
2024-09-05 11:42:21,303 - INFO - Image frame_000148.jpg already exists. Skipping...
2024-09-05 11:42:21,303 - INFO - Processing frame /test_oturum/frame_000152.jpg with translation /test_oturum/frame_000152.jpg
2024-09-05 11:42:21,303 - INFO - Image frame_000152.jpg already exists. Skipping...
2024-09-05 11:42:21,303 - INFO - Processing frame /test_oturum/frame_000156.jpg with translation /test_oturum/frame_000156.jpg
2024-09-05 11:42:21,303 - INFO - Image frame_000156.jpg already exists. Skipping...
2024-09-05 11:42:21,303 - INFO - Processing frame /test_oturum/frame_000160.jpg with translation /test_oturum/frame_000160.jpg
2024-09-05 11:42:21,303 - INFO - Image frame_000160.jpg already exists. Skipping...
2024-09-05 11:42:21,303 - INFO - Processing frame /test_oturum/frame_000164.jpg with translation /test_oturum/frame_000164.jpg
2024-09-05 11:42:21,303 - INFO - Image frame_000164.jpg already exists. Skipping...
2024-09-05 11:42:21,303 - INFO - Processing frame /test_oturum/frame_000168.jpg with translation /test_oturum/frame_000168.jpg
2024-09-05 11:42:21,304 - INFO - Image frame_000168.jpg already exists. Skipping...
2024-09-05 11:42:21,304 - INFO - Processing frame /test_oturum/frame_000172.jpg with translation /test_oturum/frame_000172.jpg
2024-09-05 11:42:21,304 - INFO - Image frame_000172.jpg already exists. Skipping...
2024-09-05 11:42:21,304 - INFO - Processing frame /test_oturum/frame_000176.jpg with translation /test_oturum/frame_000176.jpg
2024-09-05 11:42:21,304 - INFO - Image frame_000176.jpg already exists. Skipping...
2024-09-05 11:42:21,304 - INFO - Processing frame /test_oturum/frame_000180.jpg with translation /test_oturum/frame_000180.jpg
2024-09-05 11:42:21,304 - INFO - Image frame_000180.jpg already exists. Skipping...
2024-09-05 11:42:21,304 - INFO - Processing frame /test_oturum/frame_000184.jpg with translation /test_oturum/frame_000184.jpg
2024-09-05 11:42:21,304 - INFO - Image frame_000184.jpg already exists. Skipping...
2024-09-05 11:42:21,304 - INFO - Processing frame /test_oturum/frame_000188.jpg with translation /test_oturum/frame_000188.jpg
2024-09-05 11:42:21,304 - INFO - Image frame_000188.jpg already exists. Skipping...
2024-09-05 11:42:21,304 - INFO - Processing frame /test_oturum/frame_000192.jpg with translation /test_oturum/frame_000192.jpg
2024-09-05 11:42:21,304 - INFO - Image frame_000192.jpg already exists. Skipping...
2024-09-05 11:42:21,304 - INFO - Processing frame /test_oturum/frame_000196.jpg with translation /test_oturum/frame_000196.jpg
2024-09-05 11:42:21,304 - INFO - Image frame_000196.jpg already exists. Skipping...
2024-09-05 11:42:21,304 - INFO - Processing frame /test_oturum/frame_000200.jpg with translation /test_oturum/frame_000200.jpg
2024-09-05 11:42:21,304 - INFO - Image frame_000200.jpg already exists. Skipping...
2024-09-05 11:42:21,304 - INFO - Processing frame /test_oturum/frame_000204.jpg with translation /test_oturum/frame_000204.jpg
2024-09-05 11:42:21,304 - INFO - Image frame_000204.jpg already exists. Skipping...
2024-09-05 11:42:21,304 - INFO - Processing frame /test_oturum/frame_000208.jpg with translation /test_oturum/frame_000208.jpg
2024-09-05 11:42:21,304 - INFO - Image frame_000208.jpg already exists. Skipping...
2024-09-05 11:42:21,304 - INFO - Processing frame /test_oturum/frame_000212.jpg with translation /test_oturum/frame_000212.jpg
2024-09-05 11:42:21,304 - INFO - Image frame_000212.jpg already exists. Skipping...
2024-09-05 11:42:21,304 - INFO - Processing frame /test_oturum/frame_000216.jpg with translation /test_oturum/frame_000216.jpg
2024-09-05 11:42:21,304 - INFO - Image frame_000216.jpg already exists. Skipping...
2024-09-05 11:42:21,304 - INFO - Processing frame /test_oturum/frame_000220.jpg with translation /test_oturum/frame_000220.jpg
2024-09-05 11:42:21,304 - INFO - Image frame_000220.jpg already exists. Skipping...
2024-09-05 11:42:21,304 - INFO - Processing frame /test_oturum/frame_000224.jpg with translation /test_oturum/frame_000224.jpg
2024-09-05 11:42:21,304 - INFO - Image frame_000224.jpg already exists. Skipping...
2024-09-05 11:42:21,304 - INFO - Processing frame /test_oturum/frame_000228.jpg with translation /test_oturum/frame_000228.jpg
2024-09-05 11:42:21,304 - INFO - Image frame_000228.jpg already exists. Skipping...
2024-09-05 11:42:21,304 - INFO - Processing frame /test_oturum/frame_000232.jpg with translation /test_oturum/frame_000232.jpg
2024-09-05 11:42:21,305 - INFO - Image frame_000232.jpg already exists. Skipping...
2024-09-05 11:42:21,305 - INFO - Processing frame /test_oturum/frame_000236.jpg with translation /test_oturum/frame_000236.jpg
2024-09-05 11:42:21,305 - INFO - Image frame_000236.jpg already exists. Skipping...
2024-09-05 11:42:21,305 - INFO - Processing frame /test_oturum/frame_000240.jpg with translation /test_oturum/frame_000240.jpg
2024-09-05 11:42:21,305 - INFO - Image frame_000240.jpg already exists. Skipping...
2024-09-05 11:42:21,305 - INFO - Processing frame /test_oturum/frame_000244.jpg with translation /test_oturum/frame_000244.jpg
2024-09-05 11:42:21,305 - INFO - Image frame_000244.jpg already exists. Skipping...
2024-09-05 11:42:21,305 - INFO - Processing frame /test_oturum/frame_000248.jpg with translation /test_oturum/frame_000248.jpg
2024-09-05 11:42:21,305 - INFO - Image frame_000248.jpg already exists. Skipping...
2024-09-05 11:42:21,305 - INFO - Processing frame /test_oturum/frame_000252.jpg with translation /test_oturum/frame_000252.jpg
2024-09-05 11:42:21,305 - INFO - Image frame_000252.jpg already exists. Skipping...
2024-09-05 11:42:21,305 - INFO - Processing frame /test_oturum/frame_000256.jpg with translation /test_oturum/frame_000256.jpg
2024-09-05 11:42:21,305 - INFO - Image frame_000256.jpg already exists. Skipping...
2024-09-05 11:42:21,305 - INFO - Processing frame /test_oturum/frame_000260.jpg with translation /test_oturum/frame_000260.jpg
2024-09-05 11:42:21,305 - INFO - Image frame_000260.jpg already exists. Skipping...
2024-09-05 11:42:21,305 - INFO - Processing frame /test_oturum/frame_000264.jpg with translation /test_oturum/frame_000264.jpg
2024-09-05 11:42:21,305 - INFO - Image frame_000264.jpg already exists. Skipping...
2024-09-05 11:42:21,305 - INFO - Processing frame /test_oturum/frame_000268.jpg with translation /test_oturum/frame_000268.jpg
2024-09-05 11:42:21,305 - INFO - Image frame_000268.jpg already exists. Skipping...
2024-09-05 11:42:21,305 - INFO - Processing frame /test_oturum/frame_000272.jpg with translation /test_oturum/frame_000272.jpg
2024-09-05 11:42:21,305 - INFO - Image frame_000272.jpg already exists. Skipping...
2024-09-05 11:42:21,305 - INFO - Processing frame /test_oturum/frame_000276.jpg with translation /test_oturum/frame_000276.jpg
2024-09-05 11:42:21,305 - INFO - Image frame_000276.jpg already exists. Skipping...
2024-09-05 11:42:21,305 - INFO - Processing frame /test_oturum/frame_000280.jpg with translation /test_oturum/frame_000280.jpg
2024-09-05 11:42:21,305 - INFO - Image frame_000280.jpg already exists. Skipping...
2024-09-05 11:42:21,305 - INFO - Processing frame /test_oturum/frame_000284.jpg with translation /test_oturum/frame_000284.jpg
2024-09-05 11:42:21,305 - INFO - Image frame_000284.jpg already exists. Skipping...
2024-09-05 11:42:21,305 - INFO - Processing frame /test_oturum/frame_000288.jpg with translation /test_oturum/frame_000288.jpg
2024-09-05 11:42:21,305 - INFO - Image frame_000288.jpg already exists. Skipping...
2024-09-05 11:42:21,305 - INFO - Processing frame /test_oturum/frame_000292.jpg with translation /test_oturum/frame_000292.jpg
2024-09-05 11:42:21,305 - INFO - Image frame_000292.jpg already exists. Skipping...
2024-09-05 11:42:21,305 - INFO - Processing frame /test_oturum/frame_000296.jpg with translation /test_oturum/frame_000296.jpg
2024-09-05 11:42:21,306 - INFO - Image frame_000296.jpg already exists. Skipping...
2024-09-05 11:42:21,306 - INFO - Processing frame /test_oturum/frame_000300.jpg with translation /test_oturum/frame_000300.jpg
2024-09-05 11:42:21,306 - INFO - Image frame_000300.jpg already exists. Skipping...
2024-09-05 11:42:21,306 - INFO - Processing frame /test_oturum/frame_000304.jpg with translation /test_oturum/frame_000304.jpg
2024-09-05 11:42:21,306 - INFO - Image frame_000304.jpg already exists. Skipping...
2024-09-05 11:42:21,306 - INFO - Processing frame /test_oturum/frame_000308.jpg with translation /test_oturum/frame_000308.jpg
2024-09-05 11:42:21,306 - INFO - Image frame_000308.jpg already exists. Skipping...
2024-09-05 11:42:21,306 - INFO - Processing frame /test_oturum/frame_000312.jpg with translation /test_oturum/frame_000312.jpg
2024-09-05 11:42:21,306 - INFO - Image frame_000312.jpg already exists. Skipping...
2024-09-05 11:42:21,306 - INFO - Processing frame /test_oturum/frame_000316.jpg with translation /test_oturum/frame_000316.jpg
2024-09-05 11:42:21,306 - INFO - Image frame_000316.jpg already exists. Skipping...
2024-09-05 11:42:21,306 - INFO - Processing frame /test_oturum/frame_000320.jpg with translation /test_oturum/frame_000320.jpg
2024-09-05 11:42:21,306 - INFO - Image frame_000320.jpg already exists. Skipping...
2024-09-05 11:42:21,306 - INFO - Processing frame /test_oturum/frame_000324.jpg with translation /test_oturum/frame_000324.jpg
2024-09-05 11:42:21,306 - INFO - Image frame_000324.jpg already exists. Skipping...
2024-09-05 11:42:21,306 - INFO - Processing frame /test_oturum/frame_000328.jpg with translation /test_oturum/frame_000328.jpg
2024-09-05 11:42:21,306 - INFO - Image frame_000328.jpg already exists. Skipping...
2024-09-05 11:42:21,306 - INFO - Processing frame /test_oturum/frame_000332.jpg with translation /test_oturum/frame_000332.jpg
2024-09-05 11:42:21,306 - INFO - Image frame_000332.jpg already exists. Skipping...
2024-09-05 11:42:21,306 - INFO - Processing frame /test_oturum/frame_000336.jpg with translation /test_oturum/frame_000336.jpg
2024-09-05 11:42:21,306 - INFO - Image frame_000336.jpg already exists. Skipping...
2024-09-05 11:42:21,306 - INFO - Processing frame /test_oturum/frame_000340.jpg with translation /test_oturum/frame_000340.jpg
2024-09-05 11:42:21,306 - INFO - Image frame_000340.jpg already exists. Skipping...
2024-09-05 11:42:21,306 - INFO - Processing frame /test_oturum/frame_000344.jpg with translation /test_oturum/frame_000344.jpg
2024-09-05 11:42:21,306 - INFO - Image frame_000344.jpg already exists. Skipping...
2024-09-05 11:42:21,306 - INFO - Processing frame /test_oturum/frame_000348.jpg with translation /test_oturum/frame_000348.jpg
2024-09-05 11:42:21,306 - INFO - Image frame_000348.jpg already exists. Skipping...
2024-09-05 11:42:21,306 - INFO - Processing frame /test_oturum/frame_000352.jpg with translation /test_oturum/frame_000352.jpg
2024-09-05 11:42:21,306 - INFO - Image frame_000352.jpg already exists. Skipping...
2024-09-05 11:42:21,306 - INFO - Processing frame /test_oturum/frame_000356.jpg with translation /test_oturum/frame_000356.jpg
2024-09-05 11:42:21,306 - INFO - Image frame_000356.jpg already exists. Skipping...
2024-09-05 11:42:21,307 - INFO - Processing frame /test_oturum/frame_000360.jpg with translation /test_oturum/frame_000360.jpg
2024-09-05 11:42:21,307 - INFO - Image frame_000360.jpg already exists. Skipping...
2024-09-05 11:42:21,307 - INFO - Processing frame /test_oturum/frame_000364.jpg with translation /test_oturum/frame_000364.jpg
2024-09-05 11:42:21,307 - INFO - Image frame_000364.jpg already exists. Skipping...
2024-09-05 11:42:21,307 - INFO - Processing frame /test_oturum/frame_000368.jpg with translation /test_oturum/frame_000368.jpg
2024-09-05 11:42:21,307 - INFO - Image frame_000368.jpg already exists. Skipping...
2024-09-05 11:42:21,307 - INFO - Processing frame /test_oturum/frame_000372.jpg with translation /test_oturum/frame_000372.jpg
2024-09-05 11:42:21,307 - INFO - Image frame_000372.jpg already exists. Skipping...
2024-09-05 11:42:21,307 - INFO - Processing frame /test_oturum/frame_000376.jpg with translation /test_oturum/frame_000376.jpg
2024-09-05 11:42:21,307 - INFO - Image frame_000376.jpg already exists. Skipping...
2024-09-05 11:42:21,307 - INFO - Processing frame /test_oturum/frame_000380.jpg with translation /test_oturum/frame_000380.jpg
2024-09-05 11:42:21,307 - INFO - Image frame_000380.jpg already exists. Skipping...
2024-09-05 11:42:21,307 - INFO - Processing frame /test_oturum/frame_000384.jpg with translation /test_oturum/frame_000384.jpg
2024-09-05 11:42:21,307 - INFO - Image frame_000384.jpg already exists. Skipping...
2024-09-05 11:42:21,307 - INFO - Processing frame /test_oturum/frame_000388.jpg with translation /test_oturum/frame_000388.jpg
2024-09-05 11:42:21,307 - INFO - Image frame_000388.jpg already exists. Skipping...
2024-09-05 11:42:21,307 - INFO - Processing frame /test_oturum/frame_000392.jpg with translation /test_oturum/frame_000392.jpg
2024-09-05 11:42:21,307 - INFO - Image frame_000392.jpg already exists. Skipping...
2024-09-05 11:42:21,307 - INFO - Processing frame /test_oturum/frame_000396.jpg with translation /test_oturum/frame_000396.jpg
2024-09-05 11:42:21,307 - INFO - Image frame_000396.jpg already exists. Skipping...
2024-09-05 11:42:21,307 - INFO - Processing frame /test_oturum/frame_000400.jpg with translation /test_oturum/frame_000400.jpg
2024-09-05 11:42:21,307 - INFO - Image frame_000400.jpg already exists. Skipping...
2024-09-05 11:42:21,307 - INFO - Processing frame /test_oturum/frame_000404.jpg with translation /test_oturum/frame_000404.jpg
2024-09-05 11:42:21,307 - INFO - Image frame_000404.jpg already exists. Skipping...
2024-09-05 11:42:21,307 - INFO - Processing frame /test_oturum/frame_000408.jpg with translation /test_oturum/frame_000408.jpg
2024-09-05 11:42:21,307 - INFO - Image frame_000408.jpg already exists. Skipping...
2024-09-05 11:42:21,307 - INFO - Processing frame /test_oturum/frame_000412.jpg with translation /test_oturum/frame_000412.jpg
2024-09-05 11:42:21,307 - INFO - Image frame_000412.jpg already exists. Skipping...
2024-09-05 11:42:21,307 - INFO - Processing frame /test_oturum/frame_000416.jpg with translation /test_oturum/frame_000416.jpg
2024-09-05 11:42:21,307 - INFO - Image frame_000416.jpg already exists. Skipping...
2024-09-05 11:42:21,307 - INFO - Processing frame /test_oturum/frame_000420.jpg with translation /test_oturum/frame_000420.jpg
2024-09-05 11:42:21,308 - INFO - Image frame_000420.jpg already exists. Skipping...
2024-09-05 11:42:21,308 - INFO - Processing frame /test_oturum/frame_000424.jpg with translation /test_oturum/frame_000424.jpg
2024-09-05 11:42:21,308 - INFO - Image frame_000424.jpg already exists. Skipping...
2024-09-05 11:42:21,308 - INFO - Processing frame /test_oturum/frame_000428.jpg with translation /test_oturum/frame_000428.jpg
2024-09-05 11:42:21,308 - INFO - Image frame_000428.jpg already exists. Skipping...
2024-09-05 11:42:21,308 - INFO - Processing frame /test_oturum/frame_000432.jpg with translation /test_oturum/frame_000432.jpg
2024-09-05 11:42:21,308 - INFO - Image frame_000432.jpg already exists. Skipping...
2024-09-05 11:42:21,308 - INFO - Processing frame /test_oturum/frame_000436.jpg with translation /test_oturum/frame_000436.jpg
2024-09-05 11:42:21,308 - INFO - Image frame_000436.jpg already exists. Skipping...
2024-09-05 11:42:21,308 - INFO - Processing frame /test_oturum/frame_000440.jpg with translation /test_oturum/frame_000440.jpg
2024-09-05 11:42:21,308 - INFO - Image frame_000440.jpg already exists. Skipping...
2024-09-05 11:42:21,308 - INFO - Processing frame /test_oturum/frame_000444.jpg with translation /test_oturum/frame_000444.jpg
2024-09-05 11:42:21,308 - INFO - Image frame_000444.jpg already exists. Skipping...
2024-09-05 11:42:21,308 - INFO - Processing frame /test_oturum/frame_000448.jpg with translation /test_oturum/frame_000448.jpg
2024-09-05 11:42:21,308 - INFO - Image frame_000448.jpg already exists. Skipping...
2024-09-05 11:42:21,308 - INFO - Processing frame /test_oturum/frame_000452.jpg with translation /test_oturum/frame_000452.jpg
2024-09-05 11:42:21,308 - INFO - Image frame_000452.jpg already exists. Skipping...
2024-09-05 11:42:21,308 - INFO - Processing frame /test_oturum/frame_000456.jpg with translation /test_oturum/frame_000456.jpg
2024-09-05 11:42:21,308 - INFO - Image frame_000456.jpg already exists. Skipping...
2024-09-05 11:42:21,308 - INFO - Processing frame /test_oturum/frame_000460.jpg with translation /test_oturum/frame_000460.jpg
2024-09-05 11:42:21,308 - INFO - Image frame_000460.jpg already exists. Skipping...
2024-09-05 11:42:21,308 - INFO - Processing frame /test_oturum/frame_000464.jpg with translation /test_oturum/frame_000464.jpg
2024-09-05 11:42:21,308 - INFO - Image frame_000464.jpg already exists. Skipping...
2024-09-05 11:42:21,308 - INFO - Processing frame /test_oturum/frame_000468.jpg with translation /test_oturum/frame_000468.jpg
2024-09-05 11:42:21,308 - INFO - Image frame_000468.jpg already exists. Skipping...
2024-09-05 11:42:21,308 - INFO - Processing frame /test_oturum/frame_000472.jpg with translation /test_oturum/frame_000472.jpg
2024-09-05 11:42:21,308 - INFO - Image frame_000472.jpg already exists. Skipping...
2024-09-05 11:42:21,308 - INFO - Processing frame /test_oturum/frame_000476.jpg with translation /test_oturum/frame_000476.jpg
2024-09-05 11:42:21,308 - INFO - Image frame_000476.jpg already exists. Skipping...
2024-09-05 11:42:21,308 - INFO - Processing frame /test_oturum/frame_000480.jpg with translation /test_oturum/frame_000480.jpg
2024-09-05 11:42:21,308 - INFO - Image frame_000480.jpg already exists. Skipping...
2024-09-05 11:42:21,309 - INFO - Processing frame /test_oturum/frame_000484.jpg with translation /test_oturum/frame_000484.jpg
2024-09-05 11:42:21,309 - INFO - Image frame_000484.jpg already exists. Skipping...
2024-09-05 11:42:21,309 - INFO - Processing frame /test_oturum/frame_000488.jpg with translation /test_oturum/frame_000488.jpg
2024-09-05 11:42:21,309 - INFO - Image frame_000488.jpg already exists. Skipping...
2024-09-05 11:42:21,309 - INFO - Processing frame /test_oturum/frame_000492.jpg with translation /test_oturum/frame_000492.jpg
2024-09-05 11:42:21,309 - INFO - Image frame_000492.jpg already exists. Skipping...
2024-09-05 11:42:21,309 - INFO - Processing frame /test_oturum/frame_000496.jpg with translation /test_oturum/frame_000496.jpg
2024-09-05 11:42:21,309 - INFO - Image frame_000496.jpg already exists. Skipping...
2024-09-05 11:42:21,309 - INFO - Processing frame /test_oturum/frame_000500.jpg with translation /test_oturum/frame_000500.jpg
2024-09-05 11:42:21,309 - INFO - Image frame_000500.jpg already exists. Skipping...
2024-09-05 11:42:21,309 - INFO - Processing frame /test_oturum/frame_000504.jpg with translation /test_oturum/frame_000504.jpg
2024-09-05 11:42:21,309 - INFO - Image frame_000504.jpg already exists. Skipping...
2024-09-05 11:42:21,309 - INFO - Processing frame /test_oturum/frame_000508.jpg with translation /test_oturum/frame_000508.jpg
2024-09-05 11:42:21,309 - INFO - Image frame_000508.jpg already exists. Skipping...
2024-09-05 11:42:21,309 - INFO - Processing frame /test_oturum/frame_000512.jpg with translation /test_oturum/frame_000512.jpg
2024-09-05 11:42:21,309 - INFO - Image frame_000512.jpg already exists. Skipping...
2024-09-05 11:42:21,309 - INFO - Processing frame /test_oturum/frame_000516.jpg with translation /test_oturum/frame_000516.jpg
2024-09-05 11:42:21,309 - INFO - Image frame_000516.jpg already exists. Skipping...
2024-09-05 11:42:21,309 - INFO - Processing frame /test_oturum/frame_000520.jpg with translation /test_oturum/frame_000520.jpg
2024-09-05 11:42:21,309 - INFO - Image frame_000520.jpg already exists. Skipping...
2024-09-05 11:42:21,309 - INFO - Processing frame /test_oturum/frame_000524.jpg with translation /test_oturum/frame_000524.jpg
2024-09-05 11:42:21,309 - INFO - Image frame_000524.jpg already exists. Skipping...
2024-09-05 11:42:21,309 - INFO - Processing frame /test_oturum/frame_000528.jpg with translation /test_oturum/frame_000528.jpg
2024-09-05 11:42:21,309 - INFO - Image frame_000528.jpg already exists. Skipping...
2024-09-05 11:42:21,309 - INFO - Processing frame /test_oturum/frame_000532.jpg with translation /test_oturum/frame_000532.jpg
2024-09-05 11:42:21,309 - INFO - Image frame_000532.jpg already exists. Skipping...
2024-09-05 11:42:21,309 - INFO - Processing frame /test_oturum/frame_000536.jpg with translation /test_oturum/frame_000536.jpg
2024-09-05 11:42:21,309 - INFO - Image frame_000536.jpg already exists. Skipping...
2024-09-05 11:42:21,309 - INFO - Processing frame /test_oturum/frame_000540.jpg with translation /test_oturum/frame_000540.jpg
2024-09-05 11:42:21,309 - INFO - Image frame_000540.jpg already exists. Skipping...
2024-09-05 11:42:21,309 - INFO - Processing frame /test_oturum/frame_000544.jpg with translation /test_oturum/frame_000544.jpg
2024-09-05 11:42:21,310 - INFO - Image frame_000544.jpg already exists. Skipping...
2024-09-05 11:42:21,310 - INFO - Processing frame /test_oturum/frame_000548.jpg with translation /test_oturum/frame_000548.jpg
2024-09-05 11:42:21,310 - INFO - Image frame_000548.jpg already exists. Skipping...
2024-09-05 11:42:21,310 - INFO - Processing frame /test_oturum/frame_000552.jpg with translation /test_oturum/frame_000552.jpg
2024-09-05 11:42:21,310 - INFO - Image frame_000552.jpg already exists. Skipping...
2024-09-05 11:42:21,310 - INFO - Processing frame /test_oturum/frame_000556.jpg with translation /test_oturum/frame_000556.jpg
2024-09-05 11:42:21,310 - INFO - Image frame_000556.jpg already exists. Skipping...
2024-09-05 11:42:21,310 - INFO - Processing frame /test_oturum/frame_000560.jpg with translation /test_oturum/frame_000560.jpg
2024-09-05 11:42:21,310 - INFO - Image frame_000560.jpg already exists. Skipping...
2024-09-05 11:42:21,310 - INFO - Processing frame /test_oturum/frame_000564.jpg with translation /test_oturum/frame_000564.jpg
2024-09-05 11:42:21,310 - INFO - Image frame_000564.jpg already exists. Skipping...
2024-09-05 11:42:21,310 - INFO - Processing frame /test_oturum/frame_000568.jpg with translation /test_oturum/frame_000568.jpg
2024-09-05 11:42:21,310 - INFO - Image frame_000568.jpg already exists. Skipping...
2024-09-05 11:42:21,310 - INFO - Processing frame /test_oturum/frame_000572.jpg with translation /test_oturum/frame_000572.jpg
2024-09-05 11:42:21,310 - INFO - Image frame_000572.jpg already exists. Skipping...
2024-09-05 11:42:21,310 - INFO - Processing frame /test_oturum/frame_000576.jpg with translation /test_oturum/frame_000576.jpg
2024-09-05 11:42:21,310 - INFO - Image frame_000576.jpg already exists. Skipping...
2024-09-05 11:42:21,310 - INFO - Processing frame /test_oturum/frame_000580.jpg with translation /test_oturum/frame_000580.jpg
2024-09-05 11:42:21,310 - INFO - Image frame_000580.jpg already exists. Skipping...
2024-09-05 11:42:21,310 - INFO - Processing frame /test_oturum/frame_000584.jpg with translation /test_oturum/frame_000584.jpg
2024-09-05 11:42:21,310 - INFO - Image frame_000584.jpg already exists. Skipping...
2024-09-05 11:42:21,310 - INFO - Processing frame /test_oturum/frame_000588.jpg with translation /test_oturum/frame_000588.jpg
2024-09-05 11:42:21,310 - INFO - Image frame_000588.jpg already exists. Skipping...
2024-09-05 11:42:21,310 - INFO - Processing frame /test_oturum/frame_000592.jpg with translation /test_oturum/frame_000592.jpg
2024-09-05 11:42:21,310 - INFO - Image frame_000592.jpg already exists. Skipping...
2024-09-05 11:42:21,310 - INFO - Processing frame /test_oturum/frame_000596.jpg with translation /test_oturum/frame_000596.jpg
2024-09-05 11:42:21,310 - INFO - Image frame_000596.jpg already exists. Skipping...
2024-09-05 11:42:21,310 - INFO - Processing frame /test_oturum/frame_000600.jpg with translation /test_oturum/frame_000600.jpg
2024-09-05 11:42:21,310 - INFO - Image frame_000600.jpg already exists. Skipping...
2024-09-05 11:42:21,310 - INFO - Processing frame /test_oturum/frame_000604.jpg with translation /test_oturum/frame_000604.jpg
2024-09-05 11:42:21,310 - INFO - Image frame_000604.jpg already exists. Skipping...
2024-09-05 11:42:21,310 - INFO - Processing frame /test_oturum/frame_000608.jpg with translation /test_oturum/frame_000608.jpg
2024-09-05 11:42:21,311 - INFO - Image frame_000608.jpg already exists. Skipping...
2024-09-05 11:42:21,311 - INFO - Processing frame /test_oturum/frame_000612.jpg with translation /test_oturum/frame_000612.jpg
2024-09-05 11:42:21,311 - INFO - Image frame_000612.jpg already exists. Skipping...
2024-09-05 11:42:21,311 - INFO - Processing frame /test_oturum/frame_000616.jpg with translation /test_oturum/frame_000616.jpg
2024-09-05 11:42:21,311 - INFO - Image frame_000616.jpg already exists. Skipping...
2024-09-05 11:42:21,311 - INFO - Processing frame /test_oturum/frame_000620.jpg with translation /test_oturum/frame_000620.jpg
2024-09-05 11:42:21,311 - INFO - Image frame_000620.jpg already exists. Skipping...
2024-09-05 11:42:21,311 - INFO - Processing frame /test_oturum/frame_000624.jpg with translation /test_oturum/frame_000624.jpg
2024-09-05 11:42:21,311 - INFO - Image frame_000624.jpg already exists. Skipping...
2024-09-05 11:42:21,311 - INFO - Processing frame /test_oturum/frame_000628.jpg with translation /test_oturum/frame_000628.jpg
2024-09-05 11:42:21,311 - INFO - Image frame_000628.jpg already exists. Skipping...
2024-09-05 11:42:21,311 - INFO - Processing frame /test_oturum/frame_000632.jpg with translation /test_oturum/frame_000632.jpg
2024-09-05 11:42:21,311 - INFO - Image frame_000632.jpg already exists. Skipping...
2024-09-05 11:42:21,311 - INFO - Processing frame /test_oturum/frame_000636.jpg with translation /test_oturum/frame_000636.jpg
2024-09-05 11:42:21,311 - INFO - Image frame_000636.jpg already exists. Skipping...
2024-09-05 11:42:21,311 - INFO - Processing frame /test_oturum/frame_000640.jpg with translation /test_oturum/frame_000640.jpg
2024-09-05 11:42:21,311 - INFO - Image frame_000640.jpg already exists. Skipping...
2024-09-05 11:42:21,311 - INFO - Processing frame /test_oturum/frame_000644.jpg with translation /test_oturum/frame_000644.jpg
2024-09-05 11:42:21,311 - INFO - Image frame_000644.jpg already exists. Skipping...
2024-09-05 11:42:21,311 - INFO - Processing frame /test_oturum/frame_000648.jpg with translation /test_oturum/frame_000648.jpg
2024-09-05 11:42:21,311 - INFO - Image frame_000648.jpg already exists. Skipping...
2024-09-05 11:42:21,311 - INFO - Processing frame /test_oturum/frame_000652.jpg with translation /test_oturum/frame_000652.jpg
2024-09-05 11:42:21,311 - INFO - Image frame_000652.jpg already exists. Skipping...
2024-09-05 11:42:21,311 - INFO - Processing frame /test_oturum/frame_000656.jpg with translation /test_oturum/frame_000656.jpg
2024-09-05 11:42:21,311 - INFO - Image frame_000656.jpg already exists. Skipping...
2024-09-05 11:42:21,311 - INFO - Processing frame /test_oturum/frame_000660.jpg with translation /test_oturum/frame_000660.jpg
2024-09-05 11:42:21,311 - INFO - Image frame_000660.jpg already exists. Skipping...
2024-09-05 11:42:21,311 - INFO - Processing frame /test_oturum/frame_000664.jpg with translation /test_oturum/frame_000664.jpg
2024-09-05 11:42:21,312 - INFO - Image frame_000664.jpg already exists. Skipping...
2024-09-05 11:42:21,312 - INFO - Processing frame /test_oturum/frame_000668.jpg with translation /test_oturum/frame_000668.jpg
2024-09-05 11:42:21,312 - INFO - Image frame_000668.jpg already exists. Skipping...
2024-09-05 11:42:21,312 - INFO - Processing frame /test_oturum/frame_000672.jpg with translation /test_oturum/frame_000672.jpg
2024-09-05 11:42:21,312 - INFO - Image frame_000672.jpg already exists. Skipping...
2024-09-05 11:42:21,312 - INFO - Processing frame /test_oturum/frame_000676.jpg with translation /test_oturum/frame_000676.jpg
2024-09-05 11:42:21,312 - INFO - Image frame_000676.jpg already exists. Skipping...
2024-09-05 11:42:21,312 - INFO - Processing frame /test_oturum/frame_000680.jpg with translation /test_oturum/frame_000680.jpg
2024-09-05 11:42:21,312 - INFO - Image frame_000680.jpg already exists. Skipping...
2024-09-05 11:42:21,312 - INFO - Processing frame /test_oturum/frame_000684.jpg with translation /test_oturum/frame_000684.jpg
2024-09-05 11:42:21,312 - INFO - Image frame_000684.jpg already exists. Skipping...
2024-09-05 11:42:21,312 - INFO - Processing frame /test_oturum/frame_000688.jpg with translation /test_oturum/frame_000688.jpg
2024-09-05 11:42:21,312 - INFO - Image frame_000688.jpg already exists. Skipping...
2024-09-05 11:42:21,312 - INFO - Processing frame /test_oturum/frame_000692.jpg with translation /test_oturum/frame_000692.jpg
2024-09-05 11:42:21,312 - INFO - Image frame_000692.jpg already exists. Skipping...
2024-09-05 11:42:21,312 - INFO - Processing frame /test_oturum/frame_000696.jpg with translation /test_oturum/frame_000696.jpg
2024-09-05 11:42:21,312 - INFO - Image frame_000696.jpg already exists. Skipping...
2024-09-05 11:42:21,312 - INFO - Processing frame /test_oturum/frame_000700.jpg with translation /test_oturum/frame_000700.jpg
2024-09-05 11:42:21,312 - INFO - Image frame_000700.jpg already exists. Skipping...
2024-09-05 11:42:21,312 - INFO - Processing frame /test_oturum/frame_000704.jpg with translation /test_oturum/frame_000704.jpg
2024-09-05 11:42:21,312 - INFO - Image frame_000704.jpg already exists. Skipping...
2024-09-05 11:42:21,312 - INFO - Processing frame /test_oturum/frame_000708.jpg with translation /test_oturum/frame_000708.jpg
2024-09-05 11:42:21,312 - INFO - Image frame_000708.jpg already exists. Skipping...
2024-09-05 11:42:21,312 - INFO - Processing frame /test_oturum/frame_000712.jpg with translation /test_oturum/frame_000712.jpg
2024-09-05 11:42:21,312 - INFO - Image frame_000712.jpg already exists. Skipping...
2024-09-05 11:42:21,312 - INFO - Processing frame /test_oturum/frame_000716.jpg with translation /test_oturum/frame_000716.jpg
2024-09-05 11:42:21,312 - INFO - Image frame_000716.jpg already exists. Skipping...
2024-09-05 11:42:21,312 - INFO - Processing frame /test_oturum/frame_000720.jpg with translation /test_oturum/frame_000720.jpg
2024-09-05 11:42:21,312 - INFO - Image frame_000720.jpg already exists. Skipping...
2024-09-05 11:42:21,312 - INFO - Processing frame /test_oturum/frame_000724.jpg with translation /test_oturum/frame_000724.jpg
2024-09-05 11:42:21,312 - INFO - Image frame_000724.jpg already exists. Skipping...
2024-09-05 11:42:21,312 - INFO - Processing frame /test_oturum/frame_000728.jpg with translation /test_oturum/frame_000728.jpg
2024-09-05 11:42:21,313 - INFO - Image frame_000728.jpg already exists. Skipping...
2024-09-05 11:42:21,313 - INFO - Processing frame /test_oturum/frame_000732.jpg with translation /test_oturum/frame_000732.jpg
2024-09-05 11:42:21,313 - INFO - Image frame_000732.jpg already exists. Skipping...
2024-09-05 11:42:21,313 - INFO - Processing frame /test_oturum/frame_000736.jpg with translation /test_oturum/frame_000736.jpg
2024-09-05 11:42:21,313 - INFO - Image frame_000736.jpg already exists. Skipping...
2024-09-05 11:42:21,313 - INFO - Processing frame /test_oturum/frame_000740.jpg with translation /test_oturum/frame_000740.jpg
2024-09-05 11:42:21,313 - INFO - Image frame_000740.jpg already exists. Skipping...
2024-09-05 11:42:21,313 - INFO - Processing frame /test_oturum/frame_000744.jpg with translation /test_oturum/frame_000744.jpg
2024-09-05 11:42:21,313 - INFO - Image frame_000744.jpg already exists. Skipping...
2024-09-05 11:42:21,313 - INFO - Processing frame /test_oturum/frame_000748.jpg with translation /test_oturum/frame_000748.jpg
2024-09-05 11:42:21,313 - INFO - Image frame_000748.jpg already exists. Skipping...
2024-09-05 11:42:21,313 - INFO - Processing frame /test_oturum/frame_000752.jpg with translation /test_oturum/frame_000752.jpg
2024-09-05 11:42:21,313 - INFO - Image frame_000752.jpg already exists. Skipping...
2024-09-05 11:42:21,313 - INFO - Processing frame /test_oturum/frame_000756.jpg with translation /test_oturum/frame_000756.jpg
2024-09-05 11:42:21,313 - INFO - Image frame_000756.jpg already exists. Skipping...
2024-09-05 11:42:21,313 - INFO - Processing frame /test_oturum/frame_000760.jpg with translation /test_oturum/frame_000760.jpg
2024-09-05 11:42:21,313 - INFO - Image frame_000760.jpg already exists. Skipping...
2024-09-05 11:42:21,313 - INFO - Processing frame /test_oturum/frame_000764.jpg with translation /test_oturum/frame_000764.jpg
2024-09-05 11:42:21,313 - INFO - Image frame_000764.jpg already exists. Skipping...
2024-09-05 11:42:21,313 - INFO - Processing frame /test_oturum/frame_000768.jpg with translation /test_oturum/frame_000768.jpg
2024-09-05 11:42:21,313 - INFO - Image frame_000768.jpg already exists. Skipping...
2024-09-05 11:42:21,313 - INFO - Processing frame /test_oturum/frame_000772.jpg with translation /test_oturum/frame_000772.jpg
2024-09-05 11:42:21,313 - INFO - Image frame_000772.jpg already exists. Skipping...
2024-09-05 11:42:21,313 - INFO - Processing frame /test_oturum/frame_000776.jpg with translation /test_oturum/frame_000776.jpg
2024-09-05 11:42:21,313 - INFO - Image frame_000776.jpg already exists. Skipping...
2024-09-05 11:42:21,313 - INFO - Processing frame /test_oturum/frame_000780.jpg with translation /test_oturum/frame_000780.jpg
2024-09-05 11:42:21,313 - INFO - Image frame_000780.jpg already exists. Skipping...
2024-09-05 11:42:21,313 - INFO - Processing frame /test_oturum/frame_000784.jpg with translation /test_oturum/frame_000784.jpg
2024-09-05 11:42:21,313 - INFO - Image frame_000784.jpg already exists. Skipping...
2024-09-05 11:42:21,313 - INFO - Processing frame /test_oturum/frame_000788.jpg with translation /test_oturum/frame_000788.jpg
2024-09-05 11:42:21,313 - INFO - Image frame_000788.jpg already exists. Skipping...
2024-09-05 11:42:21,313 - INFO - Processing frame /test_oturum/frame_000792.jpg with translation /test_oturum/frame_000792.jpg
2024-09-05 11:42:21,314 - INFO - Image frame_000792.jpg already exists. Skipping...
2024-09-05 11:42:21,314 - INFO - Processing frame /test_oturum/frame_000796.jpg with translation /test_oturum/frame_000796.jpg
2024-09-05 11:42:21,314 - INFO - Image frame_000796.jpg already exists. Skipping...
2024-09-05 11:42:21,314 - INFO - Processing frame /test_oturum/frame_000800.jpg with translation /test_oturum/frame_000800.jpg
2024-09-05 11:42:21,314 - INFO - Image frame_000800.jpg already exists. Skipping...
2024-09-05 11:42:21,314 - INFO - Processing frame /test_oturum/frame_000804.jpg with translation /test_oturum/frame_000804.jpg
2024-09-05 11:42:21,314 - INFO - Image frame_000804.jpg already exists. Skipping...
2024-09-05 11:42:21,314 - INFO - Processing frame /test_oturum/frame_000808.jpg with translation /test_oturum/frame_000808.jpg
2024-09-05 11:42:21,314 - INFO - Image frame_000808.jpg already exists. Skipping...
2024-09-05 11:42:21,314 - INFO - Processing frame /test_oturum/frame_000812.jpg with translation /test_oturum/frame_000812.jpg
2024-09-05 11:42:21,314 - INFO - Image frame_000812.jpg already exists. Skipping...
2024-09-05 11:42:21,314 - INFO - Processing frame /test_oturum/frame_000816.jpg with translation /test_oturum/frame_000816.jpg
2024-09-05 11:42:21,314 - INFO - Image frame_000816.jpg already exists. Skipping...
2024-09-05 11:42:21,314 - INFO - Processing frame /test_oturum/frame_000820.jpg with translation /test_oturum/frame_000820.jpg
2024-09-05 11:42:21,314 - INFO - Image frame_000820.jpg already exists. Skipping...
2024-09-05 11:42:21,314 - INFO - Processing frame /test_oturum/frame_000824.jpg with translation /test_oturum/frame_000824.jpg
2024-09-05 11:42:21,314 - INFO - Image frame_000824.jpg already exists. Skipping...
2024-09-05 11:42:21,314 - INFO - Processing frame /test_oturum/frame_000828.jpg with translation /test_oturum/frame_000828.jpg
2024-09-05 11:42:21,314 - INFO - Image frame_000828.jpg already exists. Skipping...
2024-09-05 11:42:21,314 - INFO - Processing frame /test_oturum/frame_000832.jpg with translation /test_oturum/frame_000832.jpg
2024-09-05 11:42:21,314 - INFO - Image frame_000832.jpg already exists. Skipping...
2024-09-05 11:42:21,314 - INFO - Processing frame /test_oturum/frame_000836.jpg with translation /test_oturum/frame_000836.jpg
2024-09-05 11:42:21,314 - INFO - Image frame_000836.jpg already exists. Skipping...
2024-09-05 11:42:21,314 - INFO - Processing frame /test_oturum/frame_000840.jpg with translation /test_oturum/frame_000840.jpg
2024-09-05 11:42:21,314 - INFO - Image frame_000840.jpg already exists. Skipping...
2024-09-05 11:42:21,314 - INFO - Processing frame /test_oturum/frame_000844.jpg with translation /test_oturum/frame_000844.jpg
2024-09-05 11:42:21,314 - INFO - Image frame_000844.jpg already exists. Skipping...
2024-09-05 11:42:21,314 - INFO - Processing frame /test_oturum/frame_000848.jpg with translation /test_oturum/frame_000848.jpg
2024-09-05 11:42:21,314 - INFO - Image frame_000848.jpg already exists. Skipping...
2024-09-05 11:42:21,314 - INFO - Processing frame /test_oturum/frame_000852.jpg with translation /test_oturum/frame_000852.jpg
2024-09-05 11:42:21,314 - INFO - Image frame_000852.jpg already exists. Skipping...
2024-09-05 11:42:21,315 - INFO - Processing frame /test_oturum/frame_000856.jpg with translation /test_oturum/frame_000856.jpg
2024-09-05 11:42:21,315 - INFO - Image frame_000856.jpg already exists. Skipping...
2024-09-05 11:42:21,315 - INFO - Processing frame /test_oturum/frame_000860.jpg with translation /test_oturum/frame_000860.jpg
2024-09-05 11:42:21,315 - INFO - Image frame_000860.jpg already exists. Skipping...
2024-09-05 11:42:21,315 - INFO - Processing frame /test_oturum/frame_000864.jpg with translation /test_oturum/frame_000864.jpg
2024-09-05 11:42:21,315 - INFO - Image frame_000864.jpg already exists. Skipping...
2024-09-05 11:42:21,315 - INFO - Processing frame /test_oturum/frame_000868.jpg with translation /test_oturum/frame_000868.jpg
2024-09-05 11:42:21,315 - INFO - Downloading image from http://10.10.10.98:1025/media/test_oturum/frame_000868.jpg...
2024-09-05 11:42:21,368 - INFO - Image saved to ./downloaded_frames/frames/test_oturum/frame_000868.jpg
2024-09-05 11:42:25,794 - INFO - Sending prediction for frame http://10.10.10.98/frames/50611/...
2024-09-05 11:42:25,811 - INFO - Prediction sent successfully
2024-09-05 11:42:25,811 - INFO - Total execution time: 4496.51 milliseconds
2024-09-05 11:42:25,811 - INFO - Processing frame /test_oturum/frame_000872.jpg with translation /test_oturum/frame_000872.jpg
2024-09-05 11:42:25,811 - INFO - Downloading image from http://10.10.10.98:1025/media/test_oturum/frame_000872.jpg...
2024-09-05 11:42:25,854 - INFO - Image saved to ./downloaded_frames/frames/test_oturum/frame_000872.jpg
2024-09-05 11:42:26,248 - INFO - Sending prediction for frame http://10.10.10.98/frames/50612/...
2024-09-05 11:42:26,269 - INFO - Prediction sent successfully
2024-09-05 11:42:26,270 - INFO - Total execution time: 458.22 milliseconds
2024-09-05 11:42:26,270 - INFO - Processing frame /test_oturum/frame_000876.jpg with translation /test_oturum/frame_000876.jpg
2024-09-05 11:42:26,270 - INFO - Downloading image from http://10.10.10.98:1025/media/test_oturum/frame_000876.jpg...
2024-09-05 11:42:26,313 - INFO - Image saved to ./downloaded_frames/frames/test_oturum/frame_000876.jpg
2024-09-05 11:42:26,702 - INFO - Sending prediction for frame http://10.10.10.98/frames/50613/...
2024-09-05 11:42:26,722 - INFO - Prediction sent successfully
2024-09-05 11:42:26,722 - INFO - Total execution time: 452.47 milliseconds
2024-09-05 11:42:26,722 - INFO - Processing frame /test_oturum/frame_000880.jpg with translation /test_oturum/frame_000880.jpg
2024-09-05 11:42:26,722 - INFO - Downloading image from http://10.10.10.98:1025/media/test_oturum/frame_000880.jpg...
2024-09-05 11:42:26,769 - INFO - Image saved to ./downloaded_frames/frames/test_oturum/frame_000880.jpg
2024-09-05 11:42:27,162 - INFO - Sending prediction for frame http://10.10.10.98/frames/50614/...
2024-09-05 11:42:27,185 - INFO - Prediction sent successfully
2024-09-05 11:42:27,185 - INFO - Total execution time: 462.44 milliseconds
2024-09-05 11:42:27,185 - INFO - Processing frame /test_oturum/frame_000884.jpg with translation /test_oturum/frame_000884.jpg
2024-09-05 11:42:27,185 - INFO - Downloading image from http://10.10.10.98:1025/media/test_oturum/frame_000884.jpg...
2024-09-05 11:42:27,234 - INFO - Image saved to ./downloaded_frames/frames/test_oturum/frame_000884.jpg
2024-09-05 11:42:27,627 - INFO - Sending prediction for frame http://10.10.10.98/frames/50615/...
2024-09-05 11:42:27,651 - INFO - Prediction sent successfully
2024-09-05 11:42:27,651 - INFO - Total execution time: 466.66 milliseconds
2024-09-05 11:42:27,652 - INFO - Processing frame /test_oturum/frame_000888.jpg with translation /test_oturum/frame_000888.jpg
2024-09-05 11:42:27,652 - INFO - Downloading image from http://10.10.10.98:1025/media/test_oturum/frame_000888.jpg...
2024-09-05 11:42:27,697 - INFO - Image saved to ./downloaded_frames/frames/test_oturum/frame_000888.jpg
2024-09-05 11:42:28,090 - INFO - Sending prediction for frame http://10.10.10.98/frames/50616/...
2024-09-05 11:42:28,113 - INFO - Prediction sent successfully
2024-09-05 11:42:28,113 - INFO - Total execution time: 461.90 milliseconds
2024-09-05 11:42:28,114 - INFO - Processing frame /test_oturum/frame_000892.jpg with translation /test_oturum/frame_000892.jpg
2024-09-05 11:42:28,114 - INFO - Downloading image from http://10.10.10.98:1025/media/test_oturum/frame_000892.jpg...
2024-09-05 11:42:28,174 - INFO - Image saved to ./downloaded_frames/frames/test_oturum/frame_000892.jpg
2024-09-05 11:42:28,572 - INFO - Sending prediction for frame http://10.10.10.98/frames/50617/...
2024-09-05 11:42:28,594 - INFO - Prediction sent successfully
2024-09-05 11:42:28,594 - INFO - Total execution time: 480.74 milliseconds
2024-09-05 11:42:28,594 - INFO - Processing frame /test_oturum/frame_000896.jpg with translation /test_oturum/frame_000896.jpg
2024-09-05 11:42:28,594 - INFO - Downloading image from http://10.10.10.98:1025/media/test_oturum/frame_000896.jpg...
2024-09-05 11:42:28,647 - INFO - Image saved to ./downloaded_frames/frames/test_oturum/frame_000896.jpg
2024-09-05 11:42:29,046 - INFO - Sending prediction for frame http://10.10.10.98/frames/50618/...
2024-09-05 11:42:29,067 - INFO - Prediction sent successfully
2024-09-05 11:42:29,067 - INFO - Total execution time: 472.77 milliseconds
2024-09-05 11:42:29,067 - INFO - Processing frame /test_oturum/frame_000900.jpg with translation /test_oturum/frame_000900.jpg
2024-09-05 11:42:29,067 - INFO - Downloading image from http://10.10.10.98:1025/media/test_oturum/frame_000900.jpg...
2024-09-05 11:42:29,123 - INFO - Image saved to ./downloaded_frames/frames/test_oturum/frame_000900.jpg
2024-09-05 11:42:29,531 - INFO - Sending prediction for frame http://10.10.10.98/frames/50619/...
2024-09-05 11:42:29,552 - INFO - Prediction sent successfully
2024-09-05 11:42:29,552 - INFO - Total execution time: 485.05 milliseconds
2024-09-05 11:42:29,552 - INFO - Processing frame /test_oturum/frame_000904.jpg with translation /test_oturum/frame_000904.jpg
2024-09-05 11:42:29,552 - INFO - Downloading image from http://10.10.10.98:1025/media/test_oturum/frame_000904.jpg...
2024-09-05 11:42:29,596 - INFO - Image saved to ./downloaded_frames/frames/test_oturum/frame_000904.jpg
2024-09-05 11:42:29,993 - INFO - Sending prediction for frame http://10.10.10.98/frames/50620/...
2024-09-05 11:42:30,018 - INFO - Prediction sent successfully
2024-09-05 11:42:30,019 - INFO - Total execution time: 466.26 milliseconds
2024-09-05 11:42:30,019 - INFO - Processing frame /test_oturum/frame_000908.jpg with translation /test_oturum/frame_000908.jpg
2024-09-05 11:42:30,019 - INFO - Downloading image from http://10.10.10.98:1025/media/test_oturum/frame_000908.jpg...
2024-09-05 11:42:30,089 - INFO - Image saved to ./downloaded_frames/frames/test_oturum/frame_000908.jpg
2024-09-05 11:42:30,485 - INFO - Sending prediction for frame http://10.10.10.98/frames/50621/...
2024-09-05 11:42:30,504 - INFO - Prediction sent successfully
2024-09-05 11:42:30,504 - INFO - Total execution time: 485.05 milliseconds
2024-09-05 11:42:30,504 - INFO - Processing frame /test_oturum/frame_000912.jpg with translation /test_oturum/frame_000912.jpg
2024-09-05 11:42:30,504 - INFO - Downloading image from http://10.10.10.98:1025/media/test_oturum/frame_000912.jpg...
2024-09-05 11:42:30,555 - INFO - Image saved to ./downloaded_frames/frames/test_oturum/frame_000912.jpg
2024-09-05 11:42:30,950 - INFO - Sending prediction for frame http://10.10.10.98/frames/50622/...
2024-09-05 11:42:30,976 - INFO - Prediction sent successfully
2024-09-05 11:42:30,976 - INFO - Total execution time: 471.98 milliseconds
2024-09-05 11:42:30,976 - INFO - Processing frame /test_oturum/frame_000916.jpg with translation /test_oturum/frame_000916.jpg
2024-09-05 11:42:30,976 - INFO - Downloading image from http://10.10.10.98:1025/media/test_oturum/frame_000916.jpg...
2024-09-05 11:42:31,038 - INFO - Image saved to ./downloaded_frames/frames/test_oturum/frame_000916.jpg
2024-09-05 11:42:31,436 - INFO - Sending prediction for frame http://10.10.10.98/frames/50623/...
2024-09-05 11:42:31,461 - INFO - Prediction sent successfully
2024-09-05 11:42:31,461 - INFO - Total execution time: 485.08 milliseconds
2024-09-05 11:42:31,461 - INFO - Processing frame /test_oturum/frame_000920.jpg with translation /test_oturum/frame_000920.jpg
2024-09-05 11:42:31,461 - INFO - Downloading image from http://10.10.10.98:1025/media/test_oturum/frame_000920.jpg...
2024-09-05 11:42:31,514 - INFO - Image saved to ./downloaded_frames/frames/test_oturum/frame_000920.jpg
2024-09-05 11:42:31,913 - INFO - Sending prediction for frame http://10.10.10.98/frames/50624/...
2024-09-05 11:42:31,930 - INFO - Prediction sent successfully
2024-09-05 11:42:31,931 - INFO - Total execution time: 469.36 milliseconds
2024-09-05 11:42:31,931 - INFO - Processing frame /test_oturum/frame_000924.jpg with translation /test_oturum/frame_000924.jpg
2024-09-05 11:42:31,931 - INFO - Downloading image from http://10.10.10.98:1025/media/test_oturum/frame_000924.jpg...
2024-09-05 11:42:31,998 - INFO - Image saved to ./downloaded_frames/frames/test_oturum/frame_000924.jpg
2024-09-05 11:42:32,396 - INFO - Sending prediction for frame http://10.10.10.98/frames/50625/...
2024-09-05 11:42:32,417 - INFO - Prediction sent successfully
2024-09-05 11:42:32,418 - INFO - Total execution time: 487.00 milliseconds
2024-09-05 11:42:32,418 - INFO - Processing frame /test_oturum/frame_000928.jpg with translation /test_oturum/frame_000928.jpg
2024-09-05 11:42:32,418 - INFO - Downloading image from http://10.10.10.98:1025/media/test_oturum/frame_000928.jpg...
2024-09-05 11:42:32,496 - INFO - Image saved to ./downloaded_frames/frames/test_oturum/frame_000928.jpg
2024-09-05 11:42:32,896 - INFO - Sending prediction for frame http://10.10.10.98/frames/50626/...
2024-09-05 11:42:32,921 - INFO - Prediction sent successfully
2024-09-05 11:42:32,921 - INFO - Total execution time: 503.54 milliseconds
2024-09-05 11:42:32,921 - INFO - Processing frame /test_oturum/frame_000932.jpg with translation /test_oturum/frame_000932.jpg
2024-09-05 11:42:32,921 - INFO - Downloading image from http://10.10.10.98:1025/media/test_oturum/frame_000932.jpg...
2024-09-05 11:42:32,982 - INFO - Image saved to ./downloaded_frames/frames/test_oturum/frame_000932.jpg
2024-09-05 11:42:33,385 - INFO - Sending prediction for frame http://10.10.10.98/frames/50627/...
2024-09-05 11:42:33,406 - INFO - Prediction sent successfully
2024-09-05 11:42:33,406 - INFO - Total execution time: 484.44 milliseconds
2024-09-05 11:42:33,406 - INFO - Processing frame /test_oturum/frame_000936.jpg with translation /test_oturum/frame_000936.jpg
2024-09-05 11:42:33,406 - INFO - Downloading image from http://10.10.10.98:1025/media/test_oturum/frame_000936.jpg...
2024-09-05 11:42:33,468 - INFO - Image saved to ./downloaded_frames/frames/test_oturum/frame_000936.jpg
2024-09-05 11:42:33,871 - INFO - Sending prediction for frame http://10.10.10.98/frames/50628/...
2024-09-05 11:42:33,895 - INFO - Prediction sent successfully
2024-09-05 11:42:33,896 - INFO - Total execution time: 489.55 milliseconds
2024-09-05 11:42:33,896 - INFO - Processing frame /test_oturum/frame_000940.jpg with translation /test_oturum/frame_000940.jpg
2024-09-05 11:42:33,896 - INFO - Downloading image from http://10.10.10.98:1025/media/test_oturum/frame_000940.jpg...
2024-09-05 11:42:33,969 - INFO - Image saved to ./downloaded_frames/frames/test_oturum/frame_000940.jpg
2024-09-05 11:42:34,374 - INFO - Sending prediction for frame http://10.10.10.98/frames/50629/...
2024-09-05 11:42:34,394 - INFO - Prediction sent successfully
2024-09-05 11:42:34,395 - INFO - Total execution time: 499.00 milliseconds
2024-09-05 11:42:34,395 - INFO - Processing frame /test_oturum/frame_000944.jpg with translation /test_oturum/frame_000944.jpg
2024-09-05 11:42:34,395 - INFO - Downloading image from http://10.10.10.98:1025/media/test_oturum/frame_000944.jpg...
