2024-07-22 19:55:15,515 - INFO - Authentication successful
2024-07-22 19:55:15,516 - INFO - Loading existing data...
2024-07-22 19:55:15,529 - INFO - SUNUCUYLA ÝLETÝÞÝM SÜRESÝ 0.40 saniye
2024-07-22 19:55:15,529 - INFO - Processing frame /2024_TUYZ_Online_Yarisma_Ana_Oturum_Test_omzseiku_Video/frame_000000.jpg with translation /2024_TUYZ_Online_Yarisma_Ana_Oturum_Test_omzseiku_Video/frame_000000.jpg
2024-07-22 19:55:15,530 - INFO - Image frame_000000.jpg already exists. Skipping...
2024-07-22 19:55:15,530 - INFO - Processing frame /2024_TUYZ_Online_Yarisma_Ana_Oturum_Test_omzseiku_Video/frame_000004.jpg with translation /2024_TUYZ_Online_Yarisma_Ana_Oturum_Test_omzseiku_Video/frame_000004.jpg
2024-07-22 19:55:15,532 - INFO - Image frame_000004.jpg already exists. Skipping...
2024-07-22 19:55:15,532 - INFO - Processing frame /2024_TUYZ_Online_Yarisma_Ana_Oturum_Test_omzseiku_Video/frame_000008.jpg with translation /2024_TUYZ_Online_Yarisma_Ana_Oturum_Test_omzseiku_Video/frame_000008.jpg
2024-07-22 19:55:15,532 - INFO - Image frame_000008.jpg already exists. Skipping...
2024-07-22 19:55:15,532 - INFO - Processing frame /2024_TUYZ_Online_Yarisma_Ana_Oturum_Test_omzseiku_Video/frame_000012.jpg with translation /2024_TUYZ_Online_Yarisma_Ana_Oturum_Test_omzseiku_Video/frame_000012.jpg
2024-07-22 19:55:15,533 - INFO - Image frame_000012.jpg already exists. Skipping...
2024-07-22 19:55:15,533 - INFO - Processing frame /2024_TUYZ_Online_Yarisma_Ana_Oturum_Test_omzseiku_Video/frame_000016.jpg with translation /2024_TUYZ_Online_Yarisma_Ana_Oturum_Test_omzseiku_Video/frame_000016.jpg
2024-07-22 19:55:15,534 - INFO - Image frame_000016.jpg already exists. Skipping...
2024-07-22 19:55:15,534 - INFO - Processing frame /2024_TUYZ_Online_Yarisma_Ana_Oturum_Test_omzseiku_Video/frame_000020.jpg with translation /2024_TUYZ_Online_Yarisma_Ana_Oturum_Test_omzseiku_Video/frame_000020.jpg
2024-07-22 19:55:15,534 - INFO - Image frame_000020.jpg already exists. Skipping...
2024-07-22 19:55:15,534 - INFO - Processing frame /2024_TUYZ_Online_Yarisma_Ana_Oturum_Test_omzseiku_Video/frame_000024.jpg with translation /2024_TUYZ_Online_Yarisma_Ana_Oturum_Test_omzseiku_Video/frame_000024.jpg
2024-07-22 19:55:15,534 - INFO - Image frame_000024.jpg already exists. Skipping...
2024-07-22 19:55:15,534 - INFO - Processing frame /2024_TUYZ_Online_Yarisma_Ana_Oturum_Test_omzseiku_Video/frame_000028.jpg with translation /2024_TUYZ_Online_Yarisma_Ana_Oturum_Test_omzseiku_Video/frame_000028.jpg
2024-07-22 19:55:15,535 - INFO - Image frame_000028.jpg already exists. Skipping...
2024-07-22 19:55:15,535 - INFO - Processing frame /2024_TUYZ_Online_Yarisma_Ana_Oturum_Test_omzseiku_Video/frame_000032.jpg with translation /2024_TUYZ_Online_Yarisma_Ana_Oturum_Test_omzseiku_Video/frame_000032.jpg
2024-07-22 19:55:15,535 - INFO - Image frame_000032.jpg already exists. Skipping...
2024-07-22 19:55:15,535 - INFO - Processing frame /2024_TUYZ_Online_Yarisma_Ana_Oturum_Test_omzseiku_Video/frame_000036.jpg with translation /2024_TUYZ_Online_Yarisma_Ana_Oturum_Test_omzseiku_Video/frame_000036.jpg
2024-07-22 19:55:15,535 - INFO - Image frame_000036.jpg already exists. Skipping...
2024-07-22 19:55:15,535 - INFO - Processing frame /2024_TUYZ_Online_Yarisma_Ana_Oturum_Test_omzseiku_Video/frame_000040.jpg with translation /2024_TUYZ_Online_Yarisma_Ana_Oturum_Test_omzseiku_Video/frame_000040.jpg
2024-07-22 19:55:15,535 - INFO - Image frame_000040.jpg already exists. Skipping...
2024-07-22 19:55:15,536 - INFO - Processing frame /2024_TUYZ_Online_Yarisma_Ana_Oturum_Test_omzseiku_Video/frame_000044.jpg with translation /2024_TUYZ_Online_Yarisma_Ana_Oturum_Test_omzseiku_Video/frame_000044.jpg
2024-07-22 19:55:15,536 - INFO - Image frame_000044.jpg already exists. Skipping...
2024-07-22 19:55:15,536 - INFO - Processing frame /2024_TUYZ_Online_Yarisma_Ana_Oturum_Test_omzseiku_Video/frame_000048.jpg with translation /2024_TUYZ_Online_Yarisma_Ana_Oturum_Test_omzseiku_Video/frame_000048.jpg
2024-07-22 19:55:15,536 - INFO - Image frame_000048.jpg already exists. Skipping...
2024-07-22 19:55:15,536 - INFO - Processing frame /2024_TUYZ_Online_Yarisma_Ana_Oturum_Test_omzseiku_Video/frame_000052.jpg with translation /2024_TUYZ_Online_Yarisma_Ana_Oturum_Test_omzseiku_Video/frame_000052.jpg
2024-07-22 19:55:15,536 - INFO - Image frame_000052.jpg already exists. Skipping...
2024-07-22 19:55:15,536 - INFO - Processing frame /2024_TUYZ_Online_Yarisma_Ana_Oturum_Test_omzseiku_Video/frame_000056.jpg with translation /2024_TUYZ_Online_Yarisma_Ana_Oturum_Test_omzseiku_Video/frame_000056.jpg
2024-07-22 19:55:15,537 - INFO - Image frame_000056.jpg already exists. Skipping...
2024-07-22 19:55:15,537 - INFO - Processing frame /2024_TUYZ_Online_Yarisma_Ana_Oturum_Test_omzseiku_Video/frame_000060.jpg with translation /2024_TUYZ_Online_Yarisma_Ana_Oturum_Test_omzseiku_Video/frame_000060.jpg
2024-07-22 19:55:15,537 - INFO - Image frame_000060.jpg already exists. Skipping...
2024-07-22 19:55:15,537 - INFO - Processing frame /2024_TUYZ_Online_Yarisma_Ana_Oturum_Test_omzseiku_Video/frame_000064.jpg with translation /2024_TUYZ_Online_Yarisma_Ana_Oturum_Test_omzseiku_Video/frame_000064.jpg
2024-07-22 19:55:15,537 - INFO - Image frame_000064.jpg already exists. Skipping...
2024-07-22 19:55:15,537 - INFO - Processing frame /2024_TUYZ_Online_Yarisma_Ana_Oturum_Test_omzseiku_Video/frame_000068.jpg with translation /2024_TUYZ_Online_Yarisma_Ana_Oturum_Test_omzseiku_Video/frame_000068.jpg
2024-07-22 19:55:15,538 - INFO - Image frame_000068.jpg already exists. Skipping...
2024-07-22 19:55:15,538 - INFO - Processing frame /2024_TUYZ_Online_Yarisma_Ana_Oturum_Test_omzseiku_Video/frame_000072.jpg with translation /2024_TUYZ_Online_Yarisma_Ana_Oturum_Test_omzseiku_Video/frame_000072.jpg
2024-07-22 19:55:15,538 - INFO - Image frame_000072.jpg already exists. Skipping...
2024-07-22 19:55:15,538 - INFO - Processing frame /2024_TUYZ_Online_Yarisma_Ana_Oturum_Test_omzseiku_Video/frame_000076.jpg with translation /2024_TUYZ_Online_Yarisma_Ana_Oturum_Test_omzseiku_Video/frame_000076.jpg
2024-07-22 19:55:15,538 - INFO - Image frame_000076.jpg already exists. Skipping...
2024-07-22 19:55:15,538 - INFO - Processing frame /2024_TUYZ_Online_Yarisma_Ana_Oturum_Test_omzseiku_Video/frame_000080.jpg with translation /2024_TUYZ_Online_Yarisma_Ana_Oturum_Test_omzseiku_Video/frame_000080.jpg
2024-07-22 19:55:15,538 - INFO - Image frame_000080.jpg already exists. Skipping...
2024-07-22 19:55:15,538 - INFO - Processing frame /2024_TUYZ_Online_Yarisma_Ana_Oturum_Test_omzseiku_Video/frame_000084.jpg with translation /2024_TUYZ_Online_Yarisma_Ana_Oturum_Test_omzseiku_Video/frame_000084.jpg
2024-07-22 19:55:15,539 - INFO - Image frame_000084.jpg already exists. Skipping...
2024-07-22 19:55:15,539 - INFO - Processing frame /2024_TUYZ_Online_Yarisma_Ana_Oturum_Test_omzseiku_Video/frame_000088.jpg with translation /2024_TUYZ_Online_Yarisma_Ana_Oturum_Test_omzseiku_Video/frame_000088.jpg
2024-07-22 19:55:15,539 - INFO - Image frame_000088.jpg already exists. Skipping...
2024-07-22 19:55:15,539 - INFO - Processing frame /2024_TUYZ_Online_Yarisma_Ana_Oturum_Test_omzseiku_Video/frame_000092.jpg with translation /2024_TUYZ_Online_Yarisma_Ana_Oturum_Test_omzseiku_Video/frame_000092.jpg
2024-07-22 19:55:15,539 - INFO - Image frame_000092.jpg already exists. Skipping...
2024-07-22 19:55:15,539 - INFO - Processing frame /2024_TUYZ_Online_Yarisma_Ana_Oturum_Test_omzseiku_Video/frame_000096.jpg with translation /2024_TUYZ_Online_Yarisma_Ana_Oturum_Test_omzseiku_Video/frame_000096.jpg
2024-07-22 19:55:15,540 - INFO - Image frame_000096.jpg already exists. Skipping...
2024-07-22 19:55:15,540 - INFO - Processing frame /2024_TUYZ_Online_Yarisma_Ana_Oturum_Test_omzseiku_Video/frame_000100.jpg with translation /2024_TUYZ_Online_Yarisma_Ana_Oturum_Test_omzseiku_Video/frame_000100.jpg
2024-07-22 19:55:15,540 - INFO - Image frame_000100.jpg already exists. Skipping...
2024-07-22 19:55:15,540 - INFO - Processing frame /2024_TUYZ_Online_Yarisma_Ana_Oturum_Test_omzseiku_Video/frame_000104.jpg with translation /2024_TUYZ_Online_Yarisma_Ana_Oturum_Test_omzseiku_Video/frame_000104.jpg
2024-07-22 19:55:15,540 - INFO - Image frame_000104.jpg already exists. Skipping...
2024-07-22 19:55:15,540 - INFO - Processing frame /2024_TUYZ_Online_Yarisma_Ana_Oturum_Test_omzseiku_Video/frame_000108.jpg with translation /2024_TUYZ_Online_Yarisma_Ana_Oturum_Test_omzseiku_Video/frame_000108.jpg
2024-07-22 19:55:15,541 - INFO - Image frame_000108.jpg already exists. Skipping...
2024-07-22 19:55:15,541 - INFO - Processing frame /2024_TUYZ_Online_Yarisma_Ana_Oturum_Test_omzseiku_Video/frame_000112.jpg with translation /2024_TUYZ_Online_Yarisma_Ana_Oturum_Test_omzseiku_Video/frame_000112.jpg
2024-07-22 19:55:15,541 - INFO - Image frame_000112.jpg already exists. Skipping...
2024-07-22 19:55:15,541 - INFO - Processing frame /2024_TUYZ_Online_Yarisma_Ana_Oturum_Test_omzseiku_Video/frame_000116.jpg with translation /2024_TUYZ_Online_Yarisma_Ana_Oturum_Test_omzseiku_Video/frame_000116.jpg
2024-07-22 19:55:15,541 - INFO - Image frame_000116.jpg already exists. Skipping...
2024-07-22 19:55:15,541 - INFO - Processing frame /2024_TUYZ_Online_Yarisma_Ana_Oturum_Test_omzseiku_Video/frame_000120.jpg with translation /2024_TUYZ_Online_Yarisma_Ana_Oturum_Test_omzseiku_Video/frame_000120.jpg
2024-07-22 19:55:15,541 - INFO - Image frame_000120.jpg already exists. Skipping...
2024-07-22 19:55:15,541 - INFO - Processing frame /2024_TUYZ_Online_Yarisma_Ana_Oturum_Test_omzseiku_Video/frame_000124.jpg with translation /2024_TUYZ_Online_Yarisma_Ana_Oturum_Test_omzseiku_Video/frame_000124.jpg
2024-07-22 19:55:15,542 - INFO - Image frame_000124.jpg already exists. Skipping...
2024-07-22 19:55:15,542 - INFO - Processing frame /2024_TUYZ_Online_Yarisma_Ana_Oturum_Test_omzseiku_Video/frame_000128.jpg with translation /2024_TUYZ_Online_Yarisma_Ana_Oturum_Test_omzseiku_Video/frame_000128.jpg
2024-07-22 19:55:15,542 - INFO - Image frame_000128.jpg already exists. Skipping...
2024-07-22 19:55:15,542 - INFO - Processing frame /2024_TUYZ_Online_Yarisma_Ana_Oturum_Test_omzseiku_Video/frame_000132.jpg with translation /2024_TUYZ_Online_Yarisma_Ana_Oturum_Test_omzseiku_Video/frame_000132.jpg
2024-07-22 19:55:15,542 - INFO - Image frame_000132.jpg already exists. Skipping...
2024-07-22 19:55:15,542 - INFO - Processing frame /2024_TUYZ_Online_Yarisma_Ana_Oturum_Test_omzseiku_Video/frame_000136.jpg with translation /2024_TUYZ_Online_Yarisma_Ana_Oturum_Test_omzseiku_Video/frame_000136.jpg
2024-07-22 19:55:15,543 - INFO - Image frame_000136.jpg already exists. Skipping...
2024-07-22 19:55:15,543 - INFO - Processing frame /2024_TUYZ_Online_Yarisma_Ana_Oturum_Test_omzseiku_Video/frame_000140.jpg with translation /2024_TUYZ_Online_Yarisma_Ana_Oturum_Test_omzseiku_Video/frame_000140.jpg
2024-07-22 19:55:15,543 - INFO - Image frame_000140.jpg already exists. Skipping...
2024-07-22 19:55:15,543 - INFO - Processing frame /2024_TUYZ_Online_Yarisma_Ana_Oturum_Test_omzseiku_Video/frame_000144.jpg with translation /2024_TUYZ_Online_Yarisma_Ana_Oturum_Test_omzseiku_Video/frame_000144.jpg
2024-07-22 19:55:15,543 - INFO - Image frame_000144.jpg already exists. Skipping...
2024-07-22 19:55:15,543 - INFO - Processing frame /2024_TUYZ_Online_Yarisma_Ana_Oturum_Test_omzseiku_Video/frame_000148.jpg with translation /2024_TUYZ_Online_Yarisma_Ana_Oturum_Test_omzseiku_Video/frame_000148.jpg
2024-07-22 19:55:15,543 - INFO - Image frame_000148.jpg already exists. Skipping...
2024-07-22 19:55:15,544 - INFO - Processing frame /2024_TUYZ_Online_Yarisma_Ana_Oturum_Test_omzseiku_Video/frame_000152.jpg with translation /2024_TUYZ_Online_Yarisma_Ana_Oturum_Test_omzseiku_Video/frame_000152.jpg
2024-07-22 19:55:15,544 - INFO - Image frame_000152.jpg already exists. Skipping...
2024-07-22 19:55:15,544 - INFO - Processing frame /2024_TUYZ_Online_Yarisma_Ana_Oturum_Test_omzseiku_Video/frame_000156.jpg with translation /2024_TUYZ_Online_Yarisma_Ana_Oturum_Test_omzseiku_Video/frame_000156.jpg
2024-07-22 19:55:15,544 - INFO - Image frame_000156.jpg already exists. Skipping...
2024-07-22 19:55:15,544 - INFO - Processing frame /2024_TUYZ_Online_Yarisma_Ana_Oturum_Test_omzseiku_Video/frame_000160.jpg with translation /2024_TUYZ_Online_Yarisma_Ana_Oturum_Test_omzseiku_Video/frame_000160.jpg
2024-07-22 19:55:15,544 - INFO - Image frame_000160.jpg already exists. Skipping...
2024-07-22 19:55:15,544 - INFO - Processing frame /2024_TUYZ_Online_Yarisma_Ana_Oturum_Test_omzseiku_Video/frame_000164.jpg with translation /2024_TUYZ_Online_Yarisma_Ana_Oturum_Test_omzseiku_Video/frame_000164.jpg
2024-07-22 19:55:15,545 - INFO - Image frame_000164.jpg already exists. Skipping...
2024-07-22 19:55:15,545 - INFO - Processing frame /2024_TUYZ_Online_Yarisma_Ana_Oturum_Test_omzseiku_Video/frame_000168.jpg with translation /2024_TUYZ_Online_Yarisma_Ana_Oturum_Test_omzseiku_Video/frame_000168.jpg
2024-07-22 19:55:15,545 - INFO - Image frame_000168.jpg already exists. Skipping...
2024-07-22 19:55:15,545 - INFO - Processing frame /2024_TUYZ_Online_Yarisma_Ana_Oturum_Test_omzseiku_Video/frame_000172.jpg with translation /2024_TUYZ_Online_Yarisma_Ana_Oturum_Test_omzseiku_Video/frame_000172.jpg
2024-07-22 19:55:15,545 - INFO - Image frame_000172.jpg already exists. Skipping...
2024-07-22 19:55:15,545 - INFO - Processing frame /2024_TUYZ_Online_Yarisma_Ana_Oturum_Test_omzseiku_Video/frame_000176.jpg with translation /2024_TUYZ_Online_Yarisma_Ana_Oturum_Test_omzseiku_Video/frame_000176.jpg
2024-07-22 19:55:15,546 - INFO - Image frame_000176.jpg already exists. Skipping...
2024-07-22 19:55:15,546 - INFO - Processing frame /2024_TUYZ_Online_Yarisma_Ana_Oturum_Test_omzseiku_Video/frame_000180.jpg with translation /2024_TUYZ_Online_Yarisma_Ana_Oturum_Test_omzseiku_Video/frame_000180.jpg
2024-07-22 19:55:15,546 - INFO - Image frame_000180.jpg already exists. Skipping...
2024-07-22 19:55:15,546 - INFO - Processing frame /2024_TUYZ_Online_Yarisma_Ana_Oturum_Test_omzseiku_Video/frame_000184.jpg with translation /2024_TUYZ_Online_Yarisma_Ana_Oturum_Test_omzseiku_Video/frame_000184.jpg
2024-07-22 19:55:15,546 - INFO - Image frame_000184.jpg already exists. Skipping...
2024-07-22 19:55:15,546 - INFO - Processing frame /2024_TUYZ_Online_Yarisma_Ana_Oturum_Test_omzseiku_Video/frame_000188.jpg with translation /2024_TUYZ_Online_Yarisma_Ana_Oturum_Test_omzseiku_Video/frame_000188.jpg
2024-07-22 19:55:15,546 - INFO - Image frame_000188.jpg already exists. Skipping...
2024-07-22 19:55:15,546 - INFO - Processing frame /2024_TUYZ_Online_Yarisma_Ana_Oturum_Test_omzseiku_Video/frame_000192.jpg with translation /2024_TUYZ_Online_Yarisma_Ana_Oturum_Test_omzseiku_Video/frame_000192.jpg
2024-07-22 19:55:15,547 - INFO - Image frame_000192.jpg already exists. Skipping...
2024-07-22 19:55:15,547 - INFO - Processing frame /2024_TUYZ_Online_Yarisma_Ana_Oturum_Test_omzseiku_Video/frame_000196.jpg with translation /2024_TUYZ_Online_Yarisma_Ana_Oturum_Test_omzseiku_Video/frame_000196.jpg
2024-07-22 19:55:15,547 - INFO - Image frame_000196.jpg already exists. Skipping...
2024-07-22 19:55:15,547 - INFO - Processing frame /2024_TUYZ_Online_Yarisma_Ana_Oturum_Test_omzseiku_Video/frame_000200.jpg with translation /2024_TUYZ_Online_Yarisma_Ana_Oturum_Test_omzseiku_Video/frame_000200.jpg
2024-07-22 19:55:15,547 - INFO - Image frame_000200.jpg already exists. Skipping...
2024-07-22 19:55:15,547 - INFO - Processing frame /2024_TUYZ_Online_Yarisma_Ana_Oturum_Test_omzseiku_Video/frame_000204.jpg with translation /2024_TUYZ_Online_Yarisma_Ana_Oturum_Test_omzseiku_Video/frame_000204.jpg
2024-07-22 19:55:15,547 - INFO - Image frame_000204.jpg already exists. Skipping...
2024-07-22 19:55:15,547 - INFO - Processing frame /2024_TUYZ_Online_Yarisma_Ana_Oturum_Test_omzseiku_Video/frame_000208.jpg with translation /2024_TUYZ_Online_Yarisma_Ana_Oturum_Test_omzseiku_Video/frame_000208.jpg
2024-07-22 19:55:15,547 - INFO - Image frame_000208.jpg already exists. Skipping...
2024-07-22 19:55:15,547 - INFO - Processing frame /2024_TUYZ_Online_Yarisma_Ana_Oturum_Test_omzseiku_Video/frame_000212.jpg with translation /2024_TUYZ_Online_Yarisma_Ana_Oturum_Test_omzseiku_Video/frame_000212.jpg
2024-07-22 19:55:15,548 - INFO - Image frame_000212.jpg already exists. Skipping...
2024-07-22 19:55:15,548 - INFO - Processing frame /2024_TUYZ_Online_Yarisma_Ana_Oturum_Test_omzseiku_Video/frame_000216.jpg with translation /2024_TUYZ_Online_Yarisma_Ana_Oturum_Test_omzseiku_Video/frame_000216.jpg
2024-07-22 19:55:15,548 - INFO - Image frame_000216.jpg already exists. Skipping...
2024-07-22 19:55:15,548 - INFO - Processing frame /2024_TUYZ_Online_Yarisma_Ana_Oturum_Test_omzseiku_Video/frame_000220.jpg with translation /2024_TUYZ_Online_Yarisma_Ana_Oturum_Test_omzseiku_Video/frame_000220.jpg
2024-07-22 19:55:15,548 - INFO - Image frame_000220.jpg already exists. Skipping...
2024-07-22 19:55:15,548 - INFO - Processing frame /2024_TUYZ_Online_Yarisma_Ana_Oturum_Test_omzseiku_Video/frame_000224.jpg with translation /2024_TUYZ_Online_Yarisma_Ana_Oturum_Test_omzseiku_Video/frame_000224.jpg
2024-07-22 19:55:15,549 - INFO - Image frame_000224.jpg already exists. Skipping...
2024-07-22 19:55:15,549 - INFO - Processing frame /2024_TUYZ_Online_Yarisma_Ana_Oturum_Test_omzseiku_Video/frame_000228.jpg with translation /2024_TUYZ_Online_Yarisma_Ana_Oturum_Test_omzseiku_Video/frame_000228.jpg
2024-07-22 19:55:15,549 - INFO - Image frame_000228.jpg already exists. Skipping...
2024-07-22 19:55:15,549 - INFO - Processing frame /2024_TUYZ_Online_Yarisma_Ana_Oturum_Test_omzseiku_Video/frame_000232.jpg with translation /2024_TUYZ_Online_Yarisma_Ana_Oturum_Test_omzseiku_Video/frame_000232.jpg
2024-07-22 19:55:15,549 - INFO - Image frame_000232.jpg already exists. Skipping...
2024-07-22 19:55:15,549 - INFO - Processing frame /2024_TUYZ_Online_Yarisma_Ana_Oturum_Test_omzseiku_Video/frame_000236.jpg with translation /2024_TUYZ_Online_Yarisma_Ana_Oturum_Test_omzseiku_Video/frame_000236.jpg
2024-07-22 19:55:15,550 - INFO - Image frame_000236.jpg already exists. Skipping...
2024-07-22 19:55:15,550 - INFO - Processing frame /2024_TUYZ_Online_Yarisma_Ana_Oturum_Test_omzseiku_Video/frame_000240.jpg with translation /2024_TUYZ_Online_Yarisma_Ana_Oturum_Test_omzseiku_Video/frame_000240.jpg
2024-07-22 19:55:15,550 - INFO - Image frame_000240.jpg already exists. Skipping...
2024-07-22 19:55:15,550 - INFO - Processing frame /2024_TUYZ_Online_Yarisma_Ana_Oturum_Test_omzseiku_Video/frame_000244.jpg with translation /2024_TUYZ_Online_Yarisma_Ana_Oturum_Test_omzseiku_Video/frame_000244.jpg
2024-07-22 19:55:15,550 - INFO - Image frame_000244.jpg already exists. Skipping...
2024-07-22 19:55:15,550 - INFO - Processing frame /2024_TUYZ_Online_Yarisma_Ana_Oturum_Test_omzseiku_Video/frame_000248.jpg with translation /2024_TUYZ_Online_Yarisma_Ana_Oturum_Test_omzseiku_Video/frame_000248.jpg
2024-07-22 19:55:15,550 - INFO - Image frame_000248.jpg already exists. Skipping...
2024-07-22 19:55:15,551 - INFO - Processing frame /2024_TUYZ_Online_Yarisma_Ana_Oturum_Test_omzseiku_Video/frame_000252.jpg with translation /2024_TUYZ_Online_Yarisma_Ana_Oturum_Test_omzseiku_Video/frame_000252.jpg
2024-07-22 19:55:15,551 - INFO - Image frame_000252.jpg already exists. Skipping...
2024-07-22 19:55:15,551 - INFO - Processing frame /2024_TUYZ_Online_Yarisma_Ana_Oturum_Test_omzseiku_Video/frame_000256.jpg with translation /2024_TUYZ_Online_Yarisma_Ana_Oturum_Test_omzseiku_Video/frame_000256.jpg
2024-07-22 19:55:15,551 - INFO - Image frame_000256.jpg already exists. Skipping...
2024-07-22 19:55:15,551 - INFO - Processing frame /2024_TUYZ_Online_Yarisma_Ana_Oturum_Test_omzseiku_Video/frame_000260.jpg with translation /2024_TUYZ_Online_Yarisma_Ana_Oturum_Test_omzseiku_Video/frame_000260.jpg
2024-07-22 19:55:15,551 - INFO - Image frame_000260.jpg already exists. Skipping...
2024-07-22 19:55:15,551 - INFO - Processing frame /2024_TUYZ_Online_Yarisma_Ana_Oturum_Test_omzseiku_Video/frame_000264.jpg with translation /2024_TUYZ_Online_Yarisma_Ana_Oturum_Test_omzseiku_Video/frame_000264.jpg
2024-07-22 19:55:15,552 - INFO - Downloading image from http://teknofest.cezerirobot.com:1025/media/2024_TUYZ_Online_Yarisma_Ana_Oturum_Test_omzseiku_Video/frame_000264.jpg...
2024-07-22 19:55:16,498 - INFO - Image saved to ./downloaded_frames/frames/2024_TUYZ_Online_Yarisma_Ana_Oturum_Test_omzseiku_Video/frame_000264.jpg
2024-07-22 19:55:22,899 - INFO - Sending prediction for frame http://teknofest.cezerirobot.com/frames/11168/...
2024-07-22 19:55:23,288 - INFO - Prediction sent successfully
2024-07-22 19:55:23,289 - INFO - Total execution time: 7737.43 milliseconds
2024-07-22 19:55:23,289 - INFO - Processing frame /2024_TUYZ_Online_Yarisma_Ana_Oturum_Test_omzseiku_Video/frame_000268.jpg with translation /2024_TUYZ_Online_Yarisma_Ana_Oturum_Test_omzseiku_Video/frame_000268.jpg
2024-07-22 19:55:23,289 - INFO - Downloading image from http://teknofest.cezerirobot.com:1025/media/2024_TUYZ_Online_Yarisma_Ana_Oturum_Test_omzseiku_Video/frame_000268.jpg...
2024-07-22 19:55:23,849 - INFO - Image saved to ./downloaded_frames/frames/2024_TUYZ_Online_Yarisma_Ana_Oturum_Test_omzseiku_Video/frame_000268.jpg
2024-07-22 19:55:28,134 - INFO - Sending prediction for frame http://teknofest.cezerirobot.com/frames/11169/...
2024-07-22 19:55:28,360 - INFO - Prediction sent successfully
2024-07-22 19:55:28,361 - INFO - Total execution time: 5072.00 milliseconds
2024-07-22 19:55:28,361 - INFO - Processing frame /2024_TUYZ_Online_Yarisma_Ana_Oturum_Test_omzseiku_Video/frame_000272.jpg with translation /2024_TUYZ_Online_Yarisma_Ana_Oturum_Test_omzseiku_Video/frame_000272.jpg
2024-07-22 19:55:28,361 - INFO - Downloading image from http://teknofest.cezerirobot.com:1025/media/2024_TUYZ_Online_Yarisma_Ana_Oturum_Test_omzseiku_Video/frame_000272.jpg...
2024-07-22 19:55:28,851 - INFO - Image saved to ./downloaded_frames/frames/2024_TUYZ_Online_Yarisma_Ana_Oturum_Test_omzseiku_Video/frame_000272.jpg
2024-07-22 19:55:32,958 - INFO - Sending prediction for frame http://teknofest.cezerirobot.com/frames/11170/...
2024-07-22 19:55:33,197 - INFO - Prediction sent successfully
2024-07-22 19:55:33,197 - INFO - Total execution time: 4836.88 milliseconds
2024-07-22 19:55:33,197 - INFO - Processing frame /2024_TUYZ_Online_Yarisma_Ana_Oturum_Test_omzseiku_Video/frame_000276.jpg with translation /2024_TUYZ_Online_Yarisma_Ana_Oturum_Test_omzseiku_Video/frame_000276.jpg
2024-07-22 19:55:33,199 - INFO - Downloading image from http://teknofest.cezerirobot.com:1025/media/2024_TUYZ_Online_Yarisma_Ana_Oturum_Test_omzseiku_Video/frame_000276.jpg...
2024-07-22 19:55:33,646 - INFO - Image saved to ./downloaded_frames/frames/2024_TUYZ_Online_Yarisma_Ana_Oturum_Test_omzseiku_Video/frame_000276.jpg
2024-07-22 19:55:38,290 - INFO - Sending prediction for frame http://teknofest.cezerirobot.com/frames/11171/...
2024-07-22 19:55:38,514 - INFO - Prediction sent successfully
2024-07-22 19:55:38,514 - INFO - Total execution time: 5316.65 milliseconds
2024-07-22 19:55:38,515 - INFO - Processing frame /2024_TUYZ_Online_Yarisma_Ana_Oturum_Test_omzseiku_Video/frame_000280.jpg with translation /2024_TUYZ_Online_Yarisma_Ana_Oturum_Test_omzseiku_Video/frame_000280.jpg
2024-07-22 19:55:38,515 - INFO - Downloading image from http://teknofest.cezerirobot.com:1025/media/2024_TUYZ_Online_Yarisma_Ana_Oturum_Test_omzseiku_Video/frame_000280.jpg...
2024-07-22 19:55:39,068 - INFO - Image saved to ./downloaded_frames/frames/2024_TUYZ_Online_Yarisma_Ana_Oturum_Test_omzseiku_Video/frame_000280.jpg
2024-07-22 19:55:43,548 - INFO - Sending prediction for frame http://teknofest.cezerirobot.com/frames/11172/...
2024-07-22 19:55:43,775 - INFO - Prediction sent successfully
2024-07-22 19:55:43,776 - INFO - Total execution time: 5260.23 milliseconds
2024-07-22 19:55:43,776 - INFO - Processing frame /2024_TUYZ_Online_Yarisma_Ana_Oturum_Test_omzseiku_Video/frame_000284.jpg with translation /2024_TUYZ_Online_Yarisma_Ana_Oturum_Test_omzseiku_Video/frame_000284.jpg
2024-07-22 19:55:43,776 - INFO - Downloading image from http://teknofest.cezerirobot.com:1025/media/2024_TUYZ_Online_Yarisma_Ana_Oturum_Test_omzseiku_Video/frame_000284.jpg...
2024-07-22 19:55:44,287 - INFO - Image saved to ./downloaded_frames/frames/2024_TUYZ_Online_Yarisma_Ana_Oturum_Test_omzseiku_Video/frame_000284.jpg
2024-07-22 19:55:49,271 - INFO - Sending prediction for frame http://teknofest.cezerirobot.com/frames/11173/...
2024-07-22 19:55:49,483 - INFO - Prediction sent successfully
2024-07-22 19:55:49,484 - INFO - Total execution time: 5708.08 milliseconds
2024-07-22 19:55:49,484 - INFO - Processing frame /2024_TUYZ_Online_Yarisma_Ana_Oturum_Test_omzseiku_Video/frame_000288.jpg with translation /2024_TUYZ_Online_Yarisma_Ana_Oturum_Test_omzseiku_Video/frame_000288.jpg
2024-07-22 19:55:49,484 - INFO - Downloading image from http://teknofest.cezerirobot.com:1025/media/2024_TUYZ_Online_Yarisma_Ana_Oturum_Test_omzseiku_Video/frame_000288.jpg...
2024-07-22 19:55:49,991 - INFO - Image saved to ./downloaded_frames/frames/2024_TUYZ_Online_Yarisma_Ana_Oturum_Test_omzseiku_Video/frame_000288.jpg
2024-07-22 19:55:55,563 - INFO - Sending prediction for frame http://teknofest.cezerirobot.com/frames/11174/...
2024-07-22 19:55:55,777 - INFO - Prediction sent successfully
2024-07-22 19:55:55,778 - INFO - Total execution time: 6294.23 milliseconds
2024-07-22 19:55:55,778 - INFO - Processing frame /2024_TUYZ_Online_Yarisma_Ana_Oturum_Test_omzseiku_Video/frame_000292.jpg with translation /2024_TUYZ_Online_Yarisma_Ana_Oturum_Test_omzseiku_Video/frame_000292.jpg
2024-07-22 19:55:55,778 - INFO - Downloading image from http://teknofest.cezerirobot.com:1025/media/2024_TUYZ_Online_Yarisma_Ana_Oturum_Test_omzseiku_Video/frame_000292.jpg...
2024-07-22 19:55:56,560 - INFO - Image saved to ./downloaded_frames/frames/2024_TUYZ_Online_Yarisma_Ana_Oturum_Test_omzseiku_Video/frame_000292.jpg
2024-07-22 19:56:01,415 - INFO - Sending prediction for frame http://teknofest.cezerirobot.com/frames/11175/...
2024-07-22 19:56:01,642 - INFO - Prediction sent successfully
2024-07-22 19:56:01,642 - INFO - Total execution time: 5864.24 milliseconds
2024-07-22 19:56:01,643 - INFO - Processing frame /2024_TUYZ_Online_Yarisma_Ana_Oturum_Test_omzseiku_Video/frame_000296.jpg with translation /2024_TUYZ_Online_Yarisma_Ana_Oturum_Test_omzseiku_Video/frame_000296.jpg
2024-07-22 19:56:01,643 - INFO - Downloading image from http://teknofest.cezerirobot.com:1025/media/2024_TUYZ_Online_Yarisma_Ana_Oturum_Test_omzseiku_Video/frame_000296.jpg...
2024-07-22 19:56:02,195 - INFO - Image saved to ./downloaded_frames/frames/2024_TUYZ_Online_Yarisma_Ana_Oturum_Test_omzseiku_Video/frame_000296.jpg
2024-07-22 19:56:06,049 - INFO - Sending prediction for frame http://teknofest.cezerirobot.com/frames/11176/...
2024-07-22 19:56:06,344 - INFO - Prediction sent successfully
2024-07-22 19:56:06,344 - INFO - Total execution time: 4701.09 milliseconds
2024-07-22 19:56:06,344 - INFO - Processing frame /2024_TUYZ_Online_Yarisma_Ana_Oturum_Test_omzseiku_Video/frame_000300.jpg with translation /2024_TUYZ_Online_Yarisma_Ana_Oturum_Test_omzseiku_Video/frame_000300.jpg
2024-07-22 19:56:06,345 - INFO - Downloading image from http://teknofest.cezerirobot.com:1025/media/2024_TUYZ_Online_Yarisma_Ana_Oturum_Test_omzseiku_Video/frame_000300.jpg...
2024-07-22 19:56:07,312 - INFO - Image saved to ./downloaded_frames/frames/2024_TUYZ_Online_Yarisma_Ana_Oturum_Test_omzseiku_Video/frame_000300.jpg
2024-07-22 19:56:11,588 - INFO - Sending prediction for frame http://teknofest.cezerirobot.com/frames/11177/...
2024-07-22 19:56:11,862 - INFO - Prediction sent successfully
2024-07-22 19:56:11,863 - INFO - Total execution time: 5518.71 milliseconds
2024-07-22 19:56:11,863 - INFO - Processing frame /2024_TUYZ_Online_Yarisma_Ana_Oturum_Test_omzseiku_Video/frame_000304.jpg with translation /2024_TUYZ_Online_Yarisma_Ana_Oturum_Test_omzseiku_Video/frame_000304.jpg
2024-07-22 19:56:11,863 - INFO - Downloading image from http://teknofest.cezerirobot.com:1025/media/2024_TUYZ_Online_Yarisma_Ana_Oturum_Test_omzseiku_Video/frame_000304.jpg...
2024-07-22 19:56:12,465 - INFO - Image saved to ./downloaded_frames/frames/2024_TUYZ_Online_Yarisma_Ana_Oturum_Test_omzseiku_Video/frame_000304.jpg
2024-07-22 19:56:16,753 - INFO - Sending prediction for frame http://teknofest.cezerirobot.com/frames/11178/...
2024-07-22 19:56:16,990 - INFO - Prediction sent successfully
2024-07-22 19:56:16,990 - INFO - Total execution time: 5126.61 milliseconds
2024-07-22 19:56:16,990 - INFO - Processing frame /2024_TUYZ_Online_Yarisma_Ana_Oturum_Test_omzseiku_Video/frame_000308.jpg with translation /2024_TUYZ_Online_Yarisma_Ana_Oturum_Test_omzseiku_Video/frame_000308.jpg
2024-07-22 19:56:16,991 - INFO - Downloading image from http://teknofest.cezerirobot.com:1025/media/2024_TUYZ_Online_Yarisma_Ana_Oturum_Test_omzseiku_Video/frame_000308.jpg...
2024-07-22 19:56:17,566 - INFO - Image saved to ./downloaded_frames/frames/2024_TUYZ_Online_Yarisma_Ana_Oturum_Test_omzseiku_Video/frame_000308.jpg
2024-07-22 19:56:23,256 - INFO - Sending prediction for frame http://teknofest.cezerirobot.com/frames/11179/...
2024-07-22 19:56:23,492 - INFO - Prediction sent successfully
2024-07-22 19:56:23,493 - INFO - Total execution time: 6502.70 milliseconds
2024-07-22 19:56:23,493 - INFO - Processing frame /2024_TUYZ_Online_Yarisma_Ana_Oturum_Test_omzseiku_Video/frame_000312.jpg with translation /2024_TUYZ_Online_Yarisma_Ana_Oturum_Test_omzseiku_Video/frame_000312.jpg
2024-07-22 19:56:23,493 - INFO - Downloading image from http://teknofest.cezerirobot.com:1025/media/2024_TUYZ_Online_Yarisma_Ana_Oturum_Test_omzseiku_Video/frame_000312.jpg...
2024-07-22 19:56:24,026 - INFO - Image saved to ./downloaded_frames/frames/2024_TUYZ_Online_Yarisma_Ana_Oturum_Test_omzseiku_Video/frame_000312.jpg
2024-07-22 19:56:29,478 - INFO - Sending prediction for frame http://teknofest.cezerirobot.com/frames/11180/...
2024-07-22 19:56:29,703 - INFO - Prediction sent successfully
2024-07-22 19:56:29,705 - INFO - Total execution time: 6211.34 milliseconds
2024-07-22 19:56:29,705 - INFO - Processing frame /2024_TUYZ_Online_Yarisma_Ana_Oturum_Test_omzseiku_Video/frame_000316.jpg with translation /2024_TUYZ_Online_Yarisma_Ana_Oturum_Test_omzseiku_Video/frame_000316.jpg
2024-07-22 19:56:29,705 - INFO - Downloading image from http://teknofest.cezerirobot.com:1025/media/2024_TUYZ_Online_Yarisma_Ana_Oturum_Test_omzseiku_Video/frame_000316.jpg...
2024-07-22 19:56:30,613 - INFO - Image saved to ./downloaded_frames/frames/2024_TUYZ_Online_Yarisma_Ana_Oturum_Test_omzseiku_Video/frame_000316.jpg
2024-07-22 19:56:36,156 - INFO - Sending prediction for frame http://teknofest.cezerirobot.com/frames/11181/...
2024-07-22 19:56:36,374 - INFO - Prediction sent successfully
2024-07-22 19:56:36,375 - INFO - Total execution time: 6670.14 milliseconds
2024-07-22 19:56:36,375 - INFO - Processing frame /2024_TUYZ_Online_Yarisma_Ana_Oturum_Test_omzseiku_Video/frame_000320.jpg with translation /2024_TUYZ_Online_Yarisma_Ana_Oturum_Test_omzseiku_Video/frame_000320.jpg
2024-07-22 19:56:36,375 - INFO - Downloading image from http://teknofest.cezerirobot.com:1025/media/2024_TUYZ_Online_Yarisma_Ana_Oturum_Test_omzseiku_Video/frame_000320.jpg...
2024-07-22 19:56:36,907 - INFO - Image saved to ./downloaded_frames/frames/2024_TUYZ_Online_Yarisma_Ana_Oturum_Test_omzseiku_Video/frame_000320.jpg
2024-07-22 19:56:42,006 - INFO - Sending prediction for frame http://teknofest.cezerirobot.com/frames/11182/...
2024-07-22 19:56:42,221 - INFO - Prediction sent successfully
2024-07-22 19:56:42,221 - INFO - Total execution time: 5846.29 milliseconds
2024-07-22 19:56:42,222 - INFO - Processing frame /2024_TUYZ_Online_Yarisma_Ana_Oturum_Test_omzseiku_Video/frame_000324.jpg with translation /2024_TUYZ_Online_Yarisma_Ana_Oturum_Test_omzseiku_Video/frame_000324.jpg
2024-07-22 19:56:42,222 - INFO - Downloading image from http://teknofest.cezerirobot.com:1025/media/2024_TUYZ_Online_Yarisma_Ana_Oturum_Test_omzseiku_Video/frame_000324.jpg...
2024-07-22 19:56:42,757 - INFO - Image saved to ./downloaded_frames/frames/2024_TUYZ_Online_Yarisma_Ana_Oturum_Test_omzseiku_Video/frame_000324.jpg
2024-07-22 19:56:48,929 - INFO - Sending prediction for frame http://teknofest.cezerirobot.com/frames/11183/...
2024-07-22 19:56:49,159 - INFO - Prediction sent successfully
2024-07-22 19:56:49,159 - INFO - Total execution time: 6937.11 milliseconds
2024-07-22 19:56:49,159 - INFO - Processing frame /2024_TUYZ_Online_Yarisma_Ana_Oturum_Test_omzseiku_Video/frame_000328.jpg with translation /2024_TUYZ_Online_Yarisma_Ana_Oturum_Test_omzseiku_Video/frame_000328.jpg
2024-07-22 19:56:49,160 - INFO - Downloading image from http://teknofest.cezerirobot.com:1025/media/2024_TUYZ_Online_Yarisma_Ana_Oturum_Test_omzseiku_Video/frame_000328.jpg...
2024-07-22 19:56:49,616 - INFO - Image saved to ./downloaded_frames/frames/2024_TUYZ_Online_Yarisma_Ana_Oturum_Test_omzseiku_Video/frame_000328.jpg
2024-07-22 19:56:55,177 - INFO - Sending prediction for frame http://teknofest.cezerirobot.com/frames/11184/...
2024-07-22 19:56:55,452 - INFO - Prediction sent successfully
2024-07-22 19:56:55,454 - INFO - Total execution time: 6294.47 milliseconds
2024-07-22 19:56:55,454 - INFO - Processing frame /2024_TUYZ_Online_Yarisma_Ana_Oturum_Test_omzseiku_Video/frame_000332.jpg with translation /2024_TUYZ_Online_Yarisma_Ana_Oturum_Test_omzseiku_Video/frame_000332.jpg
2024-07-22 19:56:55,454 - INFO - Downloading image from http://teknofest.cezerirobot.com:1025/media/2024_TUYZ_Online_Yarisma_Ana_Oturum_Test_omzseiku_Video/frame_000332.jpg...
2024-07-22 19:56:55,951 - INFO - Image saved to ./downloaded_frames/frames/2024_TUYZ_Online_Yarisma_Ana_Oturum_Test_omzseiku_Video/frame_000332.jpg
2024-07-22 19:57:00,976 - INFO - Sending prediction for frame http://teknofest.cezerirobot.com/frames/11185/...
2024-07-22 19:57:01,264 - INFO - Prediction sent successfully
2024-07-22 19:57:01,264 - INFO - Total execution time: 5810.13 milliseconds
2024-07-22 19:57:01,264 - INFO - Processing frame /2024_TUYZ_Online_Yarisma_Ana_Oturum_Test_omzseiku_Video/frame_000336.jpg with translation /2024_TUYZ_Online_Yarisma_Ana_Oturum_Test_omzseiku_Video/frame_000336.jpg
2024-07-22 19:57:01,264 - INFO - Downloading image from http://teknofest.cezerirobot.com:1025/media/2024_TUYZ_Online_Yarisma_Ana_Oturum_Test_omzseiku_Video/frame_000336.jpg...
2024-07-22 19:57:01,886 - INFO - Image saved to ./downloaded_frames/frames/2024_TUYZ_Online_Yarisma_Ana_Oturum_Test_omzseiku_Video/frame_000336.jpg
2024-07-22 19:57:07,577 - INFO - Sending prediction for frame http://teknofest.cezerirobot.com/frames/11186/...
2024-07-22 19:57:07,805 - INFO - Prediction sent successfully
2024-07-22 19:57:07,807 - INFO - Total execution time: 6543.03 milliseconds
2024-07-22 19:57:07,807 - INFO - Processing frame /2024_TUYZ_Online_Yarisma_Ana_Oturum_Test_omzseiku_Video/frame_000340.jpg with translation /2024_TUYZ_Online_Yarisma_Ana_Oturum_Test_omzseiku_Video/frame_000340.jpg
2024-07-22 19:57:07,808 - INFO - Downloading image from http://teknofest.cezerirobot.com:1025/media/2024_TUYZ_Online_Yarisma_Ana_Oturum_Test_omzseiku_Video/frame_000340.jpg...
2024-07-22 19:57:08,559 - INFO - Image saved to ./downloaded_frames/frames/2024_TUYZ_Online_Yarisma_Ana_Oturum_Test_omzseiku_Video/frame_000340.jpg
2024-07-22 19:57:14,365 - INFO - Sending prediction for frame http://teknofest.cezerirobot.com/frames/11187/...
2024-07-22 19:57:14,622 - INFO - Prediction sent successfully
2024-07-22 19:57:14,622 - INFO - Total execution time: 6815.71 milliseconds
2024-07-22 19:57:14,622 - INFO - Processing frame /2024_TUYZ_Online_Yarisma_Ana_Oturum_Test_omzseiku_Video/frame_000344.jpg with translation /2024_TUYZ_Online_Yarisma_Ana_Oturum_Test_omzseiku_Video/frame_000344.jpg
2024-07-22 19:57:14,624 - INFO - Downloading image from http://teknofest.cezerirobot.com:1025/media/2024_TUYZ_Online_Yarisma_Ana_Oturum_Test_omzseiku_Video/frame_000344.jpg...
2024-07-22 19:57:15,285 - INFO - Image saved to ./downloaded_frames/frames/2024_TUYZ_Online_Yarisma_Ana_Oturum_Test_omzseiku_Video/frame_000344.jpg
2024-07-22 19:57:20,435 - INFO - Sending prediction for frame http://teknofest.cezerirobot.com/frames/11188/...
2024-07-22 19:57:20,668 - INFO - Prediction sent successfully
2024-07-22 19:57:20,668 - INFO - Total execution time: 6045.35 milliseconds
2024-07-22 19:57:20,668 - INFO - Processing frame /2024_TUYZ_Online_Yarisma_Ana_Oturum_Test_omzseiku_Video/frame_000348.jpg with translation /2024_TUYZ_Online_Yarisma_Ana_Oturum_Test_omzseiku_Video/frame_000348.jpg
2024-07-22 19:57:20,669 - INFO - Downloading image from http://teknofest.cezerirobot.com:1025/media/2024_TUYZ_Online_Yarisma_Ana_Oturum_Test_omzseiku_Video/frame_000348.jpg...
2024-07-22 19:57:21,227 - INFO - Image saved to ./downloaded_frames/frames/2024_TUYZ_Online_Yarisma_Ana_Oturum_Test_omzseiku_Video/frame_000348.jpg
2024-07-22 19:57:25,950 - INFO - Sending prediction for frame http://teknofest.cezerirobot.com/frames/11189/...
2024-07-22 19:57:26,276 - INFO - Prediction sent successfully
2024-07-22 19:57:26,276 - INFO - Total execution time: 5608.53 milliseconds
2024-07-22 19:57:26,277 - INFO - Processing frame /2024_TUYZ_Online_Yarisma_Ana_Oturum_Test_omzseiku_Video/frame_000352.jpg with translation /2024_TUYZ_Online_Yarisma_Ana_Oturum_Test_omzseiku_Video/frame_000352.jpg
2024-07-22 19:57:26,277 - INFO - Downloading image from http://teknofest.cezerirobot.com:1025/media/2024_TUYZ_Online_Yarisma_Ana_Oturum_Test_omzseiku_Video/frame_000352.jpg...
2024-07-22 19:57:26,836 - INFO - Image saved to ./downloaded_frames/frames/2024_TUYZ_Online_Yarisma_Ana_Oturum_Test_omzseiku_Video/frame_000352.jpg
2024-07-22 19:57:33,376 - INFO - Sending prediction for frame http://teknofest.cezerirobot.com/frames/11190/...
2024-07-22 19:57:33,578 - INFO - Prediction sent successfully
2024-07-22 19:57:33,578 - INFO - Total execution time: 7300.97 milliseconds
2024-07-22 19:57:33,578 - INFO - Processing frame /2024_TUYZ_Online_Yarisma_Ana_Oturum_Test_omzseiku_Video/frame_000356.jpg with translation /2024_TUYZ_Online_Yarisma_Ana_Oturum_Test_omzseiku_Video/frame_000356.jpg
2024-07-22 19:57:33,579 - INFO - Downloading image from http://teknofest.cezerirobot.com:1025/media/2024_TUYZ_Online_Yarisma_Ana_Oturum_Test_omzseiku_Video/frame_000356.jpg...
2024-07-22 19:57:34,115 - INFO - Image saved to ./downloaded_frames/frames/2024_TUYZ_Online_Yarisma_Ana_Oturum_Test_omzseiku_Video/frame_000356.jpg
2024-07-22 19:57:39,922 - INFO - Sending prediction for frame http://teknofest.cezerirobot.com/frames/11191/...
2024-07-22 19:57:40,145 - INFO - Prediction sent successfully
2024-07-22 19:57:40,145 - INFO - Total execution time: 6566.43 milliseconds
2024-07-22 19:57:40,145 - INFO - Processing frame /2024_TUYZ_Online_Yarisma_Ana_Oturum_Test_omzseiku_Video/frame_000360.jpg with translation /2024_TUYZ_Online_Yarisma_Ana_Oturum_Test_omzseiku_Video/frame_000360.jpg
2024-07-22 19:57:40,145 - INFO - Downloading image from http://teknofest.cezerirobot.com:1025/media/2024_TUYZ_Online_Yarisma_Ana_Oturum_Test_omzseiku_Video/frame_000360.jpg...
2024-07-22 19:57:40,847 - INFO - Image saved to ./downloaded_frames/frames/2024_TUYZ_Online_Yarisma_Ana_Oturum_Test_omzseiku_Video/frame_000360.jpg
2024-07-22 19:57:45,692 - INFO - Sending prediction for frame http://teknofest.cezerirobot.com/frames/11192/...
2024-07-22 19:57:45,907 - INFO - Prediction sent successfully
2024-07-22 19:57:45,907 - INFO - Total execution time: 5762.21 milliseconds
2024-07-22 19:57:45,908 - INFO - Processing frame /2024_TUYZ_Online_Yarisma_Ana_Oturum_Test_omzseiku_Video/frame_000364.jpg with translation /2024_TUYZ_Online_Yarisma_Ana_Oturum_Test_omzseiku_Video/frame_000364.jpg
2024-07-22 19:57:45,908 - INFO - Downloading image from http://teknofest.cezerirobot.com:1025/media/2024_TUYZ_Online_Yarisma_Ana_Oturum_Test_omzseiku_Video/frame_000364.jpg...
2024-07-22 19:57:46,439 - INFO - Image saved to ./downloaded_frames/frames/2024_TUYZ_Online_Yarisma_Ana_Oturum_Test_omzseiku_Video/frame_000364.jpg
2024-07-22 19:57:51,935 - INFO - Sending prediction for frame http://teknofest.cezerirobot.com/frames/11193/...
2024-07-22 19:57:52,177 - INFO - Prediction sent successfully
2024-07-22 19:57:52,177 - INFO - Total execution time: 6269.08 milliseconds
2024-07-22 19:57:52,177 - INFO - Processing frame /2024_TUYZ_Online_Yarisma_Ana_Oturum_Test_omzseiku_Video/frame_000368.jpg with translation /2024_TUYZ_Online_Yarisma_Ana_Oturum_Test_omzseiku_Video/frame_000368.jpg
2024-07-22 19:57:52,177 - INFO - Downloading image from http://teknofest.cezerirobot.com:1025/media/2024_TUYZ_Online_Yarisma_Ana_Oturum_Test_omzseiku_Video/frame_000368.jpg...
2024-07-22 19:57:52,649 - INFO - Image saved to ./downloaded_frames/frames/2024_TUYZ_Online_Yarisma_Ana_Oturum_Test_omzseiku_Video/frame_000368.jpg
