2024-07-22 19:45:00,070 - INFO - Authentication successful
2024-07-22 19:45:00,071 - INFO - Loading existing data...
2024-07-22 19:45:00,084 - INFO - SUNUCUYLA ÝLETÝÞÝM SÜRESÝ 0.36 saniye
2024-07-22 19:45:00,084 - INFO - Processing frame /2024_TUYZ_Online_Yarisma_Ana_Oturum_Test_omzseiku_Video/frame_000000.jpg with translation /2024_TUYZ_Online_Yarisma_Ana_Oturum_Test_omzseiku_Video/frame_000000.jpg
2024-07-22 19:45:00,084 - INFO - Image frame_000000.jpg already exists. Skipping...
2024-07-22 19:45:00,085 - INFO - Processing frame /2024_TUYZ_Online_Yarisma_Ana_Oturum_Test_omzseiku_Video/frame_000004.jpg with translation /2024_TUYZ_Online_Yarisma_Ana_Oturum_Test_omzseiku_Video/frame_000004.jpg
2024-07-22 19:45:00,088 - INFO - Image frame_000004.jpg already exists. Skipping...
2024-07-22 19:45:00,088 - INFO - Processing frame /2024_TUYZ_Online_Yarisma_Ana_Oturum_Test_omzseiku_Video/frame_000008.jpg with translation /2024_TUYZ_Online_Yarisma_Ana_Oturum_Test_omzseiku_Video/frame_000008.jpg
2024-07-22 19:45:00,088 - INFO - Image frame_000008.jpg already exists. Skipping...
2024-07-22 19:45:00,088 - INFO - Processing frame /2024_TUYZ_Online_Yarisma_Ana_Oturum_Test_omzseiku_Video/frame_000012.jpg with translation /2024_TUYZ_Online_Yarisma_Ana_Oturum_Test_omzseiku_Video/frame_000012.jpg
2024-07-22 19:45:00,089 - INFO - Image frame_000012.jpg already exists. Skipping...
2024-07-22 19:45:00,089 - INFO - Processing frame /2024_TUYZ_Online_Yarisma_Ana_Oturum_Test_omzseiku_Video/frame_000016.jpg with translation /2024_TUYZ_Online_Yarisma_Ana_Oturum_Test_omzseiku_Video/frame_000016.jpg
2024-07-22 19:45:00,089 - INFO - Image frame_000016.jpg already exists. Skipping...
2024-07-22 19:45:00,089 - INFO - Processing frame /2024_TUYZ_Online_Yarisma_Ana_Oturum_Test_omzseiku_Video/frame_000020.jpg with translation /2024_TUYZ_Online_Yarisma_Ana_Oturum_Test_omzseiku_Video/frame_000020.jpg
2024-07-22 19:45:00,089 - INFO - Image frame_000020.jpg already exists. Skipping...
2024-07-22 19:45:00,089 - INFO - Processing frame /2024_TUYZ_Online_Yarisma_Ana_Oturum_Test_omzseiku_Video/frame_000024.jpg with translation /2024_TUYZ_Online_Yarisma_Ana_Oturum_Test_omzseiku_Video/frame_000024.jpg
2024-07-22 19:45:00,089 - INFO - Image frame_000024.jpg already exists. Skipping...
2024-07-22 19:45:00,089 - INFO - Processing frame /2024_TUYZ_Online_Yarisma_Ana_Oturum_Test_omzseiku_Video/frame_000028.jpg with translation /2024_TUYZ_Online_Yarisma_Ana_Oturum_Test_omzseiku_Video/frame_000028.jpg
2024-07-22 19:45:00,090 - INFO - Image frame_000028.jpg already exists. Skipping...
2024-07-22 19:45:00,090 - INFO - Processing frame /2024_TUYZ_Online_Yarisma_Ana_Oturum_Test_omzseiku_Video/frame_000032.jpg with translation /2024_TUYZ_Online_Yarisma_Ana_Oturum_Test_omzseiku_Video/frame_000032.jpg
2024-07-22 19:45:00,091 - INFO - Image frame_000032.jpg already exists. Skipping...
2024-07-22 19:45:00,091 - INFO - Processing frame /2024_TUYZ_Online_Yarisma_Ana_Oturum_Test_omzseiku_Video/frame_000036.jpg with translation /2024_TUYZ_Online_Yarisma_Ana_Oturum_Test_omzseiku_Video/frame_000036.jpg
2024-07-22 19:45:00,091 - INFO - Image frame_000036.jpg already exists. Skipping...
2024-07-22 19:45:00,091 - INFO - Processing frame /2024_TUYZ_Online_Yarisma_Ana_Oturum_Test_omzseiku_Video/frame_000040.jpg with translation /2024_TUYZ_Online_Yarisma_Ana_Oturum_Test_omzseiku_Video/frame_000040.jpg
2024-07-22 19:45:00,091 - INFO - Image frame_000040.jpg already exists. Skipping...
2024-07-22 19:45:00,091 - INFO - Processing frame /2024_TUYZ_Online_Yarisma_Ana_Oturum_Test_omzseiku_Video/frame_000044.jpg with translation /2024_TUYZ_Online_Yarisma_Ana_Oturum_Test_omzseiku_Video/frame_000044.jpg
2024-07-22 19:45:00,091 - INFO - Image frame_000044.jpg already exists. Skipping...
2024-07-22 19:45:00,092 - INFO - Processing frame /2024_TUYZ_Online_Yarisma_Ana_Oturum_Test_omzseiku_Video/frame_000048.jpg with translation /2024_TUYZ_Online_Yarisma_Ana_Oturum_Test_omzseiku_Video/frame_000048.jpg
2024-07-22 19:45:00,092 - INFO - Image frame_000048.jpg already exists. Skipping...
2024-07-22 19:45:00,092 - INFO - Processing frame /2024_TUYZ_Online_Yarisma_Ana_Oturum_Test_omzseiku_Video/frame_000052.jpg with translation /2024_TUYZ_Online_Yarisma_Ana_Oturum_Test_omzseiku_Video/frame_000052.jpg
2024-07-22 19:45:00,092 - INFO - Image frame_000052.jpg already exists. Skipping...
2024-07-22 19:45:00,092 - INFO - Processing frame /2024_TUYZ_Online_Yarisma_Ana_Oturum_Test_omzseiku_Video/frame_000056.jpg with translation /2024_TUYZ_Online_Yarisma_Ana_Oturum_Test_omzseiku_Video/frame_000056.jpg
2024-07-22 19:45:00,092 - INFO - Image frame_000056.jpg already exists. Skipping...
2024-07-22 19:45:00,092 - INFO - Processing frame /2024_TUYZ_Online_Yarisma_Ana_Oturum_Test_omzseiku_Video/frame_000060.jpg with translation /2024_TUYZ_Online_Yarisma_Ana_Oturum_Test_omzseiku_Video/frame_000060.jpg
2024-07-22 19:45:00,093 - INFO - Image frame_000060.jpg already exists. Skipping...
2024-07-22 19:45:00,093 - INFO - Processing frame /2024_TUYZ_Online_Yarisma_Ana_Oturum_Test_omzseiku_Video/frame_000064.jpg with translation /2024_TUYZ_Online_Yarisma_Ana_Oturum_Test_omzseiku_Video/frame_000064.jpg
2024-07-22 19:45:00,093 - INFO - Image frame_000064.jpg already exists. Skipping...
2024-07-22 19:45:00,093 - INFO - Processing frame /2024_TUYZ_Online_Yarisma_Ana_Oturum_Test_omzseiku_Video/frame_000068.jpg with translation /2024_TUYZ_Online_Yarisma_Ana_Oturum_Test_omzseiku_Video/frame_000068.jpg
2024-07-22 19:45:00,093 - INFO - Image frame_000068.jpg already exists. Skipping...
2024-07-22 19:45:00,093 - INFO - Processing frame /2024_TUYZ_Online_Yarisma_Ana_Oturum_Test_omzseiku_Video/frame_000072.jpg with translation /2024_TUYZ_Online_Yarisma_Ana_Oturum_Test_omzseiku_Video/frame_000072.jpg
2024-07-22 19:45:00,094 - INFO - Image frame_000072.jpg already exists. Skipping...
2024-07-22 19:45:00,094 - INFO - Processing frame /2024_TUYZ_Online_Yarisma_Ana_Oturum_Test_omzseiku_Video/frame_000076.jpg with translation /2024_TUYZ_Online_Yarisma_Ana_Oturum_Test_omzseiku_Video/frame_000076.jpg
2024-07-22 19:45:00,094 - INFO - Image frame_000076.jpg already exists. Skipping...
2024-07-22 19:45:00,094 - INFO - Processing frame /2024_TUYZ_Online_Yarisma_Ana_Oturum_Test_omzseiku_Video/frame_000080.jpg with translation /2024_TUYZ_Online_Yarisma_Ana_Oturum_Test_omzseiku_Video/frame_000080.jpg
2024-07-22 19:45:00,094 - INFO - Image frame_000080.jpg already exists. Skipping...
2024-07-22 19:45:00,094 - INFO - Processing frame /2024_TUYZ_Online_Yarisma_Ana_Oturum_Test_omzseiku_Video/frame_000084.jpg with translation /2024_TUYZ_Online_Yarisma_Ana_Oturum_Test_omzseiku_Video/frame_000084.jpg
2024-07-22 19:45:00,094 - INFO - Image frame_000084.jpg already exists. Skipping...
2024-07-22 19:45:00,095 - INFO - Processing frame /2024_TUYZ_Online_Yarisma_Ana_Oturum_Test_omzseiku_Video/frame_000088.jpg with translation /2024_TUYZ_Online_Yarisma_Ana_Oturum_Test_omzseiku_Video/frame_000088.jpg
2024-07-22 19:45:00,095 - INFO - Image frame_000088.jpg already exists. Skipping...
2024-07-22 19:45:00,095 - INFO - Processing frame /2024_TUYZ_Online_Yarisma_Ana_Oturum_Test_omzseiku_Video/frame_000092.jpg with translation /2024_TUYZ_Online_Yarisma_Ana_Oturum_Test_omzseiku_Video/frame_000092.jpg
2024-07-22 19:45:00,095 - INFO - Image frame_000092.jpg already exists. Skipping...
2024-07-22 19:45:00,095 - INFO - Processing frame /2024_TUYZ_Online_Yarisma_Ana_Oturum_Test_omzseiku_Video/frame_000096.jpg with translation /2024_TUYZ_Online_Yarisma_Ana_Oturum_Test_omzseiku_Video/frame_000096.jpg
2024-07-22 19:45:00,095 - INFO - Image frame_000096.jpg already exists. Skipping...
2024-07-22 19:45:00,095 - INFO - Processing frame /2024_TUYZ_Online_Yarisma_Ana_Oturum_Test_omzseiku_Video/frame_000100.jpg with translation /2024_TUYZ_Online_Yarisma_Ana_Oturum_Test_omzseiku_Video/frame_000100.jpg
2024-07-22 19:45:00,096 - INFO - Image frame_000100.jpg already exists. Skipping...
2024-07-22 19:45:00,096 - INFO - Processing frame /2024_TUYZ_Online_Yarisma_Ana_Oturum_Test_omzseiku_Video/frame_000104.jpg with translation /2024_TUYZ_Online_Yarisma_Ana_Oturum_Test_omzseiku_Video/frame_000104.jpg
2024-07-22 19:45:00,096 - INFO - Image frame_000104.jpg already exists. Skipping...
2024-07-22 19:45:00,096 - INFO - Processing frame /2024_TUYZ_Online_Yarisma_Ana_Oturum_Test_omzseiku_Video/frame_000108.jpg with translation /2024_TUYZ_Online_Yarisma_Ana_Oturum_Test_omzseiku_Video/frame_000108.jpg
2024-07-22 19:45:00,097 - INFO - Image frame_000108.jpg already exists. Skipping...
2024-07-22 19:45:00,097 - INFO - Processing frame /2024_TUYZ_Online_Yarisma_Ana_Oturum_Test_omzseiku_Video/frame_000112.jpg with translation /2024_TUYZ_Online_Yarisma_Ana_Oturum_Test_omzseiku_Video/frame_000112.jpg
2024-07-22 19:45:00,097 - INFO - Image frame_000112.jpg already exists. Skipping...
2024-07-22 19:45:00,097 - INFO - Processing frame /2024_TUYZ_Online_Yarisma_Ana_Oturum_Test_omzseiku_Video/frame_000116.jpg with translation /2024_TUYZ_Online_Yarisma_Ana_Oturum_Test_omzseiku_Video/frame_000116.jpg
2024-07-22 19:45:00,097 - INFO - Image frame_000116.jpg already exists. Skipping...
2024-07-22 19:45:00,097 - INFO - Processing frame /2024_TUYZ_Online_Yarisma_Ana_Oturum_Test_omzseiku_Video/frame_000120.jpg with translation /2024_TUYZ_Online_Yarisma_Ana_Oturum_Test_omzseiku_Video/frame_000120.jpg
2024-07-22 19:45:00,098 - INFO - Image frame_000120.jpg already exists. Skipping...
2024-07-22 19:45:00,098 - INFO - Processing frame /2024_TUYZ_Online_Yarisma_Ana_Oturum_Test_omzseiku_Video/frame_000124.jpg with translation /2024_TUYZ_Online_Yarisma_Ana_Oturum_Test_omzseiku_Video/frame_000124.jpg
2024-07-22 19:45:00,098 - INFO - Image frame_000124.jpg already exists. Skipping...
2024-07-22 19:45:00,098 - INFO - Processing frame /2024_TUYZ_Online_Yarisma_Ana_Oturum_Test_omzseiku_Video/frame_000128.jpg with translation /2024_TUYZ_Online_Yarisma_Ana_Oturum_Test_omzseiku_Video/frame_000128.jpg
2024-07-22 19:45:00,098 - INFO - Image frame_000128.jpg already exists. Skipping...
2024-07-22 19:45:00,098 - INFO - Processing frame /2024_TUYZ_Online_Yarisma_Ana_Oturum_Test_omzseiku_Video/frame_000132.jpg with translation /2024_TUYZ_Online_Yarisma_Ana_Oturum_Test_omzseiku_Video/frame_000132.jpg
2024-07-22 19:45:00,098 - INFO - Image frame_000132.jpg already exists. Skipping...
2024-07-22 19:45:00,098 - INFO - Processing frame /2024_TUYZ_Online_Yarisma_Ana_Oturum_Test_omzseiku_Video/frame_000136.jpg with translation /2024_TUYZ_Online_Yarisma_Ana_Oturum_Test_omzseiku_Video/frame_000136.jpg
2024-07-22 19:45:00,099 - INFO - Image frame_000136.jpg already exists. Skipping...
2024-07-22 19:45:00,099 - INFO - Processing frame /2024_TUYZ_Online_Yarisma_Ana_Oturum_Test_omzseiku_Video/frame_000140.jpg with translation /2024_TUYZ_Online_Yarisma_Ana_Oturum_Test_omzseiku_Video/frame_000140.jpg
2024-07-22 19:45:00,099 - INFO - Image frame_000140.jpg already exists. Skipping...
2024-07-22 19:45:00,099 - INFO - Processing frame /2024_TUYZ_Online_Yarisma_Ana_Oturum_Test_omzseiku_Video/frame_000144.jpg with translation /2024_TUYZ_Online_Yarisma_Ana_Oturum_Test_omzseiku_Video/frame_000144.jpg
2024-07-22 19:45:00,099 - INFO - Image frame_000144.jpg already exists. Skipping...
2024-07-22 19:45:00,099 - INFO - Processing frame /2024_TUYZ_Online_Yarisma_Ana_Oturum_Test_omzseiku_Video/frame_000148.jpg with translation /2024_TUYZ_Online_Yarisma_Ana_Oturum_Test_omzseiku_Video/frame_000148.jpg
2024-07-22 19:45:00,099 - INFO - Image frame_000148.jpg already exists. Skipping...
2024-07-22 19:45:00,099 - INFO - Processing frame /2024_TUYZ_Online_Yarisma_Ana_Oturum_Test_omzseiku_Video/frame_000152.jpg with translation /2024_TUYZ_Online_Yarisma_Ana_Oturum_Test_omzseiku_Video/frame_000152.jpg
2024-07-22 19:45:00,099 - INFO - Image frame_000152.jpg already exists. Skipping...
2024-07-22 19:45:00,099 - INFO - Processing frame /2024_TUYZ_Online_Yarisma_Ana_Oturum_Test_omzseiku_Video/frame_000156.jpg with translation /2024_TUYZ_Online_Yarisma_Ana_Oturum_Test_omzseiku_Video/frame_000156.jpg
2024-07-22 19:45:00,100 - INFO - Image frame_000156.jpg already exists. Skipping...
2024-07-22 19:45:00,100 - INFO - Processing frame /2024_TUYZ_Online_Yarisma_Ana_Oturum_Test_omzseiku_Video/frame_000160.jpg with translation /2024_TUYZ_Online_Yarisma_Ana_Oturum_Test_omzseiku_Video/frame_000160.jpg
2024-07-22 19:45:00,100 - INFO - Image frame_000160.jpg already exists. Skipping...
2024-07-22 19:45:00,100 - INFO - Processing frame /2024_TUYZ_Online_Yarisma_Ana_Oturum_Test_omzseiku_Video/frame_000164.jpg with translation /2024_TUYZ_Online_Yarisma_Ana_Oturum_Test_omzseiku_Video/frame_000164.jpg
2024-07-22 19:45:00,100 - INFO - Image frame_000164.jpg already exists. Skipping...
2024-07-22 19:45:00,100 - INFO - Processing frame /2024_TUYZ_Online_Yarisma_Ana_Oturum_Test_omzseiku_Video/frame_000168.jpg with translation /2024_TUYZ_Online_Yarisma_Ana_Oturum_Test_omzseiku_Video/frame_000168.jpg
2024-07-22 19:45:00,100 - INFO - Image frame_000168.jpg already exists. Skipping...
2024-07-22 19:45:00,101 - INFO - Processing frame /2024_TUYZ_Online_Yarisma_Ana_Oturum_Test_omzseiku_Video/frame_000172.jpg with translation /2024_TUYZ_Online_Yarisma_Ana_Oturum_Test_omzseiku_Video/frame_000172.jpg
2024-07-22 19:45:00,101 - INFO - Image frame_000172.jpg already exists. Skipping...
2024-07-22 19:45:00,101 - INFO - Processing frame /2024_TUYZ_Online_Yarisma_Ana_Oturum_Test_omzseiku_Video/frame_000176.jpg with translation /2024_TUYZ_Online_Yarisma_Ana_Oturum_Test_omzseiku_Video/frame_000176.jpg
2024-07-22 19:45:00,102 - INFO - Image frame_000176.jpg already exists. Skipping...
2024-07-22 19:45:00,102 - INFO - Processing frame /2024_TUYZ_Online_Yarisma_Ana_Oturum_Test_omzseiku_Video/frame_000180.jpg with translation /2024_TUYZ_Online_Yarisma_Ana_Oturum_Test_omzseiku_Video/frame_000180.jpg
2024-07-22 19:45:00,102 - INFO - Image frame_000180.jpg already exists. Skipping...
2024-07-22 19:45:00,102 - INFO - Processing frame /2024_TUYZ_Online_Yarisma_Ana_Oturum_Test_omzseiku_Video/frame_000184.jpg with translation /2024_TUYZ_Online_Yarisma_Ana_Oturum_Test_omzseiku_Video/frame_000184.jpg
2024-07-22 19:45:00,102 - INFO - Image frame_000184.jpg already exists. Skipping...
2024-07-22 19:45:00,102 - INFO - Processing frame /2024_TUYZ_Online_Yarisma_Ana_Oturum_Test_omzseiku_Video/frame_000188.jpg with translation /2024_TUYZ_Online_Yarisma_Ana_Oturum_Test_omzseiku_Video/frame_000188.jpg
2024-07-22 19:45:00,102 - INFO - Image frame_000188.jpg already exists. Skipping...
2024-07-22 19:45:00,102 - INFO - Processing frame /2024_TUYZ_Online_Yarisma_Ana_Oturum_Test_omzseiku_Video/frame_000192.jpg with translation /2024_TUYZ_Online_Yarisma_Ana_Oturum_Test_omzseiku_Video/frame_000192.jpg
2024-07-22 19:45:00,103 - INFO - Image frame_000192.jpg already exists. Skipping...
2024-07-22 19:45:00,103 - INFO - Processing frame /2024_TUYZ_Online_Yarisma_Ana_Oturum_Test_omzseiku_Video/frame_000196.jpg with translation /2024_TUYZ_Online_Yarisma_Ana_Oturum_Test_omzseiku_Video/frame_000196.jpg
2024-07-22 19:45:00,103 - INFO - Image frame_000196.jpg already exists. Skipping...
2024-07-22 19:45:00,103 - INFO - Processing frame /2024_TUYZ_Online_Yarisma_Ana_Oturum_Test_omzseiku_Video/frame_000200.jpg with translation /2024_TUYZ_Online_Yarisma_Ana_Oturum_Test_omzseiku_Video/frame_000200.jpg
2024-07-22 19:45:00,103 - INFO - Image frame_000200.jpg already exists. Skipping...
2024-07-22 19:45:00,103 - INFO - Processing frame /2024_TUYZ_Online_Yarisma_Ana_Oturum_Test_omzseiku_Video/frame_000204.jpg with translation /2024_TUYZ_Online_Yarisma_Ana_Oturum_Test_omzseiku_Video/frame_000204.jpg
2024-07-22 19:45:00,103 - INFO - Image frame_000204.jpg already exists. Skipping...
2024-07-22 19:45:00,104 - INFO - Processing frame /2024_TUYZ_Online_Yarisma_Ana_Oturum_Test_omzseiku_Video/frame_000208.jpg with translation /2024_TUYZ_Online_Yarisma_Ana_Oturum_Test_omzseiku_Video/frame_000208.jpg
2024-07-22 19:45:00,104 - INFO - Image frame_000208.jpg already exists. Skipping...
2024-07-22 19:45:00,104 - INFO - Processing frame /2024_TUYZ_Online_Yarisma_Ana_Oturum_Test_omzseiku_Video/frame_000212.jpg with translation /2024_TUYZ_Online_Yarisma_Ana_Oturum_Test_omzseiku_Video/frame_000212.jpg
2024-07-22 19:45:00,104 - INFO - Image frame_000212.jpg already exists. Skipping...
2024-07-22 19:45:00,104 - INFO - Processing frame /2024_TUYZ_Online_Yarisma_Ana_Oturum_Test_omzseiku_Video/frame_000216.jpg with translation /2024_TUYZ_Online_Yarisma_Ana_Oturum_Test_omzseiku_Video/frame_000216.jpg
2024-07-22 19:45:00,104 - INFO - Image frame_000216.jpg already exists. Skipping...
2024-07-22 19:45:00,104 - INFO - Processing frame /2024_TUYZ_Online_Yarisma_Ana_Oturum_Test_omzseiku_Video/frame_000220.jpg with translation /2024_TUYZ_Online_Yarisma_Ana_Oturum_Test_omzseiku_Video/frame_000220.jpg
2024-07-22 19:45:00,104 - INFO - Image frame_000220.jpg already exists. Skipping...
2024-07-22 19:45:00,104 - INFO - Processing frame /2024_TUYZ_Online_Yarisma_Ana_Oturum_Test_omzseiku_Video/frame_000224.jpg with translation /2024_TUYZ_Online_Yarisma_Ana_Oturum_Test_omzseiku_Video/frame_000224.jpg
2024-07-22 19:45:00,104 - INFO - Downloading image from http://teknofest.cezerirobot.com:1025/media/2024_TUYZ_Online_Yarisma_Ana_Oturum_Test_omzseiku_Video/frame_000224.jpg...
2024-07-22 19:45:00,701 - INFO - Image saved to ./downloaded_frames/frames/2024_TUYZ_Online_Yarisma_Ana_Oturum_Test_omzseiku_Video/frame_000224.jpg
2024-07-22 19:45:07,207 - INFO - Sending prediction for frame http://teknofest.cezerirobot.com/frames/11158/...
2024-07-22 19:45:07,435 - INFO - Prediction sent successfully
2024-07-22 19:45:07,437 - INFO - Total execution time: 7332.50 milliseconds
2024-07-22 19:45:07,437 - INFO - Processing frame /2024_TUYZ_Online_Yarisma_Ana_Oturum_Test_omzseiku_Video/frame_000228.jpg with translation /2024_TUYZ_Online_Yarisma_Ana_Oturum_Test_omzseiku_Video/frame_000228.jpg
2024-07-22 19:45:07,437 - INFO - Downloading image from http://teknofest.cezerirobot.com:1025/media/2024_TUYZ_Online_Yarisma_Ana_Oturum_Test_omzseiku_Video/frame_000228.jpg...
2024-07-22 19:45:08,013 - INFO - Image saved to ./downloaded_frames/frames/2024_TUYZ_Online_Yarisma_Ana_Oturum_Test_omzseiku_Video/frame_000228.jpg
