2024-06-28 19:06:49,447 - INFO - Authentication successful
2024-06-28 19:06:49,448 - INFO - Loading existing data...
2024-06-28 19:06:49,450 - INFO - SUNUCUYLA İLETİŞİM SÜRESİ 1.12 saniye
2024-06-28 19:06:49,450 - INFO - Processing frame /2024_TUYZ_Online_Yarisma_Ana/frame_000000.jpg with translation /2024_TUYZ_Online_Yarisma_Ana/frame_000000.jpg
2024-06-28 19:06:49,450 - INFO - Image frame_000000.jpg already exists. Skipping...
2024-06-28 19:06:49,450 - INFO - Processing frame /2024_TUYZ_Online_Yarisma_Ana/frame_000004.jpg with translation /2024_TUYZ_Online_Yarisma_Ana/frame_000004.jpg
2024-06-28 19:06:49,450 - INFO - Image frame_000004.jpg already exists. Skipping...
2024-06-28 19:06:49,450 - INFO - Processing frame /2024_TUYZ_Online_Yarisma_Ana/frame_000008.jpg with translation /2024_TUYZ_Online_Yarisma_Ana/frame_000008.jpg
2024-06-28 19:06:49,450 - INFO - Image frame_000008.jpg already exists. Skipping...
2024-06-28 19:06:49,450 - INFO - Processing frame /2024_TUYZ_Online_Yarisma_Ana/frame_000012.jpg with translation /2024_TUYZ_Online_Yarisma_Ana/frame_000012.jpg
2024-06-28 19:06:49,450 - INFO - Image frame_000012.jpg already exists. Skipping...
2024-06-28 19:06:49,450 - INFO - Processing frame /2024_TUYZ_Online_Yarisma_Ana/frame_000016.jpg with translation /2024_TUYZ_Online_Yarisma_Ana/frame_000016.jpg
2024-06-28 19:06:49,450 - INFO - Image frame_000016.jpg already exists. Skipping...
2024-06-28 19:06:49,451 - INFO - Processing frame /2024_TUYZ_Online_Yarisma_Ana/frame_000020.jpg with translation /2024_TUYZ_Online_Yarisma_Ana/frame_000020.jpg
2024-06-28 19:06:49,451 - INFO - Image frame_000020.jpg already exists. Skipping...
2024-06-28 19:06:49,451 - INFO - Processing frame /2024_TUYZ_Online_Yarisma_Ana/frame_000024.jpg with translation /2024_TUYZ_Online_Yarisma_Ana/frame_000024.jpg
2024-06-28 19:06:49,451 - INFO - Image frame_000024.jpg already exists. Skipping...
2024-06-28 19:06:49,451 - INFO - Processing frame /2024_TUYZ_Online_Yarisma_Ana/frame_000028.jpg with translation /2024_TUYZ_Online_Yarisma_Ana/frame_000028.jpg
2024-06-28 19:06:49,451 - INFO - Image frame_000028.jpg already exists. Skipping...
2024-06-28 19:06:49,451 - INFO - Processing frame /2024_TUYZ_Online_Yarisma_Ana/frame_000032.jpg with translation /2024_TUYZ_Online_Yarisma_Ana/frame_000032.jpg
2024-06-28 19:06:49,451 - INFO - Image frame_000032.jpg already exists. Skipping...
2024-06-28 19:06:49,451 - INFO - Processing frame /2024_TUYZ_Online_Yarisma_Ana/frame_000036.jpg with translation /2024_TUYZ_Online_Yarisma_Ana/frame_000036.jpg
2024-06-28 19:06:49,451 - INFO - Image frame_000036.jpg already exists. Skipping...
2024-06-28 19:06:49,451 - INFO - Processing frame /2024_TUYZ_Online_Yarisma_Ana/frame_000040.jpg with translation /2024_TUYZ_Online_Yarisma_Ana/frame_000040.jpg
2024-06-28 19:06:49,451 - INFO - Image frame_000040.jpg already exists. Skipping...
2024-06-28 19:06:49,451 - INFO - Processing frame /2024_TUYZ_Online_Yarisma_Ana/frame_000044.jpg with translation /2024_TUYZ_Online_Yarisma_Ana/frame_000044.jpg
2024-06-28 19:06:49,451 - INFO - Image frame_000044.jpg already exists. Skipping...
2024-06-28 19:06:49,451 - INFO - Processing frame /2024_TUYZ_Online_Yarisma_Ana/frame_000048.jpg with translation /2024_TUYZ_Online_Yarisma_Ana/frame_000048.jpg
2024-06-28 19:06:49,451 - INFO - Image frame_000048.jpg already exists. Skipping...
2024-06-28 19:06:49,451 - INFO - Processing frame /2024_TUYZ_Online_Yarisma_Ana/frame_000052.jpg with translation /2024_TUYZ_Online_Yarisma_Ana/frame_000052.jpg
2024-06-28 19:06:49,451 - INFO - Image frame_000052.jpg already exists. Skipping...
2024-06-28 19:06:49,451 - INFO - Processing frame /2024_TUYZ_Online_Yarisma_Ana/frame_000056.jpg with translation /2024_TUYZ_Online_Yarisma_Ana/frame_000056.jpg
2024-06-28 19:06:49,451 - INFO - Image frame_000056.jpg already exists. Skipping...
2024-06-28 19:06:49,451 - INFO - Processing frame /2024_TUYZ_Online_Yarisma_Ana/frame_000060.jpg with translation /2024_TUYZ_Online_Yarisma_Ana/frame_000060.jpg
2024-06-28 19:06:49,451 - INFO - Image frame_000060.jpg already exists. Skipping...
2024-06-28 19:06:49,451 - INFO - Processing frame /2024_TUYZ_Online_Yarisma_Ana/frame_000064.jpg with translation /2024_TUYZ_Online_Yarisma_Ana/frame_000064.jpg
2024-06-28 19:06:49,451 - INFO - Image frame_000064.jpg already exists. Skipping...
2024-06-28 19:06:49,451 - INFO - Processing frame /2024_TUYZ_Online_Yarisma_Ana/frame_000068.jpg with translation /2024_TUYZ_Online_Yarisma_Ana/frame_000068.jpg
2024-06-28 19:06:49,451 - INFO - Image frame_000068.jpg already exists. Skipping...
2024-06-28 19:06:49,451 - INFO - Processing frame /2024_TUYZ_Online_Yarisma_Ana/frame_000072.jpg with translation /2024_TUYZ_Online_Yarisma_Ana/frame_000072.jpg
2024-06-28 19:06:49,451 - INFO - Image frame_000072.jpg already exists. Skipping...
2024-06-28 19:06:49,451 - INFO - Processing frame /2024_TUYZ_Online_Yarisma_Ana/frame_000076.jpg with translation /2024_TUYZ_Online_Yarisma_Ana/frame_000076.jpg
2024-06-28 19:06:49,452 - INFO - Image frame_000076.jpg already exists. Skipping...
2024-06-28 19:06:49,452 - INFO - Processing frame /2024_TUYZ_Online_Yarisma_Ana/frame_000080.jpg with translation /2024_TUYZ_Online_Yarisma_Ana/frame_000080.jpg
2024-06-28 19:06:49,452 - INFO - Image frame_000080.jpg already exists. Skipping...
2024-06-28 19:06:49,452 - INFO - Processing frame /2024_TUYZ_Online_Yarisma_Ana/frame_000084.jpg with translation /2024_TUYZ_Online_Yarisma_Ana/frame_000084.jpg
2024-06-28 19:06:49,452 - INFO - Image frame_000084.jpg already exists. Skipping...
2024-06-28 19:06:49,452 - INFO - Processing frame /2024_TUYZ_Online_Yarisma_Ana/frame_000088.jpg with translation /2024_TUYZ_Online_Yarisma_Ana/frame_000088.jpg
2024-06-28 19:06:49,452 - INFO - Image frame_000088.jpg already exists. Skipping...
2024-06-28 19:06:49,452 - INFO - Processing frame /2024_TUYZ_Online_Yarisma_Ana/frame_000092.jpg with translation /2024_TUYZ_Online_Yarisma_Ana/frame_000092.jpg
2024-06-28 19:06:49,452 - INFO - Image frame_000092.jpg already exists. Skipping...
2024-06-28 19:06:49,452 - INFO - Processing frame /2024_TUYZ_Online_Yarisma_Ana/frame_000096.jpg with translation /2024_TUYZ_Online_Yarisma_Ana/frame_000096.jpg
2024-06-28 19:06:49,452 - INFO - Image frame_000096.jpg already exists. Skipping...
2024-06-28 19:06:49,452 - INFO - Processing frame /2024_TUYZ_Online_Yarisma_Ana/frame_000100.jpg with translation /2024_TUYZ_Online_Yarisma_Ana/frame_000100.jpg
2024-06-28 19:06:49,452 - INFO - Image frame_000100.jpg already exists. Skipping...
2024-06-28 19:06:49,452 - INFO - Processing frame /2024_TUYZ_Online_Yarisma_Ana/frame_000104.jpg with translation /2024_TUYZ_Online_Yarisma_Ana/frame_000104.jpg
2024-06-28 19:06:49,452 - INFO - Image frame_000104.jpg already exists. Skipping...
2024-06-28 19:06:49,452 - INFO - Processing frame /2024_TUYZ_Online_Yarisma_Ana/frame_000108.jpg with translation /2024_TUYZ_Online_Yarisma_Ana/frame_000108.jpg
2024-06-28 19:06:49,452 - INFO - Image frame_000108.jpg already exists. Skipping...
2024-06-28 19:06:49,452 - INFO - Processing frame /2024_TUYZ_Online_Yarisma_Ana/frame_000112.jpg with translation /2024_TUYZ_Online_Yarisma_Ana/frame_000112.jpg
2024-06-28 19:06:49,452 - INFO - Image frame_000112.jpg already exists. Skipping...
2024-06-28 19:06:49,452 - INFO - Processing frame /2024_TUYZ_Online_Yarisma_Ana/frame_000116.jpg with translation /2024_TUYZ_Online_Yarisma_Ana/frame_000116.jpg
2024-06-28 19:06:49,452 - INFO - Image frame_000116.jpg already exists. Skipping...
2024-06-28 19:06:49,452 - INFO - Processing frame /2024_TUYZ_Online_Yarisma_Ana/frame_000120.jpg with translation /2024_TUYZ_Online_Yarisma_Ana/frame_000120.jpg
2024-06-28 19:06:49,452 - INFO - Image frame_000120.jpg already exists. Skipping...
2024-06-28 19:06:49,452 - INFO - Processing frame /2024_TUYZ_Online_Yarisma_Ana/frame_000124.jpg with translation /2024_TUYZ_Online_Yarisma_Ana/frame_000124.jpg
2024-06-28 19:06:49,452 - INFO - Image frame_000124.jpg already exists. Skipping...
2024-06-28 19:06:49,452 - INFO - Processing frame /2024_TUYZ_Online_Yarisma_Ana/frame_000128.jpg with translation /2024_TUYZ_Online_Yarisma_Ana/frame_000128.jpg
2024-06-28 19:06:49,452 - INFO - Image frame_000128.jpg already exists. Skipping...
2024-06-28 19:06:49,452 - INFO - Processing frame /2024_TUYZ_Online_Yarisma_Ana/frame_000132.jpg with translation /2024_TUYZ_Online_Yarisma_Ana/frame_000132.jpg
2024-06-28 19:06:49,452 - INFO - Image frame_000132.jpg already exists. Skipping...
2024-06-28 19:06:49,453 - INFO - Processing frame /2024_TUYZ_Online_Yarisma_Ana/frame_000136.jpg with translation /2024_TUYZ_Online_Yarisma_Ana/frame_000136.jpg
2024-06-28 19:06:49,453 - INFO - Image frame_000136.jpg already exists. Skipping...
2024-06-28 19:06:49,453 - INFO - Processing frame /2024_TUYZ_Online_Yarisma_Ana/frame_000140.jpg with translation /2024_TUYZ_Online_Yarisma_Ana/frame_000140.jpg
2024-06-28 19:06:49,453 - INFO - Image frame_000140.jpg already exists. Skipping...
2024-06-28 19:06:49,453 - INFO - Processing frame /2024_TUYZ_Online_Yarisma_Ana/frame_000144.jpg with translation /2024_TUYZ_Online_Yarisma_Ana/frame_000144.jpg
2024-06-28 19:06:49,453 - INFO - Image frame_000144.jpg already exists. Skipping...
2024-06-28 19:06:49,453 - INFO - Processing frame /2024_TUYZ_Online_Yarisma_Ana/frame_000148.jpg with translation /2024_TUYZ_Online_Yarisma_Ana/frame_000148.jpg
2024-06-28 19:06:49,453 - INFO - Image frame_000148.jpg already exists. Skipping...
2024-06-28 19:06:49,453 - INFO - Processing frame /2024_TUYZ_Online_Yarisma_Ana/frame_000152.jpg with translation /2024_TUYZ_Online_Yarisma_Ana/frame_000152.jpg
2024-06-28 19:06:49,453 - INFO - Image frame_000152.jpg already exists. Skipping...
2024-06-28 19:06:49,453 - INFO - Processing frame /2024_TUYZ_Online_Yarisma_Ana/frame_000156.jpg with translation /2024_TUYZ_Online_Yarisma_Ana/frame_000156.jpg
2024-06-28 19:06:49,453 - INFO - Image frame_000156.jpg already exists. Skipping...
2024-06-28 19:06:49,453 - INFO - Processing frame /2024_TUYZ_Online_Yarisma_Ana/frame_000160.jpg with translation /2024_TUYZ_Online_Yarisma_Ana/frame_000160.jpg
2024-06-28 19:06:49,453 - INFO - Image frame_000160.jpg already exists. Skipping...
2024-06-28 19:06:49,453 - INFO - Processing frame /2024_TUYZ_Online_Yarisma_Ana/frame_000164.jpg with translation /2024_TUYZ_Online_Yarisma_Ana/frame_000164.jpg
2024-06-28 19:06:49,453 - INFO - Image frame_000164.jpg already exists. Skipping...
2024-06-28 19:06:49,453 - INFO - Processing frame /2024_TUYZ_Online_Yarisma_Ana/frame_000168.jpg with translation /2024_TUYZ_Online_Yarisma_Ana/frame_000168.jpg
2024-06-28 19:06:49,453 - INFO - Image frame_000168.jpg already exists. Skipping...
2024-06-28 19:06:49,453 - INFO - Processing frame /2024_TUYZ_Online_Yarisma_Ana/frame_000172.jpg with translation /2024_TUYZ_Online_Yarisma_Ana/frame_000172.jpg
2024-06-28 19:06:49,453 - INFO - Image frame_000172.jpg already exists. Skipping...
2024-06-28 19:06:49,453 - INFO - Processing frame /2024_TUYZ_Online_Yarisma_Ana/frame_000176.jpg with translation /2024_TUYZ_Online_Yarisma_Ana/frame_000176.jpg
2024-06-28 19:06:49,453 - INFO - Image frame_000176.jpg already exists. Skipping...
2024-06-28 19:06:49,453 - INFO - Processing frame /2024_TUYZ_Online_Yarisma_Ana/frame_000180.jpg with translation /2024_TUYZ_Online_Yarisma_Ana/frame_000180.jpg
2024-06-28 19:06:49,453 - INFO - Image frame_000180.jpg already exists. Skipping...
2024-06-28 19:06:49,453 - INFO - Processing frame /2024_TUYZ_Online_Yarisma_Ana/frame_000184.jpg with translation /2024_TUYZ_Online_Yarisma_Ana/frame_000184.jpg
2024-06-28 19:06:49,453 - INFO - Image frame_000184.jpg already exists. Skipping...
2024-06-28 19:06:49,453 - INFO - Processing frame /2024_TUYZ_Online_Yarisma_Ana/frame_000188.jpg with translation /2024_TUYZ_Online_Yarisma_Ana/frame_000188.jpg
2024-06-28 19:06:49,453 - INFO - Image frame_000188.jpg already exists. Skipping...
2024-06-28 19:06:49,453 - INFO - Processing frame /2024_TUYZ_Online_Yarisma_Ana/frame_000192.jpg with translation /2024_TUYZ_Online_Yarisma_Ana/frame_000192.jpg
2024-06-28 19:06:49,453 - INFO - Image frame_000192.jpg already exists. Skipping...
2024-06-28 19:06:49,454 - INFO - Processing frame /2024_TUYZ_Online_Yarisma_Ana/frame_000196.jpg with translation /2024_TUYZ_Online_Yarisma_Ana/frame_000196.jpg
2024-06-28 19:06:49,454 - INFO - Image frame_000196.jpg already exists. Skipping...
2024-06-28 19:06:49,454 - INFO - Processing frame /2024_TUYZ_Online_Yarisma_Ana/frame_000200.jpg with translation /2024_TUYZ_Online_Yarisma_Ana/frame_000200.jpg
2024-06-28 19:06:49,454 - INFO - Image frame_000200.jpg already exists. Skipping...
2024-06-28 19:06:49,454 - INFO - Processing frame /2024_TUYZ_Online_Yarisma_Ana/frame_000204.jpg with translation /2024_TUYZ_Online_Yarisma_Ana/frame_000204.jpg
2024-06-28 19:06:49,454 - INFO - Image frame_000204.jpg already exists. Skipping...
2024-06-28 19:06:49,454 - INFO - Processing frame /2024_TUYZ_Online_Yarisma_Ana/frame_000208.jpg with translation /2024_TUYZ_Online_Yarisma_Ana/frame_000208.jpg
2024-06-28 19:06:49,454 - INFO - Image frame_000208.jpg already exists. Skipping...
2024-06-28 19:06:49,454 - INFO - Processing frame /2024_TUYZ_Online_Yarisma_Ana/frame_000212.jpg with translation /2024_TUYZ_Online_Yarisma_Ana/frame_000212.jpg
2024-06-28 19:06:49,454 - INFO - Image frame_000212.jpg already exists. Skipping...
2024-06-28 19:06:49,454 - INFO - Processing frame /2024_TUYZ_Online_Yarisma_Ana/frame_000216.jpg with translation /2024_TUYZ_Online_Yarisma_Ana/frame_000216.jpg
2024-06-28 19:06:49,454 - INFO - Image frame_000216.jpg already exists. Skipping...
2024-06-28 19:06:49,454 - INFO - Processing frame /2024_TUYZ_Online_Yarisma_Ana/frame_000220.jpg with translation /2024_TUYZ_Online_Yarisma_Ana/frame_000220.jpg
2024-06-28 19:06:49,454 - INFO - Image frame_000220.jpg already exists. Skipping...
2024-06-28 19:06:49,454 - INFO - Processing frame /2024_TUYZ_Online_Yarisma_Ana/frame_000224.jpg with translation /2024_TUYZ_Online_Yarisma_Ana/frame_000224.jpg
2024-06-28 19:06:49,454 - INFO - Image frame_000224.jpg already exists. Skipping...
2024-06-28 19:06:49,454 - INFO - Processing frame /2024_TUYZ_Online_Yarisma_Ana/frame_000228.jpg with translation /2024_TUYZ_Online_Yarisma_Ana/frame_000228.jpg
2024-06-28 19:06:49,454 - INFO - Image frame_000228.jpg already exists. Skipping...
2024-06-28 19:06:49,454 - INFO - Processing frame /2024_TUYZ_Online_Yarisma_Ana/frame_000232.jpg with translation /2024_TUYZ_Online_Yarisma_Ana/frame_000232.jpg
2024-06-28 19:06:49,454 - INFO - Image frame_000232.jpg already exists. Skipping...
2024-06-28 19:06:49,454 - INFO - Processing frame /2024_TUYZ_Online_Yarisma_Ana/frame_000236.jpg with translation /2024_TUYZ_Online_Yarisma_Ana/frame_000236.jpg
2024-06-28 19:06:49,454 - INFO - Image frame_000236.jpg already exists. Skipping...
2024-06-28 19:06:49,454 - INFO - Processing frame /2024_TUYZ_Online_Yarisma_Ana/frame_000240.jpg with translation /2024_TUYZ_Online_Yarisma_Ana/frame_000240.jpg
2024-06-28 19:06:49,454 - INFO - Image frame_000240.jpg already exists. Skipping...
2024-06-28 19:06:49,454 - INFO - Processing frame /2024_TUYZ_Online_Yarisma_Ana/frame_000244.jpg with translation /2024_TUYZ_Online_Yarisma_Ana/frame_000244.jpg
2024-06-28 19:06:49,454 - INFO - Image frame_000244.jpg already exists. Skipping...
2024-06-28 19:06:49,454 - INFO - Processing frame /2024_TUYZ_Online_Yarisma_Ana/frame_000248.jpg with translation /2024_TUYZ_Online_Yarisma_Ana/frame_000248.jpg
2024-06-28 19:06:49,454 - INFO - Image frame_000248.jpg already exists. Skipping...
2024-06-28 19:06:49,454 - INFO - Processing frame /2024_TUYZ_Online_Yarisma_Ana/frame_000252.jpg with translation /2024_TUYZ_Online_Yarisma_Ana/frame_000252.jpg
2024-06-28 19:06:49,455 - INFO - Image frame_000252.jpg already exists. Skipping...
2024-06-28 19:06:49,455 - INFO - Processing frame /2024_TUYZ_Online_Yarisma_Ana/frame_000256.jpg with translation /2024_TUYZ_Online_Yarisma_Ana/frame_000256.jpg
2024-06-28 19:06:49,455 - INFO - Image frame_000256.jpg already exists. Skipping...
2024-06-28 19:06:49,455 - INFO - Processing frame /2024_TUYZ_Online_Yarisma_Ana/frame_000260.jpg with translation /2024_TUYZ_Online_Yarisma_Ana/frame_000260.jpg
2024-06-28 19:06:49,455 - INFO - Image frame_000260.jpg already exists. Skipping...
2024-06-28 19:06:49,455 - INFO - Processing frame /2024_TUYZ_Online_Yarisma_Ana/frame_000264.jpg with translation /2024_TUYZ_Online_Yarisma_Ana/frame_000264.jpg
2024-06-28 19:06:49,455 - INFO - Image frame_000264.jpg already exists. Skipping...
2024-06-28 19:06:49,455 - INFO - Processing frame /2024_TUYZ_Online_Yarisma_Ana/frame_000268.jpg with translation /2024_TUYZ_Online_Yarisma_Ana/frame_000268.jpg
2024-06-28 19:06:49,455 - INFO - Image frame_000268.jpg already exists. Skipping...
2024-06-28 19:06:49,455 - INFO - Processing frame /2024_TUYZ_Online_Yarisma_Ana/frame_000272.jpg with translation /2024_TUYZ_Online_Yarisma_Ana/frame_000272.jpg
2024-06-28 19:06:49,455 - INFO - Image frame_000272.jpg already exists. Skipping...
2024-06-28 19:06:49,455 - INFO - Processing frame /2024_TUYZ_Online_Yarisma_Ana/frame_000276.jpg with translation /2024_TUYZ_Online_Yarisma_Ana/frame_000276.jpg
2024-06-28 19:06:49,455 - INFO - Image frame_000276.jpg already exists. Skipping...
2024-06-28 19:06:49,455 - INFO - Processing frame /2024_TUYZ_Online_Yarisma_Ana/frame_000280.jpg with translation /2024_TUYZ_Online_Yarisma_Ana/frame_000280.jpg
2024-06-28 19:06:49,455 - INFO - Image frame_000280.jpg already exists. Skipping...
2024-06-28 19:06:49,455 - INFO - Processing frame /2024_TUYZ_Online_Yarisma_Ana/frame_000284.jpg with translation /2024_TUYZ_Online_Yarisma_Ana/frame_000284.jpg
2024-06-28 19:06:49,455 - INFO - Image frame_000284.jpg already exists. Skipping...
2024-06-28 19:06:49,455 - INFO - Processing frame /2024_TUYZ_Online_Yarisma_Ana/frame_000288.jpg with translation /2024_TUYZ_Online_Yarisma_Ana/frame_000288.jpg
2024-06-28 19:06:49,455 - INFO - Image frame_000288.jpg already exists. Skipping...
2024-06-28 19:06:49,455 - INFO - Processing frame /2024_TUYZ_Online_Yarisma_Ana/frame_000292.jpg with translation /2024_TUYZ_Online_Yarisma_Ana/frame_000292.jpg
2024-06-28 19:06:49,455 - INFO - Image frame_000292.jpg already exists. Skipping...
2024-06-28 19:06:49,455 - INFO - Processing frame /2024_TUYZ_Online_Yarisma_Ana/frame_000296.jpg with translation /2024_TUYZ_Online_Yarisma_Ana/frame_000296.jpg
2024-06-28 19:06:49,455 - INFO - Image frame_000296.jpg already exists. Skipping...
2024-06-28 19:06:49,455 - INFO - Processing frame /2024_TUYZ_Online_Yarisma_Ana/frame_000300.jpg with translation /2024_TUYZ_Online_Yarisma_Ana/frame_000300.jpg
2024-06-28 19:06:49,455 - INFO - Image frame_000300.jpg already exists. Skipping...
2024-06-28 19:06:49,455 - INFO - Processing frame /2024_TUYZ_Online_Yarisma_Ana/frame_000304.jpg with translation /2024_TUYZ_Online_Yarisma_Ana/frame_000304.jpg
2024-06-28 19:06:49,455 - INFO - Image frame_000304.jpg already exists. Skipping...
2024-06-28 19:06:49,455 - INFO - Processing frame /2024_TUYZ_Online_Yarisma_Ana/frame_000308.jpg with translation /2024_TUYZ_Online_Yarisma_Ana/frame_000308.jpg
2024-06-28 19:06:49,455 - INFO - Image frame_000308.jpg already exists. Skipping...
2024-06-28 19:06:49,455 - INFO - Processing frame /2024_TUYZ_Online_Yarisma_Ana/frame_000312.jpg with translation /2024_TUYZ_Online_Yarisma_Ana/frame_000312.jpg
2024-06-28 19:06:49,456 - INFO - Image frame_000312.jpg already exists. Skipping...
2024-06-28 19:06:49,456 - INFO - Processing frame /2024_TUYZ_Online_Yarisma_Ana/frame_000316.jpg with translation /2024_TUYZ_Online_Yarisma_Ana/frame_000316.jpg
2024-06-28 19:06:49,456 - INFO - Image frame_000316.jpg already exists. Skipping...
2024-06-28 19:06:49,456 - INFO - Waiting for 59.99 seconds to maintain 80 frames per minute rate.
2024-06-28 19:07:49,508 - INFO - Processing frame /2024_TUYZ_Online_Yarisma_Ana/frame_000320.jpg with translation /2024_TUYZ_Online_Yarisma_Ana/frame_000320.jpg
2024-06-28 19:07:49,509 - INFO - Image frame_000320.jpg already exists. Skipping...
2024-06-28 19:07:49,509 - INFO - Processing frame /2024_TUYZ_Online_Yarisma_Ana/frame_000324.jpg with translation /2024_TUYZ_Online_Yarisma_Ana/frame_000324.jpg
2024-06-28 19:07:49,509 - INFO - Image frame_000324.jpg already exists. Skipping...
2024-06-28 19:07:49,509 - INFO - Processing frame /2024_TUYZ_Online_Yarisma_Ana/frame_000328.jpg with translation /2024_TUYZ_Online_Yarisma_Ana/frame_000328.jpg
2024-06-28 19:07:49,509 - INFO - Image frame_000328.jpg already exists. Skipping...
2024-06-28 19:07:49,509 - INFO - Processing frame /2024_TUYZ_Online_Yarisma_Ana/frame_000332.jpg with translation /2024_TUYZ_Online_Yarisma_Ana/frame_000332.jpg
2024-06-28 19:07:49,509 - INFO - Image frame_000332.jpg already exists. Skipping...
2024-06-28 19:07:49,509 - INFO - Processing frame /2024_TUYZ_Online_Yarisma_Ana/frame_000336.jpg with translation /2024_TUYZ_Online_Yarisma_Ana/frame_000336.jpg
2024-06-28 19:07:49,509 - INFO - Image frame_000336.jpg already exists. Skipping...
2024-06-28 19:07:49,509 - INFO - Processing frame /2024_TUYZ_Online_Yarisma_Ana/frame_000340.jpg with translation /2024_TUYZ_Online_Yarisma_Ana/frame_000340.jpg
2024-06-28 19:07:49,509 - INFO - Image frame_000340.jpg already exists. Skipping...
2024-06-28 19:07:49,509 - INFO - Processing frame /2024_TUYZ_Online_Yarisma_Ana/frame_000344.jpg with translation /2024_TUYZ_Online_Yarisma_Ana/frame_000344.jpg
2024-06-28 19:07:49,509 - INFO - Image frame_000344.jpg already exists. Skipping...
2024-06-28 19:07:49,509 - INFO - Processing frame /2024_TUYZ_Online_Yarisma_Ana/frame_000348.jpg with translation /2024_TUYZ_Online_Yarisma_Ana/frame_000348.jpg
2024-06-28 19:07:49,509 - INFO - Image frame_000348.jpg already exists. Skipping...
2024-06-28 19:07:49,509 - INFO - Processing frame /2024_TUYZ_Online_Yarisma_Ana/frame_000352.jpg with translation /2024_TUYZ_Online_Yarisma_Ana/frame_000352.jpg
2024-06-28 19:07:49,509 - INFO - Image frame_000352.jpg already exists. Skipping...
2024-06-28 19:07:49,509 - INFO - Processing frame /2024_TUYZ_Online_Yarisma_Ana/frame_000356.jpg with translation /2024_TUYZ_Online_Yarisma_Ana/frame_000356.jpg
2024-06-28 19:07:49,509 - INFO - Image frame_000356.jpg already exists. Skipping...
2024-06-28 19:07:49,509 - INFO - Processing frame /2024_TUYZ_Online_Yarisma_Ana/frame_000360.jpg with translation /2024_TUYZ_Online_Yarisma_Ana/frame_000360.jpg
2024-06-28 19:07:49,509 - INFO - Image frame_000360.jpg already exists. Skipping...
2024-06-28 19:07:49,509 - INFO - Processing frame /2024_TUYZ_Online_Yarisma_Ana/frame_000364.jpg with translation /2024_TUYZ_Online_Yarisma_Ana/frame_000364.jpg
2024-06-28 19:07:49,509 - INFO - Image frame_000364.jpg already exists. Skipping...
2024-06-28 19:07:49,509 - INFO - Processing frame /2024_TUYZ_Online_Yarisma_Ana/frame_000368.jpg with translation /2024_TUYZ_Online_Yarisma_Ana/frame_000368.jpg
2024-06-28 19:07:49,509 - INFO - Image frame_000368.jpg already exists. Skipping...
2024-06-28 19:07:49,509 - INFO - Processing frame /2024_TUYZ_Online_Yarisma_Ana/frame_000372.jpg with translation /2024_TUYZ_Online_Yarisma_Ana/frame_000372.jpg
2024-06-28 19:07:49,510 - INFO - Image frame_000372.jpg already exists. Skipping...
2024-06-28 19:07:49,510 - INFO - Processing frame /2024_TUYZ_Online_Yarisma_Ana/frame_000376.jpg with translation /2024_TUYZ_Online_Yarisma_Ana/frame_000376.jpg
2024-06-28 19:07:49,510 - INFO - Image frame_000376.jpg already exists. Skipping...
2024-06-28 19:07:49,510 - INFO - Processing frame /2024_TUYZ_Online_Yarisma_Ana/frame_000380.jpg with translation /2024_TUYZ_Online_Yarisma_Ana/frame_000380.jpg
2024-06-28 19:07:49,510 - INFO - Image frame_000380.jpg already exists. Skipping...
2024-06-28 19:07:49,510 - INFO - Processing frame /2024_TUYZ_Online_Yarisma_Ana/frame_000384.jpg with translation /2024_TUYZ_Online_Yarisma_Ana/frame_000384.jpg
2024-06-28 19:07:49,510 - INFO - Image frame_000384.jpg already exists. Skipping...
2024-06-28 19:07:49,510 - INFO - Processing frame /2024_TUYZ_Online_Yarisma_Ana/frame_000388.jpg with translation /2024_TUYZ_Online_Yarisma_Ana/frame_000388.jpg
2024-06-28 19:07:49,510 - INFO - Image frame_000388.jpg already exists. Skipping...
2024-06-28 19:07:49,510 - INFO - Processing frame /2024_TUYZ_Online_Yarisma_Ana/frame_000392.jpg with translation /2024_TUYZ_Online_Yarisma_Ana/frame_000392.jpg
2024-06-28 19:07:49,510 - INFO - Image frame_000392.jpg already exists. Skipping...
2024-06-28 19:07:49,510 - INFO - Processing frame /2024_TUYZ_Online_Yarisma_Ana/frame_000396.jpg with translation /2024_TUYZ_Online_Yarisma_Ana/frame_000396.jpg
2024-06-28 19:07:49,510 - INFO - Image frame_000396.jpg already exists. Skipping...
2024-06-28 19:07:49,510 - INFO - Processing frame /2024_TUYZ_Online_Yarisma_Ana/frame_000400.jpg with translation /2024_TUYZ_Online_Yarisma_Ana/frame_000400.jpg
2024-06-28 19:07:49,510 - INFO - Image frame_000400.jpg already exists. Skipping...
2024-06-28 19:07:49,510 - INFO - Processing frame /2024_TUYZ_Online_Yarisma_Ana/frame_000404.jpg with translation /2024_TUYZ_Online_Yarisma_Ana/frame_000404.jpg
2024-06-28 19:07:49,510 - INFO - Image frame_000404.jpg already exists. Skipping...
2024-06-28 19:07:49,510 - INFO - Processing frame /2024_TUYZ_Online_Yarisma_Ana/frame_000408.jpg with translation /2024_TUYZ_Online_Yarisma_Ana/frame_000408.jpg
2024-06-28 19:07:49,510 - INFO - Image frame_000408.jpg already exists. Skipping...
2024-06-28 19:07:49,510 - INFO - Processing frame /2024_TUYZ_Online_Yarisma_Ana/frame_000412.jpg with translation /2024_TUYZ_Online_Yarisma_Ana/frame_000412.jpg
2024-06-28 19:07:49,510 - INFO - Image frame_000412.jpg already exists. Skipping...
2024-06-28 19:07:49,510 - INFO - Processing frame /2024_TUYZ_Online_Yarisma_Ana/frame_000416.jpg with translation /2024_TUYZ_Online_Yarisma_Ana/frame_000416.jpg
2024-06-28 19:07:49,510 - INFO - Image frame_000416.jpg already exists. Skipping...
2024-06-28 19:07:49,510 - INFO - Processing frame /2024_TUYZ_Online_Yarisma_Ana/frame_000420.jpg with translation /2024_TUYZ_Online_Yarisma_Ana/frame_000420.jpg
2024-06-28 19:07:49,510 - INFO - Image frame_000420.jpg already exists. Skipping...
2024-06-28 19:07:49,510 - INFO - Processing frame /2024_TUYZ_Online_Yarisma_Ana/frame_000424.jpg with translation /2024_TUYZ_Online_Yarisma_Ana/frame_000424.jpg
2024-06-28 19:07:49,510 - INFO - Image frame_000424.jpg already exists. Skipping...
2024-06-28 19:07:49,510 - INFO - Processing frame /2024_TUYZ_Online_Yarisma_Ana/frame_000428.jpg with translation /2024_TUYZ_Online_Yarisma_Ana/frame_000428.jpg
2024-06-28 19:07:49,510 - INFO - Image frame_000428.jpg already exists. Skipping...
2024-06-28 19:07:49,510 - INFO - Processing frame /2024_TUYZ_Online_Yarisma_Ana/frame_000432.jpg with translation /2024_TUYZ_Online_Yarisma_Ana/frame_000432.jpg
2024-06-28 19:07:49,511 - INFO - Image frame_000432.jpg already exists. Skipping...
2024-06-28 19:07:49,511 - INFO - Processing frame /2024_TUYZ_Online_Yarisma_Ana/frame_000436.jpg with translation /2024_TUYZ_Online_Yarisma_Ana/frame_000436.jpg
2024-06-28 19:07:49,511 - INFO - Image frame_000436.jpg already exists. Skipping...
2024-06-28 19:07:49,511 - INFO - Processing frame /2024_TUYZ_Online_Yarisma_Ana/frame_000440.jpg with translation /2024_TUYZ_Online_Yarisma_Ana/frame_000440.jpg
2024-06-28 19:07:49,511 - INFO - Image frame_000440.jpg already exists. Skipping...
2024-06-28 19:07:49,511 - INFO - Processing frame /2024_TUYZ_Online_Yarisma_Ana/frame_000444.jpg with translation /2024_TUYZ_Online_Yarisma_Ana/frame_000444.jpg
2024-06-28 19:07:49,511 - INFO - Image frame_000444.jpg already exists. Skipping...
2024-06-28 19:07:49,511 - INFO - Processing frame /2024_TUYZ_Online_Yarisma_Ana/frame_000448.jpg with translation /2024_TUYZ_Online_Yarisma_Ana/frame_000448.jpg
2024-06-28 19:07:49,511 - INFO - Image frame_000448.jpg already exists. Skipping...
2024-06-28 19:07:49,511 - INFO - Processing frame /2024_TUYZ_Online_Yarisma_Ana/frame_000452.jpg with translation /2024_TUYZ_Online_Yarisma_Ana/frame_000452.jpg
2024-06-28 19:07:49,511 - INFO - Image frame_000452.jpg already exists. Skipping...
2024-06-28 19:07:49,511 - INFO - Processing frame /2024_TUYZ_Online_Yarisma_Ana/frame_000456.jpg with translation /2024_TUYZ_Online_Yarisma_Ana/frame_000456.jpg
2024-06-28 19:07:49,511 - INFO - Image frame_000456.jpg already exists. Skipping...
2024-06-28 19:07:49,511 - INFO - Processing frame /2024_TUYZ_Online_Yarisma_Ana/frame_000460.jpg with translation /2024_TUYZ_Online_Yarisma_Ana/frame_000460.jpg
2024-06-28 19:07:49,511 - INFO - Image frame_000460.jpg already exists. Skipping...
2024-06-28 19:07:49,511 - INFO - Processing frame /2024_TUYZ_Online_Yarisma_Ana/frame_000464.jpg with translation /2024_TUYZ_Online_Yarisma_Ana/frame_000464.jpg
2024-06-28 19:07:49,511 - INFO - Image frame_000464.jpg already exists. Skipping...
2024-06-28 19:07:49,511 - INFO - Processing frame /2024_TUYZ_Online_Yarisma_Ana/frame_000468.jpg with translation /2024_TUYZ_Online_Yarisma_Ana/frame_000468.jpg
2024-06-28 19:07:49,511 - INFO - Image frame_000468.jpg already exists. Skipping...
2024-06-28 19:07:49,511 - INFO - Processing frame /2024_TUYZ_Online_Yarisma_Ana/frame_000472.jpg with translation /2024_TUYZ_Online_Yarisma_Ana/frame_000472.jpg
2024-06-28 19:07:49,511 - INFO - Image frame_000472.jpg already exists. Skipping...
2024-06-28 19:07:49,511 - INFO - Processing frame /2024_TUYZ_Online_Yarisma_Ana/frame_000476.jpg with translation /2024_TUYZ_Online_Yarisma_Ana/frame_000476.jpg
2024-06-28 19:07:49,511 - INFO - Image frame_000476.jpg already exists. Skipping...
2024-06-28 19:07:49,511 - INFO - Processing frame /2024_TUYZ_Online_Yarisma_Ana/frame_000480.jpg with translation /2024_TUYZ_Online_Yarisma_Ana/frame_000480.jpg
2024-06-28 19:07:49,511 - INFO - Image frame_000480.jpg already exists. Skipping...
2024-06-28 19:07:49,511 - INFO - Processing frame /2024_TUYZ_Online_Yarisma_Ana/frame_000484.jpg with translation /2024_TUYZ_Online_Yarisma_Ana/frame_000484.jpg
2024-06-28 19:07:49,511 - INFO - Image frame_000484.jpg already exists. Skipping...
2024-06-28 19:07:49,512 - INFO - Processing frame /2024_TUYZ_Online_Yarisma_Ana/frame_000488.jpg with translation /2024_TUYZ_Online_Yarisma_Ana/frame_000488.jpg
2024-06-28 19:07:49,512 - INFO - Image frame_000488.jpg already exists. Skipping...
2024-06-28 19:07:49,512 - INFO - Processing frame /2024_TUYZ_Online_Yarisma_Ana/frame_000492.jpg with translation /2024_TUYZ_Online_Yarisma_Ana/frame_000492.jpg
2024-06-28 19:07:49,512 - INFO - Image frame_000492.jpg already exists. Skipping...
2024-06-28 19:07:49,512 - INFO - Processing frame /2024_TUYZ_Online_Yarisma_Ana/frame_000496.jpg with translation /2024_TUYZ_Online_Yarisma_Ana/frame_000496.jpg
2024-06-28 19:07:49,512 - INFO - Image frame_000496.jpg already exists. Skipping...
2024-06-28 19:07:49,512 - INFO - Processing frame /2024_TUYZ_Online_Yarisma_Ana/frame_000500.jpg with translation /2024_TUYZ_Online_Yarisma_Ana/frame_000500.jpg
2024-06-28 19:07:49,512 - INFO - Image frame_000500.jpg already exists. Skipping...
2024-06-28 19:07:49,512 - INFO - Processing frame /2024_TUYZ_Online_Yarisma_Ana/frame_000504.jpg with translation /2024_TUYZ_Online_Yarisma_Ana/frame_000504.jpg
2024-06-28 19:07:49,512 - INFO - Image frame_000504.jpg already exists. Skipping...
2024-06-28 19:07:49,512 - INFO - Processing frame /2024_TUYZ_Online_Yarisma_Ana/frame_000508.jpg with translation /2024_TUYZ_Online_Yarisma_Ana/frame_000508.jpg
2024-06-28 19:07:49,512 - INFO - Image frame_000508.jpg already exists. Skipping...
2024-06-28 19:07:49,512 - INFO - Processing frame /2024_TUYZ_Online_Yarisma_Ana/frame_000512.jpg with translation /2024_TUYZ_Online_Yarisma_Ana/frame_000512.jpg
2024-06-28 19:07:49,512 - INFO - Image frame_000512.jpg already exists. Skipping...
2024-06-28 19:07:49,512 - INFO - Processing frame /2024_TUYZ_Online_Yarisma_Ana/frame_000516.jpg with translation /2024_TUYZ_Online_Yarisma_Ana/frame_000516.jpg
2024-06-28 19:07:49,512 - INFO - Image frame_000516.jpg already exists. Skipping...
2024-06-28 19:07:49,512 - INFO - Processing frame /2024_TUYZ_Online_Yarisma_Ana/frame_000520.jpg with translation /2024_TUYZ_Online_Yarisma_Ana/frame_000520.jpg
2024-06-28 19:07:49,512 - INFO - Image frame_000520.jpg already exists. Skipping...
2024-06-28 19:07:49,513 - INFO - Processing frame /2024_TUYZ_Online_Yarisma_Ana/frame_000524.jpg with translation /2024_TUYZ_Online_Yarisma_Ana/frame_000524.jpg
2024-06-28 19:07:49,513 - INFO - Image frame_000524.jpg already exists. Skipping...
2024-06-28 19:07:49,513 - INFO - Processing frame /2024_TUYZ_Online_Yarisma_Ana/frame_000528.jpg with translation /2024_TUYZ_Online_Yarisma_Ana/frame_000528.jpg
2024-06-28 19:07:49,513 - INFO - Image frame_000528.jpg already exists. Skipping...
2024-06-28 19:07:49,513 - INFO - Processing frame /2024_TUYZ_Online_Yarisma_Ana/frame_000532.jpg with translation /2024_TUYZ_Online_Yarisma_Ana/frame_000532.jpg
2024-06-28 19:07:49,513 - INFO - Image frame_000532.jpg already exists. Skipping...
2024-06-28 19:07:49,513 - INFO - Processing frame /2024_TUYZ_Online_Yarisma_Ana/frame_000536.jpg with translation /2024_TUYZ_Online_Yarisma_Ana/frame_000536.jpg
2024-06-28 19:07:49,513 - INFO - Image frame_000536.jpg already exists. Skipping...
2024-06-28 19:07:49,513 - INFO - Processing frame /2024_TUYZ_Online_Yarisma_Ana/frame_000540.jpg with translation /2024_TUYZ_Online_Yarisma_Ana/frame_000540.jpg
2024-06-28 19:07:49,513 - INFO - Image frame_000540.jpg already exists. Skipping...
2024-06-28 19:07:49,513 - INFO - Processing frame /2024_TUYZ_Online_Yarisma_Ana/frame_000544.jpg with translation /2024_TUYZ_Online_Yarisma_Ana/frame_000544.jpg
2024-06-28 19:07:49,513 - INFO - Image frame_000544.jpg already exists. Skipping...
2024-06-28 19:07:49,513 - INFO - Processing frame /2024_TUYZ_Online_Yarisma_Ana/frame_000548.jpg with translation /2024_TUYZ_Online_Yarisma_Ana/frame_000548.jpg
2024-06-28 19:07:49,513 - INFO - Image frame_000548.jpg already exists. Skipping...
2024-06-28 19:07:49,513 - INFO - Processing frame /2024_TUYZ_Online_Yarisma_Ana/frame_000552.jpg with translation /2024_TUYZ_Online_Yarisma_Ana/frame_000552.jpg
2024-06-28 19:07:49,513 - INFO - Image frame_000552.jpg already exists. Skipping...
2024-06-28 19:07:49,513 - INFO - Processing frame /2024_TUYZ_Online_Yarisma_Ana/frame_000556.jpg with translation /2024_TUYZ_Online_Yarisma_Ana/frame_000556.jpg
2024-06-28 19:07:49,513 - INFO - Image frame_000556.jpg already exists. Skipping...
2024-06-28 19:07:49,513 - INFO - Processing frame /2024_TUYZ_Online_Yarisma_Ana/frame_000560.jpg with translation /2024_TUYZ_Online_Yarisma_Ana/frame_000560.jpg
2024-06-28 19:07:49,513 - INFO - Image frame_000560.jpg already exists. Skipping...
2024-06-28 19:07:49,513 - INFO - Processing frame /2024_TUYZ_Online_Yarisma_Ana/frame_000564.jpg with translation /2024_TUYZ_Online_Yarisma_Ana/frame_000564.jpg
2024-06-28 19:07:49,513 - INFO - Image frame_000564.jpg already exists. Skipping...
2024-06-28 19:07:49,513 - INFO - Processing frame /2024_TUYZ_Online_Yarisma_Ana/frame_000568.jpg with translation /2024_TUYZ_Online_Yarisma_Ana/frame_000568.jpg
2024-06-28 19:07:49,513 - INFO - Image frame_000568.jpg already exists. Skipping...
2024-06-28 19:07:49,513 - INFO - Processing frame /2024_TUYZ_Online_Yarisma_Ana/frame_000572.jpg with translation /2024_TUYZ_Online_Yarisma_Ana/frame_000572.jpg
2024-06-28 19:07:49,513 - INFO - Image frame_000572.jpg already exists. Skipping...
2024-06-28 19:07:49,513 - INFO - Processing frame /2024_TUYZ_Online_Yarisma_Ana/frame_000576.jpg with translation /2024_TUYZ_Online_Yarisma_Ana/frame_000576.jpg
2024-06-28 19:07:49,513 - INFO - Image frame_000576.jpg already exists. Skipping...
2024-06-28 19:07:49,514 - INFO - Processing frame /2024_TUYZ_Online_Yarisma_Ana/frame_000580.jpg with translation /2024_TUYZ_Online_Yarisma_Ana/frame_000580.jpg
2024-06-28 19:07:49,514 - INFO - Image frame_000580.jpg already exists. Skipping...
2024-06-28 19:07:49,514 - INFO - Processing frame /2024_TUYZ_Online_Yarisma_Ana/frame_000584.jpg with translation /2024_TUYZ_Online_Yarisma_Ana/frame_000584.jpg
2024-06-28 19:07:49,514 - INFO - Image frame_000584.jpg already exists. Skipping...
2024-06-28 19:07:49,514 - INFO - Processing frame /2024_TUYZ_Online_Yarisma_Ana/frame_000588.jpg with translation /2024_TUYZ_Online_Yarisma_Ana/frame_000588.jpg
2024-06-28 19:07:49,514 - INFO - Image frame_000588.jpg already exists. Skipping...
2024-06-28 19:07:49,514 - INFO - Processing frame /2024_TUYZ_Online_Yarisma_Ana/frame_000592.jpg with translation /2024_TUYZ_Online_Yarisma_Ana/frame_000592.jpg
2024-06-28 19:07:49,514 - INFO - Image frame_000592.jpg already exists. Skipping...
2024-06-28 19:07:49,514 - INFO - Processing frame /2024_TUYZ_Online_Yarisma_Ana/frame_000596.jpg with translation /2024_TUYZ_Online_Yarisma_Ana/frame_000596.jpg
2024-06-28 19:07:49,514 - INFO - Image frame_000596.jpg already exists. Skipping...
2024-06-28 19:07:49,514 - INFO - Processing frame /2024_TUYZ_Online_Yarisma_Ana/frame_000600.jpg with translation /2024_TUYZ_Online_Yarisma_Ana/frame_000600.jpg
2024-06-28 19:07:49,514 - INFO - Image frame_000600.jpg already exists. Skipping...
2024-06-28 19:07:49,514 - INFO - Processing frame /2024_TUYZ_Online_Yarisma_Ana/frame_000604.jpg with translation /2024_TUYZ_Online_Yarisma_Ana/frame_000604.jpg
2024-06-28 19:07:49,514 - INFO - Image frame_000604.jpg already exists. Skipping...
2024-06-28 19:07:49,514 - INFO - Processing frame /2024_TUYZ_Online_Yarisma_Ana/frame_000608.jpg with translation /2024_TUYZ_Online_Yarisma_Ana/frame_000608.jpg
2024-06-28 19:07:49,514 - INFO - Image frame_000608.jpg already exists. Skipping...
2024-06-28 19:07:49,514 - INFO - Processing frame /2024_TUYZ_Online_Yarisma_Ana/frame_000612.jpg with translation /2024_TUYZ_Online_Yarisma_Ana/frame_000612.jpg
2024-06-28 19:07:49,514 - INFO - Image frame_000612.jpg already exists. Skipping...
2024-06-28 19:07:49,514 - INFO - Processing frame /2024_TUYZ_Online_Yarisma_Ana/frame_000616.jpg with translation /2024_TUYZ_Online_Yarisma_Ana/frame_000616.jpg
2024-06-28 19:07:49,514 - INFO - Image frame_000616.jpg already exists. Skipping...
2024-06-28 19:07:49,514 - INFO - Processing frame /2024_TUYZ_Online_Yarisma_Ana/frame_000620.jpg with translation /2024_TUYZ_Online_Yarisma_Ana/frame_000620.jpg
2024-06-28 19:07:49,514 - INFO - Image frame_000620.jpg already exists. Skipping...
2024-06-28 19:07:49,514 - INFO - Processing frame /2024_TUYZ_Online_Yarisma_Ana/frame_000624.jpg with translation /2024_TUYZ_Online_Yarisma_Ana/frame_000624.jpg
2024-06-28 19:07:49,514 - INFO - Image frame_000624.jpg already exists. Skipping...
2024-06-28 19:07:49,514 - INFO - Processing frame /2024_TUYZ_Online_Yarisma_Ana/frame_000628.jpg with translation /2024_TUYZ_Online_Yarisma_Ana/frame_000628.jpg
2024-06-28 19:07:49,514 - INFO - Image frame_000628.jpg already exists. Skipping...
2024-06-28 19:07:49,514 - INFO - Processing frame /2024_TUYZ_Online_Yarisma_Ana/frame_000632.jpg with translation /2024_TUYZ_Online_Yarisma_Ana/frame_000632.jpg
2024-06-28 19:07:49,514 - INFO - Image frame_000632.jpg already exists. Skipping...
2024-06-28 19:07:49,514 - INFO - Processing frame /2024_TUYZ_Online_Yarisma_Ana/frame_000636.jpg with translation /2024_TUYZ_Online_Yarisma_Ana/frame_000636.jpg
2024-06-28 19:07:49,515 - INFO - Image frame_000636.jpg already exists. Skipping...
2024-06-28 19:07:49,515 - INFO - Waiting for 59.99 seconds to maintain 80 frames per minute rate.
2024-06-28 19:08:49,568 - INFO - Processing frame /2024_TUYZ_Online_Yarisma_Ana/frame_000640.jpg with translation /2024_TUYZ_Online_Yarisma_Ana/frame_000640.jpg
2024-06-28 19:08:49,569 - INFO - Image frame_000640.jpg already exists. Skipping...
2024-06-28 19:08:49,569 - INFO - Processing frame /2024_TUYZ_Online_Yarisma_Ana/frame_000644.jpg with translation /2024_TUYZ_Online_Yarisma_Ana/frame_000644.jpg
2024-06-28 19:08:49,569 - INFO - Image frame_000644.jpg already exists. Skipping...
2024-06-28 19:08:49,569 - INFO - Processing frame /2024_TUYZ_Online_Yarisma_Ana/frame_000648.jpg with translation /2024_TUYZ_Online_Yarisma_Ana/frame_000648.jpg
2024-06-28 19:08:49,569 - INFO - Image frame_000648.jpg already exists. Skipping...
2024-06-28 19:08:49,569 - INFO - Processing frame /2024_TUYZ_Online_Yarisma_Ana/frame_000652.jpg with translation /2024_TUYZ_Online_Yarisma_Ana/frame_000652.jpg
2024-06-28 19:08:49,569 - INFO - Image frame_000652.jpg already exists. Skipping...
2024-06-28 19:08:49,569 - INFO - Processing frame /2024_TUYZ_Online_Yarisma_Ana/frame_000656.jpg with translation /2024_TUYZ_Online_Yarisma_Ana/frame_000656.jpg
2024-06-28 19:08:49,569 - INFO - Image frame_000656.jpg already exists. Skipping...
2024-06-28 19:08:49,569 - INFO - Processing frame /2024_TUYZ_Online_Yarisma_Ana/frame_000660.jpg with translation /2024_TUYZ_Online_Yarisma_Ana/frame_000660.jpg
2024-06-28 19:08:49,569 - INFO - Image frame_000660.jpg already exists. Skipping...
2024-06-28 19:08:49,569 - INFO - Processing frame /2024_TUYZ_Online_Yarisma_Ana/frame_000664.jpg with translation /2024_TUYZ_Online_Yarisma_Ana/frame_000664.jpg
2024-06-28 19:08:49,569 - INFO - Image frame_000664.jpg already exists. Skipping...
2024-06-28 19:08:49,569 - INFO - Processing frame /2024_TUYZ_Online_Yarisma_Ana/frame_000668.jpg with translation /2024_TUYZ_Online_Yarisma_Ana/frame_000668.jpg
2024-06-28 19:08:49,569 - INFO - Image frame_000668.jpg already exists. Skipping...
2024-06-28 19:08:49,569 - INFO - Processing frame /2024_TUYZ_Online_Yarisma_Ana/frame_000672.jpg with translation /2024_TUYZ_Online_Yarisma_Ana/frame_000672.jpg
2024-06-28 19:08:49,569 - INFO - Image frame_000672.jpg already exists. Skipping...
2024-06-28 19:08:49,569 - INFO - Processing frame /2024_TUYZ_Online_Yarisma_Ana/frame_000676.jpg with translation /2024_TUYZ_Online_Yarisma_Ana/frame_000676.jpg
2024-06-28 19:08:49,569 - INFO - Image frame_000676.jpg already exists. Skipping...
2024-06-28 19:08:49,569 - INFO - Processing frame /2024_TUYZ_Online_Yarisma_Ana/frame_000680.jpg with translation /2024_TUYZ_Online_Yarisma_Ana/frame_000680.jpg
2024-06-28 19:08:49,569 - INFO - Image frame_000680.jpg already exists. Skipping...
2024-06-28 19:08:49,569 - INFO - Processing frame /2024_TUYZ_Online_Yarisma_Ana/frame_000684.jpg with translation /2024_TUYZ_Online_Yarisma_Ana/frame_000684.jpg
2024-06-28 19:08:49,569 - INFO - Image frame_000684.jpg already exists. Skipping...
2024-06-28 19:08:49,569 - INFO - Processing frame /2024_TUYZ_Online_Yarisma_Ana/frame_000688.jpg with translation /2024_TUYZ_Online_Yarisma_Ana/frame_000688.jpg
2024-06-28 19:08:49,569 - INFO - Image frame_000688.jpg already exists. Skipping...
2024-06-28 19:08:49,570 - INFO - Processing frame /2024_TUYZ_Online_Yarisma_Ana/frame_000692.jpg with translation /2024_TUYZ_Online_Yarisma_Ana/frame_000692.jpg
2024-06-28 19:08:49,570 - INFO - Image frame_000692.jpg already exists. Skipping...
2024-06-28 19:08:49,570 - INFO - Processing frame /2024_TUYZ_Online_Yarisma_Ana/frame_000696.jpg with translation /2024_TUYZ_Online_Yarisma_Ana/frame_000696.jpg
2024-06-28 19:08:49,570 - INFO - Image frame_000696.jpg already exists. Skipping...
2024-06-28 19:08:49,570 - INFO - Processing frame /2024_TUYZ_Online_Yarisma_Ana/frame_000700.jpg with translation /2024_TUYZ_Online_Yarisma_Ana/frame_000700.jpg
2024-06-28 19:08:49,570 - INFO - Image frame_000700.jpg already exists. Skipping...
2024-06-28 19:08:49,570 - INFO - Processing frame /2024_TUYZ_Online_Yarisma_Ana/frame_000704.jpg with translation /2024_TUYZ_Online_Yarisma_Ana/frame_000704.jpg
2024-06-28 19:08:49,570 - INFO - Image frame_000704.jpg already exists. Skipping...
2024-06-28 19:08:49,570 - INFO - Processing frame /2024_TUYZ_Online_Yarisma_Ana/frame_000708.jpg with translation /2024_TUYZ_Online_Yarisma_Ana/frame_000708.jpg
2024-06-28 19:08:49,570 - INFO - Image frame_000708.jpg already exists. Skipping...
2024-06-28 19:08:49,570 - INFO - Processing frame /2024_TUYZ_Online_Yarisma_Ana/frame_000712.jpg with translation /2024_TUYZ_Online_Yarisma_Ana/frame_000712.jpg
2024-06-28 19:08:49,570 - INFO - Image frame_000712.jpg already exists. Skipping...
2024-06-28 19:08:49,570 - INFO - Processing frame /2024_TUYZ_Online_Yarisma_Ana/frame_000716.jpg with translation /2024_TUYZ_Online_Yarisma_Ana/frame_000716.jpg
2024-06-28 19:08:49,570 - INFO - Downloading image from http://teknofest.cezerirobot.com:1025/media/2024_TUYZ_Online_Yarisma_Ana/frame_000716.jpg...
2024-06-28 19:08:49,830 - INFO - Image saved to ./downloaded_frames/frames/2024_TUYZ_Online_Yarisma_Ana/frame_000716.jpg
2024-06-28 19:08:52,585 - INFO - Sending prediction for frame http://teknofest.cezerirobot.com/frames/180/...
2024-06-28 19:08:58,361 - INFO - Prediction sent successfully
2024-06-28 19:08:58,361 - INFO - Total execution time: 8791.10 milliseconds
2024-06-28 19:08:58,361 - INFO - Processing frame /2024_TUYZ_Online_Yarisma_Ana/frame_000720.jpg with translation /2024_TUYZ_Online_Yarisma_Ana/frame_000720.jpg
2024-06-28 19:08:58,361 - INFO - Image frame_000720.jpg already exists. Skipping...
2024-06-28 19:08:58,361 - INFO - Processing frame /2024_TUYZ_Online_Yarisma_Ana/frame_000724.jpg with translation /2024_TUYZ_Online_Yarisma_Ana/frame_000724.jpg
2024-06-28 19:08:58,361 - INFO - Image frame_000724.jpg already exists. Skipping...
2024-06-28 19:08:58,361 - INFO - Processing frame /2024_TUYZ_Online_Yarisma_Ana/frame_000728.jpg with translation /2024_TUYZ_Online_Yarisma_Ana/frame_000728.jpg
2024-06-28 19:08:58,361 - INFO - Image frame_000728.jpg already exists. Skipping...
2024-06-28 19:08:58,361 - INFO - Processing frame /2024_TUYZ_Online_Yarisma_Ana/frame_000732.jpg with translation /2024_TUYZ_Online_Yarisma_Ana/frame_000732.jpg
2024-06-28 19:08:58,361 - INFO - Image frame_000732.jpg already exists. Skipping...
2024-06-28 19:08:58,361 - INFO - Processing frame /2024_TUYZ_Online_Yarisma_Ana/frame_000736.jpg with translation /2024_TUYZ_Online_Yarisma_Ana/frame_000736.jpg
2024-06-28 19:08:58,362 - INFO - Image frame_000736.jpg already exists. Skipping...
2024-06-28 19:08:58,362 - INFO - Processing frame /2024_TUYZ_Online_Yarisma_Ana/frame_000740.jpg with translation /2024_TUYZ_Online_Yarisma_Ana/frame_000740.jpg
2024-06-28 19:08:58,362 - INFO - Image frame_000740.jpg already exists. Skipping...
2024-06-28 19:08:58,362 - INFO - Processing frame /2024_TUYZ_Online_Yarisma_Ana/frame_000744.jpg with translation /2024_TUYZ_Online_Yarisma_Ana/frame_000744.jpg
2024-06-28 19:08:58,362 - INFO - Image frame_000744.jpg already exists. Skipping...
2024-06-28 19:08:58,362 - INFO - Processing frame /2024_TUYZ_Online_Yarisma_Ana/frame_000748.jpg with translation /2024_TUYZ_Online_Yarisma_Ana/frame_000748.jpg
2024-06-28 19:08:58,362 - INFO - Image frame_000748.jpg already exists. Skipping...
2024-06-28 19:08:58,362 - INFO - Processing frame /2024_TUYZ_Online_Yarisma_Ana/frame_000752.jpg with translation /2024_TUYZ_Online_Yarisma_Ana/frame_000752.jpg
2024-06-28 19:08:58,362 - INFO - Image frame_000752.jpg already exists. Skipping...
2024-06-28 19:08:58,362 - INFO - Processing frame /2024_TUYZ_Online_Yarisma_Ana/frame_000756.jpg with translation /2024_TUYZ_Online_Yarisma_Ana/frame_000756.jpg
2024-06-28 19:08:58,362 - INFO - Image frame_000756.jpg already exists. Skipping...
2024-06-28 19:08:58,362 - INFO - Processing frame /2024_TUYZ_Online_Yarisma_Ana/frame_000760.jpg with translation /2024_TUYZ_Online_Yarisma_Ana/frame_000760.jpg
2024-06-28 19:08:58,362 - INFO - Image frame_000760.jpg already exists. Skipping...
2024-06-28 19:08:58,362 - INFO - Processing frame /2024_TUYZ_Online_Yarisma_Ana/frame_000764.jpg with translation /2024_TUYZ_Online_Yarisma_Ana/frame_000764.jpg
2024-06-28 19:08:58,362 - INFO - Image frame_000764.jpg already exists. Skipping...
2024-06-28 19:08:58,362 - INFO - Processing frame /2024_TUYZ_Online_Yarisma_Ana/frame_000768.jpg with translation /2024_TUYZ_Online_Yarisma_Ana/frame_000768.jpg
2024-06-28 19:08:58,362 - INFO - Image frame_000768.jpg already exists. Skipping...
2024-06-28 19:08:58,362 - INFO - Processing frame /2024_TUYZ_Online_Yarisma_Ana/frame_000772.jpg with translation /2024_TUYZ_Online_Yarisma_Ana/frame_000772.jpg
2024-06-28 19:08:58,362 - INFO - Image frame_000772.jpg already exists. Skipping...
2024-06-28 19:08:58,362 - INFO - Processing frame /2024_TUYZ_Online_Yarisma_Ana/frame_000776.jpg with translation /2024_TUYZ_Online_Yarisma_Ana/frame_000776.jpg
2024-06-28 19:08:58,362 - INFO - Image frame_000776.jpg already exists. Skipping...
2024-06-28 19:08:58,363 - INFO - Processing frame /2024_TUYZ_Online_Yarisma_Ana/frame_000780.jpg with translation /2024_TUYZ_Online_Yarisma_Ana/frame_000780.jpg
2024-06-28 19:08:58,363 - INFO - Image frame_000780.jpg already exists. Skipping...
2024-06-28 19:08:58,363 - INFO - Processing frame /2024_TUYZ_Online_Yarisma_Ana/frame_000784.jpg with translation /2024_TUYZ_Online_Yarisma_Ana/frame_000784.jpg
2024-06-28 19:08:58,363 - INFO - Image frame_000784.jpg already exists. Skipping...
2024-06-28 19:08:58,363 - INFO - Processing frame /2024_TUYZ_Online_Yarisma_Ana/frame_000788.jpg with translation /2024_TUYZ_Online_Yarisma_Ana/frame_000788.jpg
2024-06-28 19:08:58,363 - INFO - Image frame_000788.jpg already exists. Skipping...
2024-06-28 19:08:58,363 - INFO - Processing frame /2024_TUYZ_Online_Yarisma_Ana/frame_000792.jpg with translation /2024_TUYZ_Online_Yarisma_Ana/frame_000792.jpg
2024-06-28 19:08:58,363 - INFO - Image frame_000792.jpg already exists. Skipping...
2024-06-28 19:08:58,363 - INFO - Processing frame /2024_TUYZ_Online_Yarisma_Ana/frame_000796.jpg with translation /2024_TUYZ_Online_Yarisma_Ana/frame_000796.jpg
2024-06-28 19:08:58,363 - INFO - Image frame_000796.jpg already exists. Skipping...
2024-06-28 19:08:58,363 - INFO - Processing frame /2024_TUYZ_Online_Yarisma_Ana/frame_000800.jpg with translation /2024_TUYZ_Online_Yarisma_Ana/frame_000800.jpg
2024-06-28 19:08:58,363 - INFO - Image frame_000800.jpg already exists. Skipping...
2024-06-28 19:08:58,363 - INFO - Processing frame /2024_TUYZ_Online_Yarisma_Ana/frame_000804.jpg with translation /2024_TUYZ_Online_Yarisma_Ana/frame_000804.jpg
2024-06-28 19:08:58,363 - INFO - Image frame_000804.jpg already exists. Skipping...
2024-06-28 19:08:58,363 - INFO - Processing frame /2024_TUYZ_Online_Yarisma_Ana/frame_000808.jpg with translation /2024_TUYZ_Online_Yarisma_Ana/frame_000808.jpg
2024-06-28 19:08:58,363 - INFO - Image frame_000808.jpg already exists. Skipping...
2024-06-28 19:08:58,363 - INFO - Processing frame /2024_TUYZ_Online_Yarisma_Ana/frame_000812.jpg with translation /2024_TUYZ_Online_Yarisma_Ana/frame_000812.jpg
2024-06-28 19:08:58,363 - INFO - Image frame_000812.jpg already exists. Skipping...
2024-06-28 19:08:58,363 - INFO - Processing frame /2024_TUYZ_Online_Yarisma_Ana/frame_000816.jpg with translation /2024_TUYZ_Online_Yarisma_Ana/frame_000816.jpg
2024-06-28 19:08:58,363 - INFO - Image frame_000816.jpg already exists. Skipping...
2024-06-28 19:08:58,363 - INFO - Processing frame /2024_TUYZ_Online_Yarisma_Ana/frame_000820.jpg with translation /2024_TUYZ_Online_Yarisma_Ana/frame_000820.jpg
2024-06-28 19:08:58,363 - INFO - Image frame_000820.jpg already exists. Skipping...
2024-06-28 19:08:58,363 - INFO - Processing frame /2024_TUYZ_Online_Yarisma_Ana/frame_000824.jpg with translation /2024_TUYZ_Online_Yarisma_Ana/frame_000824.jpg
2024-06-28 19:08:58,363 - INFO - Image frame_000824.jpg already exists. Skipping...
2024-06-28 19:08:58,363 - INFO - Processing frame /2024_TUYZ_Online_Yarisma_Ana/frame_000828.jpg with translation /2024_TUYZ_Online_Yarisma_Ana/frame_000828.jpg
2024-06-28 19:08:58,363 - INFO - Downloading image from http://teknofest.cezerirobot.com:1025/media/2024_TUYZ_Online_Yarisma_Ana/frame_000828.jpg...
2024-06-28 19:09:07,461 - INFO - Image saved to ./downloaded_frames/frames/2024_TUYZ_Online_Yarisma_Ana/frame_000828.jpg
2024-06-28 19:09:07,666 - INFO - Sending prediction for frame http://teknofest.cezerirobot.com/frames/208/...
2024-06-28 19:09:09,441 - INFO - Prediction sent successfully
2024-06-28 19:09:09,442 - INFO - Total execution time: 11078.21 milliseconds
2024-06-28 19:09:09,442 - INFO - Processing frame /2024_TUYZ_Online_Yarisma_Ana/frame_000832.jpg with translation /2024_TUYZ_Online_Yarisma_Ana/frame_000832.jpg
2024-06-28 19:09:09,442 - INFO - Image frame_000832.jpg already exists. Skipping...
2024-06-28 19:09:09,442 - INFO - Processing frame /2024_TUYZ_Online_Yarisma_Ana/frame_000836.jpg with translation /2024_TUYZ_Online_Yarisma_Ana/frame_000836.jpg
2024-06-28 19:09:09,442 - INFO - Image frame_000836.jpg already exists. Skipping...
2024-06-28 19:09:09,442 - INFO - Processing frame /2024_TUYZ_Online_Yarisma_Ana/frame_000840.jpg with translation /2024_TUYZ_Online_Yarisma_Ana/frame_000840.jpg
2024-06-28 19:09:09,442 - INFO - Image frame_000840.jpg already exists. Skipping...
2024-06-28 19:09:09,442 - INFO - Processing frame /2024_TUYZ_Online_Yarisma_Ana/frame_000844.jpg with translation /2024_TUYZ_Online_Yarisma_Ana/frame_000844.jpg
2024-06-28 19:09:09,442 - INFO - Image frame_000844.jpg already exists. Skipping...
2024-06-28 19:09:09,442 - INFO - Processing frame /2024_TUYZ_Online_Yarisma_Ana/frame_000848.jpg with translation /2024_TUYZ_Online_Yarisma_Ana/frame_000848.jpg
2024-06-28 19:09:09,442 - INFO - Image frame_000848.jpg already exists. Skipping...
2024-06-28 19:09:09,442 - INFO - Processing frame /2024_TUYZ_Online_Yarisma_Ana/frame_000852.jpg with translation /2024_TUYZ_Online_Yarisma_Ana/frame_000852.jpg
2024-06-28 19:09:09,442 - INFO - Image frame_000852.jpg already exists. Skipping...
2024-06-28 19:09:09,442 - INFO - Processing frame /2024_TUYZ_Online_Yarisma_Ana/frame_000856.jpg with translation /2024_TUYZ_Online_Yarisma_Ana/frame_000856.jpg
2024-06-28 19:09:09,442 - INFO - Image frame_000856.jpg already exists. Skipping...
2024-06-28 19:09:09,442 - INFO - Processing frame /2024_TUYZ_Online_Yarisma_Ana/frame_000860.jpg with translation /2024_TUYZ_Online_Yarisma_Ana/frame_000860.jpg
2024-06-28 19:09:09,442 - INFO - Image frame_000860.jpg already exists. Skipping...
2024-06-28 19:09:09,442 - INFO - Processing frame /2024_TUYZ_Online_Yarisma_Ana/frame_000864.jpg with translation /2024_TUYZ_Online_Yarisma_Ana/frame_000864.jpg
2024-06-28 19:09:09,442 - INFO - Image frame_000864.jpg already exists. Skipping...
2024-06-28 19:09:09,442 - INFO - Processing frame /2024_TUYZ_Online_Yarisma_Ana/frame_000868.jpg with translation /2024_TUYZ_Online_Yarisma_Ana/frame_000868.jpg
2024-06-28 19:09:09,443 - INFO - Image frame_000868.jpg already exists. Skipping...
2024-06-28 19:09:09,443 - INFO - Processing frame /2024_TUYZ_Online_Yarisma_Ana/frame_000872.jpg with translation /2024_TUYZ_Online_Yarisma_Ana/frame_000872.jpg
2024-06-28 19:09:09,443 - INFO - Image frame_000872.jpg already exists. Skipping...
2024-06-28 19:09:09,443 - INFO - Processing frame /2024_TUYZ_Online_Yarisma_Ana/frame_000876.jpg with translation /2024_TUYZ_Online_Yarisma_Ana/frame_000876.jpg
2024-06-28 19:09:09,443 - INFO - Image frame_000876.jpg already exists. Skipping...
2024-06-28 19:09:09,443 - INFO - Processing frame /2024_TUYZ_Online_Yarisma_Ana/frame_000880.jpg with translation /2024_TUYZ_Online_Yarisma_Ana/frame_000880.jpg
2024-06-28 19:09:09,443 - INFO - Image frame_000880.jpg already exists. Skipping...
2024-06-28 19:09:09,443 - INFO - Processing frame /2024_TUYZ_Online_Yarisma_Ana/frame_000884.jpg with translation /2024_TUYZ_Online_Yarisma_Ana/frame_000884.jpg
2024-06-28 19:09:09,443 - INFO - Image frame_000884.jpg already exists. Skipping...
2024-06-28 19:09:09,443 - INFO - Processing frame /2024_TUYZ_Online_Yarisma_Ana/frame_000888.jpg with translation /2024_TUYZ_Online_Yarisma_Ana/frame_000888.jpg
2024-06-28 19:09:09,443 - INFO - Image frame_000888.jpg already exists. Skipping...
2024-06-28 19:09:09,443 - INFO - Processing frame /2024_TUYZ_Online_Yarisma_Ana/frame_000892.jpg with translation /2024_TUYZ_Online_Yarisma_Ana/frame_000892.jpg
2024-06-28 19:09:09,443 - INFO - Image frame_000892.jpg already exists. Skipping...
2024-06-28 19:09:09,443 - INFO - Processing frame /2024_TUYZ_Online_Yarisma_Ana/frame_000896.jpg with translation /2024_TUYZ_Online_Yarisma_Ana/frame_000896.jpg
2024-06-28 19:09:09,443 - INFO - Image frame_000896.jpg already exists. Skipping...
2024-06-28 19:09:09,443 - INFO - Processing frame /2024_TUYZ_Online_Yarisma_Ana/frame_000900.jpg with translation /2024_TUYZ_Online_Yarisma_Ana/frame_000900.jpg
2024-06-28 19:09:09,443 - INFO - Image frame_000900.jpg already exists. Skipping...
2024-06-28 19:09:09,443 - INFO - Processing frame /2024_TUYZ_Online_Yarisma_Ana/frame_000904.jpg with translation /2024_TUYZ_Online_Yarisma_Ana/frame_000904.jpg
2024-06-28 19:09:09,443 - INFO - Image frame_000904.jpg already exists. Skipping...
2024-06-28 19:09:09,443 - INFO - Processing frame /2024_TUYZ_Online_Yarisma_Ana/frame_000908.jpg with translation /2024_TUYZ_Online_Yarisma_Ana/frame_000908.jpg
2024-06-28 19:09:09,443 - INFO - Image frame_000908.jpg already exists. Skipping...
2024-06-28 19:09:09,443 - INFO - Processing frame /2024_TUYZ_Online_Yarisma_Ana/frame_000912.jpg with translation /2024_TUYZ_Online_Yarisma_Ana/frame_000912.jpg
2024-06-28 19:09:09,443 - INFO - Image frame_000912.jpg already exists. Skipping...
2024-06-28 19:09:09,443 - INFO - Processing frame /2024_TUYZ_Online_Yarisma_Ana/frame_000916.jpg with translation /2024_TUYZ_Online_Yarisma_Ana/frame_000916.jpg
2024-06-28 19:09:09,443 - INFO - Image frame_000916.jpg already exists. Skipping...
2024-06-28 19:09:09,443 - INFO - Processing frame /2024_TUYZ_Online_Yarisma_Ana/frame_000920.jpg with translation /2024_TUYZ_Online_Yarisma_Ana/frame_000920.jpg
2024-06-28 19:09:09,443 - INFO - Image frame_000920.jpg already exists. Skipping...
2024-06-28 19:09:09,444 - INFO - Processing frame /2024_TUYZ_Online_Yarisma_Ana/frame_000924.jpg with translation /2024_TUYZ_Online_Yarisma_Ana/frame_000924.jpg
2024-06-28 19:09:09,444 - INFO - Image frame_000924.jpg already exists. Skipping...
2024-06-28 19:09:09,444 - INFO - Processing frame /2024_TUYZ_Online_Yarisma_Ana/frame_000928.jpg with translation /2024_TUYZ_Online_Yarisma_Ana/frame_000928.jpg
2024-06-28 19:09:09,444 - INFO - Image frame_000928.jpg already exists. Skipping...
2024-06-28 19:09:09,444 - INFO - Processing frame /2024_TUYZ_Online_Yarisma_Ana/frame_000932.jpg with translation /2024_TUYZ_Online_Yarisma_Ana/frame_000932.jpg
2024-06-28 19:09:09,444 - INFO - Image frame_000932.jpg already exists. Skipping...
2024-06-28 19:09:09,444 - INFO - Processing frame /2024_TUYZ_Online_Yarisma_Ana/frame_000936.jpg with translation /2024_TUYZ_Online_Yarisma_Ana/frame_000936.jpg
2024-06-28 19:09:09,444 - INFO - Image frame_000936.jpg already exists. Skipping...
2024-06-28 19:09:09,444 - INFO - Processing frame /2024_TUYZ_Online_Yarisma_Ana/frame_000940.jpg with translation /2024_TUYZ_Online_Yarisma_Ana/frame_000940.jpg
2024-06-28 19:09:09,444 - INFO - Image frame_000940.jpg already exists. Skipping...
2024-06-28 19:09:09,444 - INFO - Processing frame /2024_TUYZ_Online_Yarisma_Ana/frame_000944.jpg with translation /2024_TUYZ_Online_Yarisma_Ana/frame_000944.jpg
2024-06-28 19:09:09,444 - INFO - Image frame_000944.jpg already exists. Skipping...
2024-06-28 19:09:09,444 - INFO - Processing frame /2024_TUYZ_Online_Yarisma_Ana/frame_000948.jpg with translation /2024_TUYZ_Online_Yarisma_Ana/frame_000948.jpg
2024-06-28 19:09:09,444 - INFO - Image frame_000948.jpg already exists. Skipping...
2024-06-28 19:09:09,444 - INFO - Processing frame /2024_TUYZ_Online_Yarisma_Ana/frame_000952.jpg with translation /2024_TUYZ_Online_Yarisma_Ana/frame_000952.jpg
2024-06-28 19:09:09,444 - INFO - Image frame_000952.jpg already exists. Skipping...
2024-06-28 19:09:09,444 - INFO - Processing frame /2024_TUYZ_Online_Yarisma_Ana/frame_000956.jpg with translation /2024_TUYZ_Online_Yarisma_Ana/frame_000956.jpg
2024-06-28 19:09:09,444 - INFO - Image frame_000956.jpg already exists. Skipping...
2024-06-28 19:09:09,444 - INFO - Waiting for 40.12 seconds to maintain 80 frames per minute rate.
2024-06-28 19:09:49,608 - INFO - Processing frame /2024_TUYZ_Online_Yarisma_Ana/frame_000960.jpg with translation /2024_TUYZ_Online_Yarisma_Ana/frame_000960.jpg
2024-06-28 19:09:49,609 - INFO - Image frame_000960.jpg already exists. Skipping...
2024-06-28 19:09:49,609 - INFO - Processing frame /2024_TUYZ_Online_Yarisma_Ana/frame_000964.jpg with translation /2024_TUYZ_Online_Yarisma_Ana/frame_000964.jpg
2024-06-28 19:09:49,609 - INFO - Image frame_000964.jpg already exists. Skipping...
2024-06-28 19:09:49,609 - INFO - Processing frame /2024_TUYZ_Online_Yarisma_Ana/frame_000968.jpg with translation /2024_TUYZ_Online_Yarisma_Ana/frame_000968.jpg
2024-06-28 19:09:49,609 - INFO - Image frame_000968.jpg already exists. Skipping...
2024-06-28 19:09:49,609 - INFO - Processing frame /2024_TUYZ_Online_Yarisma_Ana/frame_000972.jpg with translation /2024_TUYZ_Online_Yarisma_Ana/frame_000972.jpg
2024-06-28 19:09:49,609 - INFO - Image frame_000972.jpg already exists. Skipping...
2024-06-28 19:09:49,609 - INFO - Processing frame /2024_TUYZ_Online_Yarisma_Ana/frame_000976.jpg with translation /2024_TUYZ_Online_Yarisma_Ana/frame_000976.jpg
2024-06-28 19:09:49,609 - INFO - Image frame_000976.jpg already exists. Skipping...
2024-06-28 19:09:49,609 - INFO - Processing frame /2024_TUYZ_Online_Yarisma_Ana/frame_000980.jpg with translation /2024_TUYZ_Online_Yarisma_Ana/frame_000980.jpg
2024-06-28 19:09:49,609 - INFO - Image frame_000980.jpg already exists. Skipping...
2024-06-28 19:09:49,609 - INFO - Processing frame /2024_TUYZ_Online_Yarisma_Ana/frame_000984.jpg with translation /2024_TUYZ_Online_Yarisma_Ana/frame_000984.jpg
2024-06-28 19:09:49,609 - INFO - Image frame_000984.jpg already exists. Skipping...
2024-06-28 19:09:49,609 - INFO - Processing frame /2024_TUYZ_Online_Yarisma_Ana/frame_000988.jpg with translation /2024_TUYZ_Online_Yarisma_Ana/frame_000988.jpg
2024-06-28 19:09:49,610 - INFO - Image frame_000988.jpg already exists. Skipping...
2024-06-28 19:09:49,610 - INFO - Processing frame /2024_TUYZ_Online_Yarisma_Ana/frame_000992.jpg with translation /2024_TUYZ_Online_Yarisma_Ana/frame_000992.jpg
2024-06-28 19:09:49,610 - INFO - Image frame_000992.jpg already exists. Skipping...
2024-06-28 19:09:49,610 - INFO - Processing frame /2024_TUYZ_Online_Yarisma_Ana/frame_000996.jpg with translation /2024_TUYZ_Online_Yarisma_Ana/frame_000996.jpg
2024-06-28 19:09:49,610 - INFO - Image frame_000996.jpg already exists. Skipping...
2024-06-28 19:09:49,610 - INFO - Processing frame /2024_TUYZ_Online_Yarisma_Ana/frame_001000.jpg with translation /2024_TUYZ_Online_Yarisma_Ana/frame_001000.jpg
2024-06-28 19:09:49,610 - INFO - Image frame_001000.jpg already exists. Skipping...
2024-06-28 19:09:49,610 - INFO - Processing frame /2024_TUYZ_Online_Yarisma_Ana/frame_001004.jpg with translation /2024_TUYZ_Online_Yarisma_Ana/frame_001004.jpg
2024-06-28 19:09:49,610 - INFO - Image frame_001004.jpg already exists. Skipping...
2024-06-28 19:09:49,610 - INFO - Processing frame /2024_TUYZ_Online_Yarisma_Ana/frame_001008.jpg with translation /2024_TUYZ_Online_Yarisma_Ana/frame_001008.jpg
2024-06-28 19:09:49,610 - INFO - Image frame_001008.jpg already exists. Skipping...
2024-06-28 19:09:49,610 - INFO - Processing frame /2024_TUYZ_Online_Yarisma_Ana/frame_001012.jpg with translation /2024_TUYZ_Online_Yarisma_Ana/frame_001012.jpg
2024-06-28 19:09:49,610 - INFO - Image frame_001012.jpg already exists. Skipping...
2024-06-28 19:09:49,610 - INFO - Processing frame /2024_TUYZ_Online_Yarisma_Ana/frame_001016.jpg with translation /2024_TUYZ_Online_Yarisma_Ana/frame_001016.jpg
2024-06-28 19:09:49,610 - INFO - Image frame_001016.jpg already exists. Skipping...
2024-06-28 19:09:49,610 - INFO - Processing frame /2024_TUYZ_Online_Yarisma_Ana/frame_001020.jpg with translation /2024_TUYZ_Online_Yarisma_Ana/frame_001020.jpg
2024-06-28 19:09:49,610 - INFO - Image frame_001020.jpg already exists. Skipping...
2024-06-28 19:09:49,610 - INFO - Processing frame /2024_TUYZ_Online_Yarisma_Ana/frame_001024.jpg with translation /2024_TUYZ_Online_Yarisma_Ana/frame_001024.jpg
2024-06-28 19:09:49,610 - INFO - Image frame_001024.jpg already exists. Skipping...
2024-06-28 19:09:49,610 - INFO - Processing frame /2024_TUYZ_Online_Yarisma_Ana/frame_001028.jpg with translation /2024_TUYZ_Online_Yarisma_Ana/frame_001028.jpg
2024-06-28 19:09:49,610 - INFO - Image frame_001028.jpg already exists. Skipping...
2024-06-28 19:09:49,610 - INFO - Processing frame /2024_TUYZ_Online_Yarisma_Ana/frame_001032.jpg with translation /2024_TUYZ_Online_Yarisma_Ana/frame_001032.jpg
2024-06-28 19:09:49,610 - INFO - Image frame_001032.jpg already exists. Skipping...
2024-06-28 19:09:49,610 - INFO - Processing frame /2024_TUYZ_Online_Yarisma_Ana/frame_001036.jpg with translation /2024_TUYZ_Online_Yarisma_Ana/frame_001036.jpg
2024-06-28 19:09:49,610 - INFO - Image frame_001036.jpg already exists. Skipping...
2024-06-28 19:09:49,610 - INFO - Processing frame /2024_TUYZ_Online_Yarisma_Ana/frame_001040.jpg with translation /2024_TUYZ_Online_Yarisma_Ana/frame_001040.jpg
2024-06-28 19:09:49,610 - INFO - Image frame_001040.jpg already exists. Skipping...
2024-06-28 19:09:49,610 - INFO - Processing frame /2024_TUYZ_Online_Yarisma_Ana/frame_001044.jpg with translation /2024_TUYZ_Online_Yarisma_Ana/frame_001044.jpg
2024-06-28 19:09:49,610 - INFO - Image frame_001044.jpg already exists. Skipping...
2024-06-28 19:09:49,611 - INFO - Processing frame /2024_TUYZ_Online_Yarisma_Ana/frame_001048.jpg with translation /2024_TUYZ_Online_Yarisma_Ana/frame_001048.jpg
2024-06-28 19:09:49,611 - INFO - Image frame_001048.jpg already exists. Skipping...
2024-06-28 19:09:49,611 - INFO - Processing frame /2024_TUYZ_Online_Yarisma_Ana/frame_001052.jpg with translation /2024_TUYZ_Online_Yarisma_Ana/frame_001052.jpg
2024-06-28 19:09:49,611 - INFO - Image frame_001052.jpg already exists. Skipping...
2024-06-28 19:09:49,611 - INFO - Processing frame /2024_TUYZ_Online_Yarisma_Ana/frame_001056.jpg with translation /2024_TUYZ_Online_Yarisma_Ana/frame_001056.jpg
2024-06-28 19:09:49,611 - INFO - Image frame_001056.jpg already exists. Skipping...
2024-06-28 19:09:49,611 - INFO - Processing frame /2024_TUYZ_Online_Yarisma_Ana/frame_001060.jpg with translation /2024_TUYZ_Online_Yarisma_Ana/frame_001060.jpg
2024-06-28 19:09:49,611 - INFO - Image frame_001060.jpg already exists. Skipping...
2024-06-28 19:09:49,611 - INFO - Processing frame /2024_TUYZ_Online_Yarisma_Ana/frame_001064.jpg with translation /2024_TUYZ_Online_Yarisma_Ana/frame_001064.jpg
2024-06-28 19:09:49,611 - INFO - Image frame_001064.jpg already exists. Skipping...
2024-06-28 19:09:49,611 - INFO - Processing frame /2024_TUYZ_Online_Yarisma_Ana/frame_001068.jpg with translation /2024_TUYZ_Online_Yarisma_Ana/frame_001068.jpg
2024-06-28 19:09:49,611 - INFO - Image frame_001068.jpg already exists. Skipping...
2024-06-28 19:09:49,611 - INFO - Processing frame /2024_TUYZ_Online_Yarisma_Ana/frame_001072.jpg with translation /2024_TUYZ_Online_Yarisma_Ana/frame_001072.jpg
2024-06-28 19:09:49,611 - INFO - Image frame_001072.jpg already exists. Skipping...
2024-06-28 19:09:49,611 - INFO - Processing frame /2024_TUYZ_Online_Yarisma_Ana/frame_001076.jpg with translation /2024_TUYZ_Online_Yarisma_Ana/frame_001076.jpg
2024-06-28 19:09:49,611 - INFO - Image frame_001076.jpg already exists. Skipping...
2024-06-28 19:09:49,611 - INFO - Processing frame /2024_TUYZ_Online_Yarisma_Ana/frame_001080.jpg with translation /2024_TUYZ_Online_Yarisma_Ana/frame_001080.jpg
2024-06-28 19:09:49,611 - INFO - Image frame_001080.jpg already exists. Skipping...
2024-06-28 19:09:49,611 - INFO - Processing frame /2024_TUYZ_Online_Yarisma_Ana/frame_001084.jpg with translation /2024_TUYZ_Online_Yarisma_Ana/frame_001084.jpg
2024-06-28 19:09:49,611 - INFO - Image frame_001084.jpg already exists. Skipping...
2024-06-28 19:09:49,611 - INFO - Processing frame /2024_TUYZ_Online_Yarisma_Ana/frame_001088.jpg with translation /2024_TUYZ_Online_Yarisma_Ana/frame_001088.jpg
2024-06-28 19:09:49,611 - INFO - Image frame_001088.jpg already exists. Skipping...
2024-06-28 19:09:49,611 - INFO - Processing frame /2024_TUYZ_Online_Yarisma_Ana/frame_001092.jpg with translation /2024_TUYZ_Online_Yarisma_Ana/frame_001092.jpg
2024-06-28 19:09:49,611 - INFO - Image frame_001092.jpg already exists. Skipping...
2024-06-28 19:09:49,611 - INFO - Processing frame /2024_TUYZ_Online_Yarisma_Ana/frame_001096.jpg with translation /2024_TUYZ_Online_Yarisma_Ana/frame_001096.jpg
2024-06-28 19:09:49,611 - INFO - Image frame_001096.jpg already exists. Skipping...
2024-06-28 19:09:49,611 - INFO - Processing frame /2024_TUYZ_Online_Yarisma_Ana/frame_001100.jpg with translation /2024_TUYZ_Online_Yarisma_Ana/frame_001100.jpg
2024-06-28 19:09:49,612 - INFO - Image frame_001100.jpg already exists. Skipping...
2024-06-28 19:09:49,612 - INFO - Processing frame /2024_TUYZ_Online_Yarisma_Ana/frame_001104.jpg with translation /2024_TUYZ_Online_Yarisma_Ana/frame_001104.jpg
2024-06-28 19:09:49,612 - INFO - Image frame_001104.jpg already exists. Skipping...
2024-06-28 19:09:49,612 - INFO - Processing frame /2024_TUYZ_Online_Yarisma_Ana/frame_001108.jpg with translation /2024_TUYZ_Online_Yarisma_Ana/frame_001108.jpg
2024-06-28 19:09:49,612 - INFO - Image frame_001108.jpg already exists. Skipping...
2024-06-28 19:09:49,612 - INFO - Processing frame /2024_TUYZ_Online_Yarisma_Ana/frame_001112.jpg with translation /2024_TUYZ_Online_Yarisma_Ana/frame_001112.jpg
2024-06-28 19:09:49,612 - INFO - Image frame_001112.jpg already exists. Skipping...
2024-06-28 19:09:49,612 - INFO - Processing frame /2024_TUYZ_Online_Yarisma_Ana/frame_001116.jpg with translation /2024_TUYZ_Online_Yarisma_Ana/frame_001116.jpg
2024-06-28 19:09:49,612 - INFO - Image frame_001116.jpg already exists. Skipping...
2024-06-28 19:09:49,612 - INFO - Processing frame /2024_TUYZ_Online_Yarisma_Ana/frame_001120.jpg with translation /2024_TUYZ_Online_Yarisma_Ana/frame_001120.jpg
2024-06-28 19:09:49,612 - INFO - Image frame_001120.jpg already exists. Skipping...
2024-06-28 19:09:49,612 - INFO - Processing frame /2024_TUYZ_Online_Yarisma_Ana/frame_001124.jpg with translation /2024_TUYZ_Online_Yarisma_Ana/frame_001124.jpg
2024-06-28 19:09:49,612 - INFO - Image frame_001124.jpg already exists. Skipping...
2024-06-28 19:09:49,612 - INFO - Processing frame /2024_TUYZ_Online_Yarisma_Ana/frame_001128.jpg with translation /2024_TUYZ_Online_Yarisma_Ana/frame_001128.jpg
2024-06-28 19:09:49,612 - INFO - Image frame_001128.jpg already exists. Skipping...
2024-06-28 19:09:49,612 - INFO - Processing frame /2024_TUYZ_Online_Yarisma_Ana/frame_001132.jpg with translation /2024_TUYZ_Online_Yarisma_Ana/frame_001132.jpg
2024-06-28 19:09:49,612 - INFO - Image frame_001132.jpg already exists. Skipping...
2024-06-28 19:09:49,612 - INFO - Processing frame /2024_TUYZ_Online_Yarisma_Ana/frame_001136.jpg with translation /2024_TUYZ_Online_Yarisma_Ana/frame_001136.jpg
2024-06-28 19:09:49,612 - INFO - Image frame_001136.jpg already exists. Skipping...
2024-06-28 19:09:49,612 - INFO - Processing frame /2024_TUYZ_Online_Yarisma_Ana/frame_001140.jpg with translation /2024_TUYZ_Online_Yarisma_Ana/frame_001140.jpg
2024-06-28 19:09:49,612 - INFO - Image frame_001140.jpg already exists. Skipping...
2024-06-28 19:09:49,612 - INFO - Processing frame /2024_TUYZ_Online_Yarisma_Ana/frame_001144.jpg with translation /2024_TUYZ_Online_Yarisma_Ana/frame_001144.jpg
2024-06-28 19:09:49,612 - INFO - Image frame_001144.jpg already exists. Skipping...
2024-06-28 19:09:49,612 - INFO - Processing frame /2024_TUYZ_Online_Yarisma_Ana/frame_001148.jpg with translation /2024_TUYZ_Online_Yarisma_Ana/frame_001148.jpg
2024-06-28 19:09:49,612 - INFO - Image frame_001148.jpg already exists. Skipping...
2024-06-28 19:09:49,612 - INFO - Processing frame /2024_TUYZ_Online_Yarisma_Ana/frame_001152.jpg with translation /2024_TUYZ_Online_Yarisma_Ana/frame_001152.jpg
2024-06-28 19:09:49,612 - INFO - Image frame_001152.jpg already exists. Skipping...
2024-06-28 19:09:49,612 - INFO - Processing frame /2024_TUYZ_Online_Yarisma_Ana/frame_001156.jpg with translation /2024_TUYZ_Online_Yarisma_Ana/frame_001156.jpg
2024-06-28 19:09:49,613 - INFO - Image frame_001156.jpg already exists. Skipping...
2024-06-28 19:09:49,613 - INFO - Processing frame /2024_TUYZ_Online_Yarisma_Ana/frame_001160.jpg with translation /2024_TUYZ_Online_Yarisma_Ana/frame_001160.jpg
2024-06-28 19:09:49,613 - INFO - Image frame_001160.jpg already exists. Skipping...
2024-06-28 19:09:49,613 - INFO - Processing frame /2024_TUYZ_Online_Yarisma_Ana/frame_001164.jpg with translation /2024_TUYZ_Online_Yarisma_Ana/frame_001164.jpg
2024-06-28 19:09:49,613 - INFO - Image frame_001164.jpg already exists. Skipping...
2024-06-28 19:09:49,613 - INFO - Processing frame /2024_TUYZ_Online_Yarisma_Ana/frame_001168.jpg with translation /2024_TUYZ_Online_Yarisma_Ana/frame_001168.jpg
2024-06-28 19:09:49,613 - INFO - Image frame_001168.jpg already exists. Skipping...
2024-06-28 19:09:49,613 - INFO - Processing frame /2024_TUYZ_Online_Yarisma_Ana/frame_001172.jpg with translation /2024_TUYZ_Online_Yarisma_Ana/frame_001172.jpg
2024-06-28 19:09:49,613 - INFO - Image frame_001172.jpg already exists. Skipping...
2024-06-28 19:09:49,613 - INFO - Processing frame /2024_TUYZ_Online_Yarisma_Ana/frame_001176.jpg with translation /2024_TUYZ_Online_Yarisma_Ana/frame_001176.jpg
2024-06-28 19:09:49,613 - INFO - Image frame_001176.jpg already exists. Skipping...
2024-06-28 19:09:49,613 - INFO - Processing frame /2024_TUYZ_Online_Yarisma_Ana/frame_001180.jpg with translation /2024_TUYZ_Online_Yarisma_Ana/frame_001180.jpg
2024-06-28 19:09:49,613 - INFO - Image frame_001180.jpg already exists. Skipping...
2024-06-28 19:09:49,613 - INFO - Processing frame /2024_TUYZ_Online_Yarisma_Ana/frame_001184.jpg with translation /2024_TUYZ_Online_Yarisma_Ana/frame_001184.jpg
2024-06-28 19:09:49,613 - INFO - Image frame_001184.jpg already exists. Skipping...
2024-06-28 19:09:49,613 - INFO - Processing frame /2024_TUYZ_Online_Yarisma_Ana/frame_001188.jpg with translation /2024_TUYZ_Online_Yarisma_Ana/frame_001188.jpg
2024-06-28 19:09:49,613 - INFO - Image frame_001188.jpg already exists. Skipping...
2024-06-28 19:09:49,613 - INFO - Processing frame /2024_TUYZ_Online_Yarisma_Ana/frame_001192.jpg with translation /2024_TUYZ_Online_Yarisma_Ana/frame_001192.jpg
2024-06-28 19:09:49,613 - INFO - Image frame_001192.jpg already exists. Skipping...
2024-06-28 19:09:49,613 - INFO - Processing frame /2024_TUYZ_Online_Yarisma_Ana/frame_001196.jpg with translation /2024_TUYZ_Online_Yarisma_Ana/frame_001196.jpg
2024-06-28 19:09:49,613 - INFO - Image frame_001196.jpg already exists. Skipping...
2024-06-28 19:09:49,613 - INFO - Processing frame /2024_TUYZ_Online_Yarisma_Ana/frame_001200.jpg with translation /2024_TUYZ_Online_Yarisma_Ana/frame_001200.jpg
2024-06-28 19:09:49,613 - INFO - Image frame_001200.jpg already exists. Skipping...
2024-06-28 19:09:49,613 - INFO - Processing frame /2024_TUYZ_Online_Yarisma_Ana/frame_001204.jpg with translation /2024_TUYZ_Online_Yarisma_Ana/frame_001204.jpg
2024-06-28 19:09:49,613 - INFO - Image frame_001204.jpg already exists. Skipping...
2024-06-28 19:09:49,613 - INFO - Processing frame /2024_TUYZ_Online_Yarisma_Ana/frame_001208.jpg with translation /2024_TUYZ_Online_Yarisma_Ana/frame_001208.jpg
2024-06-28 19:09:49,613 - INFO - Image frame_001208.jpg already exists. Skipping...
2024-06-28 19:09:49,614 - INFO - Processing frame /2024_TUYZ_Online_Yarisma_Ana/frame_001212.jpg with translation /2024_TUYZ_Online_Yarisma_Ana/frame_001212.jpg
2024-06-28 19:09:49,614 - INFO - Image frame_001212.jpg already exists. Skipping...
2024-06-28 19:09:49,614 - INFO - Processing frame /2024_TUYZ_Online_Yarisma_Ana/frame_001216.jpg with translation /2024_TUYZ_Online_Yarisma_Ana/frame_001216.jpg
2024-06-28 19:09:49,614 - INFO - Image frame_001216.jpg already exists. Skipping...
2024-06-28 19:09:49,614 - INFO - Processing frame /2024_TUYZ_Online_Yarisma_Ana/frame_001220.jpg with translation /2024_TUYZ_Online_Yarisma_Ana/frame_001220.jpg
2024-06-28 19:09:49,614 - INFO - Image frame_001220.jpg already exists. Skipping...
2024-06-28 19:09:49,614 - INFO - Processing frame /2024_TUYZ_Online_Yarisma_Ana/frame_001224.jpg with translation /2024_TUYZ_Online_Yarisma_Ana/frame_001224.jpg
2024-06-28 19:09:49,614 - INFO - Image frame_001224.jpg already exists. Skipping...
2024-06-28 19:09:49,614 - INFO - Processing frame /2024_TUYZ_Online_Yarisma_Ana/frame_001228.jpg with translation /2024_TUYZ_Online_Yarisma_Ana/frame_001228.jpg
2024-06-28 19:09:49,614 - INFO - Image frame_001228.jpg already exists. Skipping...
2024-06-28 19:09:49,614 - INFO - Processing frame /2024_TUYZ_Online_Yarisma_Ana/frame_001232.jpg with translation /2024_TUYZ_Online_Yarisma_Ana/frame_001232.jpg
2024-06-28 19:09:49,614 - INFO - Image frame_001232.jpg already exists. Skipping...
2024-06-28 19:09:49,614 - INFO - Processing frame /2024_TUYZ_Online_Yarisma_Ana/frame_001236.jpg with translation /2024_TUYZ_Online_Yarisma_Ana/frame_001236.jpg
2024-06-28 19:09:49,614 - INFO - Image frame_001236.jpg already exists. Skipping...
2024-06-28 19:09:49,614 - INFO - Processing frame /2024_TUYZ_Online_Yarisma_Ana/frame_001240.jpg with translation /2024_TUYZ_Online_Yarisma_Ana/frame_001240.jpg
2024-06-28 19:09:49,614 - INFO - Image frame_001240.jpg already exists. Skipping...
2024-06-28 19:09:49,614 - INFO - Processing frame /2024_TUYZ_Online_Yarisma_Ana/frame_001244.jpg with translation /2024_TUYZ_Online_Yarisma_Ana/frame_001244.jpg
2024-06-28 19:09:49,614 - INFO - Image frame_001244.jpg already exists. Skipping...
2024-06-28 19:09:49,614 - INFO - Processing frame /2024_TUYZ_Online_Yarisma_Ana/frame_001248.jpg with translation /2024_TUYZ_Online_Yarisma_Ana/frame_001248.jpg
2024-06-28 19:09:49,614 - INFO - Downloading image from http://teknofest.cezerirobot.com:1025/media/2024_TUYZ_Online_Yarisma_Ana/frame_001248.jpg...
2024-06-28 19:09:50,643 - INFO - Image saved to ./downloaded_frames/frames/2024_TUYZ_Online_Yarisma_Ana/frame_001248.jpg
2024-06-28 19:09:51,007 - INFO - Sending prediction for frame http://teknofest.cezerirobot.com/frames/313/...
2024-06-28 19:09:51,379 - INFO - Prediction sent successfully
2024-06-28 19:09:51,380 - INFO - Total execution time: 1765.42 milliseconds
2024-06-28 19:09:51,380 - INFO - Processing frame /2024_TUYZ_Online_Yarisma_Ana/frame_001252.jpg with translation /2024_TUYZ_Online_Yarisma_Ana/frame_001252.jpg
2024-06-28 19:09:51,380 - INFO - Downloading image from http://teknofest.cezerirobot.com:1025/media/2024_TUYZ_Online_Yarisma_Ana/frame_001252.jpg...
2024-06-28 19:09:57,147 - INFO - Image saved to ./downloaded_frames/frames/2024_TUYZ_Online_Yarisma_Ana/frame_001252.jpg
2024-06-28 19:09:57,343 - INFO - Sending prediction for frame http://teknofest.cezerirobot.com/frames/314/...
2024-06-28 19:10:00,145 - INFO - Prediction sent successfully
2024-06-28 19:10:00,145 - INFO - Total execution time: 8765.76 milliseconds
2024-06-28 19:10:00,146 - INFO - Processing frame /2024_TUYZ_Online_Yarisma_Ana/frame_001256.jpg with translation /2024_TUYZ_Online_Yarisma_Ana/frame_001256.jpg
2024-06-28 19:10:00,146 - INFO - Image frame_001256.jpg already exists. Skipping...
2024-06-28 19:10:00,146 - INFO - Processing frame /2024_TUYZ_Online_Yarisma_Ana/frame_001260.jpg with translation /2024_TUYZ_Online_Yarisma_Ana/frame_001260.jpg
2024-06-28 19:10:00,146 - INFO - Image frame_001260.jpg already exists. Skipping...
2024-06-28 19:10:00,146 - INFO - Processing frame /2024_TUYZ_Online_Yarisma_Ana/frame_001264.jpg with translation /2024_TUYZ_Online_Yarisma_Ana/frame_001264.jpg
2024-06-28 19:10:00,146 - INFO - Image frame_001264.jpg already exists. Skipping...
2024-06-28 19:10:00,146 - INFO - Processing frame /2024_TUYZ_Online_Yarisma_Ana/frame_001268.jpg with translation /2024_TUYZ_Online_Yarisma_Ana/frame_001268.jpg
2024-06-28 19:10:00,146 - INFO - Image frame_001268.jpg already exists. Skipping...
2024-06-28 19:10:00,146 - INFO - Processing frame /2024_TUYZ_Online_Yarisma_Ana/frame_001272.jpg with translation /2024_TUYZ_Online_Yarisma_Ana/frame_001272.jpg
2024-06-28 19:10:00,146 - INFO - Downloading image from http://teknofest.cezerirobot.com:1025/media/2024_TUYZ_Online_Yarisma_Ana/frame_001272.jpg...
2024-06-28 19:10:08,546 - INFO - Image saved to ./downloaded_frames/frames/2024_TUYZ_Online_Yarisma_Ana/frame_001272.jpg
2024-06-28 19:10:08,744 - INFO - Sending prediction for frame http://teknofest.cezerirobot.com/frames/319/...
2024-06-28 19:10:11,753 - INFO - Prediction sent successfully
2024-06-28 19:10:11,753 - INFO - Total execution time: 11606.79 milliseconds
2024-06-28 19:10:11,753 - INFO - Processing frame /2024_TUYZ_Online_Yarisma_Ana/frame_001276.jpg with translation /2024_TUYZ_Online_Yarisma_Ana/frame_001276.jpg
2024-06-28 19:10:11,753 - INFO - Downloading image from http://teknofest.cezerirobot.com:1025/media/2024_TUYZ_Online_Yarisma_Ana/frame_001276.jpg...
2024-06-28 19:10:12,207 - ERROR - Failed to download image: http://teknofest.cezerirobot.com:1025/media/2024_TUYZ_Online_Yarisma_Ana/frame_001276.jpg
2024-06-28 19:10:12,207 - ERROR - Failed to download image: http://teknofest.cezerirobot.com:1025/media/2024_TUYZ_Online_Yarisma_Ana/frame_001276.jpg
2024-06-28 19:10:12,207 - INFO - Waiting for 37.40 seconds to maintain 80 frames per minute rate.
2024-06-28 19:10:49,613 - INFO - Processing frame /2024_TUYZ_Online_Yarisma_Ana/frame_001280.jpg with translation /2024_TUYZ_Online_Yarisma_Ana/frame_001280.jpg
2024-06-28 19:10:49,614 - INFO - Downloading image from http://teknofest.cezerirobot.com:1025/media/2024_TUYZ_Online_Yarisma_Ana/frame_001280.jpg...
2024-06-28 19:11:05,663 - INFO - Image saved to ./downloaded_frames/frames/2024_TUYZ_Online_Yarisma_Ana/frame_001280.jpg
2024-06-28 19:11:05,879 - INFO - Sending prediction for frame http://teknofest.cezerirobot.com/frames/321/...
2024-06-28 19:11:07,146 - INFO - Prediction sent successfully
2024-06-28 19:11:07,146 - INFO - Total execution time: 17532.26 milliseconds
2024-06-28 19:11:07,146 - INFO - Processing frame /2024_TUYZ_Online_Yarisma_Ana/frame_001284.jpg with translation /2024_TUYZ_Online_Yarisma_Ana/frame_001284.jpg
2024-06-28 19:11:07,146 - INFO - Downloading image from http://teknofest.cezerirobot.com:1025/media/2024_TUYZ_Online_Yarisma_Ana/frame_001284.jpg...
2024-06-28 19:11:12,636 - INFO - Image saved to ./downloaded_frames/frames/2024_TUYZ_Online_Yarisma_Ana/frame_001284.jpg
2024-06-28 19:11:12,830 - INFO - Sending prediction for frame http://teknofest.cezerirobot.com/frames/322/...
2024-06-28 19:11:13,446 - INFO - Prediction sent successfully
2024-06-28 19:11:13,447 - INFO - Total execution time: 6300.70 milliseconds
2024-06-28 19:11:13,447 - INFO - Processing frame /2024_TUYZ_Online_Yarisma_Ana/frame_001288.jpg with translation /2024_TUYZ_Online_Yarisma_Ana/frame_001288.jpg
2024-06-28 19:11:13,447 - INFO - Downloading image from http://teknofest.cezerirobot.com:1025/media/2024_TUYZ_Online_Yarisma_Ana/frame_001288.jpg...
2024-06-28 19:11:18,849 - INFO - Image saved to ./downloaded_frames/frames/2024_TUYZ_Online_Yarisma_Ana/frame_001288.jpg
2024-06-28 19:11:19,040 - INFO - Sending prediction for frame http://teknofest.cezerirobot.com/frames/323/...
2024-06-28 19:11:25,994 - ERROR - Server error: 500
2024-06-28 19:11:26,995 - INFO - Sending prediction for frame http://teknofest.cezerirobot.com/frames/323/...
2024-06-28 19:11:28,257 - INFO - Prediction sent successfully
2024-06-28 19:11:28,257 - INFO - Total execution time: 14810.37 milliseconds
2024-06-28 19:11:28,257 - INFO - Processing frame /2024_TUYZ_Online_Yarisma_Ana/frame_001292.jpg with translation /2024_TUYZ_Online_Yarisma_Ana/frame_001292.jpg
2024-06-28 19:11:28,257 - INFO - Downloading image from http://teknofest.cezerirobot.com:1025/media/2024_TUYZ_Online_Yarisma_Ana/frame_001292.jpg...
2024-06-28 19:11:29,244 - INFO - Image saved to ./downloaded_frames/frames/2024_TUYZ_Online_Yarisma_Ana/frame_001292.jpg
2024-06-28 19:11:29,436 - INFO - Sending prediction for frame http://teknofest.cezerirobot.com/frames/324/...
2024-06-28 19:11:30,550 - INFO - Prediction sent successfully
2024-06-28 19:11:30,550 - INFO - Total execution time: 2292.81 milliseconds
2024-06-28 19:11:30,550 - INFO - Processing frame /2024_TUYZ_Online_Yarisma_Ana/frame_001296.jpg with translation /2024_TUYZ_Online_Yarisma_Ana/frame_001296.jpg
2024-06-28 19:11:30,550 - INFO - Downloading image from http://teknofest.cezerirobot.com:1025/media/2024_TUYZ_Online_Yarisma_Ana/frame_001296.jpg...
2024-06-28 19:11:32,469 - INFO - Image saved to ./downloaded_frames/frames/2024_TUYZ_Online_Yarisma_Ana/frame_001296.jpg
2024-06-28 19:11:32,667 - INFO - Sending prediction for frame http://teknofest.cezerirobot.com/frames/325/...
2024-06-28 19:11:34,647 - INFO - Prediction sent successfully
2024-06-28 19:11:34,647 - INFO - Total execution time: 4097.25 milliseconds
2024-06-28 19:11:34,647 - INFO - Processing frame /2024_TUYZ_Online_Yarisma_Ana/frame_001300.jpg with translation /2024_TUYZ_Online_Yarisma_Ana/frame_001300.jpg
2024-06-28 19:11:34,647 - INFO - Downloading image from http://teknofest.cezerirobot.com:1025/media/2024_TUYZ_Online_Yarisma_Ana/frame_001300.jpg...
2024-06-28 19:11:36,348 - INFO - Image saved to ./downloaded_frames/frames/2024_TUYZ_Online_Yarisma_Ana/frame_001300.jpg
2024-06-28 19:11:36,537 - INFO - Sending prediction for frame http://teknofest.cezerirobot.com/frames/326/...
2024-06-28 19:11:36,836 - INFO - Prediction sent successfully
2024-06-28 19:11:36,836 - INFO - Total execution time: 2188.69 milliseconds
2024-06-28 19:11:36,836 - INFO - Processing frame /2024_TUYZ_Online_Yarisma_Ana/frame_001304.jpg with translation /2024_TUYZ_Online_Yarisma_Ana/frame_001304.jpg
2024-06-28 19:11:36,836 - INFO - Downloading image from http://teknofest.cezerirobot.com:1025/media/2024_TUYZ_Online_Yarisma_Ana/frame_001304.jpg...
2024-06-28 19:11:38,265 - INFO - Image saved to ./downloaded_frames/frames/2024_TUYZ_Online_Yarisma_Ana/frame_001304.jpg
2024-06-28 19:11:38,446 - INFO - Sending prediction for frame http://teknofest.cezerirobot.com/frames/327/...
2024-06-28 19:11:39,057 - INFO - Prediction sent successfully
2024-06-28 19:11:39,058 - INFO - Total execution time: 2221.61 milliseconds
2024-06-28 19:11:39,058 - INFO - Processing frame /2024_TUYZ_Online_Yarisma_Ana/frame_001308.jpg with translation /2024_TUYZ_Online_Yarisma_Ana/frame_001308.jpg
2024-06-28 19:11:39,058 - INFO - Downloading image from http://teknofest.cezerirobot.com:1025/media/2024_TUYZ_Online_Yarisma_Ana/frame_001308.jpg...
2024-06-28 19:11:39,955 - INFO - Image saved to ./downloaded_frames/frames/2024_TUYZ_Online_Yarisma_Ana/frame_001308.jpg
2024-06-28 19:11:40,154 - INFO - Sending prediction for frame http://teknofest.cezerirobot.com/frames/328/...
2024-06-28 19:11:42,866 - INFO - Prediction sent successfully
2024-06-28 19:11:42,866 - INFO - Total execution time: 3808.21 milliseconds
2024-06-28 19:11:42,866 - INFO - Processing frame /2024_TUYZ_Online_Yarisma_Ana/frame_001312.jpg with translation /2024_TUYZ_Online_Yarisma_Ana/frame_001312.jpg
2024-06-28 19:11:42,866 - INFO - Downloading image from http://teknofest.cezerirobot.com:1025/media/2024_TUYZ_Online_Yarisma_Ana/frame_001312.jpg...
2024-06-28 19:11:54,163 - INFO - Image saved to ./downloaded_frames/frames/2024_TUYZ_Online_Yarisma_Ana/frame_001312.jpg
2024-06-28 19:11:54,354 - INFO - Sending prediction for frame http://teknofest.cezerirobot.com/frames/329/...
2024-06-28 19:11:54,757 - INFO - Prediction sent successfully
2024-06-28 19:11:54,757 - INFO - Total execution time: 11890.92 milliseconds
2024-06-28 19:11:54,757 - INFO - Processing frame /2024_TUYZ_Online_Yarisma_Ana/frame_001316.jpg with translation /2024_TUYZ_Online_Yarisma_Ana/frame_001316.jpg
2024-06-28 19:11:54,757 - INFO - Downloading image from http://teknofest.cezerirobot.com:1025/media/2024_TUYZ_Online_Yarisma_Ana/frame_001316.jpg...
2024-06-28 19:12:02,664 - INFO - Image saved to ./downloaded_frames/frames/2024_TUYZ_Online_Yarisma_Ana/frame_001316.jpg
2024-06-28 19:12:02,855 - INFO - Sending prediction for frame http://teknofest.cezerirobot.com/frames/330/...
2024-06-28 19:12:04,774 - INFO - Prediction sent successfully
2024-06-28 19:12:04,775 - INFO - Total execution time: 10017.55 milliseconds
2024-06-28 19:12:04,775 - INFO - Processing frame /2024_TUYZ_Online_Yarisma_Ana/frame_001320.jpg with translation /2024_TUYZ_Online_Yarisma_Ana/frame_001320.jpg
2024-06-28 19:12:04,775 - INFO - Downloading image from http://teknofest.cezerirobot.com:1025/media/2024_TUYZ_Online_Yarisma_Ana/frame_001320.jpg...
2024-06-28 19:12:12,860 - INFO - Image saved to ./downloaded_frames/frames/2024_TUYZ_Online_Yarisma_Ana/frame_001320.jpg
2024-06-28 19:12:13,058 - INFO - Sending prediction for frame http://teknofest.cezerirobot.com/frames/331/...
