2024-09-05 11:41:29,626 - INFO - Authentication successful
2024-09-05 11:41:29,626 - INFO - Loading existing data...
2024-09-05 11:41:29,631 - INFO - SUNUCUYLA İLETİŞİM SÜRESİ 0.14 saniye
2024-09-05 11:41:29,631 - INFO - Processing frame /test_oturum/frame_000000.jpg with translation /test_oturum/frame_000000.jpg
2024-09-05 11:41:29,631 - INFO - Image frame_000000.jpg already exists. Skipping...
2024-09-05 11:41:29,631 - INFO - Processing frame /test_oturum/frame_000004.jpg with translation /test_oturum/frame_000004.jpg
2024-09-05 11:41:29,631 - INFO - Image frame_000004.jpg already exists. Skipping...
2024-09-05 11:41:29,631 - INFO - Processing frame /test_oturum/frame_000008.jpg with translation /test_oturum/frame_000008.jpg
2024-09-05 11:41:29,631 - INFO - Image frame_000008.jpg already exists. Skipping...
2024-09-05 11:41:29,631 - INFO - Processing frame /test_oturum/frame_000012.jpg with translation /test_oturum/frame_000012.jpg
2024-09-05 11:41:29,631 - INFO - Image frame_000012.jpg already exists. Skipping...
2024-09-05 11:41:29,631 - INFO - Processing frame /test_oturum/frame_000016.jpg with translation /test_oturum/frame_000016.jpg
2024-09-05 11:41:29,631 - INFO - Image frame_000016.jpg already exists. Skipping...
2024-09-05 11:41:29,631 - INFO - Processing frame /test_oturum/frame_000020.jpg with translation /test_oturum/frame_000020.jpg
2024-09-05 11:41:29,631 - INFO - Image frame_000020.jpg already exists. Skipping...
2024-09-05 11:41:29,631 - INFO - Processing frame /test_oturum/frame_000024.jpg with translation /test_oturum/frame_000024.jpg
2024-09-05 11:41:29,631 - INFO - Image frame_000024.jpg already exists. Skipping...
2024-09-05 11:41:29,631 - INFO - Processing frame /test_oturum/frame_000028.jpg with translation /test_oturum/frame_000028.jpg
2024-09-05 11:41:29,631 - INFO - Image frame_000028.jpg already exists. Skipping...
2024-09-05 11:41:29,631 - INFO - Processing frame /test_oturum/frame_000032.jpg with translation /test_oturum/frame_000032.jpg
2024-09-05 11:41:29,631 - INFO - Image frame_000032.jpg already exists. Skipping...
2024-09-05 11:41:29,631 - INFO - Processing frame /test_oturum/frame_000036.jpg with translation /test_oturum/frame_000036.jpg
2024-09-05 11:41:29,631 - INFO - Image frame_000036.jpg already exists. Skipping...
2024-09-05 11:41:29,631 - INFO - Processing frame /test_oturum/frame_000040.jpg with translation /test_oturum/frame_000040.jpg
2024-09-05 11:41:29,631 - INFO - Image frame_000040.jpg already exists. Skipping...
2024-09-05 11:41:29,632 - INFO - Processing frame /test_oturum/frame_000044.jpg with translation /test_oturum/frame_000044.jpg
2024-09-05 11:41:29,632 - INFO - Image frame_000044.jpg already exists. Skipping...
2024-09-05 11:41:29,632 - INFO - Processing frame /test_oturum/frame_000048.jpg with translation /test_oturum/frame_000048.jpg
2024-09-05 11:41:29,632 - INFO - Image frame_000048.jpg already exists. Skipping...
2024-09-05 11:41:29,632 - INFO - Processing frame /test_oturum/frame_000052.jpg with translation /test_oturum/frame_000052.jpg
2024-09-05 11:41:29,632 - INFO - Image frame_000052.jpg already exists. Skipping...
2024-09-05 11:41:29,632 - INFO - Processing frame /test_oturum/frame_000056.jpg with translation /test_oturum/frame_000056.jpg
2024-09-05 11:41:29,632 - INFO - Image frame_000056.jpg already exists. Skipping...
2024-09-05 11:41:29,632 - INFO - Processing frame /test_oturum/frame_000060.jpg with translation /test_oturum/frame_000060.jpg
2024-09-05 11:41:29,632 - INFO - Image frame_000060.jpg already exists. Skipping...
2024-09-05 11:41:29,632 - INFO - Processing frame /test_oturum/frame_000064.jpg with translation /test_oturum/frame_000064.jpg
2024-09-05 11:41:29,632 - INFO - Image frame_000064.jpg already exists. Skipping...
2024-09-05 11:41:29,632 - INFO - Processing frame /test_oturum/frame_000068.jpg with translation /test_oturum/frame_000068.jpg
2024-09-05 11:41:29,632 - INFO - Image frame_000068.jpg already exists. Skipping...
2024-09-05 11:41:29,632 - INFO - Processing frame /test_oturum/frame_000072.jpg with translation /test_oturum/frame_000072.jpg
2024-09-05 11:41:29,632 - INFO - Image frame_000072.jpg already exists. Skipping...
2024-09-05 11:41:29,632 - INFO - Processing frame /test_oturum/frame_000076.jpg with translation /test_oturum/frame_000076.jpg
2024-09-05 11:41:29,632 - INFO - Image frame_000076.jpg already exists. Skipping...
2024-09-05 11:41:29,632 - INFO - Processing frame /test_oturum/frame_000080.jpg with translation /test_oturum/frame_000080.jpg
2024-09-05 11:41:29,632 - INFO - Image frame_000080.jpg already exists. Skipping...
2024-09-05 11:41:29,632 - INFO - Processing frame /test_oturum/frame_000084.jpg with translation /test_oturum/frame_000084.jpg
2024-09-05 11:41:29,632 - INFO - Image frame_000084.jpg already exists. Skipping...
2024-09-05 11:41:29,632 - INFO - Processing frame /test_oturum/frame_000088.jpg with translation /test_oturum/frame_000088.jpg
2024-09-05 11:41:29,632 - INFO - Image frame_000088.jpg already exists. Skipping...
2024-09-05 11:41:29,632 - INFO - Processing frame /test_oturum/frame_000092.jpg with translation /test_oturum/frame_000092.jpg
2024-09-05 11:41:29,632 - INFO - Image frame_000092.jpg already exists. Skipping...
2024-09-05 11:41:29,632 - INFO - Processing frame /test_oturum/frame_000096.jpg with translation /test_oturum/frame_000096.jpg
2024-09-05 11:41:29,632 - INFO - Image frame_000096.jpg already exists. Skipping...
2024-09-05 11:41:29,632 - INFO - Processing frame /test_oturum/frame_000100.jpg with translation /test_oturum/frame_000100.jpg
2024-09-05 11:41:29,632 - INFO - Image frame_000100.jpg already exists. Skipping...
2024-09-05 11:41:29,632 - INFO - Processing frame /test_oturum/frame_000104.jpg with translation /test_oturum/frame_000104.jpg
2024-09-05 11:41:29,633 - INFO - Image frame_000104.jpg already exists. Skipping...
2024-09-05 11:41:29,633 - INFO - Processing frame /test_oturum/frame_000108.jpg with translation /test_oturum/frame_000108.jpg
2024-09-05 11:41:29,633 - INFO - Image frame_000108.jpg already exists. Skipping...
2024-09-05 11:41:29,633 - INFO - Processing frame /test_oturum/frame_000112.jpg with translation /test_oturum/frame_000112.jpg
2024-09-05 11:41:29,633 - INFO - Image frame_000112.jpg already exists. Skipping...
2024-09-05 11:41:29,633 - INFO - Processing frame /test_oturum/frame_000116.jpg with translation /test_oturum/frame_000116.jpg
2024-09-05 11:41:29,633 - INFO - Image frame_000116.jpg already exists. Skipping...
2024-09-05 11:41:29,633 - INFO - Processing frame /test_oturum/frame_000120.jpg with translation /test_oturum/frame_000120.jpg
2024-09-05 11:41:29,633 - INFO - Image frame_000120.jpg already exists. Skipping...
2024-09-05 11:41:29,633 - INFO - Processing frame /test_oturum/frame_000124.jpg with translation /test_oturum/frame_000124.jpg
2024-09-05 11:41:29,633 - INFO - Image frame_000124.jpg already exists. Skipping...
2024-09-05 11:41:29,633 - INFO - Processing frame /test_oturum/frame_000128.jpg with translation /test_oturum/frame_000128.jpg
2024-09-05 11:41:29,633 - INFO - Image frame_000128.jpg already exists. Skipping...
2024-09-05 11:41:29,633 - INFO - Processing frame /test_oturum/frame_000132.jpg with translation /test_oturum/frame_000132.jpg
2024-09-05 11:41:29,633 - INFO - Image frame_000132.jpg already exists. Skipping...
2024-09-05 11:41:29,633 - INFO - Processing frame /test_oturum/frame_000136.jpg with translation /test_oturum/frame_000136.jpg
2024-09-05 11:41:29,633 - INFO - Image frame_000136.jpg already exists. Skipping...
2024-09-05 11:41:29,633 - INFO - Processing frame /test_oturum/frame_000140.jpg with translation /test_oturum/frame_000140.jpg
2024-09-05 11:41:29,633 - INFO - Image frame_000140.jpg already exists. Skipping...
2024-09-05 11:41:29,633 - INFO - Processing frame /test_oturum/frame_000144.jpg with translation /test_oturum/frame_000144.jpg
2024-09-05 11:41:29,633 - INFO - Image frame_000144.jpg already exists. Skipping...
2024-09-05 11:41:29,633 - INFO - Processing frame /test_oturum/frame_000148.jpg with translation /test_oturum/frame_000148.jpg
2024-09-05 11:41:29,633 - INFO - Image frame_000148.jpg already exists. Skipping...
2024-09-05 11:41:29,633 - INFO - Processing frame /test_oturum/frame_000152.jpg with translation /test_oturum/frame_000152.jpg
2024-09-05 11:41:29,633 - INFO - Image frame_000152.jpg already exists. Skipping...
2024-09-05 11:41:29,633 - INFO - Processing frame /test_oturum/frame_000156.jpg with translation /test_oturum/frame_000156.jpg
2024-09-05 11:41:29,633 - INFO - Image frame_000156.jpg already exists. Skipping...
2024-09-05 11:41:29,633 - INFO - Processing frame /test_oturum/frame_000160.jpg with translation /test_oturum/frame_000160.jpg
2024-09-05 11:41:29,633 - INFO - Image frame_000160.jpg already exists. Skipping...
2024-09-05 11:41:29,633 - INFO - Processing frame /test_oturum/frame_000164.jpg with translation /test_oturum/frame_000164.jpg
2024-09-05 11:41:29,633 - INFO - Image frame_000164.jpg already exists. Skipping...
2024-09-05 11:41:29,633 - INFO - Processing frame /test_oturum/frame_000168.jpg with translation /test_oturum/frame_000168.jpg
2024-09-05 11:41:29,634 - INFO - Image frame_000168.jpg already exists. Skipping...
2024-09-05 11:41:29,634 - INFO - Processing frame /test_oturum/frame_000172.jpg with translation /test_oturum/frame_000172.jpg
2024-09-05 11:41:29,634 - INFO - Image frame_000172.jpg already exists. Skipping...
2024-09-05 11:41:29,634 - INFO - Processing frame /test_oturum/frame_000176.jpg with translation /test_oturum/frame_000176.jpg
2024-09-05 11:41:29,634 - INFO - Image frame_000176.jpg already exists. Skipping...
2024-09-05 11:41:29,634 - INFO - Processing frame /test_oturum/frame_000180.jpg with translation /test_oturum/frame_000180.jpg
2024-09-05 11:41:29,634 - INFO - Image frame_000180.jpg already exists. Skipping...
2024-09-05 11:41:29,634 - INFO - Processing frame /test_oturum/frame_000184.jpg with translation /test_oturum/frame_000184.jpg
2024-09-05 11:41:29,634 - INFO - Image frame_000184.jpg already exists. Skipping...
2024-09-05 11:41:29,634 - INFO - Processing frame /test_oturum/frame_000188.jpg with translation /test_oturum/frame_000188.jpg
2024-09-05 11:41:29,634 - INFO - Image frame_000188.jpg already exists. Skipping...
2024-09-05 11:41:29,634 - INFO - Processing frame /test_oturum/frame_000192.jpg with translation /test_oturum/frame_000192.jpg
2024-09-05 11:41:29,634 - INFO - Image frame_000192.jpg already exists. Skipping...
2024-09-05 11:41:29,634 - INFO - Processing frame /test_oturum/frame_000196.jpg with translation /test_oturum/frame_000196.jpg
2024-09-05 11:41:29,634 - INFO - Image frame_000196.jpg already exists. Skipping...
2024-09-05 11:41:29,634 - INFO - Processing frame /test_oturum/frame_000200.jpg with translation /test_oturum/frame_000200.jpg
2024-09-05 11:41:29,634 - INFO - Image frame_000200.jpg already exists. Skipping...
2024-09-05 11:41:29,634 - INFO - Processing frame /test_oturum/frame_000204.jpg with translation /test_oturum/frame_000204.jpg
2024-09-05 11:41:29,634 - INFO - Image frame_000204.jpg already exists. Skipping...
2024-09-05 11:41:29,634 - INFO - Processing frame /test_oturum/frame_000208.jpg with translation /test_oturum/frame_000208.jpg
2024-09-05 11:41:29,634 - INFO - Image frame_000208.jpg already exists. Skipping...
2024-09-05 11:41:29,634 - INFO - Processing frame /test_oturum/frame_000212.jpg with translation /test_oturum/frame_000212.jpg
2024-09-05 11:41:29,634 - INFO - Image frame_000212.jpg already exists. Skipping...
2024-09-05 11:41:29,634 - INFO - Processing frame /test_oturum/frame_000216.jpg with translation /test_oturum/frame_000216.jpg
2024-09-05 11:41:29,634 - INFO - Image frame_000216.jpg already exists. Skipping...
2024-09-05 11:41:29,634 - INFO - Processing frame /test_oturum/frame_000220.jpg with translation /test_oturum/frame_000220.jpg
2024-09-05 11:41:29,634 - INFO - Image frame_000220.jpg already exists. Skipping...
2024-09-05 11:41:29,634 - INFO - Processing frame /test_oturum/frame_000224.jpg with translation /test_oturum/frame_000224.jpg
2024-09-05 11:41:29,634 - INFO - Image frame_000224.jpg already exists. Skipping...
2024-09-05 11:41:29,634 - INFO - Processing frame /test_oturum/frame_000228.jpg with translation /test_oturum/frame_000228.jpg
2024-09-05 11:41:29,634 - INFO - Image frame_000228.jpg already exists. Skipping...
2024-09-05 11:41:29,635 - INFO - Processing frame /test_oturum/frame_000232.jpg with translation /test_oturum/frame_000232.jpg
2024-09-05 11:41:29,635 - INFO - Image frame_000232.jpg already exists. Skipping...
2024-09-05 11:41:29,635 - INFO - Processing frame /test_oturum/frame_000236.jpg with translation /test_oturum/frame_000236.jpg
2024-09-05 11:41:29,635 - INFO - Image frame_000236.jpg already exists. Skipping...
2024-09-05 11:41:29,635 - INFO - Processing frame /test_oturum/frame_000240.jpg with translation /test_oturum/frame_000240.jpg
2024-09-05 11:41:29,635 - INFO - Image frame_000240.jpg already exists. Skipping...
2024-09-05 11:41:29,635 - INFO - Processing frame /test_oturum/frame_000244.jpg with translation /test_oturum/frame_000244.jpg
2024-09-05 11:41:29,635 - INFO - Image frame_000244.jpg already exists. Skipping...
2024-09-05 11:41:29,635 - INFO - Processing frame /test_oturum/frame_000248.jpg with translation /test_oturum/frame_000248.jpg
2024-09-05 11:41:29,635 - INFO - Image frame_000248.jpg already exists. Skipping...
2024-09-05 11:41:29,635 - INFO - Processing frame /test_oturum/frame_000252.jpg with translation /test_oturum/frame_000252.jpg
2024-09-05 11:41:29,635 - INFO - Image frame_000252.jpg already exists. Skipping...
2024-09-05 11:41:29,635 - INFO - Processing frame /test_oturum/frame_000256.jpg with translation /test_oturum/frame_000256.jpg
2024-09-05 11:41:29,635 - INFO - Image frame_000256.jpg already exists. Skipping...
2024-09-05 11:41:29,635 - INFO - Processing frame /test_oturum/frame_000260.jpg with translation /test_oturum/frame_000260.jpg
2024-09-05 11:41:29,635 - INFO - Image frame_000260.jpg already exists. Skipping...
2024-09-05 11:41:29,635 - INFO - Processing frame /test_oturum/frame_000264.jpg with translation /test_oturum/frame_000264.jpg
2024-09-05 11:41:29,635 - INFO - Image frame_000264.jpg already exists. Skipping...
2024-09-05 11:41:29,635 - INFO - Processing frame /test_oturum/frame_000268.jpg with translation /test_oturum/frame_000268.jpg
2024-09-05 11:41:29,635 - INFO - Image frame_000268.jpg already exists. Skipping...
2024-09-05 11:41:29,635 - INFO - Processing frame /test_oturum/frame_000272.jpg with translation /test_oturum/frame_000272.jpg
2024-09-05 11:41:29,635 - INFO - Image frame_000272.jpg already exists. Skipping...
2024-09-05 11:41:29,635 - INFO - Processing frame /test_oturum/frame_000276.jpg with translation /test_oturum/frame_000276.jpg
2024-09-05 11:41:29,635 - INFO - Image frame_000276.jpg already exists. Skipping...
2024-09-05 11:41:29,635 - INFO - Processing frame /test_oturum/frame_000280.jpg with translation /test_oturum/frame_000280.jpg
2024-09-05 11:41:29,635 - INFO - Image frame_000280.jpg already exists. Skipping...
2024-09-05 11:41:29,635 - INFO - Processing frame /test_oturum/frame_000284.jpg with translation /test_oturum/frame_000284.jpg
2024-09-05 11:41:29,635 - INFO - Image frame_000284.jpg already exists. Skipping...
2024-09-05 11:41:29,635 - INFO - Processing frame /test_oturum/frame_000288.jpg with translation /test_oturum/frame_000288.jpg
2024-09-05 11:41:29,635 - INFO - Image frame_000288.jpg already exists. Skipping...
2024-09-05 11:41:29,636 - INFO - Processing frame /test_oturum/frame_000292.jpg with translation /test_oturum/frame_000292.jpg
2024-09-05 11:41:29,636 - INFO - Image frame_000292.jpg already exists. Skipping...
2024-09-05 11:41:29,636 - INFO - Processing frame /test_oturum/frame_000296.jpg with translation /test_oturum/frame_000296.jpg
2024-09-05 11:41:29,636 - INFO - Image frame_000296.jpg already exists. Skipping...
2024-09-05 11:41:29,636 - INFO - Processing frame /test_oturum/frame_000300.jpg with translation /test_oturum/frame_000300.jpg
2024-09-05 11:41:29,636 - INFO - Image frame_000300.jpg already exists. Skipping...
2024-09-05 11:41:29,636 - INFO - Processing frame /test_oturum/frame_000304.jpg with translation /test_oturum/frame_000304.jpg
2024-09-05 11:41:29,636 - INFO - Image frame_000304.jpg already exists. Skipping...
2024-09-05 11:41:29,636 - INFO - Processing frame /test_oturum/frame_000308.jpg with translation /test_oturum/frame_000308.jpg
2024-09-05 11:41:29,636 - INFO - Image frame_000308.jpg already exists. Skipping...
2024-09-05 11:41:29,636 - INFO - Processing frame /test_oturum/frame_000312.jpg with translation /test_oturum/frame_000312.jpg
2024-09-05 11:41:29,636 - INFO - Image frame_000312.jpg already exists. Skipping...
2024-09-05 11:41:29,636 - INFO - Processing frame /test_oturum/frame_000316.jpg with translation /test_oturum/frame_000316.jpg
2024-09-05 11:41:29,636 - INFO - Image frame_000316.jpg already exists. Skipping...
2024-09-05 11:41:29,636 - INFO - Processing frame /test_oturum/frame_000320.jpg with translation /test_oturum/frame_000320.jpg
2024-09-05 11:41:29,636 - INFO - Image frame_000320.jpg already exists. Skipping...
2024-09-05 11:41:29,636 - INFO - Processing frame /test_oturum/frame_000324.jpg with translation /test_oturum/frame_000324.jpg
2024-09-05 11:41:29,636 - INFO - Image frame_000324.jpg already exists. Skipping...
2024-09-05 11:41:29,636 - INFO - Processing frame /test_oturum/frame_000328.jpg with translation /test_oturum/frame_000328.jpg
2024-09-05 11:41:29,636 - INFO - Image frame_000328.jpg already exists. Skipping...
2024-09-05 11:41:29,636 - INFO - Processing frame /test_oturum/frame_000332.jpg with translation /test_oturum/frame_000332.jpg
2024-09-05 11:41:29,636 - INFO - Image frame_000332.jpg already exists. Skipping...
2024-09-05 11:41:29,636 - INFO - Processing frame /test_oturum/frame_000336.jpg with translation /test_oturum/frame_000336.jpg
2024-09-05 11:41:29,636 - INFO - Image frame_000336.jpg already exists. Skipping...
2024-09-05 11:41:29,636 - INFO - Processing frame /test_oturum/frame_000340.jpg with translation /test_oturum/frame_000340.jpg
2024-09-05 11:41:29,636 - INFO - Image frame_000340.jpg already exists. Skipping...
2024-09-05 11:41:29,636 - INFO - Processing frame /test_oturum/frame_000344.jpg with translation /test_oturum/frame_000344.jpg
2024-09-05 11:41:29,636 - INFO - Image frame_000344.jpg already exists. Skipping...
2024-09-05 11:41:29,636 - INFO - Processing frame /test_oturum/frame_000348.jpg with translation /test_oturum/frame_000348.jpg
2024-09-05 11:41:29,636 - INFO - Image frame_000348.jpg already exists. Skipping...
2024-09-05 11:41:29,636 - INFO - Processing frame /test_oturum/frame_000352.jpg with translation /test_oturum/frame_000352.jpg
2024-09-05 11:41:29,637 - INFO - Image frame_000352.jpg already exists. Skipping...
2024-09-05 11:41:29,637 - INFO - Processing frame /test_oturum/frame_000356.jpg with translation /test_oturum/frame_000356.jpg
2024-09-05 11:41:29,637 - INFO - Image frame_000356.jpg already exists. Skipping...
2024-09-05 11:41:29,637 - INFO - Processing frame /test_oturum/frame_000360.jpg with translation /test_oturum/frame_000360.jpg
2024-09-05 11:41:29,637 - INFO - Image frame_000360.jpg already exists. Skipping...
2024-09-05 11:41:29,637 - INFO - Processing frame /test_oturum/frame_000364.jpg with translation /test_oturum/frame_000364.jpg
2024-09-05 11:41:29,637 - INFO - Image frame_000364.jpg already exists. Skipping...
2024-09-05 11:41:29,637 - INFO - Processing frame /test_oturum/frame_000368.jpg with translation /test_oturum/frame_000368.jpg
2024-09-05 11:41:29,637 - INFO - Image frame_000368.jpg already exists. Skipping...
2024-09-05 11:41:29,637 - INFO - Processing frame /test_oturum/frame_000372.jpg with translation /test_oturum/frame_000372.jpg
2024-09-05 11:41:29,637 - INFO - Image frame_000372.jpg already exists. Skipping...
2024-09-05 11:41:29,637 - INFO - Processing frame /test_oturum/frame_000376.jpg with translation /test_oturum/frame_000376.jpg
2024-09-05 11:41:29,637 - INFO - Image frame_000376.jpg already exists. Skipping...
2024-09-05 11:41:29,637 - INFO - Processing frame /test_oturum/frame_000380.jpg with translation /test_oturum/frame_000380.jpg
2024-09-05 11:41:29,637 - INFO - Image frame_000380.jpg already exists. Skipping...
2024-09-05 11:41:29,637 - INFO - Processing frame /test_oturum/frame_000384.jpg with translation /test_oturum/frame_000384.jpg
2024-09-05 11:41:29,637 - INFO - Image frame_000384.jpg already exists. Skipping...
2024-09-05 11:41:29,637 - INFO - Processing frame /test_oturum/frame_000388.jpg with translation /test_oturum/frame_000388.jpg
2024-09-05 11:41:29,637 - INFO - Image frame_000388.jpg already exists. Skipping...
2024-09-05 11:41:29,637 - INFO - Processing frame /test_oturum/frame_000392.jpg with translation /test_oturum/frame_000392.jpg
2024-09-05 11:41:29,637 - INFO - Image frame_000392.jpg already exists. Skipping...
2024-09-05 11:41:29,637 - INFO - Processing frame /test_oturum/frame_000396.jpg with translation /test_oturum/frame_000396.jpg
2024-09-05 11:41:29,637 - INFO - Image frame_000396.jpg already exists. Skipping...
2024-09-05 11:41:29,637 - INFO - Processing frame /test_oturum/frame_000400.jpg with translation /test_oturum/frame_000400.jpg
2024-09-05 11:41:29,637 - INFO - Image frame_000400.jpg already exists. Skipping...
2024-09-05 11:41:29,637 - INFO - Processing frame /test_oturum/frame_000404.jpg with translation /test_oturum/frame_000404.jpg
2024-09-05 11:41:29,637 - INFO - Image frame_000404.jpg already exists. Skipping...
2024-09-05 11:41:29,637 - INFO - Processing frame /test_oturum/frame_000408.jpg with translation /test_oturum/frame_000408.jpg
2024-09-05 11:41:29,637 - INFO - Image frame_000408.jpg already exists. Skipping...
2024-09-05 11:41:29,638 - INFO - Processing frame /test_oturum/frame_000412.jpg with translation /test_oturum/frame_000412.jpg
2024-09-05 11:41:29,638 - INFO - Image frame_000412.jpg already exists. Skipping...
2024-09-05 11:41:29,638 - INFO - Processing frame /test_oturum/frame_000416.jpg with translation /test_oturum/frame_000416.jpg
2024-09-05 11:41:29,638 - INFO - Image frame_000416.jpg already exists. Skipping...
2024-09-05 11:41:29,638 - INFO - Processing frame /test_oturum/frame_000420.jpg with translation /test_oturum/frame_000420.jpg
2024-09-05 11:41:29,638 - INFO - Image frame_000420.jpg already exists. Skipping...
2024-09-05 11:41:29,638 - INFO - Processing frame /test_oturum/frame_000424.jpg with translation /test_oturum/frame_000424.jpg
2024-09-05 11:41:29,638 - INFO - Image frame_000424.jpg already exists. Skipping...
2024-09-05 11:41:29,638 - INFO - Processing frame /test_oturum/frame_000428.jpg with translation /test_oturum/frame_000428.jpg
2024-09-05 11:41:29,638 - INFO - Image frame_000428.jpg already exists. Skipping...
2024-09-05 11:41:29,638 - INFO - Processing frame /test_oturum/frame_000432.jpg with translation /test_oturum/frame_000432.jpg
2024-09-05 11:41:29,638 - INFO - Image frame_000432.jpg already exists. Skipping...
2024-09-05 11:41:29,638 - INFO - Processing frame /test_oturum/frame_000436.jpg with translation /test_oturum/frame_000436.jpg
2024-09-05 11:41:29,638 - INFO - Image frame_000436.jpg already exists. Skipping...
2024-09-05 11:41:29,638 - INFO - Processing frame /test_oturum/frame_000440.jpg with translation /test_oturum/frame_000440.jpg
2024-09-05 11:41:29,638 - INFO - Image frame_000440.jpg already exists. Skipping...
2024-09-05 11:41:29,638 - INFO - Processing frame /test_oturum/frame_000444.jpg with translation /test_oturum/frame_000444.jpg
2024-09-05 11:41:29,638 - INFO - Image frame_000444.jpg already exists. Skipping...
2024-09-05 11:41:29,638 - INFO - Processing frame /test_oturum/frame_000448.jpg with translation /test_oturum/frame_000448.jpg
2024-09-05 11:41:29,638 - INFO - Image frame_000448.jpg already exists. Skipping...
2024-09-05 11:41:29,638 - INFO - Processing frame /test_oturum/frame_000452.jpg with translation /test_oturum/frame_000452.jpg
2024-09-05 11:41:29,638 - INFO - Image frame_000452.jpg already exists. Skipping...
2024-09-05 11:41:29,638 - INFO - Processing frame /test_oturum/frame_000456.jpg with translation /test_oturum/frame_000456.jpg
2024-09-05 11:41:29,638 - INFO - Image frame_000456.jpg already exists. Skipping...
2024-09-05 11:41:29,638 - INFO - Processing frame /test_oturum/frame_000460.jpg with translation /test_oturum/frame_000460.jpg
2024-09-05 11:41:29,638 - INFO - Image frame_000460.jpg already exists. Skipping...
2024-09-05 11:41:29,638 - INFO - Processing frame /test_oturum/frame_000464.jpg with translation /test_oturum/frame_000464.jpg
2024-09-05 11:41:29,638 - INFO - Image frame_000464.jpg already exists. Skipping...
2024-09-05 11:41:29,638 - INFO - Processing frame /test_oturum/frame_000468.jpg with translation /test_oturum/frame_000468.jpg
2024-09-05 11:41:29,638 - INFO - Image frame_000468.jpg already exists. Skipping...
2024-09-05 11:41:29,638 - INFO - Processing frame /test_oturum/frame_000472.jpg with translation /test_oturum/frame_000472.jpg
2024-09-05 11:41:29,639 - INFO - Image frame_000472.jpg already exists. Skipping...
2024-09-05 11:41:29,639 - INFO - Processing frame /test_oturum/frame_000476.jpg with translation /test_oturum/frame_000476.jpg
2024-09-05 11:41:29,639 - INFO - Image frame_000476.jpg already exists. Skipping...
2024-09-05 11:41:29,639 - INFO - Processing frame /test_oturum/frame_000480.jpg with translation /test_oturum/frame_000480.jpg
2024-09-05 11:41:29,639 - INFO - Image frame_000480.jpg already exists. Skipping...
2024-09-05 11:41:29,639 - INFO - Processing frame /test_oturum/frame_000484.jpg with translation /test_oturum/frame_000484.jpg
2024-09-05 11:41:29,639 - INFO - Image frame_000484.jpg already exists. Skipping...
2024-09-05 11:41:29,639 - INFO - Processing frame /test_oturum/frame_000488.jpg with translation /test_oturum/frame_000488.jpg
2024-09-05 11:41:29,639 - INFO - Image frame_000488.jpg already exists. Skipping...
2024-09-05 11:41:29,639 - INFO - Processing frame /test_oturum/frame_000492.jpg with translation /test_oturum/frame_000492.jpg
2024-09-05 11:41:29,639 - INFO - Image frame_000492.jpg already exists. Skipping...
2024-09-05 11:41:29,639 - INFO - Processing frame /test_oturum/frame_000496.jpg with translation /test_oturum/frame_000496.jpg
2024-09-05 11:41:29,639 - INFO - Image frame_000496.jpg already exists. Skipping...
2024-09-05 11:41:29,639 - INFO - Processing frame /test_oturum/frame_000500.jpg with translation /test_oturum/frame_000500.jpg
2024-09-05 11:41:29,639 - INFO - Image frame_000500.jpg already exists. Skipping...
2024-09-05 11:41:29,639 - INFO - Processing frame /test_oturum/frame_000504.jpg with translation /test_oturum/frame_000504.jpg
2024-09-05 11:41:29,639 - INFO - Image frame_000504.jpg already exists. Skipping...
2024-09-05 11:41:29,639 - INFO - Processing frame /test_oturum/frame_000508.jpg with translation /test_oturum/frame_000508.jpg
2024-09-05 11:41:29,639 - INFO - Image frame_000508.jpg already exists. Skipping...
2024-09-05 11:41:29,639 - INFO - Processing frame /test_oturum/frame_000512.jpg with translation /test_oturum/frame_000512.jpg
2024-09-05 11:41:29,639 - INFO - Image frame_000512.jpg already exists. Skipping...
2024-09-05 11:41:29,639 - INFO - Processing frame /test_oturum/frame_000516.jpg with translation /test_oturum/frame_000516.jpg
2024-09-05 11:41:29,639 - INFO - Image frame_000516.jpg already exists. Skipping...
2024-09-05 11:41:29,639 - INFO - Processing frame /test_oturum/frame_000520.jpg with translation /test_oturum/frame_000520.jpg
2024-09-05 11:41:29,639 - INFO - Image frame_000520.jpg already exists. Skipping...
2024-09-05 11:41:29,639 - INFO - Processing frame /test_oturum/frame_000524.jpg with translation /test_oturum/frame_000524.jpg
2024-09-05 11:41:29,639 - INFO - Image frame_000524.jpg already exists. Skipping...
2024-09-05 11:41:29,639 - INFO - Processing frame /test_oturum/frame_000528.jpg with translation /test_oturum/frame_000528.jpg
2024-09-05 11:41:29,639 - INFO - Image frame_000528.jpg already exists. Skipping...
2024-09-05 11:41:29,639 - INFO - Processing frame /test_oturum/frame_000532.jpg with translation /test_oturum/frame_000532.jpg
2024-09-05 11:41:29,639 - INFO - Image frame_000532.jpg already exists. Skipping...
2024-09-05 11:41:29,639 - INFO - Processing frame /test_oturum/frame_000536.jpg with translation /test_oturum/frame_000536.jpg
2024-09-05 11:41:29,640 - INFO - Image frame_000536.jpg already exists. Skipping...
2024-09-05 11:41:29,640 - INFO - Processing frame /test_oturum/frame_000540.jpg with translation /test_oturum/frame_000540.jpg
2024-09-05 11:41:29,640 - INFO - Image frame_000540.jpg already exists. Skipping...
2024-09-05 11:41:29,640 - INFO - Processing frame /test_oturum/frame_000544.jpg with translation /test_oturum/frame_000544.jpg
2024-09-05 11:41:29,640 - INFO - Image frame_000544.jpg already exists. Skipping...
2024-09-05 11:41:29,640 - INFO - Processing frame /test_oturum/frame_000548.jpg with translation /test_oturum/frame_000548.jpg
2024-09-05 11:41:29,640 - INFO - Image frame_000548.jpg already exists. Skipping...
2024-09-05 11:41:29,640 - INFO - Processing frame /test_oturum/frame_000552.jpg with translation /test_oturum/frame_000552.jpg
2024-09-05 11:41:29,640 - INFO - Image frame_000552.jpg already exists. Skipping...
2024-09-05 11:41:29,640 - INFO - Processing frame /test_oturum/frame_000556.jpg with translation /test_oturum/frame_000556.jpg
2024-09-05 11:41:29,640 - INFO - Image frame_000556.jpg already exists. Skipping...
2024-09-05 11:41:29,640 - INFO - Processing frame /test_oturum/frame_000560.jpg with translation /test_oturum/frame_000560.jpg
2024-09-05 11:41:29,640 - INFO - Image frame_000560.jpg already exists. Skipping...
2024-09-05 11:41:29,640 - INFO - Processing frame /test_oturum/frame_000564.jpg with translation /test_oturum/frame_000564.jpg
2024-09-05 11:41:29,640 - INFO - Image frame_000564.jpg already exists. Skipping...
2024-09-05 11:41:29,640 - INFO - Processing frame /test_oturum/frame_000568.jpg with translation /test_oturum/frame_000568.jpg
2024-09-05 11:41:29,640 - INFO - Image frame_000568.jpg already exists. Skipping...
2024-09-05 11:41:29,640 - INFO - Processing frame /test_oturum/frame_000572.jpg with translation /test_oturum/frame_000572.jpg
2024-09-05 11:41:29,640 - INFO - Image frame_000572.jpg already exists. Skipping...
2024-09-05 11:41:29,640 - INFO - Processing frame /test_oturum/frame_000576.jpg with translation /test_oturum/frame_000576.jpg
2024-09-05 11:41:29,640 - INFO - Image frame_000576.jpg already exists. Skipping...
2024-09-05 11:41:29,640 - INFO - Processing frame /test_oturum/frame_000580.jpg with translation /test_oturum/frame_000580.jpg
2024-09-05 11:41:29,640 - INFO - Image frame_000580.jpg already exists. Skipping...
2024-09-05 11:41:29,640 - INFO - Processing frame /test_oturum/frame_000584.jpg with translation /test_oturum/frame_000584.jpg
2024-09-05 11:41:29,640 - INFO - Image frame_000584.jpg already exists. Skipping...
2024-09-05 11:41:29,640 - INFO - Processing frame /test_oturum/frame_000588.jpg with translation /test_oturum/frame_000588.jpg
2024-09-05 11:41:29,640 - INFO - Image frame_000588.jpg already exists. Skipping...
2024-09-05 11:41:29,640 - INFO - Processing frame /test_oturum/frame_000592.jpg with translation /test_oturum/frame_000592.jpg
2024-09-05 11:41:29,640 - INFO - Image frame_000592.jpg already exists. Skipping...
2024-09-05 11:41:29,640 - INFO - Processing frame /test_oturum/frame_000596.jpg with translation /test_oturum/frame_000596.jpg
2024-09-05 11:41:29,640 - INFO - Image frame_000596.jpg already exists. Skipping...
2024-09-05 11:41:29,641 - INFO - Processing frame /test_oturum/frame_000600.jpg with translation /test_oturum/frame_000600.jpg
2024-09-05 11:41:29,641 - INFO - Image frame_000600.jpg already exists. Skipping...
2024-09-05 11:41:29,641 - INFO - Processing frame /test_oturum/frame_000604.jpg with translation /test_oturum/frame_000604.jpg
2024-09-05 11:41:29,641 - INFO - Image frame_000604.jpg already exists. Skipping...
2024-09-05 11:41:29,641 - INFO - Processing frame /test_oturum/frame_000608.jpg with translation /test_oturum/frame_000608.jpg
2024-09-05 11:41:29,641 - INFO - Image frame_000608.jpg already exists. Skipping...
2024-09-05 11:41:29,641 - INFO - Processing frame /test_oturum/frame_000612.jpg with translation /test_oturum/frame_000612.jpg
2024-09-05 11:41:29,641 - INFO - Image frame_000612.jpg already exists. Skipping...
2024-09-05 11:41:29,641 - INFO - Processing frame /test_oturum/frame_000616.jpg with translation /test_oturum/frame_000616.jpg
2024-09-05 11:41:29,641 - INFO - Image frame_000616.jpg already exists. Skipping...
2024-09-05 11:41:29,641 - INFO - Processing frame /test_oturum/frame_000620.jpg with translation /test_oturum/frame_000620.jpg
2024-09-05 11:41:29,641 - INFO - Image frame_000620.jpg already exists. Skipping...
2024-09-05 11:41:29,641 - INFO - Processing frame /test_oturum/frame_000624.jpg with translation /test_oturum/frame_000624.jpg
2024-09-05 11:41:29,641 - INFO - Image frame_000624.jpg already exists. Skipping...
2024-09-05 11:41:29,641 - INFO - Processing frame /test_oturum/frame_000628.jpg with translation /test_oturum/frame_000628.jpg
2024-09-05 11:41:29,641 - INFO - Image frame_000628.jpg already exists. Skipping...
2024-09-05 11:41:29,641 - INFO - Processing frame /test_oturum/frame_000632.jpg with translation /test_oturum/frame_000632.jpg
2024-09-05 11:41:29,641 - INFO - Image frame_000632.jpg already exists. Skipping...
2024-09-05 11:41:29,641 - INFO - Processing frame /test_oturum/frame_000636.jpg with translation /test_oturum/frame_000636.jpg
2024-09-05 11:41:29,641 - INFO - Image frame_000636.jpg already exists. Skipping...
2024-09-05 11:41:29,641 - INFO - Processing frame /test_oturum/frame_000640.jpg with translation /test_oturum/frame_000640.jpg
2024-09-05 11:41:29,641 - INFO - Image frame_000640.jpg already exists. Skipping...
2024-09-05 11:41:29,641 - INFO - Processing frame /test_oturum/frame_000644.jpg with translation /test_oturum/frame_000644.jpg
2024-09-05 11:41:29,641 - INFO - Image frame_000644.jpg already exists. Skipping...
2024-09-05 11:41:29,641 - INFO - Processing frame /test_oturum/frame_000648.jpg with translation /test_oturum/frame_000648.jpg
2024-09-05 11:41:29,641 - INFO - Image frame_000648.jpg already exists. Skipping...
2024-09-05 11:41:29,641 - INFO - Processing frame /test_oturum/frame_000652.jpg with translation /test_oturum/frame_000652.jpg
2024-09-05 11:41:29,641 - INFO - Image frame_000652.jpg already exists. Skipping...
2024-09-05 11:41:29,641 - INFO - Processing frame /test_oturum/frame_000656.jpg with translation /test_oturum/frame_000656.jpg
2024-09-05 11:41:29,641 - INFO - Image frame_000656.jpg already exists. Skipping...
2024-09-05 11:41:29,642 - INFO - Processing frame /test_oturum/frame_000660.jpg with translation /test_oturum/frame_000660.jpg
2024-09-05 11:41:29,642 - INFO - Image frame_000660.jpg already exists. Skipping...
2024-09-05 11:41:29,642 - INFO - Processing frame /test_oturum/frame_000664.jpg with translation /test_oturum/frame_000664.jpg
2024-09-05 11:41:29,642 - INFO - Image frame_000664.jpg already exists. Skipping...
2024-09-05 11:41:29,642 - INFO - Processing frame /test_oturum/frame_000668.jpg with translation /test_oturum/frame_000668.jpg
2024-09-05 11:41:29,642 - INFO - Image frame_000668.jpg already exists. Skipping...
2024-09-05 11:41:29,642 - INFO - Processing frame /test_oturum/frame_000672.jpg with translation /test_oturum/frame_000672.jpg
2024-09-05 11:41:29,642 - INFO - Image frame_000672.jpg already exists. Skipping...
2024-09-05 11:41:29,642 - INFO - Processing frame /test_oturum/frame_000676.jpg with translation /test_oturum/frame_000676.jpg
2024-09-05 11:41:29,642 - INFO - Image frame_000676.jpg already exists. Skipping...
2024-09-05 11:41:29,642 - INFO - Processing frame /test_oturum/frame_000680.jpg with translation /test_oturum/frame_000680.jpg
2024-09-05 11:41:29,642 - INFO - Image frame_000680.jpg already exists. Skipping...
2024-09-05 11:41:29,642 - INFO - Processing frame /test_oturum/frame_000684.jpg with translation /test_oturum/frame_000684.jpg
2024-09-05 11:41:29,642 - INFO - Image frame_000684.jpg already exists. Skipping...
2024-09-05 11:41:29,642 - INFO - Processing frame /test_oturum/frame_000688.jpg with translation /test_oturum/frame_000688.jpg
2024-09-05 11:41:29,642 - INFO - Image frame_000688.jpg already exists. Skipping...
2024-09-05 11:41:29,642 - INFO - Processing frame /test_oturum/frame_000692.jpg with translation /test_oturum/frame_000692.jpg
2024-09-05 11:41:29,642 - INFO - Image frame_000692.jpg already exists. Skipping...
2024-09-05 11:41:29,642 - INFO - Processing frame /test_oturum/frame_000696.jpg with translation /test_oturum/frame_000696.jpg
2024-09-05 11:41:29,642 - INFO - Image frame_000696.jpg already exists. Skipping...
2024-09-05 11:41:29,642 - INFO - Processing frame /test_oturum/frame_000700.jpg with translation /test_oturum/frame_000700.jpg
2024-09-05 11:41:29,642 - INFO - Image frame_000700.jpg already exists. Skipping...
2024-09-05 11:41:29,642 - INFO - Processing frame /test_oturum/frame_000704.jpg with translation /test_oturum/frame_000704.jpg
2024-09-05 11:41:29,642 - INFO - Image frame_000704.jpg already exists. Skipping...
2024-09-05 11:41:29,642 - INFO - Processing frame /test_oturum/frame_000708.jpg with translation /test_oturum/frame_000708.jpg
2024-09-05 11:41:29,642 - INFO - Image frame_000708.jpg already exists. Skipping...
2024-09-05 11:41:29,642 - INFO - Processing frame /test_oturum/frame_000712.jpg with translation /test_oturum/frame_000712.jpg
2024-09-05 11:41:29,642 - INFO - Image frame_000712.jpg already exists. Skipping...
2024-09-05 11:41:29,642 - INFO - Processing frame /test_oturum/frame_000716.jpg with translation /test_oturum/frame_000716.jpg
2024-09-05 11:41:29,642 - INFO - Image frame_000716.jpg already exists. Skipping...
2024-09-05 11:41:29,642 - INFO - Processing frame /test_oturum/frame_000720.jpg with translation /test_oturum/frame_000720.jpg
2024-09-05 11:41:29,643 - INFO - Image frame_000720.jpg already exists. Skipping...
2024-09-05 11:41:29,643 - INFO - Processing frame /test_oturum/frame_000724.jpg with translation /test_oturum/frame_000724.jpg
2024-09-05 11:41:29,643 - INFO - Image frame_000724.jpg already exists. Skipping...
2024-09-05 11:41:29,643 - INFO - Processing frame /test_oturum/frame_000728.jpg with translation /test_oturum/frame_000728.jpg
2024-09-05 11:41:29,643 - INFO - Image frame_000728.jpg already exists. Skipping...
2024-09-05 11:41:29,643 - INFO - Processing frame /test_oturum/frame_000732.jpg with translation /test_oturum/frame_000732.jpg
2024-09-05 11:41:29,643 - INFO - Image frame_000732.jpg already exists. Skipping...
2024-09-05 11:41:29,643 - INFO - Processing frame /test_oturum/frame_000736.jpg with translation /test_oturum/frame_000736.jpg
2024-09-05 11:41:29,643 - INFO - Image frame_000736.jpg already exists. Skipping...
2024-09-05 11:41:29,643 - INFO - Processing frame /test_oturum/frame_000740.jpg with translation /test_oturum/frame_000740.jpg
2024-09-05 11:41:29,643 - INFO - Image frame_000740.jpg already exists. Skipping...
2024-09-05 11:41:29,643 - INFO - Processing frame /test_oturum/frame_000744.jpg with translation /test_oturum/frame_000744.jpg
2024-09-05 11:41:29,643 - INFO - Image frame_000744.jpg already exists. Skipping...
2024-09-05 11:41:29,643 - INFO - Processing frame /test_oturum/frame_000748.jpg with translation /test_oturum/frame_000748.jpg
2024-09-05 11:41:29,643 - INFO - Image frame_000748.jpg already exists. Skipping...
2024-09-05 11:41:29,643 - INFO - Processing frame /test_oturum/frame_000752.jpg with translation /test_oturum/frame_000752.jpg
2024-09-05 11:41:29,643 - INFO - Image frame_000752.jpg already exists. Skipping...
2024-09-05 11:41:29,643 - INFO - Processing frame /test_oturum/frame_000756.jpg with translation /test_oturum/frame_000756.jpg
2024-09-05 11:41:29,643 - INFO - Image frame_000756.jpg already exists. Skipping...
2024-09-05 11:41:29,643 - INFO - Processing frame /test_oturum/frame_000760.jpg with translation /test_oturum/frame_000760.jpg
2024-09-05 11:41:29,643 - INFO - Image frame_000760.jpg already exists. Skipping...
2024-09-05 11:41:29,643 - INFO - Processing frame /test_oturum/frame_000764.jpg with translation /test_oturum/frame_000764.jpg
2024-09-05 11:41:29,643 - INFO - Image frame_000764.jpg already exists. Skipping...
2024-09-05 11:41:29,643 - INFO - Processing frame /test_oturum/frame_000768.jpg with translation /test_oturum/frame_000768.jpg
2024-09-05 11:41:29,643 - INFO - Image frame_000768.jpg already exists. Skipping...
2024-09-05 11:41:29,643 - INFO - Processing frame /test_oturum/frame_000772.jpg with translation /test_oturum/frame_000772.jpg
2024-09-05 11:41:29,643 - INFO - Image frame_000772.jpg already exists. Skipping...
2024-09-05 11:41:29,643 - INFO - Processing frame /test_oturum/frame_000776.jpg with translation /test_oturum/frame_000776.jpg
2024-09-05 11:41:29,643 - INFO - Image frame_000776.jpg already exists. Skipping...
2024-09-05 11:41:29,643 - INFO - Processing frame /test_oturum/frame_000780.jpg with translation /test_oturum/frame_000780.jpg
2024-09-05 11:41:29,644 - INFO - Image frame_000780.jpg already exists. Skipping...
2024-09-05 11:41:29,644 - INFO - Processing frame /test_oturum/frame_000784.jpg with translation /test_oturum/frame_000784.jpg
2024-09-05 11:41:29,644 - INFO - Image frame_000784.jpg already exists. Skipping...
2024-09-05 11:41:29,644 - INFO - Processing frame /test_oturum/frame_000788.jpg with translation /test_oturum/frame_000788.jpg
2024-09-05 11:41:29,644 - INFO - Image frame_000788.jpg already exists. Skipping...
2024-09-05 11:41:29,644 - INFO - Processing frame /test_oturum/frame_000792.jpg with translation /test_oturum/frame_000792.jpg
2024-09-05 11:41:29,644 - INFO - Image frame_000792.jpg already exists. Skipping...
2024-09-05 11:41:29,644 - INFO - Processing frame /test_oturum/frame_000796.jpg with translation /test_oturum/frame_000796.jpg
2024-09-05 11:41:29,644 - INFO - Image frame_000796.jpg already exists. Skipping...
2024-09-05 11:41:29,644 - INFO - Processing frame /test_oturum/frame_000800.jpg with translation /test_oturum/frame_000800.jpg
2024-09-05 11:41:29,644 - INFO - Image frame_000800.jpg already exists. Skipping...
2024-09-05 11:41:29,644 - INFO - Processing frame /test_oturum/frame_000804.jpg with translation /test_oturum/frame_000804.jpg
2024-09-05 11:41:29,644 - INFO - Image frame_000804.jpg already exists. Skipping...
2024-09-05 11:41:29,644 - INFO - Processing frame /test_oturum/frame_000808.jpg with translation /test_oturum/frame_000808.jpg
2024-09-05 11:41:29,644 - INFO - Image frame_000808.jpg already exists. Skipping...
2024-09-05 11:41:29,644 - INFO - Processing frame /test_oturum/frame_000812.jpg with translation /test_oturum/frame_000812.jpg
2024-09-05 11:41:29,644 - INFO - Image frame_000812.jpg already exists. Skipping...
2024-09-05 11:41:29,644 - INFO - Processing frame /test_oturum/frame_000816.jpg with translation /test_oturum/frame_000816.jpg
2024-09-05 11:41:29,644 - INFO - Image frame_000816.jpg already exists. Skipping...
2024-09-05 11:41:29,644 - INFO - Processing frame /test_oturum/frame_000820.jpg with translation /test_oturum/frame_000820.jpg
2024-09-05 11:41:29,644 - INFO - Image frame_000820.jpg already exists. Skipping...
2024-09-05 11:41:29,644 - INFO - Processing frame /test_oturum/frame_000824.jpg with translation /test_oturum/frame_000824.jpg
2024-09-05 11:41:29,644 - INFO - Image frame_000824.jpg already exists. Skipping...
2024-09-05 11:41:29,644 - INFO - Processing frame /test_oturum/frame_000828.jpg with translation /test_oturum/frame_000828.jpg
2024-09-05 11:41:29,644 - INFO - Image frame_000828.jpg already exists. Skipping...
2024-09-05 11:41:29,644 - INFO - Processing frame /test_oturum/frame_000832.jpg with translation /test_oturum/frame_000832.jpg
2024-09-05 11:41:29,644 - INFO - Image frame_000832.jpg already exists. Skipping...
2024-09-05 11:41:29,644 - INFO - Processing frame /test_oturum/frame_000836.jpg with translation /test_oturum/frame_000836.jpg
2024-09-05 11:41:29,644 - INFO - Image frame_000836.jpg already exists. Skipping...
2024-09-05 11:41:29,644 - INFO - Processing frame /test_oturum/frame_000840.jpg with translation /test_oturum/frame_000840.jpg
2024-09-05 11:41:29,644 - INFO - Image frame_000840.jpg already exists. Skipping...
2024-09-05 11:41:29,645 - INFO - Processing frame /test_oturum/frame_000844.jpg with translation /test_oturum/frame_000844.jpg
2024-09-05 11:41:29,645 - INFO - Image frame_000844.jpg already exists. Skipping...
2024-09-05 11:41:29,645 - INFO - Processing frame /test_oturum/frame_000848.jpg with translation /test_oturum/frame_000848.jpg
2024-09-05 11:41:29,645 - INFO - Image frame_000848.jpg already exists. Skipping...
2024-09-05 11:41:29,645 - INFO - Processing frame /test_oturum/frame_000852.jpg with translation /test_oturum/frame_000852.jpg
2024-09-05 11:41:29,645 - INFO - Image frame_000852.jpg already exists. Skipping...
2024-09-05 11:41:29,645 - INFO - Processing frame /test_oturum/frame_000856.jpg with translation /test_oturum/frame_000856.jpg
2024-09-05 11:41:29,645 - INFO - Image frame_000856.jpg already exists. Skipping...
2024-09-05 11:41:29,645 - INFO - Processing frame /test_oturum/frame_000860.jpg with translation /test_oturum/frame_000860.jpg
2024-09-05 11:41:29,645 - INFO - Image frame_000860.jpg already exists. Skipping...
2024-09-05 11:41:29,645 - INFO - Processing frame /test_oturum/frame_000864.jpg with translation /test_oturum/frame_000864.jpg
2024-09-05 11:41:29,645 - INFO - Downloading image from http://10.10.10.98:1025/media/test_oturum/frame_000864.jpg...
2024-09-05 11:41:29,691 - INFO - Image saved to ./downloaded_frames/frames/test_oturum/frame_000864.jpg
