2024-07-23 10:47:11,237 - INFO - Authentication successful
2024-07-23 10:47:11,238 - INFO - Loading existing data...
2024-07-23 10:47:11,259 - INFO - SUNUCUYLA ÝLETÝÞÝM SÜRESÝ 0.51 saniye
2024-07-23 10:47:11,259 - INFO - Processing frame /2024_TUYZ_Online_Yarisma_Ana_Oturum_Test_omzseiku_Video/frame_000000.jpg with translation /2024_TUYZ_Online_Yarisma_Ana_Oturum_Test_omzseiku_Video/frame_000000.jpg
2024-07-23 10:47:11,260 - INFO - Image frame_000000.jpg already exists. Skipping...
2024-07-23 10:47:11,260 - INFO - Processing frame /2024_TUYZ_Online_Yarisma_Ana_Oturum_Test_omzseiku_Video/frame_000004.jpg with translation /2024_TUYZ_Online_Yarisma_Ana_Oturum_Test_omzseiku_Video/frame_000004.jpg
2024-07-23 10:47:11,261 - INFO - Image frame_000004.jpg already exists. Skipping...
2024-07-23 10:47:11,261 - INFO - Processing frame /2024_TUYZ_Online_Yarisma_Ana_Oturum_Test_omzseiku_Video/frame_000008.jpg with translation /2024_TUYZ_Online_Yarisma_Ana_Oturum_Test_omzseiku_Video/frame_000008.jpg
2024-07-23 10:47:11,261 - INFO - Image frame_000008.jpg already exists. Skipping...
2024-07-23 10:47:11,261 - INFO - Processing frame /2024_TUYZ_Online_Yarisma_Ana_Oturum_Test_omzseiku_Video/frame_000012.jpg with translation /2024_TUYZ_Online_Yarisma_Ana_Oturum_Test_omzseiku_Video/frame_000012.jpg
2024-07-23 10:47:11,261 - INFO - Image frame_000012.jpg already exists. Skipping...
2024-07-23 10:47:11,261 - INFO - Processing frame /2024_TUYZ_Online_Yarisma_Ana_Oturum_Test_omzseiku_Video/frame_000016.jpg with translation /2024_TUYZ_Online_Yarisma_Ana_Oturum_Test_omzseiku_Video/frame_000016.jpg
2024-07-23 10:47:11,261 - INFO - Image frame_000016.jpg already exists. Skipping...
2024-07-23 10:47:11,262 - INFO - Processing frame /2024_TUYZ_Online_Yarisma_Ana_Oturum_Test_omzseiku_Video/frame_000020.jpg with translation /2024_TUYZ_Online_Yarisma_Ana_Oturum_Test_omzseiku_Video/frame_000020.jpg
2024-07-23 10:47:11,262 - INFO - Image frame_000020.jpg already exists. Skipping...
2024-07-23 10:47:11,262 - INFO - Processing frame /2024_TUYZ_Online_Yarisma_Ana_Oturum_Test_omzseiku_Video/frame_000024.jpg with translation /2024_TUYZ_Online_Yarisma_Ana_Oturum_Test_omzseiku_Video/frame_000024.jpg
2024-07-23 10:47:11,263 - INFO - Image frame_000024.jpg already exists. Skipping...
2024-07-23 10:47:11,263 - INFO - Processing frame /2024_TUYZ_Online_Yarisma_Ana_Oturum_Test_omzseiku_Video/frame_000028.jpg with translation /2024_TUYZ_Online_Yarisma_Ana_Oturum_Test_omzseiku_Video/frame_000028.jpg
2024-07-23 10:47:11,263 - INFO - Image frame_000028.jpg already exists. Skipping...
2024-07-23 10:47:11,263 - INFO - Processing frame /2024_TUYZ_Online_Yarisma_Ana_Oturum_Test_omzseiku_Video/frame_000032.jpg with translation /2024_TUYZ_Online_Yarisma_Ana_Oturum_Test_omzseiku_Video/frame_000032.jpg
2024-07-23 10:47:11,263 - INFO - Image frame_000032.jpg already exists. Skipping...
2024-07-23 10:47:11,263 - INFO - Processing frame /2024_TUYZ_Online_Yarisma_Ana_Oturum_Test_omzseiku_Video/frame_000036.jpg with translation /2024_TUYZ_Online_Yarisma_Ana_Oturum_Test_omzseiku_Video/frame_000036.jpg
2024-07-23 10:47:11,264 - INFO - Image frame_000036.jpg already exists. Skipping...
2024-07-23 10:47:11,264 - INFO - Processing frame /2024_TUYZ_Online_Yarisma_Ana_Oturum_Test_omzseiku_Video/frame_000040.jpg with translation /2024_TUYZ_Online_Yarisma_Ana_Oturum_Test_omzseiku_Video/frame_000040.jpg
2024-07-23 10:47:11,264 - INFO - Image frame_000040.jpg already exists. Skipping...
2024-07-23 10:47:11,264 - INFO - Processing frame /2024_TUYZ_Online_Yarisma_Ana_Oturum_Test_omzseiku_Video/frame_000044.jpg with translation /2024_TUYZ_Online_Yarisma_Ana_Oturum_Test_omzseiku_Video/frame_000044.jpg
2024-07-23 10:47:11,265 - INFO - Image frame_000044.jpg already exists. Skipping...
2024-07-23 10:47:11,265 - INFO - Processing frame /2024_TUYZ_Online_Yarisma_Ana_Oturum_Test_omzseiku_Video/frame_000048.jpg with translation /2024_TUYZ_Online_Yarisma_Ana_Oturum_Test_omzseiku_Video/frame_000048.jpg
2024-07-23 10:47:11,265 - INFO - Image frame_000048.jpg already exists. Skipping...
2024-07-23 10:47:11,265 - INFO - Processing frame /2024_TUYZ_Online_Yarisma_Ana_Oturum_Test_omzseiku_Video/frame_000052.jpg with translation /2024_TUYZ_Online_Yarisma_Ana_Oturum_Test_omzseiku_Video/frame_000052.jpg
2024-07-23 10:47:11,266 - INFO - Image frame_000052.jpg already exists. Skipping...
2024-07-23 10:47:11,266 - INFO - Processing frame /2024_TUYZ_Online_Yarisma_Ana_Oturum_Test_omzseiku_Video/frame_000056.jpg with translation /2024_TUYZ_Online_Yarisma_Ana_Oturum_Test_omzseiku_Video/frame_000056.jpg
2024-07-23 10:47:11,266 - INFO - Image frame_000056.jpg already exists. Skipping...
2024-07-23 10:47:11,267 - INFO - Processing frame /2024_TUYZ_Online_Yarisma_Ana_Oturum_Test_omzseiku_Video/frame_000060.jpg with translation /2024_TUYZ_Online_Yarisma_Ana_Oturum_Test_omzseiku_Video/frame_000060.jpg
2024-07-23 10:47:11,267 - INFO - Image frame_000060.jpg already exists. Skipping...
2024-07-23 10:47:11,267 - INFO - Processing frame /2024_TUYZ_Online_Yarisma_Ana_Oturum_Test_omzseiku_Video/frame_000064.jpg with translation /2024_TUYZ_Online_Yarisma_Ana_Oturum_Test_omzseiku_Video/frame_000064.jpg
2024-07-23 10:47:11,267 - INFO - Image frame_000064.jpg already exists. Skipping...
2024-07-23 10:47:11,267 - INFO - Processing frame /2024_TUYZ_Online_Yarisma_Ana_Oturum_Test_omzseiku_Video/frame_000068.jpg with translation /2024_TUYZ_Online_Yarisma_Ana_Oturum_Test_omzseiku_Video/frame_000068.jpg
2024-07-23 10:47:11,268 - INFO - Image frame_000068.jpg already exists. Skipping...
2024-07-23 10:47:11,268 - INFO - Processing frame /2024_TUYZ_Online_Yarisma_Ana_Oturum_Test_omzseiku_Video/frame_000072.jpg with translation /2024_TUYZ_Online_Yarisma_Ana_Oturum_Test_omzseiku_Video/frame_000072.jpg
2024-07-23 10:47:11,269 - INFO - Image frame_000072.jpg already exists. Skipping...
2024-07-23 10:47:11,269 - INFO - Processing frame /2024_TUYZ_Online_Yarisma_Ana_Oturum_Test_omzseiku_Video/frame_000076.jpg with translation /2024_TUYZ_Online_Yarisma_Ana_Oturum_Test_omzseiku_Video/frame_000076.jpg
2024-07-23 10:47:11,269 - INFO - Image frame_000076.jpg already exists. Skipping...
2024-07-23 10:47:11,269 - INFO - Processing frame /2024_TUYZ_Online_Yarisma_Ana_Oturum_Test_omzseiku_Video/frame_000080.jpg with translation /2024_TUYZ_Online_Yarisma_Ana_Oturum_Test_omzseiku_Video/frame_000080.jpg
2024-07-23 10:47:11,270 - INFO - Image frame_000080.jpg already exists. Skipping...
2024-07-23 10:47:11,270 - INFO - Processing frame /2024_TUYZ_Online_Yarisma_Ana_Oturum_Test_omzseiku_Video/frame_000084.jpg with translation /2024_TUYZ_Online_Yarisma_Ana_Oturum_Test_omzseiku_Video/frame_000084.jpg
2024-07-23 10:47:11,270 - INFO - Image frame_000084.jpg already exists. Skipping...
2024-07-23 10:47:11,270 - INFO - Processing frame /2024_TUYZ_Online_Yarisma_Ana_Oturum_Test_omzseiku_Video/frame_000088.jpg with translation /2024_TUYZ_Online_Yarisma_Ana_Oturum_Test_omzseiku_Video/frame_000088.jpg
2024-07-23 10:47:11,271 - INFO - Image frame_000088.jpg already exists. Skipping...
2024-07-23 10:47:11,271 - INFO - Processing frame /2024_TUYZ_Online_Yarisma_Ana_Oturum_Test_omzseiku_Video/frame_000092.jpg with translation /2024_TUYZ_Online_Yarisma_Ana_Oturum_Test_omzseiku_Video/frame_000092.jpg
2024-07-23 10:47:11,271 - INFO - Image frame_000092.jpg already exists. Skipping...
2024-07-23 10:47:11,271 - INFO - Processing frame /2024_TUYZ_Online_Yarisma_Ana_Oturum_Test_omzseiku_Video/frame_000096.jpg with translation /2024_TUYZ_Online_Yarisma_Ana_Oturum_Test_omzseiku_Video/frame_000096.jpg
2024-07-23 10:47:11,271 - INFO - Image frame_000096.jpg already exists. Skipping...
2024-07-23 10:47:11,272 - INFO - Processing frame /2024_TUYZ_Online_Yarisma_Ana_Oturum_Test_omzseiku_Video/frame_000100.jpg with translation /2024_TUYZ_Online_Yarisma_Ana_Oturum_Test_omzseiku_Video/frame_000100.jpg
2024-07-23 10:47:11,272 - INFO - Image frame_000100.jpg already exists. Skipping...
2024-07-23 10:47:11,272 - INFO - Processing frame /2024_TUYZ_Online_Yarisma_Ana_Oturum_Test_omzseiku_Video/frame_000104.jpg with translation /2024_TUYZ_Online_Yarisma_Ana_Oturum_Test_omzseiku_Video/frame_000104.jpg
2024-07-23 10:47:11,272 - INFO - Image frame_000104.jpg already exists. Skipping...
2024-07-23 10:47:11,273 - INFO - Processing frame /2024_TUYZ_Online_Yarisma_Ana_Oturum_Test_omzseiku_Video/frame_000108.jpg with translation /2024_TUYZ_Online_Yarisma_Ana_Oturum_Test_omzseiku_Video/frame_000108.jpg
2024-07-23 10:47:11,273 - INFO - Image frame_000108.jpg already exists. Skipping...
2024-07-23 10:47:11,273 - INFO - Processing frame /2024_TUYZ_Online_Yarisma_Ana_Oturum_Test_omzseiku_Video/frame_000112.jpg with translation /2024_TUYZ_Online_Yarisma_Ana_Oturum_Test_omzseiku_Video/frame_000112.jpg
2024-07-23 10:47:11,273 - INFO - Image frame_000112.jpg already exists. Skipping...
2024-07-23 10:47:11,273 - INFO - Processing frame /2024_TUYZ_Online_Yarisma_Ana_Oturum_Test_omzseiku_Video/frame_000116.jpg with translation /2024_TUYZ_Online_Yarisma_Ana_Oturum_Test_omzseiku_Video/frame_000116.jpg
2024-07-23 10:47:11,274 - INFO - Image frame_000116.jpg already exists. Skipping...
2024-07-23 10:47:11,274 - INFO - Processing frame /2024_TUYZ_Online_Yarisma_Ana_Oturum_Test_omzseiku_Video/frame_000120.jpg with translation /2024_TUYZ_Online_Yarisma_Ana_Oturum_Test_omzseiku_Video/frame_000120.jpg
2024-07-23 10:47:11,274 - INFO - Image frame_000120.jpg already exists. Skipping...
2024-07-23 10:47:11,274 - INFO - Processing frame /2024_TUYZ_Online_Yarisma_Ana_Oturum_Test_omzseiku_Video/frame_000124.jpg with translation /2024_TUYZ_Online_Yarisma_Ana_Oturum_Test_omzseiku_Video/frame_000124.jpg
2024-07-23 10:47:11,275 - INFO - Image frame_000124.jpg already exists. Skipping...
2024-07-23 10:47:11,275 - INFO - Processing frame /2024_TUYZ_Online_Yarisma_Ana_Oturum_Test_omzseiku_Video/frame_000128.jpg with translation /2024_TUYZ_Online_Yarisma_Ana_Oturum_Test_omzseiku_Video/frame_000128.jpg
2024-07-23 10:47:11,275 - INFO - Image frame_000128.jpg already exists. Skipping...
2024-07-23 10:47:11,275 - INFO - Processing frame /2024_TUYZ_Online_Yarisma_Ana_Oturum_Test_omzseiku_Video/frame_000132.jpg with translation /2024_TUYZ_Online_Yarisma_Ana_Oturum_Test_omzseiku_Video/frame_000132.jpg
2024-07-23 10:47:11,278 - INFO - Image frame_000132.jpg already exists. Skipping...
2024-07-23 10:47:11,278 - INFO - Processing frame /2024_TUYZ_Online_Yarisma_Ana_Oturum_Test_omzseiku_Video/frame_000136.jpg with translation /2024_TUYZ_Online_Yarisma_Ana_Oturum_Test_omzseiku_Video/frame_000136.jpg
2024-07-23 10:47:11,278 - INFO - Image frame_000136.jpg already exists. Skipping...
2024-07-23 10:47:11,278 - INFO - Processing frame /2024_TUYZ_Online_Yarisma_Ana_Oturum_Test_omzseiku_Video/frame_000140.jpg with translation /2024_TUYZ_Online_Yarisma_Ana_Oturum_Test_omzseiku_Video/frame_000140.jpg
2024-07-23 10:47:11,278 - INFO - Image frame_000140.jpg already exists. Skipping...
2024-07-23 10:47:11,278 - INFO - Processing frame /2024_TUYZ_Online_Yarisma_Ana_Oturum_Test_omzseiku_Video/frame_000144.jpg with translation /2024_TUYZ_Online_Yarisma_Ana_Oturum_Test_omzseiku_Video/frame_000144.jpg
2024-07-23 10:47:11,280 - INFO - Image frame_000144.jpg already exists. Skipping...
2024-07-23 10:47:11,280 - INFO - Processing frame /2024_TUYZ_Online_Yarisma_Ana_Oturum_Test_omzseiku_Video/frame_000148.jpg with translation /2024_TUYZ_Online_Yarisma_Ana_Oturum_Test_omzseiku_Video/frame_000148.jpg
2024-07-23 10:47:11,280 - INFO - Image frame_000148.jpg already exists. Skipping...
2024-07-23 10:47:11,280 - INFO - Processing frame /2024_TUYZ_Online_Yarisma_Ana_Oturum_Test_omzseiku_Video/frame_000152.jpg with translation /2024_TUYZ_Online_Yarisma_Ana_Oturum_Test_omzseiku_Video/frame_000152.jpg
2024-07-23 10:47:11,281 - INFO - Image frame_000152.jpg already exists. Skipping...
2024-07-23 10:47:11,281 - INFO - Processing frame /2024_TUYZ_Online_Yarisma_Ana_Oturum_Test_omzseiku_Video/frame_000156.jpg with translation /2024_TUYZ_Online_Yarisma_Ana_Oturum_Test_omzseiku_Video/frame_000156.jpg
2024-07-23 10:47:11,281 - INFO - Image frame_000156.jpg already exists. Skipping...
2024-07-23 10:47:11,281 - INFO - Processing frame /2024_TUYZ_Online_Yarisma_Ana_Oturum_Test_omzseiku_Video/frame_000160.jpg with translation /2024_TUYZ_Online_Yarisma_Ana_Oturum_Test_omzseiku_Video/frame_000160.jpg
2024-07-23 10:47:11,282 - INFO - Image frame_000160.jpg already exists. Skipping...
2024-07-23 10:47:11,282 - INFO - Processing frame /2024_TUYZ_Online_Yarisma_Ana_Oturum_Test_omzseiku_Video/frame_000164.jpg with translation /2024_TUYZ_Online_Yarisma_Ana_Oturum_Test_omzseiku_Video/frame_000164.jpg
2024-07-23 10:47:11,282 - INFO - Image frame_000164.jpg already exists. Skipping...
2024-07-23 10:47:11,283 - INFO - Processing frame /2024_TUYZ_Online_Yarisma_Ana_Oturum_Test_omzseiku_Video/frame_000168.jpg with translation /2024_TUYZ_Online_Yarisma_Ana_Oturum_Test_omzseiku_Video/frame_000168.jpg
2024-07-23 10:47:11,283 - INFO - Image frame_000168.jpg already exists. Skipping...
2024-07-23 10:47:11,283 - INFO - Processing frame /2024_TUYZ_Online_Yarisma_Ana_Oturum_Test_omzseiku_Video/frame_000172.jpg with translation /2024_TUYZ_Online_Yarisma_Ana_Oturum_Test_omzseiku_Video/frame_000172.jpg
2024-07-23 10:47:11,283 - INFO - Image frame_000172.jpg already exists. Skipping...
2024-07-23 10:47:11,283 - INFO - Processing frame /2024_TUYZ_Online_Yarisma_Ana_Oturum_Test_omzseiku_Video/frame_000176.jpg with translation /2024_TUYZ_Online_Yarisma_Ana_Oturum_Test_omzseiku_Video/frame_000176.jpg
2024-07-23 10:47:11,284 - INFO - Image frame_000176.jpg already exists. Skipping...
2024-07-23 10:47:11,284 - INFO - Processing frame /2024_TUYZ_Online_Yarisma_Ana_Oturum_Test_omzseiku_Video/frame_000180.jpg with translation /2024_TUYZ_Online_Yarisma_Ana_Oturum_Test_omzseiku_Video/frame_000180.jpg
2024-07-23 10:47:11,284 - INFO - Image frame_000180.jpg already exists. Skipping...
2024-07-23 10:47:11,284 - INFO - Processing frame /2024_TUYZ_Online_Yarisma_Ana_Oturum_Test_omzseiku_Video/frame_000184.jpg with translation /2024_TUYZ_Online_Yarisma_Ana_Oturum_Test_omzseiku_Video/frame_000184.jpg
2024-07-23 10:47:11,285 - INFO - Image frame_000184.jpg already exists. Skipping...
2024-07-23 10:47:11,285 - INFO - Processing frame /2024_TUYZ_Online_Yarisma_Ana_Oturum_Test_omzseiku_Video/frame_000188.jpg with translation /2024_TUYZ_Online_Yarisma_Ana_Oturum_Test_omzseiku_Video/frame_000188.jpg
2024-07-23 10:47:11,285 - INFO - Image frame_000188.jpg already exists. Skipping...
2024-07-23 10:47:11,285 - INFO - Processing frame /2024_TUYZ_Online_Yarisma_Ana_Oturum_Test_omzseiku_Video/frame_000192.jpg with translation /2024_TUYZ_Online_Yarisma_Ana_Oturum_Test_omzseiku_Video/frame_000192.jpg
2024-07-23 10:47:11,286 - INFO - Image frame_000192.jpg already exists. Skipping...
2024-07-23 10:47:11,286 - INFO - Processing frame /2024_TUYZ_Online_Yarisma_Ana_Oturum_Test_omzseiku_Video/frame_000196.jpg with translation /2024_TUYZ_Online_Yarisma_Ana_Oturum_Test_omzseiku_Video/frame_000196.jpg
2024-07-23 10:47:11,286 - INFO - Image frame_000196.jpg already exists. Skipping...
2024-07-23 10:47:11,286 - INFO - Processing frame /2024_TUYZ_Online_Yarisma_Ana_Oturum_Test_omzseiku_Video/frame_000200.jpg with translation /2024_TUYZ_Online_Yarisma_Ana_Oturum_Test_omzseiku_Video/frame_000200.jpg
2024-07-23 10:47:11,287 - INFO - Image frame_000200.jpg already exists. Skipping...
2024-07-23 10:47:11,287 - INFO - Processing frame /2024_TUYZ_Online_Yarisma_Ana_Oturum_Test_omzseiku_Video/frame_000204.jpg with translation /2024_TUYZ_Online_Yarisma_Ana_Oturum_Test_omzseiku_Video/frame_000204.jpg
2024-07-23 10:47:11,287 - INFO - Image frame_000204.jpg already exists. Skipping...
2024-07-23 10:47:11,287 - INFO - Processing frame /2024_TUYZ_Online_Yarisma_Ana_Oturum_Test_omzseiku_Video/frame_000208.jpg with translation /2024_TUYZ_Online_Yarisma_Ana_Oturum_Test_omzseiku_Video/frame_000208.jpg
2024-07-23 10:47:11,288 - INFO - Image frame_000208.jpg already exists. Skipping...
2024-07-23 10:47:11,288 - INFO - Processing frame /2024_TUYZ_Online_Yarisma_Ana_Oturum_Test_omzseiku_Video/frame_000212.jpg with translation /2024_TUYZ_Online_Yarisma_Ana_Oturum_Test_omzseiku_Video/frame_000212.jpg
2024-07-23 10:47:11,288 - INFO - Image frame_000212.jpg already exists. Skipping...
2024-07-23 10:47:11,288 - INFO - Processing frame /2024_TUYZ_Online_Yarisma_Ana_Oturum_Test_omzseiku_Video/frame_000216.jpg with translation /2024_TUYZ_Online_Yarisma_Ana_Oturum_Test_omzseiku_Video/frame_000216.jpg
2024-07-23 10:47:11,289 - INFO - Image frame_000216.jpg already exists. Skipping...
2024-07-23 10:47:11,289 - INFO - Processing frame /2024_TUYZ_Online_Yarisma_Ana_Oturum_Test_omzseiku_Video/frame_000220.jpg with translation /2024_TUYZ_Online_Yarisma_Ana_Oturum_Test_omzseiku_Video/frame_000220.jpg
2024-07-23 10:47:11,289 - INFO - Image frame_000220.jpg already exists. Skipping...
2024-07-23 10:47:11,289 - INFO - Processing frame /2024_TUYZ_Online_Yarisma_Ana_Oturum_Test_omzseiku_Video/frame_000224.jpg with translation /2024_TUYZ_Online_Yarisma_Ana_Oturum_Test_omzseiku_Video/frame_000224.jpg
2024-07-23 10:47:11,289 - INFO - Image frame_000224.jpg already exists. Skipping...
2024-07-23 10:47:11,290 - INFO - Processing frame /2024_TUYZ_Online_Yarisma_Ana_Oturum_Test_omzseiku_Video/frame_000228.jpg with translation /2024_TUYZ_Online_Yarisma_Ana_Oturum_Test_omzseiku_Video/frame_000228.jpg
2024-07-23 10:47:11,290 - INFO - Image frame_000228.jpg already exists. Skipping...
2024-07-23 10:47:11,290 - INFO - Processing frame /2024_TUYZ_Online_Yarisma_Ana_Oturum_Test_omzseiku_Video/frame_000232.jpg with translation /2024_TUYZ_Online_Yarisma_Ana_Oturum_Test_omzseiku_Video/frame_000232.jpg
2024-07-23 10:47:11,290 - INFO - Image frame_000232.jpg already exists. Skipping...
2024-07-23 10:47:11,290 - INFO - Processing frame /2024_TUYZ_Online_Yarisma_Ana_Oturum_Test_omzseiku_Video/frame_000236.jpg with translation /2024_TUYZ_Online_Yarisma_Ana_Oturum_Test_omzseiku_Video/frame_000236.jpg
2024-07-23 10:47:11,290 - INFO - Image frame_000236.jpg already exists. Skipping...
2024-07-23 10:47:11,291 - INFO - Processing frame /2024_TUYZ_Online_Yarisma_Ana_Oturum_Test_omzseiku_Video/frame_000240.jpg with translation /2024_TUYZ_Online_Yarisma_Ana_Oturum_Test_omzseiku_Video/frame_000240.jpg
2024-07-23 10:47:11,291 - INFO - Image frame_000240.jpg already exists. Skipping...
2024-07-23 10:47:11,291 - INFO - Processing frame /2024_TUYZ_Online_Yarisma_Ana_Oturum_Test_omzseiku_Video/frame_000244.jpg with translation /2024_TUYZ_Online_Yarisma_Ana_Oturum_Test_omzseiku_Video/frame_000244.jpg
2024-07-23 10:47:11,291 - INFO - Image frame_000244.jpg already exists. Skipping...
2024-07-23 10:47:11,291 - INFO - Processing frame /2024_TUYZ_Online_Yarisma_Ana_Oturum_Test_omzseiku_Video/frame_000248.jpg with translation /2024_TUYZ_Online_Yarisma_Ana_Oturum_Test_omzseiku_Video/frame_000248.jpg
2024-07-23 10:47:11,292 - INFO - Image frame_000248.jpg already exists. Skipping...
2024-07-23 10:47:11,292 - INFO - Processing frame /2024_TUYZ_Online_Yarisma_Ana_Oturum_Test_omzseiku_Video/frame_000252.jpg with translation /2024_TUYZ_Online_Yarisma_Ana_Oturum_Test_omzseiku_Video/frame_000252.jpg
2024-07-23 10:47:11,292 - INFO - Image frame_000252.jpg already exists. Skipping...
2024-07-23 10:47:11,292 - INFO - Processing frame /2024_TUYZ_Online_Yarisma_Ana_Oturum_Test_omzseiku_Video/frame_000256.jpg with translation /2024_TUYZ_Online_Yarisma_Ana_Oturum_Test_omzseiku_Video/frame_000256.jpg
2024-07-23 10:47:11,293 - INFO - Image frame_000256.jpg already exists. Skipping...
2024-07-23 10:47:11,293 - INFO - Processing frame /2024_TUYZ_Online_Yarisma_Ana_Oturum_Test_omzseiku_Video/frame_000260.jpg with translation /2024_TUYZ_Online_Yarisma_Ana_Oturum_Test_omzseiku_Video/frame_000260.jpg
2024-07-23 10:47:11,294 - INFO - Image frame_000260.jpg already exists. Skipping...
2024-07-23 10:47:11,294 - INFO - Processing frame /2024_TUYZ_Online_Yarisma_Ana_Oturum_Test_omzseiku_Video/frame_000264.jpg with translation /2024_TUYZ_Online_Yarisma_Ana_Oturum_Test_omzseiku_Video/frame_000264.jpg
2024-07-23 10:47:11,294 - INFO - Image frame_000264.jpg already exists. Skipping...
2024-07-23 10:47:11,294 - INFO - Processing frame /2024_TUYZ_Online_Yarisma_Ana_Oturum_Test_omzseiku_Video/frame_000268.jpg with translation /2024_TUYZ_Online_Yarisma_Ana_Oturum_Test_omzseiku_Video/frame_000268.jpg
2024-07-23 10:47:11,295 - INFO - Image frame_000268.jpg already exists. Skipping...
2024-07-23 10:47:11,295 - INFO - Processing frame /2024_TUYZ_Online_Yarisma_Ana_Oturum_Test_omzseiku_Video/frame_000272.jpg with translation /2024_TUYZ_Online_Yarisma_Ana_Oturum_Test_omzseiku_Video/frame_000272.jpg
2024-07-23 10:47:11,296 - INFO - Image frame_000272.jpg already exists. Skipping...
2024-07-23 10:47:11,296 - INFO - Processing frame /2024_TUYZ_Online_Yarisma_Ana_Oturum_Test_omzseiku_Video/frame_000276.jpg with translation /2024_TUYZ_Online_Yarisma_Ana_Oturum_Test_omzseiku_Video/frame_000276.jpg
2024-07-23 10:47:11,296 - INFO - Image frame_000276.jpg already exists. Skipping...
2024-07-23 10:47:11,296 - INFO - Processing frame /2024_TUYZ_Online_Yarisma_Ana_Oturum_Test_omzseiku_Video/frame_000280.jpg with translation /2024_TUYZ_Online_Yarisma_Ana_Oturum_Test_omzseiku_Video/frame_000280.jpg
2024-07-23 10:47:11,297 - INFO - Image frame_000280.jpg already exists. Skipping...
2024-07-23 10:47:11,297 - INFO - Processing frame /2024_TUYZ_Online_Yarisma_Ana_Oturum_Test_omzseiku_Video/frame_000284.jpg with translation /2024_TUYZ_Online_Yarisma_Ana_Oturum_Test_omzseiku_Video/frame_000284.jpg
2024-07-23 10:47:11,297 - INFO - Image frame_000284.jpg already exists. Skipping...
2024-07-23 10:47:11,298 - INFO - Processing frame /2024_TUYZ_Online_Yarisma_Ana_Oturum_Test_omzseiku_Video/frame_000288.jpg with translation /2024_TUYZ_Online_Yarisma_Ana_Oturum_Test_omzseiku_Video/frame_000288.jpg
2024-07-23 10:47:11,298 - INFO - Image frame_000288.jpg already exists. Skipping...
2024-07-23 10:47:11,298 - INFO - Processing frame /2024_TUYZ_Online_Yarisma_Ana_Oturum_Test_omzseiku_Video/frame_000292.jpg with translation /2024_TUYZ_Online_Yarisma_Ana_Oturum_Test_omzseiku_Video/frame_000292.jpg
2024-07-23 10:47:11,298 - INFO - Image frame_000292.jpg already exists. Skipping...
2024-07-23 10:47:11,299 - INFO - Processing frame /2024_TUYZ_Online_Yarisma_Ana_Oturum_Test_omzseiku_Video/frame_000296.jpg with translation /2024_TUYZ_Online_Yarisma_Ana_Oturum_Test_omzseiku_Video/frame_000296.jpg
2024-07-23 10:47:11,299 - INFO - Image frame_000296.jpg already exists. Skipping...
2024-07-23 10:47:11,299 - INFO - Processing frame /2024_TUYZ_Online_Yarisma_Ana_Oturum_Test_omzseiku_Video/frame_000300.jpg with translation /2024_TUYZ_Online_Yarisma_Ana_Oturum_Test_omzseiku_Video/frame_000300.jpg
2024-07-23 10:47:11,299 - INFO - Image frame_000300.jpg already exists. Skipping...
2024-07-23 10:47:11,299 - INFO - Processing frame /2024_TUYZ_Online_Yarisma_Ana_Oturum_Test_omzseiku_Video/frame_000304.jpg with translation /2024_TUYZ_Online_Yarisma_Ana_Oturum_Test_omzseiku_Video/frame_000304.jpg
2024-07-23 10:47:11,301 - INFO - Image frame_000304.jpg already exists. Skipping...
2024-07-23 10:47:11,301 - INFO - Processing frame /2024_TUYZ_Online_Yarisma_Ana_Oturum_Test_omzseiku_Video/frame_000308.jpg with translation /2024_TUYZ_Online_Yarisma_Ana_Oturum_Test_omzseiku_Video/frame_000308.jpg
2024-07-23 10:47:11,301 - INFO - Image frame_000308.jpg already exists. Skipping...
2024-07-23 10:47:11,301 - INFO - Processing frame /2024_TUYZ_Online_Yarisma_Ana_Oturum_Test_omzseiku_Video/frame_000312.jpg with translation /2024_TUYZ_Online_Yarisma_Ana_Oturum_Test_omzseiku_Video/frame_000312.jpg
2024-07-23 10:47:11,302 - INFO - Image frame_000312.jpg already exists. Skipping...
2024-07-23 10:47:11,302 - INFO - Processing frame /2024_TUYZ_Online_Yarisma_Ana_Oturum_Test_omzseiku_Video/frame_000316.jpg with translation /2024_TUYZ_Online_Yarisma_Ana_Oturum_Test_omzseiku_Video/frame_000316.jpg
2024-07-23 10:47:11,303 - INFO - Image frame_000316.jpg already exists. Skipping...
2024-07-23 10:47:11,303 - INFO - Processing frame /2024_TUYZ_Online_Yarisma_Ana_Oturum_Test_omzseiku_Video/frame_000320.jpg with translation /2024_TUYZ_Online_Yarisma_Ana_Oturum_Test_omzseiku_Video/frame_000320.jpg
2024-07-23 10:47:11,303 - INFO - Image frame_000320.jpg already exists. Skipping...
2024-07-23 10:47:11,303 - INFO - Processing frame /2024_TUYZ_Online_Yarisma_Ana_Oturum_Test_omzseiku_Video/frame_000324.jpg with translation /2024_TUYZ_Online_Yarisma_Ana_Oturum_Test_omzseiku_Video/frame_000324.jpg
2024-07-23 10:47:11,304 - INFO - Image frame_000324.jpg already exists. Skipping...
2024-07-23 10:47:11,304 - INFO - Processing frame /2024_TUYZ_Online_Yarisma_Ana_Oturum_Test_omzseiku_Video/frame_000328.jpg with translation /2024_TUYZ_Online_Yarisma_Ana_Oturum_Test_omzseiku_Video/frame_000328.jpg
2024-07-23 10:47:11,305 - INFO - Image frame_000328.jpg already exists. Skipping...
2024-07-23 10:47:11,305 - INFO - Processing frame /2024_TUYZ_Online_Yarisma_Ana_Oturum_Test_omzseiku_Video/frame_000332.jpg with translation /2024_TUYZ_Online_Yarisma_Ana_Oturum_Test_omzseiku_Video/frame_000332.jpg
2024-07-23 10:47:11,305 - INFO - Image frame_000332.jpg already exists. Skipping...
2024-07-23 10:47:11,305 - INFO - Processing frame /2024_TUYZ_Online_Yarisma_Ana_Oturum_Test_omzseiku_Video/frame_000336.jpg with translation /2024_TUYZ_Online_Yarisma_Ana_Oturum_Test_omzseiku_Video/frame_000336.jpg
2024-07-23 10:47:11,306 - INFO - Image frame_000336.jpg already exists. Skipping...
2024-07-23 10:47:11,306 - INFO - Processing frame /2024_TUYZ_Online_Yarisma_Ana_Oturum_Test_omzseiku_Video/frame_000340.jpg with translation /2024_TUYZ_Online_Yarisma_Ana_Oturum_Test_omzseiku_Video/frame_000340.jpg
2024-07-23 10:47:11,306 - INFO - Image frame_000340.jpg already exists. Skipping...
2024-07-23 10:47:11,306 - INFO - Processing frame /2024_TUYZ_Online_Yarisma_Ana_Oturum_Test_omzseiku_Video/frame_000344.jpg with translation /2024_TUYZ_Online_Yarisma_Ana_Oturum_Test_omzseiku_Video/frame_000344.jpg
2024-07-23 10:47:11,306 - INFO - Image frame_000344.jpg already exists. Skipping...
2024-07-23 10:47:11,307 - INFO - Processing frame /2024_TUYZ_Online_Yarisma_Ana_Oturum_Test_omzseiku_Video/frame_000348.jpg with translation /2024_TUYZ_Online_Yarisma_Ana_Oturum_Test_omzseiku_Video/frame_000348.jpg
2024-07-23 10:47:11,307 - INFO - Image frame_000348.jpg already exists. Skipping...
2024-07-23 10:47:11,307 - INFO - Processing frame /2024_TUYZ_Online_Yarisma_Ana_Oturum_Test_omzseiku_Video/frame_000352.jpg with translation /2024_TUYZ_Online_Yarisma_Ana_Oturum_Test_omzseiku_Video/frame_000352.jpg
2024-07-23 10:47:11,308 - INFO - Image frame_000352.jpg already exists. Skipping...
2024-07-23 10:47:11,308 - INFO - Processing frame /2024_TUYZ_Online_Yarisma_Ana_Oturum_Test_omzseiku_Video/frame_000356.jpg with translation /2024_TUYZ_Online_Yarisma_Ana_Oturum_Test_omzseiku_Video/frame_000356.jpg
2024-07-23 10:47:11,308 - INFO - Image frame_000356.jpg already exists. Skipping...
2024-07-23 10:47:11,308 - INFO - Processing frame /2024_TUYZ_Online_Yarisma_Ana_Oturum_Test_omzseiku_Video/frame_000360.jpg with translation /2024_TUYZ_Online_Yarisma_Ana_Oturum_Test_omzseiku_Video/frame_000360.jpg
2024-07-23 10:47:11,308 - INFO - Image frame_000360.jpg already exists. Skipping...
2024-07-23 10:47:11,309 - INFO - Processing frame /2024_TUYZ_Online_Yarisma_Ana_Oturum_Test_omzseiku_Video/frame_000364.jpg with translation /2024_TUYZ_Online_Yarisma_Ana_Oturum_Test_omzseiku_Video/frame_000364.jpg
2024-07-23 10:47:11,309 - INFO - Image frame_000364.jpg already exists. Skipping...
2024-07-23 10:47:11,309 - INFO - Processing frame /2024_TUYZ_Online_Yarisma_Ana_Oturum_Test_omzseiku_Video/frame_000368.jpg with translation /2024_TUYZ_Online_Yarisma_Ana_Oturum_Test_omzseiku_Video/frame_000368.jpg
2024-07-23 10:47:11,310 - INFO - Image frame_000368.jpg already exists. Skipping...
2024-07-23 10:47:11,310 - INFO - Processing frame /2024_TUYZ_Online_Yarisma_Ana_Oturum_Test_omzseiku_Video/frame_000372.jpg with translation /2024_TUYZ_Online_Yarisma_Ana_Oturum_Test_omzseiku_Video/frame_000372.jpg
2024-07-23 10:47:11,310 - INFO - Image frame_000372.jpg already exists. Skipping...
2024-07-23 10:47:11,310 - INFO - Processing frame /2024_TUYZ_Online_Yarisma_Ana_Oturum_Test_omzseiku_Video/frame_000376.jpg with translation /2024_TUYZ_Online_Yarisma_Ana_Oturum_Test_omzseiku_Video/frame_000376.jpg
2024-07-23 10:47:11,311 - INFO - Image frame_000376.jpg already exists. Skipping...
2024-07-23 10:47:11,311 - INFO - Processing frame /2024_TUYZ_Online_Yarisma_Ana_Oturum_Test_omzseiku_Video/frame_000380.jpg with translation /2024_TUYZ_Online_Yarisma_Ana_Oturum_Test_omzseiku_Video/frame_000380.jpg
2024-07-23 10:47:11,311 - INFO - Image frame_000380.jpg already exists. Skipping...
2024-07-23 10:47:11,311 - INFO - Processing frame /2024_TUYZ_Online_Yarisma_Ana_Oturum_Test_omzseiku_Video/frame_000384.jpg with translation /2024_TUYZ_Online_Yarisma_Ana_Oturum_Test_omzseiku_Video/frame_000384.jpg
2024-07-23 10:47:11,311 - INFO - Downloading image from http://teknofest.cezerirobot.com:1025/media/2024_TUYZ_Online_Yarisma_Ana_Oturum_Test_omzseiku_Video/frame_000384.jpg...
2024-07-23 10:47:11,855 - INFO - Image saved to ./downloaded_frames/frames/2024_TUYZ_Online_Yarisma_Ana_Oturum_Test_omzseiku_Video/frame_000384.jpg
2024-07-23 10:47:13,834 - INFO - Sending prediction for frame http://teknofest.cezerirobot.com/frames/11198/...
2024-07-23 10:47:14,058 - INFO - Prediction sent successfully
2024-07-23 10:47:14,059 - INFO - Total execution time: 2747.82 milliseconds
2024-07-23 10:47:14,059 - INFO - Processing frame /2024_TUYZ_Online_Yarisma_Ana_Oturum_Test_omzseiku_Video/frame_000388.jpg with translation /2024_TUYZ_Online_Yarisma_Ana_Oturum_Test_omzseiku_Video/frame_000388.jpg
2024-07-23 10:47:14,059 - INFO - Downloading image from http://teknofest.cezerirobot.com:1025/media/2024_TUYZ_Online_Yarisma_Ana_Oturum_Test_omzseiku_Video/frame_000388.jpg...
2024-07-23 10:47:14,548 - INFO - Image saved to ./downloaded_frames/frames/2024_TUYZ_Online_Yarisma_Ana_Oturum_Test_omzseiku_Video/frame_000388.jpg
2024-07-23 10:47:14,890 - INFO - Sending prediction for frame http://teknofest.cezerirobot.com/frames/11199/...
2024-07-23 10:47:15,088 - INFO - Prediction sent successfully
2024-07-23 10:47:15,088 - INFO - Total execution time: 1028.89 milliseconds
2024-07-23 10:47:15,088 - INFO - Processing frame /2024_TUYZ_Online_Yarisma_Ana_Oturum_Test_omzseiku_Video/frame_000392.jpg with translation /2024_TUYZ_Online_Yarisma_Ana_Oturum_Test_omzseiku_Video/frame_000392.jpg
2024-07-23 10:47:15,089 - INFO - Downloading image from http://teknofest.cezerirobot.com:1025/media/2024_TUYZ_Online_Yarisma_Ana_Oturum_Test_omzseiku_Video/frame_000392.jpg...
2024-07-23 10:47:15,538 - INFO - Image saved to ./downloaded_frames/frames/2024_TUYZ_Online_Yarisma_Ana_Oturum_Test_omzseiku_Video/frame_000392.jpg
2024-07-23 10:47:15,874 - INFO - Sending prediction for frame http://teknofest.cezerirobot.com/frames/11200/...
2024-07-23 10:47:16,111 - INFO - Prediction sent successfully
2024-07-23 10:47:16,111 - INFO - Total execution time: 1023.48 milliseconds
2024-07-23 10:47:16,111 - INFO - Processing frame /2024_TUYZ_Online_Yarisma_Ana_Oturum_Test_omzseiku_Video/frame_000396.jpg with translation /2024_TUYZ_Online_Yarisma_Ana_Oturum_Test_omzseiku_Video/frame_000396.jpg
2024-07-23 10:47:16,112 - INFO - Downloading image from http://teknofest.cezerirobot.com:1025/media/2024_TUYZ_Online_Yarisma_Ana_Oturum_Test_omzseiku_Video/frame_000396.jpg...
2024-07-23 10:47:17,157 - INFO - Image saved to ./downloaded_frames/frames/2024_TUYZ_Online_Yarisma_Ana_Oturum_Test_omzseiku_Video/frame_000396.jpg
2024-07-23 10:47:17,496 - INFO - Sending prediction for frame http://teknofest.cezerirobot.com/frames/11201/...
2024-07-23 10:47:17,748 - INFO - Prediction sent successfully
2024-07-23 10:47:17,749 - INFO - Total execution time: 1637.64 milliseconds
2024-07-23 10:47:17,749 - INFO - Processing frame /2024_TUYZ_Online_Yarisma_Ana_Oturum_Test_omzseiku_Video/frame_000400.jpg with translation /2024_TUYZ_Online_Yarisma_Ana_Oturum_Test_omzseiku_Video/frame_000400.jpg
2024-07-23 10:47:17,749 - INFO - Downloading image from http://teknofest.cezerirobot.com:1025/media/2024_TUYZ_Online_Yarisma_Ana_Oturum_Test_omzseiku_Video/frame_000400.jpg...
2024-07-23 10:47:18,257 - INFO - Image saved to ./downloaded_frames/frames/2024_TUYZ_Online_Yarisma_Ana_Oturum_Test_omzseiku_Video/frame_000400.jpg
2024-07-23 10:47:18,599 - INFO - Sending prediction for frame http://teknofest.cezerirobot.com/frames/11202/...
2024-07-23 10:47:18,966 - INFO - Prediction sent successfully
2024-07-23 10:47:18,966 - INFO - Total execution time: 1216.99 milliseconds
2024-07-23 10:47:18,966 - INFO - Processing frame /2024_TUYZ_Online_Yarisma_Ana_Oturum_Test_omzseiku_Video/frame_000404.jpg with translation /2024_TUYZ_Online_Yarisma_Ana_Oturum_Test_omzseiku_Video/frame_000404.jpg
2024-07-23 10:47:18,967 - INFO - Downloading image from http://teknofest.cezerirobot.com:1025/media/2024_TUYZ_Online_Yarisma_Ana_Oturum_Test_omzseiku_Video/frame_000404.jpg...
2024-07-23 10:47:19,600 - INFO - Image saved to ./downloaded_frames/frames/2024_TUYZ_Online_Yarisma_Ana_Oturum_Test_omzseiku_Video/frame_000404.jpg
2024-07-23 10:47:19,947 - INFO - Sending prediction for frame http://teknofest.cezerirobot.com/frames/11203/...
2024-07-23 10:47:20,176 - INFO - Prediction sent successfully
2024-07-23 10:47:20,176 - INFO - Total execution time: 1210.41 milliseconds
2024-07-23 10:47:20,177 - INFO - Processing frame /2024_TUYZ_Online_Yarisma_Ana_Oturum_Test_omzseiku_Video/frame_000408.jpg with translation /2024_TUYZ_Online_Yarisma_Ana_Oturum_Test_omzseiku_Video/frame_000408.jpg
2024-07-23 10:47:20,177 - INFO - Downloading image from http://teknofest.cezerirobot.com:1025/media/2024_TUYZ_Online_Yarisma_Ana_Oturum_Test_omzseiku_Video/frame_000408.jpg...
2024-07-23 10:47:20,641 - INFO - Image saved to ./downloaded_frames/frames/2024_TUYZ_Online_Yarisma_Ana_Oturum_Test_omzseiku_Video/frame_000408.jpg
2024-07-23 10:47:21,019 - INFO - Sending prediction for frame http://teknofest.cezerirobot.com/frames/11204/...
2024-07-23 10:47:21,237 - INFO - Prediction sent successfully
2024-07-23 10:47:21,238 - INFO - Total execution time: 1060.12 milliseconds
2024-07-23 10:47:21,238 - INFO - Processing frame /2024_TUYZ_Online_Yarisma_Ana_Oturum_Test_omzseiku_Video/frame_000412.jpg with translation /2024_TUYZ_Online_Yarisma_Ana_Oturum_Test_omzseiku_Video/frame_000412.jpg
2024-07-23 10:47:21,239 - INFO - Downloading image from http://teknofest.cezerirobot.com:1025/media/2024_TUYZ_Online_Yarisma_Ana_Oturum_Test_omzseiku_Video/frame_000412.jpg...
2024-07-23 10:47:21,793 - INFO - Image saved to ./downloaded_frames/frames/2024_TUYZ_Online_Yarisma_Ana_Oturum_Test_omzseiku_Video/frame_000412.jpg
2024-07-23 10:47:22,145 - INFO - Sending prediction for frame http://teknofest.cezerirobot.com/frames/11205/...
2024-07-23 10:47:22,370 - INFO - Prediction sent successfully
2024-07-23 10:47:22,370 - INFO - Total execution time: 1132.03 milliseconds
2024-07-23 10:47:22,371 - INFO - Processing frame /2024_TUYZ_Online_Yarisma_Ana_Oturum_Test_omzseiku_Video/frame_000416.jpg with translation /2024_TUYZ_Online_Yarisma_Ana_Oturum_Test_omzseiku_Video/frame_000416.jpg
2024-07-23 10:47:22,371 - INFO - Downloading image from http://teknofest.cezerirobot.com:1025/media/2024_TUYZ_Online_Yarisma_Ana_Oturum_Test_omzseiku_Video/frame_000416.jpg...
2024-07-23 10:47:22,976 - INFO - Image saved to ./downloaded_frames/frames/2024_TUYZ_Online_Yarisma_Ana_Oturum_Test_omzseiku_Video/frame_000416.jpg
2024-07-23 10:47:23,337 - INFO - Sending prediction for frame http://teknofest.cezerirobot.com/frames/11206/...
2024-07-23 10:47:23,575 - INFO - Prediction sent successfully
2024-07-23 10:47:23,576 - INFO - Total execution time: 1205.52 milliseconds
2024-07-23 10:47:23,576 - INFO - Processing frame /2024_TUYZ_Online_Yarisma_Ana_Oturum_Test_omzseiku_Video/frame_000420.jpg with translation /2024_TUYZ_Online_Yarisma_Ana_Oturum_Test_omzseiku_Video/frame_000420.jpg
2024-07-23 10:47:23,576 - INFO - Downloading image from http://teknofest.cezerirobot.com:1025/media/2024_TUYZ_Online_Yarisma_Ana_Oturum_Test_omzseiku_Video/frame_000420.jpg...
2024-07-23 10:47:24,099 - INFO - Image saved to ./downloaded_frames/frames/2024_TUYZ_Online_Yarisma_Ana_Oturum_Test_omzseiku_Video/frame_000420.jpg
2024-07-23 10:47:24,473 - INFO - Sending prediction for frame http://teknofest.cezerirobot.com/frames/11207/...
2024-07-23 10:47:24,688 - INFO - Prediction sent successfully
2024-07-23 10:47:24,688 - INFO - Total execution time: 1111.64 milliseconds
2024-07-23 10:47:24,688 - INFO - Processing frame /2024_TUYZ_Online_Yarisma_Ana_Oturum_Test_omzseiku_Video/frame_000424.jpg with translation /2024_TUYZ_Online_Yarisma_Ana_Oturum_Test_omzseiku_Video/frame_000424.jpg
2024-07-23 10:47:24,688 - INFO - Downloading image from http://teknofest.cezerirobot.com:1025/media/2024_TUYZ_Online_Yarisma_Ana_Oturum_Test_omzseiku_Video/frame_000424.jpg...
2024-07-23 10:47:25,129 - INFO - Image saved to ./downloaded_frames/frames/2024_TUYZ_Online_Yarisma_Ana_Oturum_Test_omzseiku_Video/frame_000424.jpg
2024-07-23 10:47:25,482 - INFO - Sending prediction for frame http://teknofest.cezerirobot.com/frames/11208/...
2024-07-23 10:47:25,704 - INFO - Prediction sent successfully
2024-07-23 10:47:25,704 - INFO - Total execution time: 1016.76 milliseconds
2024-07-23 10:47:25,704 - INFO - Processing frame /2024_TUYZ_Online_Yarisma_Ana_Oturum_Test_omzseiku_Video/frame_000428.jpg with translation /2024_TUYZ_Online_Yarisma_Ana_Oturum_Test_omzseiku_Video/frame_000428.jpg
2024-07-23 10:47:25,706 - INFO - Downloading image from http://teknofest.cezerirobot.com:1025/media/2024_TUYZ_Online_Yarisma_Ana_Oturum_Test_omzseiku_Video/frame_000428.jpg...
2024-07-23 10:47:26,149 - INFO - Image saved to ./downloaded_frames/frames/2024_TUYZ_Online_Yarisma_Ana_Oturum_Test_omzseiku_Video/frame_000428.jpg
2024-07-23 10:47:26,502 - INFO - Sending prediction for frame http://teknofest.cezerirobot.com/frames/11209/...
2024-07-23 10:47:26,729 - INFO - Prediction sent successfully
2024-07-23 10:47:26,730 - INFO - Total execution time: 1023.85 milliseconds
2024-07-23 10:47:26,730 - INFO - Processing frame /2024_TUYZ_Online_Yarisma_Ana_Oturum_Test_omzseiku_Video/frame_000432.jpg with translation /2024_TUYZ_Online_Yarisma_Ana_Oturum_Test_omzseiku_Video/frame_000432.jpg
2024-07-23 10:47:26,730 - INFO - Downloading image from http://teknofest.cezerirobot.com:1025/media/2024_TUYZ_Online_Yarisma_Ana_Oturum_Test_omzseiku_Video/frame_000432.jpg...
2024-07-23 10:47:27,551 - INFO - Image saved to ./downloaded_frames/frames/2024_TUYZ_Online_Yarisma_Ana_Oturum_Test_omzseiku_Video/frame_000432.jpg
2024-07-23 10:47:27,904 - INFO - Sending prediction for frame http://teknofest.cezerirobot.com/frames/11210/...
2024-07-23 10:47:28,138 - INFO - Prediction sent successfully
2024-07-23 10:47:28,138 - INFO - Total execution time: 1408.45 milliseconds
2024-07-23 10:47:28,139 - INFO - Processing frame /2024_TUYZ_Online_Yarisma_Ana_Oturum_Test_omzseiku_Video/frame_000436.jpg with translation /2024_TUYZ_Online_Yarisma_Ana_Oturum_Test_omzseiku_Video/frame_000436.jpg
2024-07-23 10:47:28,139 - INFO - Downloading image from http://teknofest.cezerirobot.com:1025/media/2024_TUYZ_Online_Yarisma_Ana_Oturum_Test_omzseiku_Video/frame_000436.jpg...
2024-07-23 10:47:28,687 - INFO - Image saved to ./downloaded_frames/frames/2024_TUYZ_Online_Yarisma_Ana_Oturum_Test_omzseiku_Video/frame_000436.jpg
2024-07-23 10:47:29,031 - INFO - Sending prediction for frame http://teknofest.cezerirobot.com/frames/11211/...
2024-07-23 10:47:29,268 - INFO - Prediction sent successfully
2024-07-23 10:47:29,269 - INFO - Total execution time: 1129.77 milliseconds
2024-07-23 10:47:29,269 - INFO - Processing frame /2024_TUYZ_Online_Yarisma_Ana_Oturum_Test_omzseiku_Video/frame_000440.jpg with translation /2024_TUYZ_Online_Yarisma_Ana_Oturum_Test_omzseiku_Video/frame_000440.jpg
2024-07-23 10:47:29,269 - INFO - Downloading image from http://teknofest.cezerirobot.com:1025/media/2024_TUYZ_Online_Yarisma_Ana_Oturum_Test_omzseiku_Video/frame_000440.jpg...
2024-07-23 10:47:29,772 - INFO - Image saved to ./downloaded_frames/frames/2024_TUYZ_Online_Yarisma_Ana_Oturum_Test_omzseiku_Video/frame_000440.jpg
2024-07-23 10:47:30,121 - INFO - Sending prediction for frame http://teknofest.cezerirobot.com/frames/11212/...
2024-07-23 10:47:30,311 - INFO - Prediction sent successfully
2024-07-23 10:47:30,311 - INFO - Total execution time: 1042.13 milliseconds
2024-07-23 10:47:30,312 - INFO - Processing frame /2024_TUYZ_Online_Yarisma_Ana_Oturum_Test_omzseiku_Video/frame_000444.jpg with translation /2024_TUYZ_Online_Yarisma_Ana_Oturum_Test_omzseiku_Video/frame_000444.jpg
2024-07-23 10:47:30,312 - INFO - Downloading image from http://teknofest.cezerirobot.com:1025/media/2024_TUYZ_Online_Yarisma_Ana_Oturum_Test_omzseiku_Video/frame_000444.jpg...
2024-07-23 10:47:30,854 - INFO - Image saved to ./downloaded_frames/frames/2024_TUYZ_Online_Yarisma_Ana_Oturum_Test_omzseiku_Video/frame_000444.jpg
2024-07-23 10:47:31,201 - INFO - Sending prediction for frame http://teknofest.cezerirobot.com/frames/11213/...
2024-07-23 10:47:31,490 - INFO - Prediction sent successfully
2024-07-23 10:47:31,491 - INFO - Total execution time: 1178.98 milliseconds
2024-07-23 10:47:31,491 - INFO - Processing frame /2024_TUYZ_Online_Yarisma_Ana_Oturum_Test_omzseiku_Video/frame_000448.jpg with translation /2024_TUYZ_Online_Yarisma_Ana_Oturum_Test_omzseiku_Video/frame_000448.jpg
2024-07-23 10:47:31,491 - INFO - Downloading image from http://teknofest.cezerirobot.com:1025/media/2024_TUYZ_Online_Yarisma_Ana_Oturum_Test_omzseiku_Video/frame_000448.jpg...
2024-07-23 10:47:32,054 - INFO - Image saved to ./downloaded_frames/frames/2024_TUYZ_Online_Yarisma_Ana_Oturum_Test_omzseiku_Video/frame_000448.jpg
2024-07-23 10:47:32,423 - INFO - Sending prediction for frame http://teknofest.cezerirobot.com/frames/11214/...
2024-07-23 10:47:32,627 - INFO - Prediction sent successfully
2024-07-23 10:47:32,627 - INFO - Total execution time: 1135.24 milliseconds
2024-07-23 10:47:32,627 - INFO - Processing frame /2024_TUYZ_Online_Yarisma_Ana_Oturum_Test_omzseiku_Video/frame_000452.jpg with translation /2024_TUYZ_Online_Yarisma_Ana_Oturum_Test_omzseiku_Video/frame_000452.jpg
2024-07-23 10:47:32,628 - INFO - Downloading image from http://teknofest.cezerirobot.com:1025/media/2024_TUYZ_Online_Yarisma_Ana_Oturum_Test_omzseiku_Video/frame_000452.jpg...
2024-07-23 10:47:33,134 - INFO - Image saved to ./downloaded_frames/frames/2024_TUYZ_Online_Yarisma_Ana_Oturum_Test_omzseiku_Video/frame_000452.jpg
2024-07-23 10:47:33,495 - INFO - Sending prediction for frame http://teknofest.cezerirobot.com/frames/11215/...
2024-07-23 10:47:33,692 - INFO - Prediction sent successfully
2024-07-23 10:47:33,693 - INFO - Total execution time: 1066.18 milliseconds
2024-07-23 10:47:33,693 - INFO - Processing frame /2024_TUYZ_Online_Yarisma_Ana_Oturum_Test_omzseiku_Video/frame_000456.jpg with translation /2024_TUYZ_Online_Yarisma_Ana_Oturum_Test_omzseiku_Video/frame_000456.jpg
2024-07-23 10:47:33,693 - INFO - Downloading image from http://teknofest.cezerirobot.com:1025/media/2024_TUYZ_Online_Yarisma_Ana_Oturum_Test_omzseiku_Video/frame_000456.jpg...
2024-07-23 10:47:34,137 - INFO - Image saved to ./downloaded_frames/frames/2024_TUYZ_Online_Yarisma_Ana_Oturum_Test_omzseiku_Video/frame_000456.jpg
2024-07-23 10:47:34,489 - INFO - Sending prediction for frame http://teknofest.cezerirobot.com/frames/11216/...
2024-07-23 10:47:34,729 - INFO - Prediction sent successfully
2024-07-23 10:47:34,729 - INFO - Total execution time: 1035.84 milliseconds
2024-07-23 10:47:34,729 - INFO - Processing frame /2024_TUYZ_Online_Yarisma_Ana_Oturum_Test_omzseiku_Video/frame_000460.jpg with translation /2024_TUYZ_Online_Yarisma_Ana_Oturum_Test_omzseiku_Video/frame_000460.jpg
2024-07-23 10:47:34,730 - INFO - Downloading image from http://teknofest.cezerirobot.com:1025/media/2024_TUYZ_Online_Yarisma_Ana_Oturum_Test_omzseiku_Video/frame_000460.jpg...
2024-07-23 10:47:35,253 - INFO - Image saved to ./downloaded_frames/frames/2024_TUYZ_Online_Yarisma_Ana_Oturum_Test_omzseiku_Video/frame_000460.jpg
2024-07-23 10:47:35,602 - INFO - Sending prediction for frame http://teknofest.cezerirobot.com/frames/11217/...
2024-07-23 10:47:35,797 - INFO - Prediction sent successfully
2024-07-23 10:47:35,798 - INFO - Total execution time: 1069.14 milliseconds
2024-07-23 10:47:35,798 - INFO - Processing frame /2024_TUYZ_Online_Yarisma_Ana_Oturum_Test_omzseiku_Video/frame_000464.jpg with translation /2024_TUYZ_Online_Yarisma_Ana_Oturum_Test_omzseiku_Video/frame_000464.jpg
2024-07-23 10:47:35,798 - INFO - Downloading image from http://teknofest.cezerirobot.com:1025/media/2024_TUYZ_Online_Yarisma_Ana_Oturum_Test_omzseiku_Video/frame_000464.jpg...
2024-07-23 10:47:36,325 - INFO - Image saved to ./downloaded_frames/frames/2024_TUYZ_Online_Yarisma_Ana_Oturum_Test_omzseiku_Video/frame_000464.jpg
2024-07-23 10:47:36,731 - INFO - Sending prediction for frame http://teknofest.cezerirobot.com/frames/11218/...
2024-07-23 10:47:36,963 - INFO - Prediction sent successfully
2024-07-23 10:47:36,963 - INFO - Total execution time: 1165.24 milliseconds
2024-07-23 10:47:36,963 - INFO - Processing frame /2024_TUYZ_Online_Yarisma_Ana_Oturum_Test_omzseiku_Video/frame_000468.jpg with translation /2024_TUYZ_Online_Yarisma_Ana_Oturum_Test_omzseiku_Video/frame_000468.jpg
2024-07-23 10:47:36,964 - INFO - Downloading image from http://teknofest.cezerirobot.com:1025/media/2024_TUYZ_Online_Yarisma_Ana_Oturum_Test_omzseiku_Video/frame_000468.jpg...
2024-07-23 10:47:37,482 - INFO - Image saved to ./downloaded_frames/frames/2024_TUYZ_Online_Yarisma_Ana_Oturum_Test_omzseiku_Video/frame_000468.jpg
2024-07-23 10:47:37,827 - INFO - Sending prediction for frame http://teknofest.cezerirobot.com/frames/11219/...
2024-07-23 10:47:38,076 - INFO - Prediction sent successfully
2024-07-23 10:47:38,077 - INFO - Total execution time: 1114.35 milliseconds
2024-07-23 10:47:38,077 - INFO - Processing frame /2024_TUYZ_Online_Yarisma_Ana_Oturum_Test_omzseiku_Video/frame_000472.jpg with translation /2024_TUYZ_Online_Yarisma_Ana_Oturum_Test_omzseiku_Video/frame_000472.jpg
2024-07-23 10:47:38,077 - INFO - Downloading image from http://teknofest.cezerirobot.com:1025/media/2024_TUYZ_Online_Yarisma_Ana_Oturum_Test_omzseiku_Video/frame_000472.jpg...
2024-07-23 10:47:38,661 - INFO - Image saved to ./downloaded_frames/frames/2024_TUYZ_Online_Yarisma_Ana_Oturum_Test_omzseiku_Video/frame_000472.jpg
2024-07-23 10:47:39,026 - INFO - Sending prediction for frame http://teknofest.cezerirobot.com/frames/11220/...
2024-07-23 10:47:39,294 - INFO - Prediction sent successfully
2024-07-23 10:47:39,295 - INFO - Total execution time: 1217.19 milliseconds
2024-07-23 10:47:39,295 - INFO - Processing frame /2024_TUYZ_Online_Yarisma_Ana_Oturum_Test_omzseiku_Video/frame_000476.jpg with translation /2024_TUYZ_Online_Yarisma_Ana_Oturum_Test_omzseiku_Video/frame_000476.jpg
2024-07-23 10:47:39,295 - INFO - Downloading image from http://teknofest.cezerirobot.com:1025/media/2024_TUYZ_Online_Yarisma_Ana_Oturum_Test_omzseiku_Video/frame_000476.jpg...
2024-07-23 10:47:39,797 - INFO - Image saved to ./downloaded_frames/frames/2024_TUYZ_Online_Yarisma_Ana_Oturum_Test_omzseiku_Video/frame_000476.jpg
