2024-07-22 19:36:47,264 - INFO - Authentication successful
2024-07-22 19:36:47,264 - INFO - Loading existing data...
2024-07-22 19:36:47,278 - INFO - SUNUCUYLA ÝLETÝÞÝM SÜRESÝ 0.38 saniye
2024-07-22 19:36:47,278 - INFO - Processing frame /2024_TUYZ_Online_Yarisma_Ana_Oturum_Test_omzseiku_Video/frame_000000.jpg with translation /2024_TUYZ_Online_Yarisma_Ana_Oturum_Test_omzseiku_Video/frame_000000.jpg
2024-07-22 19:36:47,278 - INFO - Image frame_000000.jpg already exists. Skipping...
2024-07-22 19:36:47,278 - INFO - Processing frame /2024_TUYZ_Online_Yarisma_Ana_Oturum_Test_omzseiku_Video/frame_000004.jpg with translation /2024_TUYZ_Online_Yarisma_Ana_Oturum_Test_omzseiku_Video/frame_000004.jpg
2024-07-22 19:36:47,279 - INFO - Image frame_000004.jpg already exists. Skipping...
2024-07-22 19:36:47,279 - INFO - Processing frame /2024_TUYZ_Online_Yarisma_Ana_Oturum_Test_omzseiku_Video/frame_000008.jpg with translation /2024_TUYZ_Online_Yarisma_Ana_Oturum_Test_omzseiku_Video/frame_000008.jpg
2024-07-22 19:36:47,279 - INFO - Image frame_000008.jpg already exists. Skipping...
2024-07-22 19:36:47,279 - INFO - Processing frame /2024_TUYZ_Online_Yarisma_Ana_Oturum_Test_omzseiku_Video/frame_000012.jpg with translation /2024_TUYZ_Online_Yarisma_Ana_Oturum_Test_omzseiku_Video/frame_000012.jpg
2024-07-22 19:36:47,280 - INFO - Image frame_000012.jpg already exists. Skipping...
2024-07-22 19:36:47,280 - INFO - Processing frame /2024_TUYZ_Online_Yarisma_Ana_Oturum_Test_omzseiku_Video/frame_000016.jpg with translation /2024_TUYZ_Online_Yarisma_Ana_Oturum_Test_omzseiku_Video/frame_000016.jpg
2024-07-22 19:36:47,280 - INFO - Image frame_000016.jpg already exists. Skipping...
2024-07-22 19:36:47,280 - INFO - Processing frame /2024_TUYZ_Online_Yarisma_Ana_Oturum_Test_omzseiku_Video/frame_000020.jpg with translation /2024_TUYZ_Online_Yarisma_Ana_Oturum_Test_omzseiku_Video/frame_000020.jpg
2024-07-22 19:36:47,280 - INFO - Image frame_000020.jpg already exists. Skipping...
2024-07-22 19:36:47,280 - INFO - Processing frame /2024_TUYZ_Online_Yarisma_Ana_Oturum_Test_omzseiku_Video/frame_000024.jpg with translation /2024_TUYZ_Online_Yarisma_Ana_Oturum_Test_omzseiku_Video/frame_000024.jpg
2024-07-22 19:36:47,280 - INFO - Downloading image from http://teknofest.cezerirobot.com:1025/media/2024_TUYZ_Online_Yarisma_Ana_Oturum_Test_omzseiku_Video/frame_000024.jpg...
2024-07-22 19:36:47,910 - INFO - Image saved to ./downloaded_frames/frames/2024_TUYZ_Online_Yarisma_Ana_Oturum_Test_omzseiku_Video/frame_000024.jpg
2024-07-22 19:36:54,717 - INFO - Sending prediction for frame http://teknofest.cezerirobot.com/frames/11108/...
2024-07-22 19:36:54,927 - ERROR - Failed to send prediction: {'detail': 'You have already sent a prediction for this frame.'}
