2024-07-22 19:39:39,557 - INFO - Authentication successful
2024-07-22 19:39:39,557 - INFO - Loading existing data...
2024-07-22 19:39:39,571 - INFO - SUNUCUYLA ÝLETÝÞÝM SÜRESÝ 0.39 saniye
2024-07-22 19:39:39,571 - INFO - Processing frame /2024_TUYZ_Online_Yarisma_Ana_Oturum_Test_omzseiku_Video/frame_000000.jpg with translation /2024_TUYZ_Online_Yarisma_Ana_Oturum_Test_omzseiku_Video/frame_000000.jpg
2024-07-22 19:39:39,571 - INFO - Image frame_000000.jpg already exists. Skipping...
2024-07-22 19:39:39,571 - INFO - Processing frame /2024_TUYZ_Online_Yarisma_Ana_Oturum_Test_omzseiku_Video/frame_000004.jpg with translation /2024_TUYZ_Online_Yarisma_Ana_Oturum_Test_omzseiku_Video/frame_000004.jpg
2024-07-22 19:39:39,575 - INFO - Image frame_000004.jpg already exists. Skipping...
2024-07-22 19:39:39,575 - INFO - Processing frame /2024_TUYZ_Online_Yarisma_Ana_Oturum_Test_omzseiku_Video/frame_000008.jpg with translation /2024_TUYZ_Online_Yarisma_Ana_Oturum_Test_omzseiku_Video/frame_000008.jpg
2024-07-22 19:39:39,575 - INFO - Image frame_000008.jpg already exists. Skipping...
2024-07-22 19:39:39,575 - INFO - Processing frame /2024_TUYZ_Online_Yarisma_Ana_Oturum_Test_omzseiku_Video/frame_000012.jpg with translation /2024_TUYZ_Online_Yarisma_Ana_Oturum_Test_omzseiku_Video/frame_000012.jpg
2024-07-22 19:39:39,576 - INFO - Image frame_000012.jpg already exists. Skipping...
2024-07-22 19:39:39,576 - INFO - Processing frame /2024_TUYZ_Online_Yarisma_Ana_Oturum_Test_omzseiku_Video/frame_000016.jpg with translation /2024_TUYZ_Online_Yarisma_Ana_Oturum_Test_omzseiku_Video/frame_000016.jpg
2024-07-22 19:39:39,576 - INFO - Image frame_000016.jpg already exists. Skipping...
2024-07-22 19:39:39,576 - INFO - Processing frame /2024_TUYZ_Online_Yarisma_Ana_Oturum_Test_omzseiku_Video/frame_000020.jpg with translation /2024_TUYZ_Online_Yarisma_Ana_Oturum_Test_omzseiku_Video/frame_000020.jpg
2024-07-22 19:39:39,577 - INFO - Image frame_000020.jpg already exists. Skipping...
2024-07-22 19:39:39,577 - INFO - Processing frame /2024_TUYZ_Online_Yarisma_Ana_Oturum_Test_omzseiku_Video/frame_000024.jpg with translation /2024_TUYZ_Online_Yarisma_Ana_Oturum_Test_omzseiku_Video/frame_000024.jpg
2024-07-22 19:39:39,577 - INFO - Image frame_000024.jpg already exists. Skipping...
2024-07-22 19:39:39,577 - INFO - Processing frame /2024_TUYZ_Online_Yarisma_Ana_Oturum_Test_omzseiku_Video/frame_000028.jpg with translation /2024_TUYZ_Online_Yarisma_Ana_Oturum_Test_omzseiku_Video/frame_000028.jpg
2024-07-22 19:39:39,577 - INFO - Image frame_000028.jpg already exists. Skipping...
2024-07-22 19:39:39,577 - INFO - Processing frame /2024_TUYZ_Online_Yarisma_Ana_Oturum_Test_omzseiku_Video/frame_000032.jpg with translation /2024_TUYZ_Online_Yarisma_Ana_Oturum_Test_omzseiku_Video/frame_000032.jpg
2024-07-22 19:39:39,578 - INFO - Image frame_000032.jpg already exists. Skipping...
2024-07-22 19:39:39,578 - INFO - Processing frame /2024_TUYZ_Online_Yarisma_Ana_Oturum_Test_omzseiku_Video/frame_000036.jpg with translation /2024_TUYZ_Online_Yarisma_Ana_Oturum_Test_omzseiku_Video/frame_000036.jpg
2024-07-22 19:39:39,578 - INFO - Image frame_000036.jpg already exists. Skipping...
2024-07-22 19:39:39,578 - INFO - Processing frame /2024_TUYZ_Online_Yarisma_Ana_Oturum_Test_omzseiku_Video/frame_000040.jpg with translation /2024_TUYZ_Online_Yarisma_Ana_Oturum_Test_omzseiku_Video/frame_000040.jpg
2024-07-22 19:39:39,578 - INFO - Downloading image from http://teknofest.cezerirobot.com:1025/media/2024_TUYZ_Online_Yarisma_Ana_Oturum_Test_omzseiku_Video/frame_000040.jpg...
2024-07-22 19:39:40,192 - INFO - Image saved to ./downloaded_frames/frames/2024_TUYZ_Online_Yarisma_Ana_Oturum_Test_omzseiku_Video/frame_000040.jpg
2024-07-22 19:39:46,830 - INFO - Sending prediction for frame http://teknofest.cezerirobot.com/frames/11112/...
2024-07-22 19:39:47,046 - ERROR - Failed to send prediction: {'detail': 'You have already sent a prediction for this frame.'}
