2024-07-23 17:19:14,685 - INFO - Authentication successful
2024-07-23 17:19:14,685 - INFO - Loading existing data...
2024-07-23 17:19:14,730 - INFO - SUNUCUYLA ÝLETÝÞÝM SÜRESÝ 0.54 saniye
2024-07-23 17:19:14,731 - INFO - Processing frame /2024_TUYZ_Online_Yarisma_Ana_Oturum_Test_omzseiku_Video/frame_000000.jpg with translation /2024_TUYZ_Online_Yarisma_Ana_Oturum_Test_omzseiku_Video/frame_000000.jpg
2024-07-23 17:19:14,731 - INFO - Image frame_000000.jpg already exists. Skipping...
2024-07-23 17:19:14,731 - INFO - Processing frame /2024_TUYZ_Online_Yarisma_Ana_Oturum_Test_omzseiku_Video/frame_000004.jpg with translation /2024_TUYZ_Online_Yarisma_Ana_Oturum_Test_omzseiku_Video/frame_000004.jpg
2024-07-23 17:19:14,732 - INFO - Image frame_000004.jpg already exists. Skipping...
2024-07-23 17:19:14,732 - INFO - Processing frame /2024_TUYZ_Online_Yarisma_Ana_Oturum_Test_omzseiku_Video/frame_000008.jpg with translation /2024_TUYZ_Online_Yarisma_Ana_Oturum_Test_omzseiku_Video/frame_000008.jpg
2024-07-23 17:19:14,732 - INFO - Image frame_000008.jpg already exists. Skipping...
2024-07-23 17:19:14,732 - INFO - Processing frame /2024_TUYZ_Online_Yarisma_Ana_Oturum_Test_omzseiku_Video/frame_000012.jpg with translation /2024_TUYZ_Online_Yarisma_Ana_Oturum_Test_omzseiku_Video/frame_000012.jpg
2024-07-23 17:19:14,733 - INFO - Image frame_000012.jpg already exists. Skipping...
2024-07-23 17:19:14,733 - INFO - Processing frame /2024_TUYZ_Online_Yarisma_Ana_Oturum_Test_omzseiku_Video/frame_000016.jpg with translation /2024_TUYZ_Online_Yarisma_Ana_Oturum_Test_omzseiku_Video/frame_000016.jpg
2024-07-23 17:19:14,733 - INFO - Image frame_000016.jpg already exists. Skipping...
2024-07-23 17:19:14,733 - INFO - Processing frame /2024_TUYZ_Online_Yarisma_Ana_Oturum_Test_omzseiku_Video/frame_000020.jpg with translation /2024_TUYZ_Online_Yarisma_Ana_Oturum_Test_omzseiku_Video/frame_000020.jpg
2024-07-23 17:19:14,733 - INFO - Image frame_000020.jpg already exists. Skipping...
2024-07-23 17:19:14,733 - INFO - Processing frame /2024_TUYZ_Online_Yarisma_Ana_Oturum_Test_omzseiku_Video/frame_000024.jpg with translation /2024_TUYZ_Online_Yarisma_Ana_Oturum_Test_omzseiku_Video/frame_000024.jpg
2024-07-23 17:19:14,734 - INFO - Image frame_000024.jpg already exists. Skipping...
2024-07-23 17:19:14,734 - INFO - Processing frame /2024_TUYZ_Online_Yarisma_Ana_Oturum_Test_omzseiku_Video/frame_000028.jpg with translation /2024_TUYZ_Online_Yarisma_Ana_Oturum_Test_omzseiku_Video/frame_000028.jpg
2024-07-23 17:19:14,734 - INFO - Image frame_000028.jpg already exists. Skipping...
2024-07-23 17:19:14,734 - INFO - Processing frame /2024_TUYZ_Online_Yarisma_Ana_Oturum_Test_omzseiku_Video/frame_000032.jpg with translation /2024_TUYZ_Online_Yarisma_Ana_Oturum_Test_omzseiku_Video/frame_000032.jpg
2024-07-23 17:19:14,735 - INFO - Image frame_000032.jpg already exists. Skipping...
2024-07-23 17:19:14,735 - INFO - Processing frame /2024_TUYZ_Online_Yarisma_Ana_Oturum_Test_omzseiku_Video/frame_000036.jpg with translation /2024_TUYZ_Online_Yarisma_Ana_Oturum_Test_omzseiku_Video/frame_000036.jpg
2024-07-23 17:19:14,735 - INFO - Image frame_000036.jpg already exists. Skipping...
2024-07-23 17:19:14,735 - INFO - Processing frame /2024_TUYZ_Online_Yarisma_Ana_Oturum_Test_omzseiku_Video/frame_000040.jpg with translation /2024_TUYZ_Online_Yarisma_Ana_Oturum_Test_omzseiku_Video/frame_000040.jpg
2024-07-23 17:19:14,736 - INFO - Image frame_000040.jpg already exists. Skipping...
2024-07-23 17:19:14,736 - INFO - Processing frame /2024_TUYZ_Online_Yarisma_Ana_Oturum_Test_omzseiku_Video/frame_000044.jpg with translation /2024_TUYZ_Online_Yarisma_Ana_Oturum_Test_omzseiku_Video/frame_000044.jpg
2024-07-23 17:19:14,736 - INFO - Image frame_000044.jpg already exists. Skipping...
2024-07-23 17:19:14,736 - INFO - Processing frame /2024_TUYZ_Online_Yarisma_Ana_Oturum_Test_omzseiku_Video/frame_000048.jpg with translation /2024_TUYZ_Online_Yarisma_Ana_Oturum_Test_omzseiku_Video/frame_000048.jpg
2024-07-23 17:19:14,736 - INFO - Image frame_000048.jpg already exists. Skipping...
2024-07-23 17:19:14,737 - INFO - Processing frame /2024_TUYZ_Online_Yarisma_Ana_Oturum_Test_omzseiku_Video/frame_000052.jpg with translation /2024_TUYZ_Online_Yarisma_Ana_Oturum_Test_omzseiku_Video/frame_000052.jpg
2024-07-23 17:19:14,737 - INFO - Image frame_000052.jpg already exists. Skipping...
2024-07-23 17:19:14,737 - INFO - Processing frame /2024_TUYZ_Online_Yarisma_Ana_Oturum_Test_omzseiku_Video/frame_000056.jpg with translation /2024_TUYZ_Online_Yarisma_Ana_Oturum_Test_omzseiku_Video/frame_000056.jpg
2024-07-23 17:19:14,738 - INFO - Image frame_000056.jpg already exists. Skipping...
2024-07-23 17:19:14,738 - INFO - Processing frame /2024_TUYZ_Online_Yarisma_Ana_Oturum_Test_omzseiku_Video/frame_000060.jpg with translation /2024_TUYZ_Online_Yarisma_Ana_Oturum_Test_omzseiku_Video/frame_000060.jpg
2024-07-23 17:19:14,738 - INFO - Image frame_000060.jpg already exists. Skipping...
2024-07-23 17:19:14,739 - INFO - Processing frame /2024_TUYZ_Online_Yarisma_Ana_Oturum_Test_omzseiku_Video/frame_000064.jpg with translation /2024_TUYZ_Online_Yarisma_Ana_Oturum_Test_omzseiku_Video/frame_000064.jpg
2024-07-23 17:19:14,739 - INFO - Image frame_000064.jpg already exists. Skipping...
2024-07-23 17:19:14,739 - INFO - Processing frame /2024_TUYZ_Online_Yarisma_Ana_Oturum_Test_omzseiku_Video/frame_000068.jpg with translation /2024_TUYZ_Online_Yarisma_Ana_Oturum_Test_omzseiku_Video/frame_000068.jpg
2024-07-23 17:19:14,740 - INFO - Image frame_000068.jpg already exists. Skipping...
2024-07-23 17:19:14,740 - INFO - Processing frame /2024_TUYZ_Online_Yarisma_Ana_Oturum_Test_omzseiku_Video/frame_000072.jpg with translation /2024_TUYZ_Online_Yarisma_Ana_Oturum_Test_omzseiku_Video/frame_000072.jpg
2024-07-23 17:19:14,740 - INFO - Image frame_000072.jpg already exists. Skipping...
2024-07-23 17:19:14,740 - INFO - Processing frame /2024_TUYZ_Online_Yarisma_Ana_Oturum_Test_omzseiku_Video/frame_000076.jpg with translation /2024_TUYZ_Online_Yarisma_Ana_Oturum_Test_omzseiku_Video/frame_000076.jpg
2024-07-23 17:19:14,741 - INFO - Image frame_000076.jpg already exists. Skipping...
2024-07-23 17:19:14,741 - INFO - Processing frame /2024_TUYZ_Online_Yarisma_Ana_Oturum_Test_omzseiku_Video/frame_000080.jpg with translation /2024_TUYZ_Online_Yarisma_Ana_Oturum_Test_omzseiku_Video/frame_000080.jpg
2024-07-23 17:19:14,741 - INFO - Image frame_000080.jpg already exists. Skipping...
2024-07-23 17:19:14,741 - INFO - Processing frame /2024_TUYZ_Online_Yarisma_Ana_Oturum_Test_omzseiku_Video/frame_000084.jpg with translation /2024_TUYZ_Online_Yarisma_Ana_Oturum_Test_omzseiku_Video/frame_000084.jpg
2024-07-23 17:19:14,743 - INFO - Image frame_000084.jpg already exists. Skipping...
2024-07-23 17:19:14,743 - INFO - Processing frame /2024_TUYZ_Online_Yarisma_Ana_Oturum_Test_omzseiku_Video/frame_000088.jpg with translation /2024_TUYZ_Online_Yarisma_Ana_Oturum_Test_omzseiku_Video/frame_000088.jpg
2024-07-23 17:19:14,743 - INFO - Image frame_000088.jpg already exists. Skipping...
2024-07-23 17:19:14,744 - INFO - Processing frame /2024_TUYZ_Online_Yarisma_Ana_Oturum_Test_omzseiku_Video/frame_000092.jpg with translation /2024_TUYZ_Online_Yarisma_Ana_Oturum_Test_omzseiku_Video/frame_000092.jpg
2024-07-23 17:19:14,744 - INFO - Image frame_000092.jpg already exists. Skipping...
2024-07-23 17:19:14,744 - INFO - Processing frame /2024_TUYZ_Online_Yarisma_Ana_Oturum_Test_omzseiku_Video/frame_000096.jpg with translation /2024_TUYZ_Online_Yarisma_Ana_Oturum_Test_omzseiku_Video/frame_000096.jpg
2024-07-23 17:19:14,744 - INFO - Image frame_000096.jpg already exists. Skipping...
2024-07-23 17:19:14,744 - INFO - Processing frame /2024_TUYZ_Online_Yarisma_Ana_Oturum_Test_omzseiku_Video/frame_000100.jpg with translation /2024_TUYZ_Online_Yarisma_Ana_Oturum_Test_omzseiku_Video/frame_000100.jpg
2024-07-23 17:19:14,745 - INFO - Image frame_000100.jpg already exists. Skipping...
2024-07-23 17:19:14,745 - INFO - Processing frame /2024_TUYZ_Online_Yarisma_Ana_Oturum_Test_omzseiku_Video/frame_000104.jpg with translation /2024_TUYZ_Online_Yarisma_Ana_Oturum_Test_omzseiku_Video/frame_000104.jpg
2024-07-23 17:19:14,745 - INFO - Image frame_000104.jpg already exists. Skipping...
2024-07-23 17:19:14,745 - INFO - Processing frame /2024_TUYZ_Online_Yarisma_Ana_Oturum_Test_omzseiku_Video/frame_000108.jpg with translation /2024_TUYZ_Online_Yarisma_Ana_Oturum_Test_omzseiku_Video/frame_000108.jpg
2024-07-23 17:19:14,746 - INFO - Image frame_000108.jpg already exists. Skipping...
2024-07-23 17:19:14,746 - INFO - Processing frame /2024_TUYZ_Online_Yarisma_Ana_Oturum_Test_omzseiku_Video/frame_000112.jpg with translation /2024_TUYZ_Online_Yarisma_Ana_Oturum_Test_omzseiku_Video/frame_000112.jpg
2024-07-23 17:19:14,746 - INFO - Image frame_000112.jpg already exists. Skipping...
2024-07-23 17:19:14,746 - INFO - Processing frame /2024_TUYZ_Online_Yarisma_Ana_Oturum_Test_omzseiku_Video/frame_000116.jpg with translation /2024_TUYZ_Online_Yarisma_Ana_Oturum_Test_omzseiku_Video/frame_000116.jpg
2024-07-23 17:19:14,747 - INFO - Image frame_000116.jpg already exists. Skipping...
2024-07-23 17:19:14,747 - INFO - Processing frame /2024_TUYZ_Online_Yarisma_Ana_Oturum_Test_omzseiku_Video/frame_000120.jpg with translation /2024_TUYZ_Online_Yarisma_Ana_Oturum_Test_omzseiku_Video/frame_000120.jpg
2024-07-23 17:19:14,747 - INFO - Image frame_000120.jpg already exists. Skipping...
2024-07-23 17:19:14,747 - INFO - Processing frame /2024_TUYZ_Online_Yarisma_Ana_Oturum_Test_omzseiku_Video/frame_000124.jpg with translation /2024_TUYZ_Online_Yarisma_Ana_Oturum_Test_omzseiku_Video/frame_000124.jpg
2024-07-23 17:19:14,747 - INFO - Image frame_000124.jpg already exists. Skipping...
2024-07-23 17:19:14,748 - INFO - Processing frame /2024_TUYZ_Online_Yarisma_Ana_Oturum_Test_omzseiku_Video/frame_000128.jpg with translation /2024_TUYZ_Online_Yarisma_Ana_Oturum_Test_omzseiku_Video/frame_000128.jpg
2024-07-23 17:19:14,748 - INFO - Image frame_000128.jpg already exists. Skipping...
2024-07-23 17:19:14,748 - INFO - Processing frame /2024_TUYZ_Online_Yarisma_Ana_Oturum_Test_omzseiku_Video/frame_000132.jpg with translation /2024_TUYZ_Online_Yarisma_Ana_Oturum_Test_omzseiku_Video/frame_000132.jpg
2024-07-23 17:19:14,748 - INFO - Image frame_000132.jpg already exists. Skipping...
2024-07-23 17:19:14,748 - INFO - Processing frame /2024_TUYZ_Online_Yarisma_Ana_Oturum_Test_omzseiku_Video/frame_000136.jpg with translation /2024_TUYZ_Online_Yarisma_Ana_Oturum_Test_omzseiku_Video/frame_000136.jpg
2024-07-23 17:19:14,749 - INFO - Image frame_000136.jpg already exists. Skipping...
2024-07-23 17:19:14,749 - INFO - Processing frame /2024_TUYZ_Online_Yarisma_Ana_Oturum_Test_omzseiku_Video/frame_000140.jpg with translation /2024_TUYZ_Online_Yarisma_Ana_Oturum_Test_omzseiku_Video/frame_000140.jpg
2024-07-23 17:19:14,749 - INFO - Image frame_000140.jpg already exists. Skipping...
2024-07-23 17:19:14,749 - INFO - Processing frame /2024_TUYZ_Online_Yarisma_Ana_Oturum_Test_omzseiku_Video/frame_000144.jpg with translation /2024_TUYZ_Online_Yarisma_Ana_Oturum_Test_omzseiku_Video/frame_000144.jpg
2024-07-23 17:19:14,750 - INFO - Image frame_000144.jpg already exists. Skipping...
2024-07-23 17:19:14,750 - INFO - Processing frame /2024_TUYZ_Online_Yarisma_Ana_Oturum_Test_omzseiku_Video/frame_000148.jpg with translation /2024_TUYZ_Online_Yarisma_Ana_Oturum_Test_omzseiku_Video/frame_000148.jpg
2024-07-23 17:19:14,750 - INFO - Image frame_000148.jpg already exists. Skipping...
2024-07-23 17:19:14,750 - INFO - Processing frame /2024_TUYZ_Online_Yarisma_Ana_Oturum_Test_omzseiku_Video/frame_000152.jpg with translation /2024_TUYZ_Online_Yarisma_Ana_Oturum_Test_omzseiku_Video/frame_000152.jpg
2024-07-23 17:19:14,751 - INFO - Image frame_000152.jpg already exists. Skipping...
2024-07-23 17:19:14,751 - INFO - Processing frame /2024_TUYZ_Online_Yarisma_Ana_Oturum_Test_omzseiku_Video/frame_000156.jpg with translation /2024_TUYZ_Online_Yarisma_Ana_Oturum_Test_omzseiku_Video/frame_000156.jpg
2024-07-23 17:19:14,751 - INFO - Image frame_000156.jpg already exists. Skipping...
2024-07-23 17:19:14,751 - INFO - Processing frame /2024_TUYZ_Online_Yarisma_Ana_Oturum_Test_omzseiku_Video/frame_000160.jpg with translation /2024_TUYZ_Online_Yarisma_Ana_Oturum_Test_omzseiku_Video/frame_000160.jpg
2024-07-23 17:19:14,751 - INFO - Image frame_000160.jpg already exists. Skipping...
2024-07-23 17:19:14,752 - INFO - Processing frame /2024_TUYZ_Online_Yarisma_Ana_Oturum_Test_omzseiku_Video/frame_000164.jpg with translation /2024_TUYZ_Online_Yarisma_Ana_Oturum_Test_omzseiku_Video/frame_000164.jpg
2024-07-23 17:19:14,752 - INFO - Image frame_000164.jpg already exists. Skipping...
2024-07-23 17:19:14,752 - INFO - Processing frame /2024_TUYZ_Online_Yarisma_Ana_Oturum_Test_omzseiku_Video/frame_000168.jpg with translation /2024_TUYZ_Online_Yarisma_Ana_Oturum_Test_omzseiku_Video/frame_000168.jpg
2024-07-23 17:19:14,752 - INFO - Image frame_000168.jpg already exists. Skipping...
2024-07-23 17:19:14,752 - INFO - Processing frame /2024_TUYZ_Online_Yarisma_Ana_Oturum_Test_omzseiku_Video/frame_000172.jpg with translation /2024_TUYZ_Online_Yarisma_Ana_Oturum_Test_omzseiku_Video/frame_000172.jpg
2024-07-23 17:19:14,753 - INFO - Image frame_000172.jpg already exists. Skipping...
2024-07-23 17:19:14,753 - INFO - Processing frame /2024_TUYZ_Online_Yarisma_Ana_Oturum_Test_omzseiku_Video/frame_000176.jpg with translation /2024_TUYZ_Online_Yarisma_Ana_Oturum_Test_omzseiku_Video/frame_000176.jpg
2024-07-23 17:19:14,753 - INFO - Image frame_000176.jpg already exists. Skipping...
2024-07-23 17:19:14,753 - INFO - Processing frame /2024_TUYZ_Online_Yarisma_Ana_Oturum_Test_omzseiku_Video/frame_000180.jpg with translation /2024_TUYZ_Online_Yarisma_Ana_Oturum_Test_omzseiku_Video/frame_000180.jpg
2024-07-23 17:19:14,754 - INFO - Image frame_000180.jpg already exists. Skipping...
2024-07-23 17:19:14,754 - INFO - Processing frame /2024_TUYZ_Online_Yarisma_Ana_Oturum_Test_omzseiku_Video/frame_000184.jpg with translation /2024_TUYZ_Online_Yarisma_Ana_Oturum_Test_omzseiku_Video/frame_000184.jpg
2024-07-23 17:19:14,754 - INFO - Image frame_000184.jpg already exists. Skipping...
2024-07-23 17:19:14,754 - INFO - Processing frame /2024_TUYZ_Online_Yarisma_Ana_Oturum_Test_omzseiku_Video/frame_000188.jpg with translation /2024_TUYZ_Online_Yarisma_Ana_Oturum_Test_omzseiku_Video/frame_000188.jpg
2024-07-23 17:19:14,754 - INFO - Image frame_000188.jpg already exists. Skipping...
2024-07-23 17:19:14,754 - INFO - Processing frame /2024_TUYZ_Online_Yarisma_Ana_Oturum_Test_omzseiku_Video/frame_000192.jpg with translation /2024_TUYZ_Online_Yarisma_Ana_Oturum_Test_omzseiku_Video/frame_000192.jpg
2024-07-23 17:19:14,755 - INFO - Image frame_000192.jpg already exists. Skipping...
2024-07-23 17:19:14,755 - INFO - Processing frame /2024_TUYZ_Online_Yarisma_Ana_Oturum_Test_omzseiku_Video/frame_000196.jpg with translation /2024_TUYZ_Online_Yarisma_Ana_Oturum_Test_omzseiku_Video/frame_000196.jpg
2024-07-23 17:19:14,755 - INFO - Image frame_000196.jpg already exists. Skipping...
2024-07-23 17:19:14,755 - INFO - Processing frame /2024_TUYZ_Online_Yarisma_Ana_Oturum_Test_omzseiku_Video/frame_000200.jpg with translation /2024_TUYZ_Online_Yarisma_Ana_Oturum_Test_omzseiku_Video/frame_000200.jpg
2024-07-23 17:19:14,755 - INFO - Image frame_000200.jpg already exists. Skipping...
2024-07-23 17:19:14,755 - INFO - Processing frame /2024_TUYZ_Online_Yarisma_Ana_Oturum_Test_omzseiku_Video/frame_000204.jpg with translation /2024_TUYZ_Online_Yarisma_Ana_Oturum_Test_omzseiku_Video/frame_000204.jpg
2024-07-23 17:19:14,756 - INFO - Image frame_000204.jpg already exists. Skipping...
2024-07-23 17:19:14,756 - INFO - Processing frame /2024_TUYZ_Online_Yarisma_Ana_Oturum_Test_omzseiku_Video/frame_000208.jpg with translation /2024_TUYZ_Online_Yarisma_Ana_Oturum_Test_omzseiku_Video/frame_000208.jpg
2024-07-23 17:19:14,756 - INFO - Image frame_000208.jpg already exists. Skipping...
2024-07-23 17:19:14,756 - INFO - Processing frame /2024_TUYZ_Online_Yarisma_Ana_Oturum_Test_omzseiku_Video/frame_000212.jpg with translation /2024_TUYZ_Online_Yarisma_Ana_Oturum_Test_omzseiku_Video/frame_000212.jpg
2024-07-23 17:19:14,756 - INFO - Image frame_000212.jpg already exists. Skipping...
2024-07-23 17:19:14,757 - INFO - Processing frame /2024_TUYZ_Online_Yarisma_Ana_Oturum_Test_omzseiku_Video/frame_000216.jpg with translation /2024_TUYZ_Online_Yarisma_Ana_Oturum_Test_omzseiku_Video/frame_000216.jpg
2024-07-23 17:19:14,757 - INFO - Image frame_000216.jpg already exists. Skipping...
2024-07-23 17:19:14,757 - INFO - Processing frame /2024_TUYZ_Online_Yarisma_Ana_Oturum_Test_omzseiku_Video/frame_000220.jpg with translation /2024_TUYZ_Online_Yarisma_Ana_Oturum_Test_omzseiku_Video/frame_000220.jpg
2024-07-23 17:19:14,757 - INFO - Image frame_000220.jpg already exists. Skipping...
2024-07-23 17:19:14,757 - INFO - Processing frame /2024_TUYZ_Online_Yarisma_Ana_Oturum_Test_omzseiku_Video/frame_000224.jpg with translation /2024_TUYZ_Online_Yarisma_Ana_Oturum_Test_omzseiku_Video/frame_000224.jpg
2024-07-23 17:19:14,758 - INFO - Image frame_000224.jpg already exists. Skipping...
2024-07-23 17:19:14,758 - INFO - Processing frame /2024_TUYZ_Online_Yarisma_Ana_Oturum_Test_omzseiku_Video/frame_000228.jpg with translation /2024_TUYZ_Online_Yarisma_Ana_Oturum_Test_omzseiku_Video/frame_000228.jpg
2024-07-23 17:19:14,758 - INFO - Image frame_000228.jpg already exists. Skipping...
2024-07-23 17:19:14,758 - INFO - Processing frame /2024_TUYZ_Online_Yarisma_Ana_Oturum_Test_omzseiku_Video/frame_000232.jpg with translation /2024_TUYZ_Online_Yarisma_Ana_Oturum_Test_omzseiku_Video/frame_000232.jpg
2024-07-23 17:19:14,758 - INFO - Image frame_000232.jpg already exists. Skipping...
2024-07-23 17:19:14,758 - INFO - Processing frame /2024_TUYZ_Online_Yarisma_Ana_Oturum_Test_omzseiku_Video/frame_000236.jpg with translation /2024_TUYZ_Online_Yarisma_Ana_Oturum_Test_omzseiku_Video/frame_000236.jpg
2024-07-23 17:19:14,759 - INFO - Image frame_000236.jpg already exists. Skipping...
2024-07-23 17:19:14,759 - INFO - Processing frame /2024_TUYZ_Online_Yarisma_Ana_Oturum_Test_omzseiku_Video/frame_000240.jpg with translation /2024_TUYZ_Online_Yarisma_Ana_Oturum_Test_omzseiku_Video/frame_000240.jpg
2024-07-23 17:19:14,759 - INFO - Image frame_000240.jpg already exists. Skipping...
2024-07-23 17:19:14,759 - INFO - Processing frame /2024_TUYZ_Online_Yarisma_Ana_Oturum_Test_omzseiku_Video/frame_000244.jpg with translation /2024_TUYZ_Online_Yarisma_Ana_Oturum_Test_omzseiku_Video/frame_000244.jpg
2024-07-23 17:19:14,760 - INFO - Image frame_000244.jpg already exists. Skipping...
2024-07-23 17:19:14,760 - INFO - Processing frame /2024_TUYZ_Online_Yarisma_Ana_Oturum_Test_omzseiku_Video/frame_000248.jpg with translation /2024_TUYZ_Online_Yarisma_Ana_Oturum_Test_omzseiku_Video/frame_000248.jpg
2024-07-23 17:19:14,760 - INFO - Image frame_000248.jpg already exists. Skipping...
2024-07-23 17:19:14,760 - INFO - Processing frame /2024_TUYZ_Online_Yarisma_Ana_Oturum_Test_omzseiku_Video/frame_000252.jpg with translation /2024_TUYZ_Online_Yarisma_Ana_Oturum_Test_omzseiku_Video/frame_000252.jpg
2024-07-23 17:19:14,760 - INFO - Image frame_000252.jpg already exists. Skipping...
2024-07-23 17:19:14,760 - INFO - Processing frame /2024_TUYZ_Online_Yarisma_Ana_Oturum_Test_omzseiku_Video/frame_000256.jpg with translation /2024_TUYZ_Online_Yarisma_Ana_Oturum_Test_omzseiku_Video/frame_000256.jpg
2024-07-23 17:19:14,761 - INFO - Image frame_000256.jpg already exists. Skipping...
2024-07-23 17:19:14,761 - INFO - Processing frame /2024_TUYZ_Online_Yarisma_Ana_Oturum_Test_omzseiku_Video/frame_000260.jpg with translation /2024_TUYZ_Online_Yarisma_Ana_Oturum_Test_omzseiku_Video/frame_000260.jpg
2024-07-23 17:19:14,761 - INFO - Image frame_000260.jpg already exists. Skipping...
2024-07-23 17:19:14,761 - INFO - Processing frame /2024_TUYZ_Online_Yarisma_Ana_Oturum_Test_omzseiku_Video/frame_000264.jpg with translation /2024_TUYZ_Online_Yarisma_Ana_Oturum_Test_omzseiku_Video/frame_000264.jpg
2024-07-23 17:19:14,763 - INFO - Image frame_000264.jpg already exists. Skipping...
2024-07-23 17:19:14,763 - INFO - Processing frame /2024_TUYZ_Online_Yarisma_Ana_Oturum_Test_omzseiku_Video/frame_000268.jpg with translation /2024_TUYZ_Online_Yarisma_Ana_Oturum_Test_omzseiku_Video/frame_000268.jpg
2024-07-23 17:19:14,763 - INFO - Image frame_000268.jpg already exists. Skipping...
2024-07-23 17:19:14,763 - INFO - Processing frame /2024_TUYZ_Online_Yarisma_Ana_Oturum_Test_omzseiku_Video/frame_000272.jpg with translation /2024_TUYZ_Online_Yarisma_Ana_Oturum_Test_omzseiku_Video/frame_000272.jpg
2024-07-23 17:19:14,764 - INFO - Image frame_000272.jpg already exists. Skipping...
2024-07-23 17:19:14,764 - INFO - Processing frame /2024_TUYZ_Online_Yarisma_Ana_Oturum_Test_omzseiku_Video/frame_000276.jpg with translation /2024_TUYZ_Online_Yarisma_Ana_Oturum_Test_omzseiku_Video/frame_000276.jpg
2024-07-23 17:19:14,764 - INFO - Image frame_000276.jpg already exists. Skipping...
2024-07-23 17:19:14,764 - INFO - Processing frame /2024_TUYZ_Online_Yarisma_Ana_Oturum_Test_omzseiku_Video/frame_000280.jpg with translation /2024_TUYZ_Online_Yarisma_Ana_Oturum_Test_omzseiku_Video/frame_000280.jpg
2024-07-23 17:19:14,765 - INFO - Image frame_000280.jpg already exists. Skipping...
2024-07-23 17:19:14,765 - INFO - Processing frame /2024_TUYZ_Online_Yarisma_Ana_Oturum_Test_omzseiku_Video/frame_000284.jpg with translation /2024_TUYZ_Online_Yarisma_Ana_Oturum_Test_omzseiku_Video/frame_000284.jpg
2024-07-23 17:19:14,765 - INFO - Image frame_000284.jpg already exists. Skipping...
2024-07-23 17:19:14,765 - INFO - Processing frame /2024_TUYZ_Online_Yarisma_Ana_Oturum_Test_omzseiku_Video/frame_000288.jpg with translation /2024_TUYZ_Online_Yarisma_Ana_Oturum_Test_omzseiku_Video/frame_000288.jpg
2024-07-23 17:19:14,766 - INFO - Image frame_000288.jpg already exists. Skipping...
2024-07-23 17:19:14,766 - INFO - Processing frame /2024_TUYZ_Online_Yarisma_Ana_Oturum_Test_omzseiku_Video/frame_000292.jpg with translation /2024_TUYZ_Online_Yarisma_Ana_Oturum_Test_omzseiku_Video/frame_000292.jpg
2024-07-23 17:19:14,766 - INFO - Image frame_000292.jpg already exists. Skipping...
2024-07-23 17:19:14,766 - INFO - Processing frame /2024_TUYZ_Online_Yarisma_Ana_Oturum_Test_omzseiku_Video/frame_000296.jpg with translation /2024_TUYZ_Online_Yarisma_Ana_Oturum_Test_omzseiku_Video/frame_000296.jpg
2024-07-23 17:19:14,766 - INFO - Image frame_000296.jpg already exists. Skipping...
2024-07-23 17:19:14,767 - INFO - Processing frame /2024_TUYZ_Online_Yarisma_Ana_Oturum_Test_omzseiku_Video/frame_000300.jpg with translation /2024_TUYZ_Online_Yarisma_Ana_Oturum_Test_omzseiku_Video/frame_000300.jpg
2024-07-23 17:19:14,767 - INFO - Image frame_000300.jpg already exists. Skipping...
2024-07-23 17:19:14,767 - INFO - Processing frame /2024_TUYZ_Online_Yarisma_Ana_Oturum_Test_omzseiku_Video/frame_000304.jpg with translation /2024_TUYZ_Online_Yarisma_Ana_Oturum_Test_omzseiku_Video/frame_000304.jpg
2024-07-23 17:19:14,767 - INFO - Image frame_000304.jpg already exists. Skipping...
2024-07-23 17:19:14,767 - INFO - Processing frame /2024_TUYZ_Online_Yarisma_Ana_Oturum_Test_omzseiku_Video/frame_000308.jpg with translation /2024_TUYZ_Online_Yarisma_Ana_Oturum_Test_omzseiku_Video/frame_000308.jpg
2024-07-23 17:19:14,768 - INFO - Image frame_000308.jpg already exists. Skipping...
2024-07-23 17:19:14,768 - INFO - Processing frame /2024_TUYZ_Online_Yarisma_Ana_Oturum_Test_omzseiku_Video/frame_000312.jpg with translation /2024_TUYZ_Online_Yarisma_Ana_Oturum_Test_omzseiku_Video/frame_000312.jpg
2024-07-23 17:19:14,768 - INFO - Image frame_000312.jpg already exists. Skipping...
2024-07-23 17:19:14,768 - INFO - Processing frame /2024_TUYZ_Online_Yarisma_Ana_Oturum_Test_omzseiku_Video/frame_000316.jpg with translation /2024_TUYZ_Online_Yarisma_Ana_Oturum_Test_omzseiku_Video/frame_000316.jpg
2024-07-23 17:19:14,769 - INFO - Image frame_000316.jpg already exists. Skipping...
2024-07-23 17:19:14,769 - INFO - Processing frame /2024_TUYZ_Online_Yarisma_Ana_Oturum_Test_omzseiku_Video/frame_000320.jpg with translation /2024_TUYZ_Online_Yarisma_Ana_Oturum_Test_omzseiku_Video/frame_000320.jpg
2024-07-23 17:19:14,769 - INFO - Image frame_000320.jpg already exists. Skipping...
2024-07-23 17:19:14,769 - INFO - Processing frame /2024_TUYZ_Online_Yarisma_Ana_Oturum_Test_omzseiku_Video/frame_000324.jpg with translation /2024_TUYZ_Online_Yarisma_Ana_Oturum_Test_omzseiku_Video/frame_000324.jpg
2024-07-23 17:19:14,770 - INFO - Image frame_000324.jpg already exists. Skipping...
2024-07-23 17:19:14,770 - INFO - Processing frame /2024_TUYZ_Online_Yarisma_Ana_Oturum_Test_omzseiku_Video/frame_000328.jpg with translation /2024_TUYZ_Online_Yarisma_Ana_Oturum_Test_omzseiku_Video/frame_000328.jpg
2024-07-23 17:19:14,770 - INFO - Image frame_000328.jpg already exists. Skipping...
2024-07-23 17:19:14,770 - INFO - Processing frame /2024_TUYZ_Online_Yarisma_Ana_Oturum_Test_omzseiku_Video/frame_000332.jpg with translation /2024_TUYZ_Online_Yarisma_Ana_Oturum_Test_omzseiku_Video/frame_000332.jpg
2024-07-23 17:19:14,771 - INFO - Image frame_000332.jpg already exists. Skipping...
2024-07-23 17:19:14,771 - INFO - Processing frame /2024_TUYZ_Online_Yarisma_Ana_Oturum_Test_omzseiku_Video/frame_000336.jpg with translation /2024_TUYZ_Online_Yarisma_Ana_Oturum_Test_omzseiku_Video/frame_000336.jpg
2024-07-23 17:19:14,771 - INFO - Image frame_000336.jpg already exists. Skipping...
2024-07-23 17:19:14,771 - INFO - Processing frame /2024_TUYZ_Online_Yarisma_Ana_Oturum_Test_omzseiku_Video/frame_000340.jpg with translation /2024_TUYZ_Online_Yarisma_Ana_Oturum_Test_omzseiku_Video/frame_000340.jpg
2024-07-23 17:19:14,772 - INFO - Image frame_000340.jpg already exists. Skipping...
2024-07-23 17:19:14,772 - INFO - Processing frame /2024_TUYZ_Online_Yarisma_Ana_Oturum_Test_omzseiku_Video/frame_000344.jpg with translation /2024_TUYZ_Online_Yarisma_Ana_Oturum_Test_omzseiku_Video/frame_000344.jpg
2024-07-23 17:19:14,772 - INFO - Image frame_000344.jpg already exists. Skipping...
2024-07-23 17:19:14,772 - INFO - Processing frame /2024_TUYZ_Online_Yarisma_Ana_Oturum_Test_omzseiku_Video/frame_000348.jpg with translation /2024_TUYZ_Online_Yarisma_Ana_Oturum_Test_omzseiku_Video/frame_000348.jpg
2024-07-23 17:19:14,773 - INFO - Image frame_000348.jpg already exists. Skipping...
2024-07-23 17:19:14,773 - INFO - Processing frame /2024_TUYZ_Online_Yarisma_Ana_Oturum_Test_omzseiku_Video/frame_000352.jpg with translation /2024_TUYZ_Online_Yarisma_Ana_Oturum_Test_omzseiku_Video/frame_000352.jpg
2024-07-23 17:19:14,773 - INFO - Image frame_000352.jpg already exists. Skipping...
2024-07-23 17:19:14,773 - INFO - Processing frame /2024_TUYZ_Online_Yarisma_Ana_Oturum_Test_omzseiku_Video/frame_000356.jpg with translation /2024_TUYZ_Online_Yarisma_Ana_Oturum_Test_omzseiku_Video/frame_000356.jpg
2024-07-23 17:19:14,773 - INFO - Image frame_000356.jpg already exists. Skipping...
2024-07-23 17:19:14,773 - INFO - Processing frame /2024_TUYZ_Online_Yarisma_Ana_Oturum_Test_omzseiku_Video/frame_000360.jpg with translation /2024_TUYZ_Online_Yarisma_Ana_Oturum_Test_omzseiku_Video/frame_000360.jpg
2024-07-23 17:19:14,775 - INFO - Image frame_000360.jpg already exists. Skipping...
2024-07-23 17:19:14,775 - INFO - Processing frame /2024_TUYZ_Online_Yarisma_Ana_Oturum_Test_omzseiku_Video/frame_000364.jpg with translation /2024_TUYZ_Online_Yarisma_Ana_Oturum_Test_omzseiku_Video/frame_000364.jpg
2024-07-23 17:19:14,775 - INFO - Image frame_000364.jpg already exists. Skipping...
2024-07-23 17:19:14,775 - INFO - Processing frame /2024_TUYZ_Online_Yarisma_Ana_Oturum_Test_omzseiku_Video/frame_000368.jpg with translation /2024_TUYZ_Online_Yarisma_Ana_Oturum_Test_omzseiku_Video/frame_000368.jpg
2024-07-23 17:19:14,776 - INFO - Image frame_000368.jpg already exists. Skipping...
2024-07-23 17:19:14,776 - INFO - Processing frame /2024_TUYZ_Online_Yarisma_Ana_Oturum_Test_omzseiku_Video/frame_000372.jpg with translation /2024_TUYZ_Online_Yarisma_Ana_Oturum_Test_omzseiku_Video/frame_000372.jpg
2024-07-23 17:19:14,776 - INFO - Image frame_000372.jpg already exists. Skipping...
2024-07-23 17:19:14,776 - INFO - Processing frame /2024_TUYZ_Online_Yarisma_Ana_Oturum_Test_omzseiku_Video/frame_000376.jpg with translation /2024_TUYZ_Online_Yarisma_Ana_Oturum_Test_omzseiku_Video/frame_000376.jpg
2024-07-23 17:19:14,776 - INFO - Image frame_000376.jpg already exists. Skipping...
2024-07-23 17:19:14,778 - INFO - Processing frame /2024_TUYZ_Online_Yarisma_Ana_Oturum_Test_omzseiku_Video/frame_000380.jpg with translation /2024_TUYZ_Online_Yarisma_Ana_Oturum_Test_omzseiku_Video/frame_000380.jpg
2024-07-23 17:19:14,778 - INFO - Image frame_000380.jpg already exists. Skipping...
2024-07-23 17:19:14,778 - INFO - Processing frame /2024_TUYZ_Online_Yarisma_Ana_Oturum_Test_omzseiku_Video/frame_000384.jpg with translation /2024_TUYZ_Online_Yarisma_Ana_Oturum_Test_omzseiku_Video/frame_000384.jpg
2024-07-23 17:19:14,778 - INFO - Image frame_000384.jpg already exists. Skipping...
2024-07-23 17:19:14,778 - INFO - Processing frame /2024_TUYZ_Online_Yarisma_Ana_Oturum_Test_omzseiku_Video/frame_000388.jpg with translation /2024_TUYZ_Online_Yarisma_Ana_Oturum_Test_omzseiku_Video/frame_000388.jpg
2024-07-23 17:19:14,778 - INFO - Image frame_000388.jpg already exists. Skipping...
2024-07-23 17:19:14,778 - INFO - Processing frame /2024_TUYZ_Online_Yarisma_Ana_Oturum_Test_omzseiku_Video/frame_000392.jpg with translation /2024_TUYZ_Online_Yarisma_Ana_Oturum_Test_omzseiku_Video/frame_000392.jpg
2024-07-23 17:19:14,778 - INFO - Image frame_000392.jpg already exists. Skipping...
2024-07-23 17:19:14,779 - INFO - Processing frame /2024_TUYZ_Online_Yarisma_Ana_Oturum_Test_omzseiku_Video/frame_000396.jpg with translation /2024_TUYZ_Online_Yarisma_Ana_Oturum_Test_omzseiku_Video/frame_000396.jpg
2024-07-23 17:19:14,779 - INFO - Image frame_000396.jpg already exists. Skipping...
2024-07-23 17:19:14,779 - INFO - Processing frame /2024_TUYZ_Online_Yarisma_Ana_Oturum_Test_omzseiku_Video/frame_000400.jpg with translation /2024_TUYZ_Online_Yarisma_Ana_Oturum_Test_omzseiku_Video/frame_000400.jpg
2024-07-23 17:19:14,780 - INFO - Image frame_000400.jpg already exists. Skipping...
2024-07-23 17:19:14,780 - INFO - Processing frame /2024_TUYZ_Online_Yarisma_Ana_Oturum_Test_omzseiku_Video/frame_000404.jpg with translation /2024_TUYZ_Online_Yarisma_Ana_Oturum_Test_omzseiku_Video/frame_000404.jpg
2024-07-23 17:19:14,780 - INFO - Image frame_000404.jpg already exists. Skipping...
2024-07-23 17:19:14,781 - INFO - Processing frame /2024_TUYZ_Online_Yarisma_Ana_Oturum_Test_omzseiku_Video/frame_000408.jpg with translation /2024_TUYZ_Online_Yarisma_Ana_Oturum_Test_omzseiku_Video/frame_000408.jpg
2024-07-23 17:19:14,781 - INFO - Image frame_000408.jpg already exists. Skipping...
2024-07-23 17:19:14,781 - INFO - Processing frame /2024_TUYZ_Online_Yarisma_Ana_Oturum_Test_omzseiku_Video/frame_000412.jpg with translation /2024_TUYZ_Online_Yarisma_Ana_Oturum_Test_omzseiku_Video/frame_000412.jpg
2024-07-23 17:19:14,782 - INFO - Image frame_000412.jpg already exists. Skipping...
2024-07-23 17:19:14,782 - INFO - Processing frame /2024_TUYZ_Online_Yarisma_Ana_Oturum_Test_omzseiku_Video/frame_000416.jpg with translation /2024_TUYZ_Online_Yarisma_Ana_Oturum_Test_omzseiku_Video/frame_000416.jpg
2024-07-23 17:19:14,782 - INFO - Image frame_000416.jpg already exists. Skipping...
2024-07-23 17:19:14,783 - INFO - Processing frame /2024_TUYZ_Online_Yarisma_Ana_Oturum_Test_omzseiku_Video/frame_000420.jpg with translation /2024_TUYZ_Online_Yarisma_Ana_Oturum_Test_omzseiku_Video/frame_000420.jpg
2024-07-23 17:19:14,783 - INFO - Image frame_000420.jpg already exists. Skipping...
2024-07-23 17:19:14,783 - INFO - Processing frame /2024_TUYZ_Online_Yarisma_Ana_Oturum_Test_omzseiku_Video/frame_000424.jpg with translation /2024_TUYZ_Online_Yarisma_Ana_Oturum_Test_omzseiku_Video/frame_000424.jpg
2024-07-23 17:19:14,784 - INFO - Image frame_000424.jpg already exists. Skipping...
2024-07-23 17:19:14,784 - INFO - Processing frame /2024_TUYZ_Online_Yarisma_Ana_Oturum_Test_omzseiku_Video/frame_000428.jpg with translation /2024_TUYZ_Online_Yarisma_Ana_Oturum_Test_omzseiku_Video/frame_000428.jpg
2024-07-23 17:19:14,784 - INFO - Image frame_000428.jpg already exists. Skipping...
2024-07-23 17:19:14,785 - INFO - Processing frame /2024_TUYZ_Online_Yarisma_Ana_Oturum_Test_omzseiku_Video/frame_000432.jpg with translation /2024_TUYZ_Online_Yarisma_Ana_Oturum_Test_omzseiku_Video/frame_000432.jpg
2024-07-23 17:19:14,785 - INFO - Image frame_000432.jpg already exists. Skipping...
2024-07-23 17:19:14,785 - INFO - Processing frame /2024_TUYZ_Online_Yarisma_Ana_Oturum_Test_omzseiku_Video/frame_000436.jpg with translation /2024_TUYZ_Online_Yarisma_Ana_Oturum_Test_omzseiku_Video/frame_000436.jpg
2024-07-23 17:19:14,786 - INFO - Image frame_000436.jpg already exists. Skipping...
2024-07-23 17:19:14,786 - INFO - Processing frame /2024_TUYZ_Online_Yarisma_Ana_Oturum_Test_omzseiku_Video/frame_000440.jpg with translation /2024_TUYZ_Online_Yarisma_Ana_Oturum_Test_omzseiku_Video/frame_000440.jpg
2024-07-23 17:19:14,786 - INFO - Image frame_000440.jpg already exists. Skipping...
2024-07-23 17:19:14,786 - INFO - Processing frame /2024_TUYZ_Online_Yarisma_Ana_Oturum_Test_omzseiku_Video/frame_000444.jpg with translation /2024_TUYZ_Online_Yarisma_Ana_Oturum_Test_omzseiku_Video/frame_000444.jpg
2024-07-23 17:19:14,787 - INFO - Image frame_000444.jpg already exists. Skipping...
2024-07-23 17:19:14,787 - INFO - Processing frame /2024_TUYZ_Online_Yarisma_Ana_Oturum_Test_omzseiku_Video/frame_000448.jpg with translation /2024_TUYZ_Online_Yarisma_Ana_Oturum_Test_omzseiku_Video/frame_000448.jpg
2024-07-23 17:19:14,787 - INFO - Image frame_000448.jpg already exists. Skipping...
2024-07-23 17:19:14,787 - INFO - Processing frame /2024_TUYZ_Online_Yarisma_Ana_Oturum_Test_omzseiku_Video/frame_000452.jpg with translation /2024_TUYZ_Online_Yarisma_Ana_Oturum_Test_omzseiku_Video/frame_000452.jpg
2024-07-23 17:19:14,788 - INFO - Image frame_000452.jpg already exists. Skipping...
2024-07-23 17:19:14,788 - INFO - Processing frame /2024_TUYZ_Online_Yarisma_Ana_Oturum_Test_omzseiku_Video/frame_000456.jpg with translation /2024_TUYZ_Online_Yarisma_Ana_Oturum_Test_omzseiku_Video/frame_000456.jpg
2024-07-23 17:19:14,788 - INFO - Image frame_000456.jpg already exists. Skipping...
2024-07-23 17:19:14,788 - INFO - Processing frame /2024_TUYZ_Online_Yarisma_Ana_Oturum_Test_omzseiku_Video/frame_000460.jpg with translation /2024_TUYZ_Online_Yarisma_Ana_Oturum_Test_omzseiku_Video/frame_000460.jpg
2024-07-23 17:19:14,789 - INFO - Image frame_000460.jpg already exists. Skipping...
2024-07-23 17:19:14,789 - INFO - Processing frame /2024_TUYZ_Online_Yarisma_Ana_Oturum_Test_omzseiku_Video/frame_000464.jpg with translation /2024_TUYZ_Online_Yarisma_Ana_Oturum_Test_omzseiku_Video/frame_000464.jpg
2024-07-23 17:19:14,789 - INFO - Image frame_000464.jpg already exists. Skipping...
2024-07-23 17:19:14,789 - INFO - Processing frame /2024_TUYZ_Online_Yarisma_Ana_Oturum_Test_omzseiku_Video/frame_000468.jpg with translation /2024_TUYZ_Online_Yarisma_Ana_Oturum_Test_omzseiku_Video/frame_000468.jpg
2024-07-23 17:19:14,790 - INFO - Image frame_000468.jpg already exists. Skipping...
2024-07-23 17:19:14,790 - INFO - Processing frame /2024_TUYZ_Online_Yarisma_Ana_Oturum_Test_omzseiku_Video/frame_000472.jpg with translation /2024_TUYZ_Online_Yarisma_Ana_Oturum_Test_omzseiku_Video/frame_000472.jpg
2024-07-23 17:19:14,790 - INFO - Image frame_000472.jpg already exists. Skipping...
2024-07-23 17:19:14,791 - INFO - Processing frame /2024_TUYZ_Online_Yarisma_Ana_Oturum_Test_omzseiku_Video/frame_000476.jpg with translation /2024_TUYZ_Online_Yarisma_Ana_Oturum_Test_omzseiku_Video/frame_000476.jpg
2024-07-23 17:19:14,791 - INFO - Image frame_000476.jpg already exists. Skipping...
2024-07-23 17:19:14,791 - INFO - Processing frame /2024_TUYZ_Online_Yarisma_Ana_Oturum_Test_omzseiku_Video/frame_000480.jpg with translation /2024_TUYZ_Online_Yarisma_Ana_Oturum_Test_omzseiku_Video/frame_000480.jpg
2024-07-23 17:19:14,791 - INFO - Downloading image from http://teknofest.cezerirobot.com:1025/media/2024_TUYZ_Online_Yarisma_Ana_Oturum_Test_omzseiku_Video/frame_000480.jpg...
2024-07-23 17:19:15,345 - INFO - Image saved to ./downloaded_frames/frames/2024_TUYZ_Online_Yarisma_Ana_Oturum_Test_omzseiku_Video/frame_000480.jpg
2024-07-23 17:19:18,441 - INFO - Sending prediction for frame http://teknofest.cezerirobot.com/frames/11222/...
2024-07-23 17:19:18,637 - ERROR - Failed to send prediction: {'detail': 'This session has been closed.'}
