2024-07-23 17:43:53,601 - INFO - Authentication successful
2024-07-23 17:43:53,601 - INFO - Fetching new frames data...
2024-07-23 17:43:54,089 - INFO - Data saved to ./downloaded_frames/frames.json
2024-07-23 17:43:54,089 - INFO - Fetching new translation data...
2024-07-23 17:43:54,658 - INFO - Data saved to ./downloaded_frames/translation.json
2024-07-23 17:43:54,659 - INFO - SUNUCUYLA ÝLETÝÞÝM SÜRESÝ 1.44 saniye
2024-07-23 17:43:54,659 - INFO - Processing frame /Test_Oturumu_naerdopl_Video/frame_000000.jpg with translation /Test_Oturumu_naerdopl_Video/frame_000000.jpg
2024-07-23 17:43:54,663 - INFO - Downloading image from http://teknofest.cezerirobot.com:1025/media/Test_Oturumu_naerdopl_Video/frame_000000.jpg...
2024-07-23 17:43:55,301 - INFO - Image saved to ./downloaded_frames/frames/Test_Oturumu_naerdopl_Video/frame_000000.jpg
2024-07-23 17:43:57,293 - INFO - Sending prediction for frame http://teknofest.cezerirobot.com/frames/15602/...
2024-07-23 17:43:57,673 - INFO - Prediction sent successfully
2024-07-23 17:43:57,673 - INFO - Total execution time: 3010.64 milliseconds
2024-07-23 17:43:57,673 - INFO - Processing frame /Test_Oturumu_naerdopl_Video/frame_000004.jpg with translation /Test_Oturumu_naerdopl_Video/frame_000004.jpg
2024-07-23 17:43:57,673 - INFO - Downloading image from http://teknofest.cezerirobot.com:1025/media/Test_Oturumu_naerdopl_Video/frame_000004.jpg...
2024-07-23 17:43:58,187 - INFO - Image saved to ./downloaded_frames/frames/Test_Oturumu_naerdopl_Video/frame_000004.jpg
2024-07-23 17:43:58,606 - INFO - Sending prediction for frame http://teknofest.cezerirobot.com/frames/15603/...
2024-07-23 17:43:58,993 - INFO - Prediction sent successfully
2024-07-23 17:43:58,993 - INFO - Total execution time: 1320.69 milliseconds
2024-07-23 17:43:58,993 - INFO - Processing frame /Test_Oturumu_naerdopl_Video/frame_000008.jpg with translation /Test_Oturumu_naerdopl_Video/frame_000008.jpg
2024-07-23 17:43:58,994 - INFO - Downloading image from http://teknofest.cezerirobot.com:1025/media/Test_Oturumu_naerdopl_Video/frame_000008.jpg...
2024-07-23 17:43:59,642 - INFO - Image saved to ./downloaded_frames/frames/Test_Oturumu_naerdopl_Video/frame_000008.jpg
2024-07-23 17:44:00,052 - INFO - Sending prediction for frame http://teknofest.cezerirobot.com/frames/15604/...
